03/20/2022 09:45:57 AM Started
03/20/2022 09:45:57 AM Shortcode list obtained
03/20/2022 09:45:57 AM Starting new HTTPS connection (1): www.instagram.com:443
03/20/2022 09:45:58 AM https://www.instagram.com:443 "GET /p/wKaJbzpl48/ HTTP/1.1" 404 91361
03/20/2022 09:45:58 AM Request Issued
03/20/2022 09:46:08 AM Starting new HTTPS connection (1): www.instagram.com:443
03/20/2022 09:46:09 AM https://www.instagram.com:443 "GET /p/WLBWqrPPYm/ HTTP/1.1" 404 91361
03/20/2022 09:46:09 AM Request Issued
03/20/2022 09:46:20 AM Starting new HTTPS connection (1): www.instagram.com:443
03/20/2022 09:46:20 AM https://www.instagram.com:443 "GET /p/wmMYcrt9qm/ HTTP/1.1" 404 91360
03/20/2022 09:46:20 AM Request Issued
03/20/2022 09:46:30 AM Starting new HTTPS connection (1): www.instagram.com:443
03/20/2022 09:46:31 AM https://www.instagram.com:443 "GET /p/wnaSWEHeru/ HTTP/1.1" 200 30605
03/20/2022 09:46:31 AM Request Issued
03/20/2022 09:46:31 AM Blocked = False, Response recieved
03/20/2022 09:46:42 AM Starting new HTTPS connection (1): www.instagram.com:443
03/20/2022 09:46:42 AM https://www.instagram.com:443 "GET /p/wNhWnhSidD/ HTTP/1.1" 404 91480
03/20/2022 09:46:42 AM Request Issued
03/20/2022 09:46:53 AM Starting new HTTPS connection (1): www.instagram.com:443
03/20/2022 09:46:53 AM https://www.instagram.com:443 "GET /p/wo1pzAFret/ HTTP/1.1" 200 31450
03/20/2022 09:46:53 AM Request Issued
03/20/2022 09:46:53 AM Blocked = False, Response recieved
03/20/2022 09:47:04 AM Starting new HTTPS connection (1): www.instagram.com:443
03/20/2022 09:47:04 AM https://www.instagram.com:443 "GET /p/WOKbEnjkgP/ HTTP/1.1" 302 0
03/20/2022 09:47:04 AM Request Issued
03/20/2022 09:47:04 AM Blocked
03/20/2022 09:47:04 AM Blocked = True, Entering the block period
03/20/2022 09:47:45 AM Started
03/20/2022 09:47:45 AM Shortcode list obtained
03/20/2022 09:47:45 AM Starting new HTTPS connection (1): www.instagram.com:443
03/20/2022 09:48:02 AM Started
03/20/2022 09:48:02 AM Shortcode list obtained
03/20/2022 09:48:02 AM Starting new HTTPS connection (1): www.instagram.com:443
03/20/2022 09:48:12 AM https://www.instagram.com:443 "GET /p/WOKbEnjkgP/ HTTP/1.1" 200 30810
03/20/2022 09:48:14 AM Request Issued
03/20/2022 09:48:14 AM Blocked = False, Response recieved
03/20/2022 09:48:25 AM Starting new HTTPS connection (1): www.instagram.com:443
03/20/2022 09:48:25 AM https://www.instagram.com:443 "GET /p/woNpvSlwUu/ HTTP/1.1" 404 91431
03/20/2022 09:48:35 AM Request Issued
03/20/2022 09:48:45 AM Starting new HTTPS connection (1): www.instagram.com:443
03/20/2022 09:48:46 AM https://www.instagram.com:443 "GET /p/wpmYNnpDQm/ HTTP/1.1" 200 30804
03/20/2022 09:48:46 AM Request Issued
03/20/2022 09:48:46 AM Blocked = False, Response recieved
03/20/2022 09:48:56 AM Starting new HTTPS connection (1): www.instagram.com:443
03/20/2022 09:48:57 AM https://www.instagram.com:443 "GET /p/wrsKorldaZ/ HTTP/1.1" 302 0
03/20/2022 09:48:57 AM Request Issued
03/20/2022 09:48:57 AM Blocked
03/20/2022 09:48:57 AM Blocked = True, Entering the block period
03/20/2022 09:50:28 AM Started
03/20/2022 09:50:28 AM Shortcode list obtained
03/20/2022 09:50:28 AM Starting new HTTPS connection (1): www.instagram.com:443
03/20/2022 09:50:29 AM https://www.instagram.com:443 "GET /p/wrsKorldaZ/ HTTP/1.1" 302 0
03/20/2022 09:50:29 AM Request Issued
03/20/2022 09:50:29 AM Blocked
03/20/2022 09:50:29 AM Blocked = True, Entering the block period
03/20/2022 09:51:12 AM Started
03/20/2022 09:51:12 AM Shortcode list obtained
03/20/2022 09:51:12 AM Starting new HTTPS connection (1): www.instagram.com:443
03/20/2022 09:51:12 AM https://www.instagram.com:443 "GET /p/wrsKorldaZ/ HTTP/1.1" 302 0
03/20/2022 09:51:12 AM Request Issued
03/20/2022 09:51:12 AM Blocked
03/20/2022 09:51:12 AM Blocked = True, Entering the block period
03/20/2022 09:53:33 AM Started
03/20/2022 09:53:33 AM Shortcode list obtained
03/20/2022 09:53:33 AM Starting new HTTPS connection (1): www.instagram.com:443
03/20/2022 09:53:33 AM https://www.instagram.com:443 "GET /p/wrsKorldaZ/ HTTP/1.1" 302 0
03/20/2022 09:53:33 AM Request Issued
03/20/2022 09:53:33 AM Blocked
03/20/2022 09:53:33 AM Blocked = True, Entering the block period
03/20/2022 10:13:33 AM Started
03/20/2022 10:13:33 AM Shortcode list obtained
03/20/2022 10:13:33 AM Starting new HTTPS connection (1): www.instagram.com:443
03/20/2022 10:14:04 AM Started
03/20/2022 10:14:04 AM Shortcode list obtained
03/20/2022 10:14:04 AM Starting new HTTPS connection (1): www.instagram.com:443
03/20/2022 10:14:06 AM https://www.instagram.com:443 "GET /p/wrsKorldaZ/ HTTP/1.1" 302 0
03/20/2022 10:14:06 AM Request Issued
03/20/2022 10:14:06 AM Blocked
03/20/2022 10:14:06 AM Blocked = True, Entering the block period
03/20/2022 10:14:13 AM Started
03/20/2022 10:14:13 AM Shortcode list obtained
03/20/2022 10:14:13 AM Starting new HTTPS connection (1): www.instagram.com:443
03/20/2022 10:14:13 AM https://www.instagram.com:443 "GET /p/wrsKorldaZ/ HTTP/1.1" 302 0
03/20/2022 10:14:13 AM Request Issued
03/20/2022 10:14:13 AM Blocked
03/20/2022 10:14:13 AM Blocked = True, Entering the block period
03/20/2022 10:14:38 AM Started
03/20/2022 10:14:38 AM Shortcode list obtained
03/20/2022 10:14:38 AM Starting new HTTPS connection (1): www.instagram.com:443
03/20/2022 10:14:39 AM https://www.instagram.com:443 "GET /p/wrsKorldaZ/ HTTP/1.1" 302 0
03/20/2022 10:14:39 AM Request Issued
03/20/2022 10:14:39 AM Blocked
03/20/2022 10:14:39 AM Blocked = True, Entering the block period
03/20/2022 12:39:26 PM Started
03/20/2022 12:39:26 PM Shortcode list obtained
03/20/2022 12:39:26 PM Starting new HTTPS connection (1): www.instagram.com:443
03/20/2022 12:39:36 PM https://www.instagram.com:443 "GET /p/wrsKorldaZ/ HTTP/1.1" 302 0
03/20/2022 12:39:36 PM Request Issued
03/20/2022 12:39:36 PM Blocked
03/20/2022 12:39:36 PM Blocked = True, Entering the block period
03/20/2022 12:40:15 PM Started
03/20/2022 12:40:15 PM Shortcode list obtained
03/20/2022 12:40:15 PM Starting new HTTPS connection (1): www.instagram.com:443
03/20/2022 12:40:15 PM https://www.instagram.com:443 "GET /p/wrsKorldaZ/ HTTP/1.1" 302 0
03/20/2022 12:40:15 PM Request Issued
03/20/2022 12:40:15 PM Blocked
03/20/2022 12:40:15 PM Blocked = True, Entering the block period
03/20/2022 07:41:59 PM Started
03/20/2022 07:41:59 PM Shortcode list obtained
03/20/2022 07:41:59 PM Starting new HTTPS connection (1): www.instagram.com:443
03/20/2022 07:42:00 PM https://www.instagram.com:443 "GET /p/wrsKorldaZ/ HTTP/1.1" 200 29881
03/20/2022 07:42:00 PM Request Issued
03/20/2022 07:42:00 PM Blocked = False, Response recieved
03/20/2022 07:42:10 PM Starting new HTTPS connection (1): www.instagram.com:443
03/20/2022 07:42:11 PM https://www.instagram.com:443 "GET /p/wRyerQGKoN/ HTTP/1.1" 200 33654
03/20/2022 07:42:11 PM Request Issued
03/20/2022 07:42:11 PM Blocked = False, Response recieved
03/20/2022 07:42:22 PM Starting new HTTPS connection (1): www.instagram.com:443
03/20/2022 07:42:23 PM https://www.instagram.com:443 "GET /p/wSWAfTvMco/ HTTP/1.1" 200 34712
03/20/2022 07:42:23 PM Request Issued
03/20/2022 07:42:23 PM Blocked = False, Response recieved
03/20/2022 07:42:33 PM Starting new HTTPS connection (1): www.instagram.com:443
03/20/2022 07:42:34 PM https://www.instagram.com:443 "GET /p/wV5UZogwGC/ HTTP/1.1" 302 0
03/20/2022 07:42:34 PM Request Issued
03/20/2022 07:42:34 PM Blocked
03/20/2022 07:42:34 PM Blocked = True, Entering the block period
03/20/2022 07:43:37 PM Started
03/20/2022 07:43:37 PM Shortcode list obtained
03/20/2022 07:43:37 PM Starting new HTTPS connection (1): www.instagram.com:443
03/20/2022 07:43:37 PM https://www.instagram.com:443 "GET /p/wV5UZogwGC/ HTTP/1.1" 302 0
03/20/2022 07:43:37 PM Request Issued
03/20/2022 07:43:37 PM Blocked
03/20/2022 07:43:37 PM Blocked = True, Entering the block period
03/20/2022 07:45:50 PM Started
03/20/2022 07:45:50 PM Shortcode list obtained
03/20/2022 07:45:50 PM Starting new HTTPS connection (1): www.instagram.com:443
03/20/2022 07:45:51 PM https://www.instagram.com:443 "GET /p/wV5UZogwGC/ HTTP/1.1" 404 91360
03/20/2022 07:45:51 PM Request Issued
03/20/2022 07:46:02 PM Starting new HTTPS connection (1): www.instagram.com:443
03/20/2022 07:46:03 PM https://www.instagram.com:443 "GET /p/WvnSf3uSxo/ HTTP/1.1" 200 34151
03/20/2022 07:46:03 PM Request Issued
03/20/2022 07:46:03 PM Blocked = False, Response recieved
03/20/2022 07:46:13 PM Starting new HTTPS connection (1): www.instagram.com:443
03/20/2022 07:46:14 PM https://www.instagram.com:443 "GET /p/wvsR7gumj9/ HTTP/1.1" 200 34173
03/20/2022 07:46:14 PM Request Issued
03/20/2022 07:46:14 PM Blocked = False, Response recieved
03/20/2022 07:46:24 PM Starting new HTTPS connection (1): www.instagram.com:443
03/20/2022 07:46:24 PM https://www.instagram.com:443 "GET /p/WW8ymEtmVO/ HTTP/1.1" 302 0
03/20/2022 07:46:24 PM Request Issued
03/20/2022 07:46:24 PM Blocked
03/20/2022 07:46:24 PM Blocked = True, Entering the block period
03/20/2022 09:50:32 PM Started
03/20/2022 09:50:32 PM Shortcode list obtained
03/20/2022 09:50:32 PM Starting new HTTPS connection (1): www.instagram.com:443
03/20/2022 09:50:33 PM https://www.instagram.com:443 "GET /p/WW8ymEtmVO/ HTTP/1.1" 200 35005
03/20/2022 09:50:33 PM Request Issued
03/20/2022 09:50:33 PM Blocked = False, Response recieved
03/20/2022 09:50:43 PM Starting new HTTPS connection (1): www.instagram.com:443
03/20/2022 09:50:44 PM https://www.instagram.com:443 "GET /p/wwbYqir8bx/ HTTP/1.1" 200 33834
03/20/2022 09:50:44 PM Request Issued
03/20/2022 09:50:44 PM Blocked = False, Response recieved
03/20/2022 09:50:55 PM Starting new HTTPS connection (1): www.instagram.com:443
03/20/2022 09:50:56 PM https://www.instagram.com:443 "GET /p/wXtyVATfV0/ HTTP/1.1" 404 91361
03/20/2022 09:50:56 PM Request Issued
03/20/2022 09:51:07 PM Starting new HTTPS connection (1): www.instagram.com:443
03/20/2022 09:51:07 PM https://www.instagram.com:443 "GET /p/x25vjFQXbp/ HTTP/1.1" 302 0
03/20/2022 09:51:07 PM Request Issued
03/20/2022 09:51:07 PM Blocked
03/20/2022 09:51:07 PM Blocked = True, Entering the block period
03/20/2022 09:53:47 PM Started
03/20/2022 09:53:47 PM Shortcode list obtained
03/20/2022 09:53:47 PM Starting new HTTPS connection (1): www.instagram.com:443
03/20/2022 09:53:47 PM https://www.instagram.com:443 "GET /p/x25vjFQXbp/ HTTP/1.1" 302 0
03/20/2022 09:53:47 PM Request Issued
03/20/2022 09:53:47 PM Blocked
03/20/2022 09:53:47 PM Blocked = True, Entering the block period
03/20/2022 09:54:11 PM Started
03/20/2022 09:54:11 PM Shortcode list obtained
03/20/2022 09:54:11 PM Starting new HTTPS connection (1): www.instagram.com:443
03/20/2022 09:54:11 PM https://www.instagram.com:443 "GET /p/x25vjFQXbp/ HTTP/1.1" 404 91354
03/20/2022 09:54:12 PM Request Issued
03/20/2022 09:54:22 PM Starting new HTTPS connection (1): www.instagram.com:443
03/20/2022 09:54:22 PM https://www.instagram.com:443 "GET /p/x3Sh3OyzdT/ HTTP/1.1" 200 30224
03/20/2022 09:54:23 PM Request Issued
03/20/2022 09:54:23 PM Blocked = False, Response recieved
03/20/2022 09:54:33 PM Starting new HTTPS connection (1): www.instagram.com:443
03/20/2022 09:54:34 PM https://www.instagram.com:443 "GET /p/xAfEJNDwgT/ HTTP/1.1" 200 34491
03/20/2022 09:54:35 PM Request Issued
03/20/2022 09:54:35 PM Blocked = False, Response recieved
03/20/2022 09:54:45 PM Starting new HTTPS connection (1): www.instagram.com:443
03/20/2022 09:54:46 PM https://www.instagram.com:443 "GET /p/xApqWWqgPW/ HTTP/1.1" 200 34300
03/20/2022 09:54:46 PM Request Issued
03/20/2022 09:54:46 PM Blocked = False, Response recieved
03/20/2022 09:54:57 PM Starting new HTTPS connection (1): www.instagram.com:443
03/20/2022 09:54:57 PM https://www.instagram.com:443 "GET /p/xASir6ihNt/ HTTP/1.1" 302 0
03/20/2022 09:54:57 PM Request Issued
03/20/2022 09:54:57 PM Blocked
03/20/2022 09:54:57 PM Blocked = True, Entering the block period
03/20/2022 09:55:34 PM Started
03/20/2022 09:55:34 PM Shortcode list obtained
03/20/2022 09:55:34 PM Starting new HTTPS connection (1): www.instagram.com:443
03/20/2022 09:55:36 PM https://www.instagram.com:443 "GET /p/xASir6ihNt/ HTTP/1.1" 200 34044
03/20/2022 09:55:36 PM Request Issued
03/20/2022 09:55:36 PM Blocked = False, Response recieved
03/20/2022 09:55:47 PM Starting new HTTPS connection (1): www.instagram.com:443
03/20/2022 09:55:47 PM https://www.instagram.com:443 "GET /p/xBLaGLDo13/ HTTP/1.1" 404 91434
03/20/2022 09:55:47 PM Request Issued
03/20/2022 09:55:58 PM Starting new HTTPS connection (1): www.instagram.com:443
03/20/2022 09:55:58 PM https://www.instagram.com:443 "GET /p/XCipSxusNQ/ HTTP/1.1" 404 91435
03/20/2022 09:55:58 PM Request Issued
03/20/2022 09:56:08 PM Starting new HTTPS connection (1): www.instagram.com:443
03/20/2022 09:56:09 PM https://www.instagram.com:443 "GET /p/xD1cvZGbN8/ HTTP/1.1" 302 0
03/20/2022 09:56:09 PM Request Issued
03/20/2022 09:56:09 PM Blocked
03/20/2022 09:56:09 PM Blocked = True, Entering the block period
03/20/2022 09:56:26 PM Started
03/20/2022 09:56:26 PM Shortcode list obtained
03/20/2022 09:56:26 PM Starting new HTTPS connection (1): www.instagram.com:443
03/20/2022 09:58:37 PM https://www.instagram.com:443 "GET /p/xD1cvZGbN8/ HTTP/1.1" 200 30253
03/20/2022 09:58:37 PM Request Issued
03/20/2022 09:58:37 PM Blocked = False, Response recieved
03/20/2022 09:58:48 PM Starting new HTTPS connection (1): www.instagram.com:443
03/20/2022 09:58:48 PM https://www.instagram.com:443 "GET /p/xdMfI3NhYX/ HTTP/1.1" 404 91478
03/20/2022 09:58:48 PM Request Issued
03/20/2022 09:58:59 PM Starting new HTTPS connection (1): www.instagram.com:443
03/20/2022 09:59:00 PM https://www.instagram.com:443 "GET /p/xgNAhcmJmn/ HTTP/1.1" 200 29813
03/20/2022 09:59:00 PM Request Issued
03/20/2022 09:59:00 PM Blocked = False, Response recieved
03/20/2022 09:59:10 PM Starting new HTTPS connection (1): www.instagram.com:443
03/20/2022 09:59:11 PM https://www.instagram.com:443 "GET /p/xIUkOoO7hq/ HTTP/1.1" 200 33309
03/20/2022 09:59:11 PM Request Issued
03/20/2022 09:59:11 PM Blocked = False, Response recieved
03/20/2022 09:59:22 PM Starting new HTTPS connection (1): www.instagram.com:443
03/20/2022 09:59:22 PM https://www.instagram.com:443 "GET /p/xJhu6QuWTp/ HTTP/1.1" 302 0
03/20/2022 09:59:22 PM Request Issued
03/20/2022 09:59:22 PM Blocked
03/20/2022 09:59:22 PM Blocked = True, Entering the block period
03/20/2022 10:00:05 PM Started
03/20/2022 10:00:05 PM Shortcode list obtained
03/20/2022 10:00:05 PM Starting new HTTPS connection (1): www.instagram.com:443
03/20/2022 10:00:37 PM Started
03/20/2022 10:00:37 PM Shortcode list obtained
03/20/2022 10:00:37 PM Starting new HTTPS connection (1): www.instagram.com:443
03/20/2022 10:00:38 PM https://www.instagram.com:443 "GET /p/xJhu6QuWTp/ HTTP/1.1" 404 91355
03/20/2022 10:00:38 PM Request Issued
03/20/2022 10:00:49 PM Starting new HTTPS connection (1): www.instagram.com:443
03/20/2022 10:00:50 PM https://www.instagram.com:443 "GET /p/xkDMrxIVVa/ HTTP/1.1" 200 30124
03/20/2022 10:00:50 PM Request Issued
03/20/2022 10:00:50 PM Blocked = False, Response recieved
03/20/2022 10:01:00 PM Starting new HTTPS connection (1): www.instagram.com:443
03/20/2022 10:01:01 PM https://www.instagram.com:443 "GET /p/xlDPzbOn8X/ HTTP/1.1" 404 91360
03/20/2022 10:01:01 PM Request Issued
03/20/2022 10:01:11 PM Starting new HTTPS connection (1): www.instagram.com:443
03/20/2022 10:01:12 PM https://www.instagram.com:443 "GET /p/xLGCXPHK5c/ HTTP/1.1" 404 91357
03/20/2022 10:01:12 PM Request Issued
03/20/2022 10:01:22 PM Starting new HTTPS connection (1): www.instagram.com:443
03/20/2022 10:01:23 PM https://www.instagram.com:443 "GET /p/xLJTy1qRYN/ HTTP/1.1" 302 0
03/20/2022 10:01:23 PM Request Issued
03/20/2022 10:01:23 PM Blocked
03/20/2022 10:01:23 PM Blocked = True, Entering the block period
03/20/2022 10:06:25 PM Started
03/20/2022 10:06:25 PM Shortcode list obtained
03/20/2022 10:06:25 PM Starting new HTTPS connection (1): www.instagram.com:443
03/20/2022 10:06:26 PM https://www.instagram.com:443 "GET /p/xLJTy1qRYN/ HTTP/1.1" 200 31653
03/20/2022 10:06:26 PM Request Issued
03/20/2022 10:06:26 PM Blocked = False, Response recieved
03/20/2022 10:06:37 PM Starting new HTTPS connection (1): www.instagram.com:443
03/20/2022 10:06:37 PM https://www.instagram.com:443 "GET /p/xOd5WMuPWV/ HTTP/1.1" 404 91361
03/20/2022 10:06:38 PM Request Issued
03/20/2022 10:06:48 PM Starting new HTTPS connection (1): www.instagram.com:443
03/20/2022 10:06:48 PM https://www.instagram.com:443 "GET /p/xQNXrug7Y9/ HTTP/1.1" 404 91472
03/20/2022 10:06:48 PM Request Issued
03/20/2022 10:06:59 PM Starting new HTTPS connection (1): www.instagram.com:443
03/20/2022 10:07:00 PM https://www.instagram.com:443 "GET /p/xSXWVxo9N8/ HTTP/1.1" 200 33793
03/20/2022 10:07:00 PM Request Issued
03/20/2022 10:07:00 PM Blocked = False, Response recieved
03/20/2022 10:07:10 PM Starting new HTTPS connection (1): www.instagram.com:443
03/20/2022 10:07:10 PM https://www.instagram.com:443 "GET /p/xTKwgHItBi/ HTTP/1.1" 302 0
03/20/2022 10:07:10 PM Request Issued
03/20/2022 10:07:10 PM Blocked
03/20/2022 10:07:10 PM Blocked = True, Entering the block period
03/20/2022 10:07:27 PM Started
03/20/2022 10:07:27 PM Shortcode list obtained
03/20/2022 10:07:27 PM Starting new HTTPS connection (1): www.instagram.com:443
03/20/2022 10:07:29 PM https://www.instagram.com:443 "GET /p/xTKwgHItBi/ HTTP/1.1" 404 91478
03/20/2022 10:07:29 PM Request Issued
03/20/2022 10:07:40 PM Starting new HTTPS connection (1): www.instagram.com:443
03/20/2022 10:07:41 PM https://www.instagram.com:443 "GET /p/xTWcFCLUl6/ HTTP/1.1" 404 91356
03/20/2022 10:07:42 PM Request Issued
03/20/2022 10:07:52 PM Starting new HTTPS connection (1): www.instagram.com:443
03/20/2022 10:10:02 PM https://www.instagram.com:443 "GET /p/XuqmVZPJgy/ HTTP/1.1" 200 34243
03/20/2022 10:10:02 PM Request Issued
03/20/2022 10:10:02 PM Blocked = False, Response recieved
03/20/2022 10:10:13 PM Starting new HTTPS connection (1): www.instagram.com:443
03/20/2022 10:10:14 PM https://www.instagram.com:443 "GET /p/xVAccCh598/ HTTP/1.1" 404 91361
03/20/2022 10:10:14 PM Request Issued
03/20/2022 10:10:24 PM Starting new HTTPS connection (1): www.instagram.com:443
03/20/2022 10:10:25 PM https://www.instagram.com:443 "GET /p/xvcvr2IKRE/ HTTP/1.1" 200 33260
03/20/2022 10:10:25 PM Request Issued
03/20/2022 10:10:25 PM Blocked = False, Response recieved
03/20/2022 10:10:35 PM Starting new HTTPS connection (1): www.instagram.com:443
03/20/2022 10:10:37 PM https://www.instagram.com:443 "GET /p/xvPEMnJjZ4/ HTTP/1.1" 200 33802
03/20/2022 10:10:37 PM Request Issued
03/20/2022 10:10:37 PM Blocked = False, Response recieved
03/20/2022 10:10:47 PM Starting new HTTPS connection (1): www.instagram.com:443
03/20/2022 10:10:47 PM https://www.instagram.com:443 "GET /p/xVrhseKhLB/ HTTP/1.1" 302 0
03/20/2022 10:10:47 PM Request Issued
03/20/2022 10:10:47 PM Blocked
03/20/2022 10:10:47 PM Blocked = True, Entering the block period
03/20/2022 10:11:27 PM Started
03/20/2022 10:11:27 PM Shortcode list obtained
03/20/2022 10:11:27 PM Starting new HTTPS connection (1): www.instagram.com:443
03/20/2022 10:11:32 PM https://www.instagram.com:443 "GET /p/xVrhseKhLB/ HTTP/1.1" 404 91431
03/20/2022 10:11:33 PM Request Issued
03/20/2022 10:11:43 PM Starting new HTTPS connection (1): www.instagram.com:443
03/20/2022 10:11:44 PM https://www.instagram.com:443 "GET /p/Xz18oOom3i/ HTTP/1.1" 200 30530
03/20/2022 10:11:44 PM Request Issued
03/20/2022 10:11:44 PM Blocked = False, Response recieved
03/20/2022 10:11:54 PM Starting new HTTPS connection (1): www.instagram.com:443
03/20/2022 10:11:55 PM https://www.instagram.com:443 "GET /p/XzvmrWuTDA/ HTTP/1.1" 200 30864
03/20/2022 10:11:55 PM Request Issued
03/20/2022 10:11:55 PM Blocked = False, Response recieved
03/20/2022 10:12:06 PM Starting new HTTPS connection (1): www.instagram.com:443
03/20/2022 10:12:06 PM https://www.instagram.com:443 "GET /p/y0emyXPQvx/ HTTP/1.1" 302 0
03/20/2022 10:12:06 PM Request Issued
03/20/2022 10:12:06 PM Blocked
03/20/2022 10:12:06 PM Blocked = True, Entering the block period
03/20/2022 10:12:16 PM Started
03/20/2022 10:12:16 PM Shortcode list obtained
03/20/2022 10:12:16 PM Starting new HTTPS connection (1): www.instagram.com:443
03/20/2022 10:12:23 PM https://www.instagram.com:443 "GET /p/y0emyXPQvx/ HTTP/1.1" 200 30588
03/20/2022 10:12:23 PM Request Issued
03/20/2022 10:12:23 PM Blocked = False, Response recieved
03/20/2022 10:12:34 PM Starting new HTTPS connection (1): www.instagram.com:443
03/20/2022 10:12:34 PM https://www.instagram.com:443 "GET /p/y4zjBEjEJ3/ HTTP/1.1" 200 31767
03/20/2022 10:12:34 PM Request Issued
03/20/2022 10:12:34 PM Blocked = False, Response recieved
03/20/2022 10:12:44 PM Starting new HTTPS connection (1): www.instagram.com:443
03/20/2022 10:12:45 PM https://www.instagram.com:443 "GET /p/y5SRvMFcWE/ HTTP/1.1" 200 33003
03/20/2022 10:12:45 PM Request Issued
03/20/2022 10:12:45 PM Blocked = False, Response recieved
03/20/2022 10:12:55 PM Starting new HTTPS connection (1): www.instagram.com:443
03/20/2022 10:12:56 PM https://www.instagram.com:443 "GET /p/y7hdKbyFHw/ HTTP/1.1" 302 0
03/20/2022 10:12:56 PM Request Issued
03/20/2022 10:12:56 PM Blocked
03/20/2022 10:12:56 PM Blocked = True, Entering the block period
03/20/2022 10:13:46 PM Started
03/20/2022 10:13:47 PM Shortcode list obtained
03/20/2022 10:13:47 PM Starting new HTTPS connection (1): www.instagram.com:443
03/20/2022 10:15:57 PM https://www.instagram.com:443 "GET /p/y7hdKbyFHw/ HTTP/1.1" 200 34500
03/20/2022 10:15:57 PM Request Issued
03/20/2022 10:15:57 PM Blocked = False, Response recieved
03/20/2022 10:16:08 PM Starting new HTTPS connection (1): www.instagram.com:443
03/20/2022 10:16:09 PM https://www.instagram.com:443 "GET /p/y7UjUjzYNg/ HTTP/1.1" 200 34219
03/20/2022 10:16:09 PM Request Issued
03/20/2022 10:16:09 PM Blocked = False, Response recieved
03/20/2022 10:16:20 PM Starting new HTTPS connection (1): www.instagram.com:443
03/20/2022 10:16:21 PM https://www.instagram.com:443 "GET /p/yAaEo2JadI/ HTTP/1.1" 404 91361
03/20/2022 10:16:21 PM Request Issued
03/20/2022 10:16:31 PM Starting new HTTPS connection (1): www.instagram.com:443
03/20/2022 10:16:32 PM https://www.instagram.com:443 "GET /p/yAo1oMMzrN/ HTTP/1.1" 200 30921
03/20/2022 10:16:32 PM Request Issued
03/20/2022 10:16:32 PM Blocked = False, Response recieved
03/20/2022 10:16:43 PM Starting new HTTPS connection (1): www.instagram.com:443
03/20/2022 10:16:43 PM https://www.instagram.com:443 "GET /p/YBkWcWR7W5/ HTTP/1.1" 302 0
03/20/2022 10:16:43 PM Request Issued
03/20/2022 10:16:43 PM Blocked
03/20/2022 10:16:43 PM Blocked = True, Entering the block period
03/20/2022 10:17:35 PM Started
03/20/2022 10:17:35 PM Shortcode list obtained
03/20/2022 10:17:35 PM Starting new HTTPS connection (1): www.instagram.com:443
03/20/2022 10:17:35 PM https://www.instagram.com:443 "GET /p/YBkWcWR7W5/ HTTP/1.1" 404 91360
03/20/2022 10:17:35 PM Request Issued
03/20/2022 10:17:45 PM Starting new HTTPS connection (1): www.instagram.com:443
03/20/2022 10:17:46 PM https://www.instagram.com:443 "GET /p/yDu0hgBrYO/ HTTP/1.1" 200 32063
03/20/2022 10:17:46 PM Request Issued
03/20/2022 10:17:46 PM Blocked = False, Response recieved
03/20/2022 10:17:57 PM Starting new HTTPS connection (1): www.instagram.com:443
03/20/2022 10:17:57 PM https://www.instagram.com:443 "GET /p/ye41rYojn4/ HTTP/1.1" 200 33789
03/20/2022 10:17:57 PM Request Issued
03/20/2022 10:17:57 PM Blocked = False, Response recieved
03/20/2022 10:18:08 PM Starting new HTTPS connection (1): www.instagram.com:443
03/20/2022 10:18:08 PM https://www.instagram.com:443 "GET /p/yfSuBwIXtd/ HTTP/1.1" 200 30127
03/20/2022 10:18:08 PM Request Issued
03/20/2022 10:18:08 PM Blocked = False, Response recieved
03/20/2022 10:18:19 PM Starting new HTTPS connection (1): www.instagram.com:443
03/20/2022 10:18:19 PM https://www.instagram.com:443 "GET /p/yj9g6wQI1b/ HTTP/1.1" 302 0
03/20/2022 10:18:19 PM Request Issued
03/20/2022 10:18:19 PM Blocked
03/20/2022 10:18:19 PM Blocked = True, Entering the block period
03/20/2022 10:20:36 PM Started
03/20/2022 10:20:36 PM Shortcode list obtained
03/20/2022 10:20:36 PM Starting new HTTPS connection (1): www.instagram.com:443
03/20/2022 10:20:37 PM https://www.instagram.com:443 "GET /p/yj9g6wQI1b/ HTTP/1.1" 404 91356
03/20/2022 10:20:37 PM Request Issued
03/20/2022 10:20:48 PM Starting new HTTPS connection (1): www.instagram.com:443
03/20/2022 10:20:49 PM https://www.instagram.com:443 "GET /p/yKIpYZzYB0/ HTTP/1.1" 200 34624
03/20/2022 10:20:49 PM Request Issued
03/20/2022 10:20:49 PM Blocked = False, Response recieved
03/20/2022 10:20:59 PM Starting new HTTPS connection (1): www.instagram.com:443
03/20/2022 10:21:00 PM https://www.instagram.com:443 "GET /p/yLtQrYlq90/ HTTP/1.1" 200 31177
03/20/2022 10:21:00 PM Request Issued
03/20/2022 10:21:00 PM Blocked = False, Response recieved
03/20/2022 10:21:10 PM Starting new HTTPS connection (1): www.instagram.com:443
03/20/2022 10:21:11 PM https://www.instagram.com:443 "GET /p/ypdMqduYOb/ HTTP/1.1" 200 33627
03/20/2022 10:21:11 PM Request Issued
03/20/2022 10:21:11 PM Blocked = False, Response recieved
03/20/2022 10:21:22 PM Starting new HTTPS connection (1): www.instagram.com:443
03/20/2022 10:21:22 PM https://www.instagram.com:443 "GET /p/yrBhLtxz7J/ HTTP/1.1" 302 0
03/20/2022 10:21:22 PM Request Issued
03/20/2022 10:21:22 PM Blocked
03/20/2022 10:21:22 PM Blocked = True, Entering the block period
03/20/2022 10:21:29 PM Started
03/20/2022 10:21:29 PM Shortcode list obtained
03/20/2022 10:21:29 PM Starting new HTTPS connection (1): www.instagram.com:443
03/20/2022 10:21:31 PM Started
03/20/2022 10:21:31 PM Shortcode list obtained
03/20/2022 10:21:31 PM Starting new HTTPS connection (1): www.instagram.com:443
03/20/2022 10:21:34 PM Started
03/20/2022 10:21:34 PM Shortcode list obtained
03/20/2022 10:21:34 PM Starting new HTTPS connection (1): www.instagram.com:443
03/20/2022 10:21:41 PM https://www.instagram.com:443 "GET /p/yrBhLtxz7J/ HTTP/1.1" 200 34386
03/20/2022 10:21:41 PM Request Issued
03/20/2022 10:21:41 PM Blocked = False, Response recieved
03/20/2022 10:21:51 PM Starting new HTTPS connection (1): www.instagram.com:443
03/20/2022 10:21:52 PM https://www.instagram.com:443 "GET /p/yrsIRigvU8/ HTTP/1.1" 200 33933
03/20/2022 10:21:52 PM Request Issued
03/20/2022 10:21:52 PM Blocked = False, Response recieved
03/20/2022 10:22:03 PM Starting new HTTPS connection (1): www.instagram.com:443
03/20/2022 10:22:04 PM https://www.instagram.com:443 "GET /p/yVhIdphhdt/ HTTP/1.1" 404 91431
03/20/2022 10:22:04 PM Request Issued
03/20/2022 10:22:14 PM Starting new HTTPS connection (1): www.instagram.com:443
03/20/2022 10:22:14 PM https://www.instagram.com:443 "GET /p/YvnAa5qiS3/ HTTP/1.1" 302 0
03/20/2022 10:22:14 PM Request Issued
03/20/2022 10:22:14 PM Blocked
03/20/2022 10:22:14 PM Blocked = True, Entering the block period
03/20/2022 10:22:25 PM Started
03/20/2022 10:22:25 PM Shortcode list obtained
03/20/2022 10:22:25 PM Starting new HTTPS connection (1): www.instagram.com:443
03/20/2022 10:24:37 PM https://www.instagram.com:443 "GET /p/YvnAa5qiS3/ HTTP/1.1" 200 30229
03/20/2022 10:24:37 PM Request Issued
03/20/2022 10:24:37 PM Blocked = False, Response recieved
03/20/2022 10:24:48 PM Starting new HTTPS connection (1): www.instagram.com:443
03/20/2022 10:24:48 PM https://www.instagram.com:443 "GET /p/yWH2cLsrmK/ HTTP/1.1" 404 91357
03/20/2022 10:24:49 PM Request Issued
03/20/2022 10:25:00 PM Starting new HTTPS connection (1): www.instagram.com:443
03/20/2022 10:25:00 PM https://www.instagram.com:443 "GET /p/ywXl1xAoAg/ HTTP/1.1" 404 91355
03/20/2022 10:25:00 PM Request Issued
03/20/2022 10:25:11 PM Starting new HTTPS connection (1): www.instagram.com:443
03/20/2022 10:25:12 PM https://www.instagram.com:443 "GET /p/yXkF57IziF/ HTTP/1.1" 200 33503
03/20/2022 10:25:12 PM Request Issued
03/20/2022 10:25:12 PM Blocked = False, Response recieved
03/20/2022 10:25:22 PM Starting new HTTPS connection (1): www.instagram.com:443
03/20/2022 10:25:22 PM https://www.instagram.com:443 "GET /p/yXMnnvl2F7/ HTTP/1.1" 302 0
03/20/2022 10:25:22 PM Request Issued
03/20/2022 10:25:22 PM Blocked
03/20/2022 10:25:22 PM Blocked = True, Entering the block period
03/20/2022 10:26:30 PM Started
03/20/2022 10:26:30 PM Shortcode list obtained
03/20/2022 10:26:30 PM Starting new HTTPS connection (1): www.instagram.com:443
03/20/2022 10:26:31 PM https://www.instagram.com:443 "GET /p/yXMnnvl2F7/ HTTP/1.1" 404 91358
03/20/2022 10:26:31 PM Request Issued
03/20/2022 10:26:41 PM Starting new HTTPS connection (1): www.instagram.com:443
03/20/2022 10:26:42 PM https://www.instagram.com:443 "GET /p/yyeWp2l74u/ HTTP/1.1" 200 30941
03/20/2022 10:26:42 PM Request Issued
03/20/2022 10:26:42 PM Blocked = False, Response recieved
03/20/2022 10:26:52 PM Starting new HTTPS connection (1): www.instagram.com:443
03/20/2022 10:26:53 PM https://www.instagram.com:443 "GET /p/Z03T6gyFA8/ HTTP/1.1" 200 33564
03/20/2022 10:26:53 PM Request Issued
03/20/2022 10:26:53 PM Blocked = False, Response recieved
03/20/2022 10:27:04 PM Starting new HTTPS connection (1): www.instagram.com:443
03/20/2022 10:27:04 PM https://www.instagram.com:443 "GET /p/z1FhqJgvln/ HTTP/1.1" 302 0
03/20/2022 10:27:04 PM Request Issued
03/20/2022 10:27:04 PM Blocked
03/20/2022 10:27:04 PM Blocked = True, Entering the block period
03/20/2022 10:27:22 PM Started
03/20/2022 10:27:22 PM Shortcode list obtained
03/20/2022 10:27:22 PM Starting new HTTPS connection (1): www.instagram.com:443
03/20/2022 10:27:25 PM https://www.instagram.com:443 "GET /p/z1FhqJgvln/ HTTP/1.1" 404 91359
03/20/2022 10:27:25 PM Request Issued
03/20/2022 10:27:35 PM Starting new HTTPS connection (1): www.instagram.com:443
03/20/2022 10:27:36 PM https://www.instagram.com:443 "GET /p/z46LxLHNzo/ HTTP/1.1" 200 30105
03/20/2022 10:27:36 PM Request Issued
03/20/2022 10:27:36 PM Blocked = False, Response recieved
03/20/2022 10:27:47 PM Starting new HTTPS connection (1): www.instagram.com:443
03/20/2022 10:27:47 PM https://www.instagram.com:443 "GET /p/z728Uzk7xf/ HTTP/1.1" 200 29771
03/20/2022 10:27:47 PM Request Issued
03/20/2022 10:27:47 PM Blocked = False, Response recieved
03/20/2022 10:27:57 PM Starting new HTTPS connection (1): www.instagram.com:443
03/20/2022 10:27:58 PM https://www.instagram.com:443 "GET /p/z7jsxKAf0i/ HTTP/1.1" 200 34339
03/20/2022 10:27:58 PM Request Issued
03/20/2022 10:27:58 PM Blocked = False, Response recieved
03/20/2022 10:28:09 PM Starting new HTTPS connection (1): www.instagram.com:443
03/20/2022 10:28:09 PM https://www.instagram.com:443 "GET /p/z7WXnyPn8F/ HTTP/1.1" 302 0
03/20/2022 10:28:09 PM Request Issued
03/20/2022 10:28:09 PM Blocked
03/20/2022 10:28:09 PM Blocked = True, Entering the block period
03/20/2022 10:28:31 PM Started
03/20/2022 10:28:31 PM Shortcode list obtained
03/20/2022 10:28:31 PM Starting new HTTPS connection (1): www.instagram.com:443
03/20/2022 10:30:45 PM https://www.instagram.com:443 "GET /p/z7WXnyPn8F/ HTTP/1.1" 200 32647
03/20/2022 10:30:45 PM Request Issued
03/20/2022 10:30:45 PM Blocked = False, Response recieved
03/20/2022 10:30:56 PM Starting new HTTPS connection (1): www.instagram.com:443
03/20/2022 10:30:57 PM https://www.instagram.com:443 "GET /p/z8bUApGwpa/ HTTP/1.1" 200 29842
03/20/2022 10:30:57 PM Request Issued
03/20/2022 10:30:57 PM Blocked = False, Response recieved
03/20/2022 10:31:08 PM Starting new HTTPS connection (1): www.instagram.com:443
03/20/2022 10:31:09 PM https://www.instagram.com:443 "GET /p/z8kQ7jszKC/ HTTP/1.1" 200 33986
03/20/2022 10:31:09 PM Request Issued
03/20/2022 10:31:09 PM Blocked = False, Response recieved
03/20/2022 10:31:20 PM Starting new HTTPS connection (1): www.instagram.com:443
03/20/2022 10:31:22 PM https://www.instagram.com:443 "GET /p/z9uH5QQ1H6/ HTTP/1.1" 404 91432
03/20/2022 10:31:22 PM Request Issued
03/20/2022 10:31:33 PM Starting new HTTPS connection (1): www.instagram.com:443
03/20/2022 10:31:34 PM https://www.instagram.com:443 "GET /p/zAasnpKUMD/ HTTP/1.1" 302 0
03/20/2022 10:31:34 PM Request Issued
03/20/2022 10:31:34 PM Blocked
03/20/2022 10:31:34 PM Blocked = True, Entering the block period
03/20/2022 10:31:53 PM Started
03/20/2022 10:31:53 PM Shortcode list obtained
03/20/2022 10:31:53 PM Starting new HTTPS connection (1): www.instagram.com:443
03/20/2022 10:31:54 PM https://www.instagram.com:443 "GET /p/zAasnpKUMD/ HTTP/1.1" 200 34375
03/20/2022 10:31:54 PM Request Issued
03/20/2022 10:31:54 PM Blocked = False, Response recieved
03/20/2022 10:32:04 PM Starting new HTTPS connection (1): www.instagram.com:443
03/20/2022 10:32:05 PM https://www.instagram.com:443 "GET /p/zAkq8Sw1CX/ HTTP/1.1" 200 34176
03/20/2022 10:32:05 PM Request Issued
03/20/2022 10:32:05 PM Blocked = False, Response recieved
03/20/2022 10:32:15 PM Starting new HTTPS connection (1): www.instagram.com:443
03/20/2022 10:32:15 PM https://www.instagram.com:443 "GET /p/zAnSWBhZwb/ HTTP/1.1" 404 91361
03/20/2022 10:32:16 PM Request Issued
03/20/2022 10:32:27 PM Starting new HTTPS connection (1): www.instagram.com:443
03/20/2022 10:32:27 PM https://www.instagram.com:443 "GET /p/zbFHw3iPch/ HTTP/1.1" 302 0
03/20/2022 10:32:27 PM Request Issued
03/20/2022 10:32:27 PM Blocked
03/20/2022 10:32:27 PM Blocked = True, Entering the block period
03/20/2022 10:32:42 PM Started
03/20/2022 10:32:42 PM Shortcode list obtained
03/20/2022 10:32:42 PM Starting new HTTPS connection (1): www.instagram.com:443
03/20/2022 10:32:44 PM https://www.instagram.com:443 "GET /p/zbFHw3iPch/ HTTP/1.1" 200 34328
03/20/2022 10:32:44 PM Request Issued
03/20/2022 10:32:44 PM Blocked = False, Response recieved
03/20/2022 10:32:55 PM Starting new HTTPS connection (1): www.instagram.com:443
03/20/2022 10:32:56 PM https://www.instagram.com:443 "GET /p/zDC8OeJFnT/ HTTP/1.1" 404 91430
03/20/2022 10:32:56 PM Request Issued
03/20/2022 10:33:06 PM Starting new HTTPS connection (1): www.instagram.com:443
03/20/2022 10:33:07 PM https://www.instagram.com:443 "GET /p/zFm3tDHK6r/ HTTP/1.1" 200 33674
03/20/2022 10:33:07 PM Request Issued
03/20/2022 10:33:07 PM Blocked = False, Response recieved
03/20/2022 10:33:17 PM Starting new HTTPS connection (1): www.instagram.com:443
03/20/2022 10:33:18 PM https://www.instagram.com:443 "GET /p/ZhsOZQkcIt/ HTTP/1.1" 200 30233
03/20/2022 10:33:18 PM Request Issued
03/20/2022 10:33:18 PM Blocked = False, Response recieved
03/20/2022 10:33:29 PM Starting new HTTPS connection (1): www.instagram.com:443
03/20/2022 10:33:29 PM https://www.instagram.com:443 "GET /p/zIn3fLmorq/ HTTP/1.1" 302 0
03/20/2022 10:33:29 PM Request Issued
03/20/2022 10:33:29 PM Blocked
03/20/2022 10:33:29 PM Blocked = True, Entering the block period
03/20/2022 10:33:43 PM Started
03/20/2022 10:33:43 PM Shortcode list obtained
03/20/2022 10:33:43 PM Starting new HTTPS connection (1): www.instagram.com:443
03/20/2022 10:33:47 PM https://www.instagram.com:443 "GET /p/zIn3fLmorq/ HTTP/1.1" 200 33952
03/20/2022 10:33:47 PM Request Issued
03/20/2022 10:33:47 PM Blocked = False, Response recieved
03/20/2022 10:33:58 PM Starting new HTTPS connection (1): www.instagram.com:443
03/20/2022 10:36:09 PM https://www.instagram.com:443 "GET /p/zJDVgaJ9XI/ HTTP/1.1" 404 91430
03/20/2022 10:36:09 PM Request Issued
03/20/2022 10:36:20 PM Starting new HTTPS connection (1): www.instagram.com:443
03/20/2022 10:36:21 PM https://www.instagram.com:443 "GET /p/zk7zi5kJjX/ HTTP/1.1" 200 34486
03/20/2022 10:36:21 PM Request Issued
03/20/2022 10:36:21 PM Blocked = False, Response recieved
03/20/2022 10:36:31 PM Starting new HTTPS connection (1): www.instagram.com:443
03/20/2022 10:36:31 PM https://www.instagram.com:443 "GET /p/zKkM6PivSC/ HTTP/1.1" 404 91361
03/20/2022 10:36:32 PM Request Issued
03/20/2022 10:36:42 PM Starting new HTTPS connection (1): www.instagram.com:443
03/20/2022 10:36:43 PM https://www.instagram.com:443 "GET /p/zNV1CKKhrD/ HTTP/1.1" 404 91360
03/20/2022 10:36:43 PM Request Issued
03/20/2022 10:36:53 PM Starting new HTTPS connection (1): www.instagram.com:443
03/20/2022 10:36:53 PM https://www.instagram.com:443 "GET /p/zORe9cw1HG/ HTTP/1.1" 302 0
03/20/2022 10:36:53 PM Request Issued
03/20/2022 10:36:53 PM Blocked
03/20/2022 10:36:53 PM Blocked = True, Entering the block period
03/20/2022 10:37:06 PM Started
03/20/2022 10:37:06 PM Shortcode list obtained
03/20/2022 10:37:06 PM Starting new HTTPS connection (1): www.instagram.com:443
03/20/2022 10:37:07 PM https://www.instagram.com:443 "GET /p/zORe9cw1HG/ HTTP/1.1" 200 33797
03/20/2022 10:37:07 PM Request Issued
03/20/2022 10:37:07 PM Blocked = False, Response recieved
03/20/2022 10:37:17 PM Starting new HTTPS connection (1): www.instagram.com:443
03/20/2022 10:37:18 PM https://www.instagram.com:443 "GET /p/zPDONKmrb8/ HTTP/1.1" 200 33960
03/20/2022 10:37:19 PM Request Issued
03/20/2022 10:37:19 PM Blocked = False, Response recieved
03/20/2022 10:37:29 PM Starting new HTTPS connection (1): www.instagram.com:443
03/20/2022 10:37:29 PM https://www.instagram.com:443 "GET /p/zq6JaVgrsn/ HTTP/1.1" 200 30280
03/20/2022 10:37:30 PM Request Issued
03/20/2022 10:37:30 PM Blocked = False, Response recieved
03/20/2022 10:37:40 PM Starting new HTTPS connection (1): www.instagram.com:443
03/20/2022 10:37:41 PM https://www.instagram.com:443 "GET /p/zqa7EzuTMl/ HTTP/1.1" 302 0
03/20/2022 10:37:41 PM Request Issued
03/20/2022 10:37:41 PM Blocked
03/20/2022 10:37:41 PM Blocked = True, Entering the block period
03/20/2022 10:37:59 PM Started
03/20/2022 10:37:59 PM Shortcode list obtained
03/20/2022 10:37:59 PM Starting new HTTPS connection (1): www.instagram.com:443
03/20/2022 10:38:02 PM https://www.instagram.com:443 "GET /p/zqa7EzuTMl/ HTTP/1.1" 200 33882
03/20/2022 10:38:02 PM Request Issued
03/20/2022 10:38:02 PM Blocked = False, Response recieved
03/20/2022 10:38:12 PM Starting new HTTPS connection (1): www.instagram.com:443
03/20/2022 10:38:13 PM https://www.instagram.com:443 "GET /p/zR6ZU2iYQj/ HTTP/1.1" 200 34067
03/20/2022 10:38:14 PM Request Issued
03/20/2022 10:38:14 PM Blocked = False, Response recieved
03/20/2022 10:38:24 PM Starting new HTTPS connection (1): www.instagram.com:443
03/20/2022 10:38:25 PM https://www.instagram.com:443 "GET /p/ZS45OIC9rn/ HTTP/1.1" 404 91473
03/20/2022 10:38:25 PM Request Issued
03/20/2022 10:38:35 PM Starting new HTTPS connection (1): www.instagram.com:443
03/20/2022 10:38:35 PM https://www.instagram.com:443 "GET /p/zvPZpXzKWG/ HTTP/1.1" 404 91361
03/20/2022 10:38:36 PM Request Issued
03/20/2022 10:38:46 PM Starting new HTTPS connection (1): www.instagram.com:443
03/20/2022 10:38:47 PM https://www.instagram.com:443 "GET /p/zvXv48w1Jm/ HTTP/1.1" 302 0
03/20/2022 10:38:47 PM Request Issued
03/20/2022 10:38:47 PM Blocked
03/20/2022 10:38:47 PM Blocked = True, Entering the block period
03/20/2022 10:39:03 PM Started
03/20/2022 10:39:03 PM Shortcode list obtained
03/20/2022 10:39:03 PM Starting new HTTPS connection (1): www.instagram.com:443
03/20/2022 10:39:03 PM https://www.instagram.com:443 "GET /p/zvXv48w1Jm/ HTTP/1.1" 200 34016
03/20/2022 10:39:03 PM Request Issued
03/20/2022 10:39:03 PM Blocked = False, Response recieved
03/20/2022 10:39:14 PM Starting new HTTPS connection (1): www.instagram.com:443
03/20/2022 10:39:14 PM https://www.instagram.com:443 "GET /p/zw9BtfzCeL/ HTTP/1.1" 200 30171
03/20/2022 10:39:15 PM Request Issued
03/20/2022 10:39:15 PM Blocked = False, Response recieved
