03/15/2022 04:50:24 PM Started
03/15/2022 04:50:24 PM Shortcode list obtained
03/15/2022 04:50:24 PM Starting new HTTPS connection (1): www.instagram.com:443
03/15/2022 04:50:24 PM https://www.instagram.com:443 "GET /p/m6EToynIso/ HTTP/1.1" 404 90903
03/15/2022 04:50:24 PM Request Issued
03/15/2022 04:55:24 PM Starting new HTTPS connection (1): www.instagram.com:443
03/15/2022 04:55:25 PM https://www.instagram.com:443 "GET /p/m6Z4leOuLI/ HTTP/1.1" 200 30502
03/15/2022 04:55:25 PM Request Issued
03/15/2022 04:55:25 PM Blocked = False, Response recieved
03/15/2022 05:00:25 PM Starting new HTTPS connection (1): www.instagram.com:443
03/15/2022 05:00:26 PM https://www.instagram.com:443 "GET /p/m7c7aORZDo/ HTTP/1.1" 404 90902
03/15/2022 05:00:26 PM Request Issued
03/15/2022 05:05:27 PM Starting new HTTPS connection (1): www.instagram.com:443
03/15/2022 05:05:27 PM https://www.instagram.com:443 "GET /p/m8v4WRxZ8z/ HTTP/1.1" 200 29741
03/15/2022 05:05:27 PM Request Issued
03/15/2022 05:05:27 PM Blocked = False, Response recieved
03/15/2022 05:10:28 PM Starting new HTTPS connection (1): www.instagram.com:443
03/15/2022 05:10:29 PM https://www.instagram.com:443 "GET /p/m95pzQMMaH/ HTTP/1.1" 404 90977
03/15/2022 05:10:29 PM Request Issued
03/15/2022 05:15:30 PM Starting new HTTPS connection (1): www.instagram.com:443
03/15/2022 05:15:30 PM https://www.instagram.com:443 "GET /p/mAe6ckkQBg/ HTTP/1.1" 404 90902
03/15/2022 05:15:30 PM Request Issued
03/15/2022 05:20:31 PM Starting new HTTPS connection (1): www.instagram.com:443
03/15/2022 05:20:32 PM https://www.instagram.com:443 "GET /p/maKJtxKTuD/ HTTP/1.1" 200 30060
03/15/2022 05:20:32 PM Request Issued
03/15/2022 05:20:32 PM Blocked = False, Response recieved
03/15/2022 05:25:33 PM Starting new HTTPS connection (1): www.instagram.com:443
03/15/2022 05:25:33 PM https://www.instagram.com:443 "GET /p/mBINTnNUf1/ HTTP/1.1" 404 90904
03/15/2022 05:25:33 PM Request Issued
03/15/2022 05:30:34 PM Starting new HTTPS connection (1): www.instagram.com:443
03/15/2022 05:30:35 PM https://www.instagram.com:443 "GET /p/mBOk31S5hA/ HTTP/1.1" 200 33826
03/15/2022 05:30:35 PM Request Issued
03/15/2022 05:30:35 PM Blocked = False, Response recieved
03/15/2022 05:35:35 PM Starting new HTTPS connection (1): www.instagram.com:443
03/15/2022 05:35:35 PM https://www.instagram.com:443 "GET /p/mBSEt/ HTTP/1.1" 404 90614
03/15/2022 05:35:36 PM Request Issued
03/15/2022 05:40:36 PM Starting new HTTPS connection (1): www.instagram.com:443
03/15/2022 05:40:36 PM https://www.instagram.com:443 "GET /p/Mbwl0wLItk/ HTTP/1.1" 404 90980
03/15/2022 05:40:36 PM Request Issued
03/15/2022 05:45:36 PM Starting new HTTPS connection (1): www.instagram.com:443
03/15/2022 05:45:36 PM https://www.instagram.com:443 "GET /p/McQHpiCIGd/ HTTP/1.1" 404 90902
03/15/2022 05:45:37 PM Request Issued
03/15/2022 05:50:37 PM Starting new HTTPS connection (1): www.instagram.com:443
03/15/2022 05:50:37 PM https://www.instagram.com:443 "GET /p/mddf5hQzB5/ HTTP/1.1" 404 90904
03/15/2022 05:50:37 PM Request Issued
03/15/2022 05:55:38 PM Starting new HTTPS connection (1): www.instagram.com:443
03/15/2022 05:55:38 PM https://www.instagram.com:443 "GET /p/mdLXCJHuXr/ HTTP/1.1" 404 90903
03/15/2022 05:55:38 PM Request Issued
03/15/2022 06:00:39 PM Starting new HTTPS connection (1): www.instagram.com:443
03/15/2022 06:00:45 PM https://www.instagram.com:443 "GET /p/mDs7iVxlnh/ HTTP/1.1" 200 30715
03/15/2022 06:00:45 PM Request Issued
03/15/2022 06:00:45 PM Blocked = False, Response recieved
03/15/2022 06:05:46 PM Starting new HTTPS connection (1): www.instagram.com:443
03/15/2022 06:05:46 PM https://www.instagram.com:443 "GET /p/mefRjTujPP/ HTTP/1.1" 404 90904
03/15/2022 06:05:46 PM Request Issued
03/15/2022 06:10:47 PM Starting new HTTPS connection (1): www.instagram.com:443
03/15/2022 06:10:47 PM https://www.instagram.com:443 "GET /p/MeP84mTPDl/ HTTP/1.1" 404 90902
03/15/2022 06:10:47 PM Request Issued
03/15/2022 06:15:48 PM Starting new HTTPS connection (1): www.instagram.com:443
03/15/2022 06:15:49 PM https://www.instagram.com:443 "GET /p/mf0PAYtPrg/ HTTP/1.1" 200 33984
03/15/2022 06:15:49 PM Request Issued
03/15/2022 06:15:49 PM Blocked = False, Response recieved
03/15/2022 06:20:49 PM Starting new HTTPS connection (1): www.instagram.com:443
03/15/2022 06:20:55 PM https://www.instagram.com:443 "GET /p/mgajN5HZQB/ HTTP/1.1" 200 29657
03/15/2022 06:20:55 PM Request Issued
03/15/2022 06:20:55 PM Blocked = False, Response recieved
03/15/2022 06:25:56 PM Starting new HTTPS connection (1): www.instagram.com:443
03/15/2022 06:25:56 PM https://www.instagram.com:443 "GET /p/MGUkdDxEDc/ HTTP/1.1" 404 90904
03/15/2022 06:25:56 PM Request Issued
03/15/2022 06:30:57 PM Starting new HTTPS connection (1): www.instagram.com:443
03/15/2022 06:30:58 PM https://www.instagram.com:443 "GET /p/mgYka8nZdZ/ HTTP/1.1" 200 29911
03/15/2022 06:30:58 PM Request Issued
03/15/2022 06:30:58 PM Blocked = False, Response recieved
03/15/2022 06:35:59 PM Starting new HTTPS connection (1): www.instagram.com:443
03/15/2022 06:36:00 PM https://www.instagram.com:443 "GET /p/mhbLHDyMn2/ HTTP/1.1" 200 29814
03/15/2022 06:36:00 PM Request Issued
03/15/2022 06:36:00 PM Blocked = False, Response recieved
03/15/2022 06:41:01 PM Starting new HTTPS connection (1): www.instagram.com:443
03/15/2022 06:41:01 PM https://www.instagram.com:443 "GET /p/mHnGmYG6er/ HTTP/1.1" 404 90903
03/15/2022 06:41:01 PM Request Issued
03/15/2022 06:46:02 PM Starting new HTTPS connection (1): www.instagram.com:443
03/15/2022 06:46:03 PM https://www.instagram.com:443 "GET /p/mhvLGtlBce/ HTTP/1.1" 404 90904
03/15/2022 06:46:03 PM Request Issued
03/15/2022 06:51:03 PM Starting new HTTPS connection (1): www.instagram.com:443
03/15/2022 06:51:04 PM https://www.instagram.com:443 "GET /p/mI1KjZwG57/ HTTP/1.1" 404 90901
03/15/2022 06:51:04 PM Request Issued
