03/11/2022 09:31:26 AM Started
03/11/2022 09:31:26 AM Shortcode list obtained
03/11/2022 09:31:26 AM Starting new HTTPS connection (1): www.instagram.com:443
03/11/2022 09:31:27 AM https://www.instagram.com:443 "GET /p/B7jihD4hh9K/ HTTP/1.1" 200 35336
03/11/2022 09:31:27 AM Request Issued
03/11/2022 09:31:27 AM Blocked = False, Response recieved
03/11/2022 09:36:28 AM Starting new HTTPS connection (1): www.instagram.com:443
03/11/2022 09:36:29 AM https://www.instagram.com:443 "GET /p/B7ScA8sptpZ/ HTTP/1.1" 200 34326
03/11/2022 09:36:29 AM Request Issued
03/11/2022 09:36:29 AM Blocked = False, Response recieved
03/11/2022 09:41:30 AM Starting new HTTPS connection (1): www.instagram.com:443
03/11/2022 09:41:30 AM https://www.instagram.com:443 "GET /p/B7y8yLig4zQ/ HTTP/1.1" 404 90141
03/11/2022 09:41:30 AM Request Issued
03/11/2022 09:46:31 AM Starting new HTTPS connection (1): www.instagram.com:443
03/11/2022 09:46:31 AM https://www.instagram.com:443 "GET /p/B88NOdCFzR3/ HTTP/1.1" 200 36780
03/11/2022 09:46:31 AM Request Issued
03/11/2022 09:46:31 AM Blocked = False, Response recieved
03/11/2022 09:51:32 AM Starting new HTTPS connection (1): www.instagram.com:443
03/11/2022 09:51:33 AM https://www.instagram.com:443 "GET /p/B8b7Blel621/ HTTP/1.1" 200 37556
03/11/2022 09:51:33 AM Request Issued
03/11/2022 09:51:33 AM Blocked = False, Response recieved
03/11/2022 09:56:34 AM Starting new HTTPS connection (1): www.instagram.com:443
03/11/2022 09:56:47 AM https://www.instagram.com:443 "GET /p/B8bsANooiMm/ HTTP/1.1" 200 30783
03/11/2022 09:56:47 AM Request Issued
03/11/2022 09:56:47 AM Blocked = False, Response recieved
03/11/2022 10:01:48 AM Starting new HTTPS connection (1): www.instagram.com:443
03/11/2022 10:01:48 AM https://www.instagram.com:443 "GET /p/B8eXiEGgfpW/ HTTP/1.1" 404 90138
03/11/2022 10:01:48 AM Request Issued
03/11/2022 10:06:48 AM Starting new HTTPS connection (1): www.instagram.com:443
03/11/2022 10:06:49 AM https://www.instagram.com:443 "GET /p/B8h1NQGAXoc/ HTTP/1.1" 200 31367
03/11/2022 10:06:49 AM Request Issued
03/11/2022 10:06:49 AM Blocked = False, Response recieved
03/11/2022 10:11:50 AM Starting new HTTPS connection (1): www.instagram.com:443
03/11/2022 10:11:51 AM https://www.instagram.com:443 "GET /p/B8HdSoXiERb/ HTTP/1.1" 200 31340
03/11/2022 10:11:51 AM Request Issued
03/11/2022 10:11:51 AM Blocked = False, Response recieved
03/11/2022 10:16:51 AM Starting new HTTPS connection (1): www.instagram.com:443
03/11/2022 10:16:52 AM https://www.instagram.com:443 "GET /p/B8jBLbcBQA5/ HTTP/1.1" 200 31858
03/11/2022 10:16:52 AM Request Issued
03/11/2022 10:16:52 AM Blocked = False, Response recieved
03/11/2022 10:21:52 AM Starting new HTTPS connection (1): www.instagram.com:443
03/11/2022 10:22:10 AM https://www.instagram.com:443 "GET /p/B8N9PRMhhed/ HTTP/1.1" 560 0
03/11/2022 10:22:10 AM Request Issued
03/11/2022 10:27:10 AM Starting new HTTPS connection (1): www.instagram.com:443
03/11/2022 10:27:11 AM https://www.instagram.com:443 "GET /p/B8oiOH0IzVm/ HTTP/1.1" 200 33549
03/11/2022 10:27:11 AM Request Issued
03/11/2022 10:27:11 AM Blocked = False, Response recieved
03/11/2022 10:32:11 AM Starting new HTTPS connection (1): www.instagram.com:443
03/11/2022 10:32:12 AM https://www.instagram.com:443 "GET /p/B8pV6qHlQbQ/ HTTP/1.1" 200 30174
03/11/2022 10:32:12 AM Request Issued
03/11/2022 10:32:12 AM Blocked = False, Response recieved
03/11/2022 10:37:13 AM Starting new HTTPS connection (1): www.instagram.com:443
03/11/2022 10:37:13 AM https://www.instagram.com:443 "GET /p/B8ruEF7IU3I/ HTTP/1.1" 404 90140
03/11/2022 10:37:13 AM Request Issued
03/11/2022 10:42:14 AM Starting new HTTPS connection (1): www.instagram.com:443
03/11/2022 10:42:15 AM https://www.instagram.com:443 "GET /p/B8s2OD9lpQf/ HTTP/1.1" 200 31586
03/11/2022 10:42:15 AM Request Issued
03/11/2022 10:42:15 AM Blocked = False, Response recieved
03/11/2022 10:47:16 AM Starting new HTTPS connection (1): www.instagram.com:443
03/11/2022 10:47:17 AM https://www.instagram.com:443 "GET /p/B8tfmbVJL6N/ HTTP/1.1" 200 31326
03/11/2022 10:47:17 AM Request Issued
03/11/2022 10:47:17 AM Blocked = False, Response recieved
03/11/2022 10:52:18 AM Starting new HTTPS connection (1): www.instagram.com:443
03/11/2022 10:52:19 AM https://www.instagram.com:443 "GET /p/B8zo1mSBoko/ HTTP/1.1" 200 30700
03/11/2022 10:52:19 AM Request Issued
03/11/2022 10:52:19 AM Blocked = False, Response recieved
03/11/2022 10:57:20 AM Starting new HTTPS connection (1): www.instagram.com:443
03/11/2022 10:57:21 AM https://www.instagram.com:443 "GET /p/B90uFYDFDvX/ HTTP/1.1" 200 32836
03/11/2022 10:57:21 AM Request Issued
03/11/2022 10:57:21 AM Blocked = False, Response recieved
03/11/2022 11:02:21 AM Starting new HTTPS connection (1): www.instagram.com:443
03/11/2022 11:02:22 AM https://www.instagram.com:443 "GET /p/B91i2u8Bbp6/ HTTP/1.1" 200 33228
03/11/2022 11:02:22 AM Request Issued
03/11/2022 11:02:22 AM Blocked = False, Response recieved
03/11/2022 11:07:22 AM Starting new HTTPS connection (1): www.instagram.com:443
03/11/2022 11:07:23 AM https://www.instagram.com:443 "GET /p/B924QzkHlUd/ HTTP/1.1" 200 33539
03/11/2022 11:07:23 AM Request Issued
03/11/2022 11:07:23 AM Blocked = False, Response recieved
03/11/2022 11:12:24 AM Starting new HTTPS connection (1): www.instagram.com:443
03/11/2022 11:12:40 AM https://www.instagram.com:443 "GET /p/B92f1KSnIo1/ HTTP/1.1" 560 0
03/11/2022 11:12:40 AM Request Issued
03/11/2022 11:17:41 AM Starting new HTTPS connection (1): www.instagram.com:443
03/11/2022 11:17:57 AM https://www.instagram.com:443 "GET /p/B94eF0QBjP2/ HTTP/1.1" 560 0
03/11/2022 11:17:57 AM Request Issued
03/11/2022 11:22:57 AM Starting new HTTPS connection (1): www.instagram.com:443
03/11/2022 11:22:58 AM https://www.instagram.com:443 "GET /p/B94WyN4HAwu/ HTTP/1.1" 200 31434
03/11/2022 11:22:58 AM Request Issued
03/11/2022 11:22:58 AM Blocked = False, Response recieved
03/11/2022 11:27:58 AM Starting new HTTPS connection (1): www.instagram.com:443
03/11/2022 11:27:59 AM https://www.instagram.com:443 "GET /p/B99u0WKFoqg/ HTTP/1.1" 200 33479
03/11/2022 11:27:59 AM Request Issued
03/11/2022 11:27:59 AM Blocked = False, Response recieved
03/11/2022 11:33:00 AM Starting new HTTPS connection (1): www.instagram.com:443
03/11/2022 11:33:01 AM https://www.instagram.com:443 "GET /p/B9aFf2DgUdv/ HTTP/1.1" 200 31253
03/11/2022 11:33:01 AM Request Issued
03/11/2022 11:33:01 AM Blocked = False, Response recieved
