03/16/2022 06:16:57 AM Started
03/16/2022 06:16:57 AM Shortcode list obtained
03/16/2022 06:16:57 AM Starting new HTTPS connection (1): www.instagram.com:443
03/16/2022 06:16:58 AM https://www.instagram.com:443 "GET /p/nsIRbmpOwu/ HTTP/1.1" 404 90991
03/16/2022 06:16:58 AM Request Issued
03/16/2022 06:21:58 AM Starting new HTTPS connection (1): www.instagram.com:443
03/16/2022 06:21:59 AM https://www.instagram.com:443 "GET /p/nSMdhHLkJK/ HTTP/1.1" 200 34365
03/16/2022 06:21:59 AM Request Issued
03/16/2022 06:21:59 AM Blocked = False, Response recieved
03/16/2022 06:26:59 AM Starting new HTTPS connection (1): www.instagram.com:443
03/16/2022 06:26:59 AM https://www.instagram.com:443 "GET /p/NsVElBO4pw/ HTTP/1.1" 200 30067
03/16/2022 06:26:59 AM Request Issued
03/16/2022 06:26:59 AM Blocked = False, Response recieved
03/16/2022 06:32:00 AM Starting new HTTPS connection (1): www.instagram.com:443
03/16/2022 06:32:00 AM https://www.instagram.com:443 "GET /p/Nt0zHwBt8S/ HTTP/1.1" 200 30142
03/16/2022 06:32:00 AM Request Issued
03/16/2022 06:32:00 AM Blocked = False, Response recieved
03/16/2022 06:37:01 AM Starting new HTTPS connection (1): www.instagram.com:443
03/16/2022 06:37:01 AM https://www.instagram.com:443 "GET /p/Nt21CkhDuK/ HTTP/1.1" 404 90916
03/16/2022 06:37:01 AM Request Issued
03/16/2022 06:42:02 AM Starting new HTTPS connection (1): www.instagram.com:443
03/16/2022 06:42:02 AM https://www.instagram.com:443 "GET /p/ntkA0gNH6G/ HTTP/1.1" 302 0
03/16/2022 06:42:02 AM Request Issued
03/16/2022 06:42:02 AM Blocked
03/16/2022 06:42:02 AM Blocked = True, Entering the block period
03/16/2022 07:12:03 AM Starting new HTTPS connection (1): www.instagram.com:443
03/16/2022 07:12:03 AM https://www.instagram.com:443 "GET /p/ntkA0gNH6G/ HTTP/1.1" 302 0
03/16/2022 07:12:03 AM Request Issued
03/16/2022 07:12:03 AM Blocked
03/16/2022 07:42:03 AM Starting new HTTPS connection (1): www.instagram.com:443
03/16/2022 07:42:03 AM https://www.instagram.com:443 "GET /p/ntkA0gNH6G/ HTTP/1.1" 302 0
03/16/2022 07:42:03 AM Request Issued
03/16/2022 07:42:03 AM Blocked
03/16/2022 08:12:03 AM Starting new HTTPS connection (1): www.instagram.com:443
03/16/2022 08:12:04 AM https://www.instagram.com:443 "GET /p/ntkA0gNH6G/ HTTP/1.1" 404 90993
03/16/2022 08:12:04 AM Request Issued
03/16/2022 08:12:04 AM Block ID: 1, Block period: 5401 seconds
03/16/2022 08:12:04 AM Blocked = False, Block period ended
03/16/2022 08:17:04 AM Starting new HTTPS connection (1): www.instagram.com:443
03/16/2022 08:17:05 AM https://www.instagram.com:443 "GET /p/nTNf1gmola/ HTTP/1.1" 200 33543
03/16/2022 08:17:05 AM Request Issued
03/16/2022 08:17:05 AM Blocked = False, Response recieved
03/16/2022 08:22:06 AM Starting new HTTPS connection (1): www.instagram.com:443
03/16/2022 08:22:06 AM https://www.instagram.com:443 "GET /p/ntqfqQGoR5/ HTTP/1.1" 200 33294
03/16/2022 08:22:06 AM Request Issued
03/16/2022 08:22:06 AM Blocked = False, Response recieved
03/16/2022 08:27:07 AM Starting new HTTPS connection (1): www.instagram.com:443
03/16/2022 08:27:08 AM https://www.instagram.com:443 "GET /p/NtSLggGlJP/ HTTP/1.1" 200 29782
03/16/2022 08:27:08 AM Request Issued
03/16/2022 08:27:08 AM Blocked = False, Response recieved
03/16/2022 08:32:08 AM Starting new HTTPS connection (1): www.instagram.com:443
03/16/2022 08:32:08 AM https://www.instagram.com:443 "GET /p/ntVSU3jW20/ HTTP/1.1" 302 0
03/16/2022 08:32:08 AM Request Issued
03/16/2022 08:32:08 AM Blocked
03/16/2022 08:32:08 AM Blocked = True, Entering the block period
03/16/2022 09:02:08 AM Starting new HTTPS connection (1): www.instagram.com:443
03/16/2022 09:02:09 AM https://www.instagram.com:443 "GET /p/ntVSU3jW20/ HTTP/1.1" 302 0
03/16/2022 09:02:09 AM Request Issued
03/16/2022 09:02:09 AM Blocked
03/16/2022 09:32:09 AM Starting new HTTPS connection (1): www.instagram.com:443
03/16/2022 09:32:09 AM https://www.instagram.com:443 "GET /p/ntVSU3jW20/ HTTP/1.1" 302 0
03/16/2022 09:32:09 AM Request Issued
03/16/2022 09:32:09 AM Blocked
03/16/2022 10:02:09 AM Starting new HTTPS connection (1): www.instagram.com:443
03/16/2022 10:02:09 AM https://www.instagram.com:443 "GET /p/ntVSU3jW20/ HTTP/1.1" 302 0
03/16/2022 10:02:09 AM Request Issued
03/16/2022 10:02:09 AM Blocked
03/16/2022 10:32:09 AM Starting new HTTPS connection (1): www.instagram.com:443
03/16/2022 10:32:09 AM https://www.instagram.com:443 "GET /p/ntVSU3jW20/ HTTP/1.1" 302 0
03/16/2022 10:32:09 AM Request Issued
03/16/2022 10:32:09 AM Blocked
03/16/2022 11:02:09 AM Starting new HTTPS connection (1): www.instagram.com:443
03/16/2022 11:02:09 AM https://www.instagram.com:443 "GET /p/ntVSU3jW20/ HTTP/1.1" 302 0
03/16/2022 11:02:09 AM Request Issued
03/16/2022 11:02:09 AM Blocked
03/16/2022 11:32:10 AM Starting new HTTPS connection (1): www.instagram.com:443
03/16/2022 11:32:10 AM https://www.instagram.com:443 "GET /p/ntVSU3jW20/ HTTP/1.1" 302 0
03/16/2022 11:32:10 AM Request Issued
03/16/2022 11:32:10 AM Blocked
03/16/2022 12:02:10 PM Starting new HTTPS connection (1): www.instagram.com:443
03/16/2022 12:02:10 PM https://www.instagram.com:443 "GET /p/ntVSU3jW20/ HTTP/1.1" 302 0
03/16/2022 12:02:10 PM Request Issued
03/16/2022 12:02:10 PM Blocked
03/16/2022 12:32:10 PM Starting new HTTPS connection (1): www.instagram.com:443
03/16/2022 12:32:15 PM https://www.instagram.com:443 "GET /p/ntVSU3jW20/ HTTP/1.1" 302 0
03/16/2022 12:32:15 PM Request Issued
03/16/2022 12:32:15 PM Blocked
03/16/2022 01:02:15 PM Starting new HTTPS connection (1): www.instagram.com:443
03/16/2022 01:02:16 PM https://www.instagram.com:443 "GET /p/ntVSU3jW20/ HTTP/1.1" 302 0
03/16/2022 01:02:16 PM Request Issued
03/16/2022 01:02:16 PM Blocked
03/16/2022 01:32:16 PM Starting new HTTPS connection (1): www.instagram.com:443
03/16/2022 01:32:16 PM https://www.instagram.com:443 "GET /p/ntVSU3jW20/ HTTP/1.1" 302 0
03/16/2022 01:32:16 PM Request Issued
03/16/2022 01:32:16 PM Blocked
03/16/2022 02:02:16 PM Starting new HTTPS connection (1): www.instagram.com:443
03/16/2022 02:02:16 PM https://www.instagram.com:443 "GET /p/ntVSU3jW20/ HTTP/1.1" 302 0
03/16/2022 02:02:16 PM Request Issued
03/16/2022 02:02:16 PM Blocked
03/16/2022 02:32:16 PM Starting new HTTPS connection (1): www.instagram.com:443
03/16/2022 02:32:16 PM https://www.instagram.com:443 "GET /p/ntVSU3jW20/ HTTP/1.1" 302 0
03/16/2022 02:32:16 PM Request Issued
03/16/2022 02:32:16 PM Blocked
03/16/2022 03:02:16 PM Starting new HTTPS connection (1): www.instagram.com:443
03/16/2022 03:02:17 PM https://www.instagram.com:443 "GET /p/ntVSU3jW20/ HTTP/1.1" 302 0
03/16/2022 03:02:17 PM Request Issued
03/16/2022 03:02:17 PM Blocked
03/16/2022 03:32:17 PM Starting new HTTPS connection (1): www.instagram.com:443
03/16/2022 03:32:17 PM https://www.instagram.com:443 "GET /p/ntVSU3jW20/ HTTP/1.1" 302 0
03/16/2022 03:32:17 PM Request Issued
03/16/2022 03:32:17 PM Blocked
03/16/2022 04:02:17 PM Starting new HTTPS connection (1): www.instagram.com:443
03/16/2022 04:02:17 PM https://www.instagram.com:443 "GET /p/ntVSU3jW20/ HTTP/1.1" 302 0
03/16/2022 04:02:17 PM Request Issued
03/16/2022 04:02:17 PM Blocked
03/16/2022 04:32:17 PM Starting new HTTPS connection (1): www.instagram.com:443
03/16/2022 04:32:19 PM https://www.instagram.com:443 "GET /p/ntVSU3jW20/ HTTP/1.1" 302 0
03/16/2022 04:32:19 PM Request Issued
03/16/2022 04:32:19 PM Blocked
03/16/2022 05:02:19 PM Starting new HTTPS connection (1): www.instagram.com:443
03/16/2022 05:02:20 PM https://www.instagram.com:443 "GET /p/ntVSU3jW20/ HTTP/1.1" 200 33900
03/16/2022 05:02:20 PM Request Issued
03/16/2022 05:02:20 PM Block ID: 2, Block period: 30611 seconds
03/16/2022 05:02:20 PM Blocked = False, Block period ended
03/16/2022 05:07:20 PM Starting new HTTPS connection (1): www.instagram.com:443
03/16/2022 05:07:21 PM https://www.instagram.com:443 "GET /p/nU2Ir1wFRK/ HTTP/1.1" 200 34073
03/16/2022 05:07:21 PM Request Issued
03/16/2022 05:07:21 PM Blocked = False, Response recieved
03/16/2022 05:12:22 PM Starting new HTTPS connection (1): www.instagram.com:443
03/16/2022 05:12:22 PM https://www.instagram.com:443 "GET /p/nuEjYzmVIa/ HTTP/1.1" 200 30072
03/16/2022 05:12:22 PM Request Issued
03/16/2022 05:12:22 PM Blocked = False, Response recieved
03/16/2022 05:17:22 PM Starting new HTTPS connection (1): www.instagram.com:443
03/16/2022 05:17:23 PM https://www.instagram.com:443 "GET /p/NuhV21Eh5i/ HTTP/1.1" 200 29821
03/16/2022 05:17:23 PM Request Issued
03/16/2022 05:17:23 PM Blocked = False, Response recieved
03/16/2022 05:22:24 PM Starting new HTTPS connection (1): www.instagram.com:443
03/16/2022 05:22:24 PM https://www.instagram.com:443 "GET /p/num8aKweet/ HTTP/1.1" 302 0
03/16/2022 05:22:24 PM Request Issued
03/16/2022 05:22:24 PM Blocked
03/16/2022 05:22:24 PM Blocked = True, Entering the block period
03/16/2022 05:52:24 PM Starting new HTTPS connection (1): www.instagram.com:443
03/16/2022 05:52:24 PM https://www.instagram.com:443 "GET /p/num8aKweet/ HTTP/1.1" 302 0
03/16/2022 05:52:24 PM Request Issued
03/16/2022 05:52:24 PM Blocked
03/16/2022 06:22:24 PM Starting new HTTPS connection (1): www.instagram.com:443
03/16/2022 06:22:24 PM https://www.instagram.com:443 "GET /p/num8aKweet/ HTTP/1.1" 302 0
03/16/2022 06:22:24 PM Request Issued
03/16/2022 06:22:24 PM Blocked
03/16/2022 06:52:25 PM Starting new HTTPS connection (1): www.instagram.com:443
03/16/2022 06:52:25 PM https://www.instagram.com:443 "GET /p/num8aKweet/ HTTP/1.1" 302 0
03/16/2022 06:52:25 PM Request Issued
03/16/2022 06:52:25 PM Blocked
03/16/2022 07:22:25 PM Starting new HTTPS connection (1): www.instagram.com:443
03/16/2022 07:22:35 PM https://www.instagram.com:443 "GET /p/num8aKweet/ HTTP/1.1" 302 0
03/16/2022 07:22:35 PM Request Issued
03/16/2022 07:22:35 PM Blocked
03/16/2022 07:52:35 PM Starting new HTTPS connection (1): www.instagram.com:443
03/16/2022 07:52:35 PM https://www.instagram.com:443 "GET /p/num8aKweet/ HTTP/1.1" 302 0
03/16/2022 07:52:35 PM Request Issued
03/16/2022 07:52:35 PM Blocked
03/16/2022 08:22:35 PM Starting new HTTPS connection (1): www.instagram.com:443
03/16/2022 08:22:35 PM https://www.instagram.com:443 "GET /p/num8aKweet/ HTTP/1.1" 302 0
03/16/2022 08:22:35 PM Request Issued
03/16/2022 08:22:35 PM Blocked
03/16/2022 08:52:35 PM Starting new HTTPS connection (1): www.instagram.com:443
03/16/2022 08:52:36 PM https://www.instagram.com:443 "GET /p/num8aKweet/ HTTP/1.1" 302 0
03/16/2022 08:52:36 PM Request Issued
03/16/2022 08:52:36 PM Blocked
03/16/2022 09:22:36 PM Starting new HTTPS connection (1): www.instagram.com:443
03/16/2022 09:22:36 PM https://www.instagram.com:443 "GET /p/num8aKweet/ HTTP/1.1" 302 0
03/16/2022 09:22:36 PM Request Issued
03/16/2022 09:22:36 PM Blocked
03/16/2022 09:52:36 PM Starting new HTTPS connection (1): www.instagram.com:443
03/16/2022 09:52:36 PM https://www.instagram.com:443 "GET /p/num8aKweet/ HTTP/1.1" 302 0
03/16/2022 09:52:36 PM Request Issued
03/16/2022 09:52:36 PM Blocked
03/16/2022 10:22:36 PM Starting new HTTPS connection (1): www.instagram.com:443
03/16/2022 10:22:37 PM https://www.instagram.com:443 "GET /p/num8aKweet/ HTTP/1.1" 302 0
03/16/2022 10:22:37 PM Request Issued
03/16/2022 10:22:37 PM Blocked
03/16/2022 10:52:37 PM Starting new HTTPS connection (1): www.instagram.com:443
03/16/2022 10:52:37 PM https://www.instagram.com:443 "GET /p/num8aKweet/ HTTP/1.1" 302 0
03/16/2022 10:52:37 PM Request Issued
03/16/2022 10:52:37 PM Blocked
03/16/2022 11:22:37 PM Starting new HTTPS connection (1): www.instagram.com:443
03/16/2022 11:22:37 PM https://www.instagram.com:443 "GET /p/num8aKweet/ HTTP/1.1" 302 0
03/16/2022 11:22:37 PM Request Issued
03/16/2022 11:22:37 PM Blocked
03/16/2022 11:52:37 PM Starting new HTTPS connection (1): www.instagram.com:443
03/16/2022 11:52:37 PM https://www.instagram.com:443 "GET /p/num8aKweet/ HTTP/1.1" 302 0
03/16/2022 11:52:37 PM Request Issued
03/16/2022 11:52:37 PM Blocked
03/17/2022 12:22:38 AM Starting new HTTPS connection (1): www.instagram.com:443
03/17/2022 12:22:38 AM https://www.instagram.com:443 "GET /p/num8aKweet/ HTTP/1.1" 302 0
03/17/2022 12:22:38 AM Request Issued
03/17/2022 12:22:38 AM Blocked
03/17/2022 12:52:38 AM Starting new HTTPS connection (1): www.instagram.com:443
03/17/2022 12:52:38 AM https://www.instagram.com:443 "GET /p/num8aKweet/ HTTP/1.1" 302 0
03/17/2022 12:52:38 AM Request Issued
03/17/2022 12:52:38 AM Blocked
03/17/2022 01:22:38 AM Starting new HTTPS connection (1): www.instagram.com:443
03/17/2022 01:22:38 AM https://www.instagram.com:443 "GET /p/num8aKweet/ HTTP/1.1" 302 0
03/17/2022 01:22:38 AM Request Issued
03/17/2022 01:22:38 AM Blocked
03/17/2022 01:52:38 AM Starting new HTTPS connection (1): www.instagram.com:443
03/17/2022 01:52:39 AM https://www.instagram.com:443 "GET /p/num8aKweet/ HTTP/1.1" 200 31436
03/17/2022 01:52:39 AM Request Issued
03/17/2022 01:52:39 AM Block ID: 3, Block period: 30615 seconds
03/17/2022 01:52:39 AM Blocked = False, Block period ended
03/17/2022 01:57:39 AM Starting new HTTPS connection (1): www.instagram.com:443
03/17/2022 01:57:40 AM https://www.instagram.com:443 "GET /p/NuQFHqKMOW/ HTTP/1.1" 200 29654
03/17/2022 01:57:40 AM Request Issued
03/17/2022 01:57:40 AM Blocked = False, Response recieved
03/17/2022 02:02:41 AM Starting new HTTPS connection (1): www.instagram.com:443
03/17/2022 02:02:41 AM https://www.instagram.com:443 "GET /p/NuVKHbI69O/ HTTP/1.1" 200 29599
03/17/2022 02:02:41 AM Request Issued
03/17/2022 02:02:41 AM Blocked = False, Response recieved
03/17/2022 02:07:42 AM Starting new HTTPS connection (1): www.instagram.com:443
03/17/2022 02:07:43 AM https://www.instagram.com:443 "GET /p/nvXYyfShKO/ HTTP/1.1" 200 31152
03/17/2022 02:07:44 AM Request Issued
03/17/2022 02:07:44 AM Blocked = False, Response recieved
03/17/2022 02:12:45 AM Starting new HTTPS connection (1): www.instagram.com:443
03/17/2022 02:12:46 AM https://www.instagram.com:443 "GET /p/nwP4CBk0Q4/ HTTP/1.1" 200 30415
03/17/2022 02:12:46 AM Request Issued
03/17/2022 02:12:46 AM Blocked = False, Response recieved
03/17/2022 02:17:46 AM Starting new HTTPS connection (1): www.instagram.com:443
03/17/2022 02:17:47 AM https://www.instagram.com:443 "GET /p/nwRi4PihGR/ HTTP/1.1" 302 0
03/17/2022 02:17:47 AM Request Issued
03/17/2022 02:17:47 AM Blocked
03/17/2022 02:17:47 AM Blocked = True, Entering the block period
03/17/2022 02:47:47 AM Starting new HTTPS connection (1): www.instagram.com:443
03/17/2022 02:47:47 AM https://www.instagram.com:443 "GET /p/nwRi4PihGR/ HTTP/1.1" 302 0
03/17/2022 02:47:47 AM Request Issued
03/17/2022 02:47:47 AM Blocked
03/17/2022 03:17:47 AM Starting new HTTPS connection (1): www.instagram.com:443
03/17/2022 03:17:47 AM https://www.instagram.com:443 "GET /p/nwRi4PihGR/ HTTP/1.1" 302 0
03/17/2022 03:17:47 AM Request Issued
03/17/2022 03:17:47 AM Blocked
03/17/2022 03:47:47 AM Starting new HTTPS connection (1): www.instagram.com:443
03/17/2022 03:47:48 AM https://www.instagram.com:443 "GET /p/nwRi4PihGR/ HTTP/1.1" 302 0
03/17/2022 03:47:48 AM Request Issued
03/17/2022 03:47:48 AM Blocked
03/17/2022 04:17:48 AM Starting new HTTPS connection (1): www.instagram.com:443
03/17/2022 04:17:48 AM https://www.instagram.com:443 "GET /p/nwRi4PihGR/ HTTP/1.1" 302 0
03/17/2022 04:17:48 AM Request Issued
03/17/2022 04:17:48 AM Blocked
03/17/2022 04:47:48 AM Starting new HTTPS connection (1): www.instagram.com:443
03/17/2022 04:47:49 AM https://www.instagram.com:443 "GET /p/nwRi4PihGR/ HTTP/1.1" 302 0
03/17/2022 04:47:49 AM Request Issued
03/17/2022 04:47:49 AM Blocked
03/17/2022 05:17:49 AM Starting new HTTPS connection (1): www.instagram.com:443
03/17/2022 05:17:49 AM https://www.instagram.com:443 "GET /p/nwRi4PihGR/ HTTP/1.1" 302 0
03/17/2022 05:17:49 AM Request Issued
03/17/2022 05:17:49 AM Blocked
03/17/2022 05:47:49 AM Starting new HTTPS connection (1): www.instagram.com:443
03/17/2022 05:47:50 AM https://www.instagram.com:443 "GET /p/nwRi4PihGR/ HTTP/1.1" 302 0
03/17/2022 05:47:50 AM Request Issued
03/17/2022 05:47:50 AM Blocked
03/17/2022 06:17:50 AM Starting new HTTPS connection (1): www.instagram.com:443
03/17/2022 06:17:50 AM https://www.instagram.com:443 "GET /p/nwRi4PihGR/ HTTP/1.1" 302 0
03/17/2022 06:17:50 AM Request Issued
03/17/2022 06:17:50 AM Blocked
03/17/2022 06:47:51 AM Starting new HTTPS connection (1): www.instagram.com:443
03/17/2022 06:47:51 AM https://www.instagram.com:443 "GET /p/nwRi4PihGR/ HTTP/1.1" 302 0
03/17/2022 06:47:51 AM Request Issued
03/17/2022 06:47:51 AM Blocked
03/17/2022 07:17:51 AM Starting new HTTPS connection (1): www.instagram.com:443
03/17/2022 07:17:51 AM https://www.instagram.com:443 "GET /p/nwRi4PihGR/ HTTP/1.1" 302 0
03/17/2022 07:17:51 AM Request Issued
03/17/2022 07:17:51 AM Blocked
03/17/2022 07:47:51 AM Starting new HTTPS connection (1): www.instagram.com:443
03/17/2022 07:47:52 AM https://www.instagram.com:443 "GET /p/nwRi4PihGR/ HTTP/1.1" 302 0
03/17/2022 07:47:52 AM Request Issued
03/17/2022 07:47:52 AM Blocked
03/17/2022 08:17:52 AM Starting new HTTPS connection (1): www.instagram.com:443
03/17/2022 08:17:52 AM https://www.instagram.com:443 "GET /p/nwRi4PihGR/ HTTP/1.1" 302 0
03/17/2022 08:17:52 AM Request Issued
03/17/2022 08:17:52 AM Blocked
03/17/2022 08:47:52 AM Starting new HTTPS connection (1): www.instagram.com:443
03/17/2022 08:47:52 AM https://www.instagram.com:443 "GET /p/nwRi4PihGR/ HTTP/1.1" 302 0
03/17/2022 08:47:52 AM Request Issued
03/17/2022 08:47:52 AM Blocked
03/17/2022 09:17:52 AM Starting new HTTPS connection (1): www.instagram.com:443
03/17/2022 09:17:53 AM https://www.instagram.com:443 "GET /p/nwRi4PihGR/ HTTP/1.1" 302 0
03/17/2022 09:17:53 AM Request Issued
03/17/2022 09:17:53 AM Blocked
03/17/2022 09:47:53 AM Starting new HTTPS connection (1): www.instagram.com:443
03/17/2022 09:47:54 AM https://www.instagram.com:443 "GET /p/nwRi4PihGR/ HTTP/1.1" 200 34314
03/17/2022 09:47:54 AM Request Issued
03/17/2022 09:47:54 AM Block ID: 4, Block period: 27007 seconds
03/17/2022 09:47:54 AM Blocked = False, Block period ended
03/17/2022 09:52:55 AM Starting new HTTPS connection (1): www.instagram.com:443
03/17/2022 09:52:55 AM https://www.instagram.com:443 "GET /p/nwWsJ4sRy2/ HTTP/1.1" 404 91049
03/17/2022 09:52:55 AM Request Issued
03/17/2022 09:57:56 AM Starting new HTTPS connection (1): www.instagram.com:443
03/17/2022 09:57:56 AM https://www.instagram.com:443 "GET /p/nXCYhNChNn/ HTTP/1.1" 200 34003
03/17/2022 09:57:56 AM Request Issued
03/17/2022 09:57:56 AM Blocked = False, Response recieved
03/17/2022 10:02:56 AM Starting new HTTPS connection (1): www.instagram.com:443
03/17/2022 10:02:57 AM https://www.instagram.com:443 "GET /p/nXsvfzLcrW/ HTTP/1.1" 404 91165
03/17/2022 10:02:57 AM Request Issued
03/17/2022 10:07:58 AM Starting new HTTPS connection (1): www.instagram.com:443
03/17/2022 10:07:58 AM https://www.instagram.com:443 "GET /p/nY3t3BqiB0/ HTTP/1.1" 302 0
03/17/2022 10:07:58 AM Request Issued
03/17/2022 10:07:58 AM Blocked
03/17/2022 10:07:58 AM Blocked = True, Entering the block period
03/17/2022 10:37:58 AM Starting new HTTPS connection (1): www.instagram.com:443
03/17/2022 10:37:59 AM https://www.instagram.com:443 "GET /p/nY3t3BqiB0/ HTTP/1.1" 302 0
03/17/2022 10:37:59 AM Request Issued
03/17/2022 10:37:59 AM Blocked
03/17/2022 11:07:59 AM Starting new HTTPS connection (1): www.instagram.com:443
03/17/2022 11:07:59 AM https://www.instagram.com:443 "GET /p/nY3t3BqiB0/ HTTP/1.1" 302 0
03/17/2022 11:07:59 AM Request Issued
03/17/2022 11:07:59 AM Blocked
03/17/2022 11:37:59 AM Starting new HTTPS connection (1): www.instagram.com:443
03/17/2022 11:37:59 AM https://www.instagram.com:443 "GET /p/nY3t3BqiB0/ HTTP/1.1" 302 0
03/17/2022 11:37:59 AM Request Issued
03/17/2022 11:37:59 AM Blocked
03/17/2022 12:07:59 PM Starting new HTTPS connection (1): www.instagram.com:443
03/17/2022 12:07:59 PM https://www.instagram.com:443 "GET /p/nY3t3BqiB0/ HTTP/1.1" 302 0
03/17/2022 12:07:59 PM Request Issued
03/17/2022 12:07:59 PM Blocked
03/17/2022 12:37:59 PM Starting new HTTPS connection (1): www.instagram.com:443
03/17/2022 12:38:00 PM https://www.instagram.com:443 "GET /p/nY3t3BqiB0/ HTTP/1.1" 302 0
03/17/2022 12:38:00 PM Request Issued
03/17/2022 12:38:00 PM Blocked
03/17/2022 01:08:00 PM Starting new HTTPS connection (1): www.instagram.com:443
03/17/2022 01:08:00 PM https://www.instagram.com:443 "GET /p/nY3t3BqiB0/ HTTP/1.1" 302 0
03/17/2022 01:08:00 PM Request Issued
03/17/2022 01:08:00 PM Blocked
03/17/2022 01:38:00 PM Starting new HTTPS connection (1): www.instagram.com:443
03/17/2022 01:38:00 PM https://www.instagram.com:443 "GET /p/nY3t3BqiB0/ HTTP/1.1" 302 0
03/17/2022 01:38:00 PM Request Issued
03/17/2022 01:38:00 PM Blocked
03/17/2022 02:08:00 PM Starting new HTTPS connection (1): www.instagram.com:443
03/17/2022 02:08:00 PM https://www.instagram.com:443 "GET /p/nY3t3BqiB0/ HTTP/1.1" 302 0
03/17/2022 02:08:00 PM Request Issued
03/17/2022 02:08:00 PM Blocked
03/17/2022 02:38:01 PM Starting new HTTPS connection (1): www.instagram.com:443
03/31/2022 09:54:10 AM Started
03/31/2022 09:54:10 AM Shortcode list obtained
03/31/2022 09:54:10 AM Starting new HTTPS connection (1): www.instagram.com:443
03/31/2022 09:54:11 AM https://www.instagram.com:443 "GET /p/nXCYhNChNn/ HTTP/1.1" 200 34401
03/31/2022 09:54:11 AM Request Issued
03/31/2022 09:54:11 AM Blocked = False, Response recieved
03/31/2022 09:54:21 AM Starting new HTTPS connection (1): www.instagram.com:443
03/31/2022 09:54:22 AM https://www.instagram.com:443 "GET /p/nXsvfzLcrW/ HTTP/1.1" 404 92491
03/31/2022 09:54:22 AM Request Issued
03/31/2022 09:54:33 AM Starting new HTTPS connection (1): www.instagram.com:443
03/31/2022 09:54:34 AM https://www.instagram.com:443 "GET /p/nY3t3BqiB0/ HTTP/1.1" 200 34606
03/31/2022 09:54:34 AM Request Issued
03/31/2022 09:54:34 AM Blocked = False, Response recieved
03/31/2022 09:54:45 AM Starting new HTTPS connection (1): www.instagram.com:443
03/31/2022 09:54:46 AM https://www.instagram.com:443 "GET /p/nY8NrXHugc/ HTTP/1.1" 200 34855
03/31/2022 09:54:46 AM Request Issued
03/31/2022 09:54:46 AM Blocked = False, Response recieved
03/31/2022 09:54:57 AM Starting new HTTPS connection (1): www.instagram.com:443
03/31/2022 09:54:57 AM https://www.instagram.com:443 "GET /p/NYhNy5naYY/ HTTP/1.1" 200 30535
03/31/2022 09:54:57 AM Request Issued
03/31/2022 09:54:57 AM Blocked = False, Response recieved
