03/15/2022 04:51:34 PM Started
03/15/2022 04:51:34 PM Shortcode list obtained
03/15/2022 04:51:34 PM Starting new HTTPS connection (1): www.instagram.com:443
03/15/2022 04:51:36 PM https://www.instagram.com:443 "GET /p/nG1GgasogQ/ HTTP/1.1" 200 31960
03/15/2022 04:51:36 PM Request Issued
03/15/2022 04:51:36 PM Blocked = False, Response recieved
03/15/2022 04:56:36 PM Starting new HTTPS connection (1): www.instagram.com:443
03/15/2022 04:56:37 PM https://www.instagram.com:443 "GET /p/nGbeWux1v1/ HTTP/1.1" 200 31611
03/15/2022 04:56:37 PM Request Issued
03/15/2022 04:56:37 PM Blocked = False, Response recieved
03/15/2022 05:01:38 PM Starting new HTTPS connection (1): www.instagram.com:443
03/15/2022 05:01:38 PM https://www.instagram.com:443 "GET /p/ngIgBkmk0I/ HTTP/1.1" 200 31132
03/15/2022 05:01:38 PM Request Issued
03/15/2022 05:01:38 PM Blocked = False, Response recieved
03/15/2022 05:06:39 PM Starting new HTTPS connection (1): www.instagram.com:443
03/15/2022 05:06:39 PM https://www.instagram.com:443 "GET /p/nGlwgJiJ7A/ HTTP/1.1" 200 30133
03/15/2022 05:06:39 PM Request Issued
03/15/2022 05:06:39 PM Blocked = False, Response recieved
03/15/2022 05:11:40 PM Starting new HTTPS connection (1): www.instagram.com:443
03/15/2022 05:11:40 PM https://www.instagram.com:443 "GET /p/ngouoVmk3O/ HTTP/1.1" 200 33556
03/15/2022 05:11:40 PM Request Issued
03/15/2022 05:11:40 PM Blocked = False, Response recieved
03/15/2022 05:16:40 PM Starting new HTTPS connection (1): www.instagram.com:443
03/15/2022 05:16:41 PM https://www.instagram.com:443 "GET /p/nGs9d3Ap10/ HTTP/1.1" 200 32606
03/15/2022 05:16:41 PM Request Issued
03/15/2022 05:16:41 PM Blocked = False, Response recieved
03/15/2022 05:21:41 PM Starting new HTTPS connection (1): www.instagram.com:443
03/15/2022 05:21:44 PM https://www.instagram.com:443 "GET /p/nGyNArLGER/ HTTP/1.1" 200 30516
03/15/2022 05:21:44 PM Request Issued
03/15/2022 05:21:44 PM Blocked = False, Response recieved
03/15/2022 05:26:45 PM Starting new HTTPS connection (1): www.instagram.com:443
03/15/2022 05:26:52 PM https://www.instagram.com:443 "GET /p/NH6ib7KO3F/ HTTP/1.1" 404 90903
03/15/2022 05:26:52 PM Request Issued
03/15/2022 05:31:52 PM Starting new HTTPS connection (1): www.instagram.com:443
03/15/2022 05:31:52 PM https://www.instagram.com:443 "GET /p/nHIFiAnGL6/ HTTP/1.1" 404 90903
03/15/2022 05:31:52 PM Request Issued
03/15/2022 05:36:53 PM Starting new HTTPS connection (1): www.instagram.com:443
03/15/2022 05:36:54 PM https://www.instagram.com:443 "GET /p/nhQKk9OXpD/ HTTP/1.1" 200 33018
03/15/2022 05:36:54 PM Request Issued
03/15/2022 05:36:54 PM Blocked = False, Response recieved
03/15/2022 05:41:55 PM Starting new HTTPS connection (1): www.instagram.com:443
03/15/2022 05:41:56 PM https://www.instagram.com:443 "GET /p/nhTpS1D75F/ HTTP/1.1" 200 33601
03/15/2022 05:41:56 PM Request Issued
03/15/2022 05:41:56 PM Blocked = False, Response recieved
03/15/2022 05:46:56 PM Starting new HTTPS connection (1): www.instagram.com:443
03/15/2022 05:46:57 PM https://www.instagram.com:443 "GET /p/niIk3oAidU/ HTTP/1.1" 200 29694
03/15/2022 05:46:57 PM Request Issued
03/15/2022 05:46:57 PM Blocked = False, Response recieved
03/15/2022 05:51:58 PM Starting new HTTPS connection (1): www.instagram.com:443
03/15/2022 05:51:59 PM https://www.instagram.com:443 "GET /p/ninABbG70J/ HTTP/1.1" 404 90902
03/15/2022 05:51:59 PM Request Issued
03/15/2022 05:56:59 PM Starting new HTTPS connection (1): www.instagram.com:443
03/15/2022 05:57:00 PM https://www.instagram.com:443 "GET /p/niYNksTiPO/ HTTP/1.1" 404 90902
03/15/2022 05:57:00 PM Request Issued
03/15/2022 06:02:01 PM Starting new HTTPS connection (1): www.instagram.com:443
03/15/2022 06:02:02 PM https://www.instagram.com:443 "GET /p/nJ22pROGDQ/ HTTP/1.1" 200 33171
03/15/2022 06:02:02 PM Request Issued
03/15/2022 06:02:02 PM Blocked = False, Response recieved
03/15/2022 06:07:03 PM Starting new HTTPS connection (1): www.instagram.com:443
03/15/2022 06:07:03 PM https://www.instagram.com:443 "GET /p/NJfkBrs78b/ HTTP/1.1" 200 30351
03/15/2022 06:07:03 PM Request Issued
03/15/2022 06:07:03 PM Blocked = False, Response recieved
03/15/2022 06:12:03 PM Starting new HTTPS connection (1): www.instagram.com:443
03/15/2022 06:12:04 PM https://www.instagram.com:443 "GET /p/njNgzzk11n/ HTTP/1.1" 200 33401
03/15/2022 06:12:04 PM Request Issued
03/15/2022 06:12:04 PM Blocked = False, Response recieved
03/15/2022 06:17:05 PM Starting new HTTPS connection (1): www.instagram.com:443
03/15/2022 06:17:06 PM https://www.instagram.com:443 "GET /p/njqAdahSli/ HTTP/1.1" 200 33812
03/15/2022 06:17:06 PM Request Issued
03/15/2022 06:17:06 PM Blocked = False, Response recieved
03/15/2022 06:22:07 PM Starting new HTTPS connection (1): www.instagram.com:443
03/15/2022 06:22:08 PM https://www.instagram.com:443 "GET /p/nJsSzWsmsd/ HTTP/1.1" 200 30043
03/15/2022 06:22:08 PM Request Issued
03/15/2022 06:22:08 PM Blocked = False, Response recieved
03/15/2022 06:27:09 PM Starting new HTTPS connection (1): www.instagram.com:443
03/15/2022 06:27:09 PM https://www.instagram.com:443 "GET /p/njW2jEN2AB/ HTTP/1.1" 200 29681
03/15/2022 06:27:09 PM Request Issued
03/15/2022 06:27:09 PM Blocked = False, Response recieved
03/15/2022 06:32:10 PM Starting new HTTPS connection (1): www.instagram.com:443
03/15/2022 06:32:11 PM https://www.instagram.com:443 "GET /p/njZ6IFpx6S/ HTTP/1.1" 404 90902
03/15/2022 06:32:11 PM Request Issued
03/15/2022 06:37:11 PM Starting new HTTPS connection (1): www.instagram.com:443
03/15/2022 06:37:12 PM https://www.instagram.com:443 "GET /p/nk5HkBgrSH/ HTTP/1.1" 200 29688
03/15/2022 06:37:12 PM Request Issued
03/15/2022 06:37:12 PM Blocked = False, Response recieved
03/15/2022 06:42:13 PM Starting new HTTPS connection (1): www.instagram.com:443
03/15/2022 06:42:14 PM https://www.instagram.com:443 "GET /p/NKbpECHIcO/ HTTP/1.1" 200 29628
03/15/2022 06:42:14 PM Request Issued
03/15/2022 06:42:14 PM Blocked = False, Response recieved
03/15/2022 06:47:14 PM Starting new HTTPS connection (1): www.instagram.com:443
03/15/2022 06:47:16 PM https://www.instagram.com:443 "GET /p/nL0g3zChkA/ HTTP/1.1" 200 34056
03/15/2022 06:47:16 PM Request Issued
03/15/2022 06:47:16 PM Blocked = False, Response recieved
03/15/2022 06:52:16 PM Starting new HTTPS connection (1): www.instagram.com:443
03/15/2022 06:52:17 PM https://www.instagram.com:443 "GET /p/nlaKzfwiKV/ HTTP/1.1" 200 29873
03/15/2022 06:52:17 PM Request Issued
03/15/2022 06:52:17 PM Blocked = False, Response recieved
