03/04/2022 03:05:00 PM Started
03/04/2022 03:05:00 PM Shortcode list obtained
03/04/2022 03:05:00 PM Starting new HTTPS connection (1): www.instagram.com:443
03/04/2022 03:05:01 PM https://www.instagram.com:443 "GET /p/BStQ8NFAmrz/ HTTP/1.1" 200 33392
03/04/2022 03:05:01 PM Request Issued
03/04/2022 03:05:01 PM Blocked = False, Response recieved
03/04/2022 03:12:30 PM Started
03/04/2022 03:12:30 PM Shortcode list obtained
03/04/2022 03:12:30 PM Starting new HTTPS connection (1): www.instagram.com:443
03/04/2022 03:12:31 PM https://www.instagram.com:443 "GET /p/BStQ8NFAmrz/ HTTP/1.1" 200 33393
03/04/2022 03:12:31 PM Request Issued
03/04/2022 03:12:31 PM Blocked = False, Response recieved
03/04/2022 03:12:45 PM Started
03/04/2022 03:12:45 PM Shortcode list obtained
03/04/2022 03:12:45 PM Starting new HTTPS connection (1): www.instagram.com:443
03/04/2022 03:12:46 PM https://www.instagram.com:443 "GET /p/BStQ8NFAmrz/ HTTP/1.1" 200 33398
03/04/2022 03:12:46 PM Request Issued
03/04/2022 03:12:46 PM Blocked = False, Response recieved
03/04/2022 03:13:49 PM Started
03/04/2022 03:13:49 PM Shortcode list obtained
03/04/2022 03:13:49 PM Starting new HTTPS connection (1): www.instagram.com:443
03/04/2022 03:13:50 PM https://www.instagram.com:443 "GET /p/BStQ8NFAmrz/ HTTP/1.1" 200 33447
03/04/2022 03:13:50 PM Request Issued
03/04/2022 03:13:50 PM Blocked = False, Response recieved
03/04/2022 03:14:46 PM Started
03/04/2022 03:14:46 PM Shortcode list obtained
03/04/2022 03:14:46 PM Starting new HTTPS connection (1): www.instagram.com:443
03/04/2022 03:14:46 PM https://www.instagram.com:443 "GET /p/BStQ8NFAmrz/ HTTP/1.1" 302 0
03/04/2022 03:14:46 PM Request Issued
03/04/2022 03:14:46 PM Blocked
03/04/2022 03:14:46 PM Blocked = True, Entering the block period
03/04/2022 03:44:46 PM Starting new HTTPS connection (1): www.instagram.com:443
03/04/2022 03:44:47 PM https://www.instagram.com:443 "GET /p/BStQ8NFAmrz/ HTTP/1.1" 302 0
03/04/2022 03:44:47 PM Request Issued
03/04/2022 03:44:47 PM Blocked
03/04/2022 04:14:47 PM Starting new HTTPS connection (1): www.instagram.com:443
03/04/2022 04:14:47 PM https://www.instagram.com:443 "GET /p/BStQ8NFAmrz/ HTTP/1.1" 302 0
03/04/2022 04:14:47 PM Request Issued
03/04/2022 04:14:47 PM Blocked
03/04/2022 04:44:47 PM Starting new HTTPS connection (1): www.instagram.com:443
03/04/2022 04:44:47 PM https://www.instagram.com:443 "GET /p/BStQ8NFAmrz/ HTTP/1.1" 302 0
03/04/2022 04:44:47 PM Request Issued
03/04/2022 04:44:47 PM Blocked
03/04/2022 05:14:47 PM Starting new HTTPS connection (1): www.instagram.com:443
03/04/2022 05:14:47 PM https://www.instagram.com:443 "GET /p/BStQ8NFAmrz/ HTTP/1.1" 302 0
03/04/2022 05:14:47 PM Request Issued
03/04/2022 05:14:47 PM Blocked
03/04/2022 05:44:47 PM Starting new HTTPS connection (1): www.instagram.com:443
03/04/2022 05:44:48 PM https://www.instagram.com:443 "GET /p/BStQ8NFAmrz/ HTTP/1.1" 302 0
03/04/2022 05:44:48 PM Request Issued
03/04/2022 05:44:48 PM Blocked
03/04/2022 06:14:48 PM Starting new HTTPS connection (1): www.instagram.com:443
03/04/2022 06:14:48 PM https://www.instagram.com:443 "GET /p/BStQ8NFAmrz/ HTTP/1.1" 302 0
03/04/2022 06:14:48 PM Request Issued
03/04/2022 06:14:48 PM Blocked
03/04/2022 06:36:32 PM Started
03/04/2022 06:36:32 PM Shortcode list obtained
03/04/2022 06:36:32 PM Starting new HTTPS connection (1): www.instagram.com:443
03/04/2022 06:36:32 PM https://www.instagram.com:443 "GET /p/BStQ8NFAmrz/ HTTP/1.1" 302 0
03/04/2022 06:36:32 PM Request Issued
03/04/2022 06:36:32 PM Blocked
03/04/2022 06:36:32 PM Blocked = True, Entering the block period
03/04/2022 07:06:32 PM Starting new HTTPS connection (1): www.instagram.com:443
03/04/2022 07:06:32 PM https://www.instagram.com:443 "GET /p/BStQ8NFAmrz/ HTTP/1.1" 302 0
03/04/2022 07:06:32 PM Request Issued
03/04/2022 07:06:32 PM Blocked
03/04/2022 07:14:48 PM Started
03/04/2022 07:14:48 PM Shortcode list obtained
03/04/2022 07:14:48 PM Starting new HTTPS connection (1): www.instagram.com:443
03/04/2022 07:14:48 PM https://www.instagram.com:443 "GET /p/BStQ8NFAmrz/ HTTP/1.1" 302 0
03/04/2022 07:14:48 PM Request Issued
03/04/2022 07:14:48 PM Blocked
03/04/2022 07:14:48 PM Blocked = True, Entering the block period
03/04/2022 07:15:18 PM Started
03/04/2022 07:15:18 PM Shortcode list obtained
03/04/2022 07:15:18 PM Starting new HTTPS connection (1): www.instagram.com:443
03/04/2022 07:15:18 PM https://www.instagram.com:443 "GET /p/BStQ8NFAmrz/ HTTP/1.1" 302 0
03/04/2022 07:15:18 PM Request Issued
03/04/2022 07:15:18 PM Blocked
03/04/2022 07:15:18 PM Blocked = True, Entering the block period
03/04/2022 07:22:10 PM Started
03/04/2022 07:22:10 PM Shortcode list obtained
03/04/2022 07:22:10 PM Starting new HTTPS connection (1): www.instagram.com:443
03/04/2022 07:22:11 PM https://www.instagram.com:443 "GET /p/BStQ8NFAmrz/ HTTP/1.1" 200 33447
03/04/2022 07:22:11 PM Request Issued
03/04/2022 07:22:11 PM Blocked = False, Response recieved
03/04/2022 07:26:59 PM Started
03/04/2022 07:26:59 PM Shortcode list obtained
03/04/2022 07:26:59 PM Starting new HTTPS connection (1): www.instagram.com:443
03/04/2022 07:27:00 PM https://www.instagram.com:443 "GET /p/BStQ8NFAmrz/ HTTP/1.1" 200 33437
03/04/2022 07:27:00 PM Request Issued
03/04/2022 07:27:00 PM Blocked = False, Response recieved
03/04/2022 07:32:01 PM Starting new HTTPS connection (1): www.instagram.com:443
03/04/2022 07:32:02 PM https://www.instagram.com:443 "GET /p/BSXfW6rhs6z/ HTTP/1.1" 200 34101
03/04/2022 07:32:02 PM Request Issued
03/04/2022 07:32:02 PM Blocked = False, Response recieved
03/04/2022 07:37:02 PM Starting new HTTPS connection (1): www.instagram.com:443
03/04/2022 07:37:03 PM https://www.instagram.com:443 "GET /p/BsyxtK3hSmc/ HTTP/1.1" 404 90855
03/04/2022 07:37:03 PM Request Issued
03/04/2022 07:42:03 PM Starting new HTTPS connection (1): www.instagram.com:443
03/04/2022 07:42:04 PM https://www.instagram.com:443 "GET /p/BSZpD5tBGrV/ HTTP/1.1" 200 31359
03/04/2022 07:42:04 PM Request Issued
03/04/2022 07:42:04 PM Blocked = False, Response recieved
03/04/2022 07:47:04 PM Starting new HTTPS connection (1): www.instagram.com:443
03/04/2022 07:47:04 PM https://www.instagram.com:443 "GET /p/Bt1xDpnDJML/ HTTP/1.1" 302 0
03/04/2022 07:47:04 PM Request Issued
03/04/2022 07:47:04 PM Blocked
03/04/2022 07:47:04 PM Blocked = True, Entering the block period
03/04/2022 08:17:04 PM Starting new HTTPS connection (1): www.instagram.com:443
03/04/2022 08:17:04 PM https://www.instagram.com:443 "GET /p/Bt1xDpnDJML/ HTTP/1.1" 302 0
03/04/2022 08:17:04 PM Request Issued
03/04/2022 08:17:04 PM Blocked
03/04/2022 08:23:23 PM Started
03/04/2022 08:23:23 PM Shortcode list obtained
03/04/2022 08:23:23 PM Starting new HTTPS connection (1): www.instagram.com:443
03/04/2022 08:23:24 PM https://www.instagram.com:443 "GET /p/Bt1xDpnDJML/ HTTP/1.1" 200 34289
03/04/2022 08:23:24 PM Request Issued
03/04/2022 08:23:24 PM Blocked = False, Response recieved
03/04/2022 08:28:25 PM Starting new HTTPS connection (1): www.instagram.com:443
03/04/2022 08:28:25 PM https://www.instagram.com:443 "GET /p/bT2BGwxkLu/ HTTP/1.1" 200 34607
03/04/2022 08:28:25 PM Request Issued
03/04/2022 08:28:25 PM Blocked = False, Response recieved
03/04/2022 08:33:25 PM Starting new HTTPS connection (1): www.instagram.com:443
03/04/2022 08:33:26 PM https://www.instagram.com:443 "GET /p/BT6O3XHFSm1/ HTTP/1.1" 200 32615
03/04/2022 08:33:26 PM Request Issued
03/04/2022 08:33:26 PM Blocked = False, Response recieved
03/04/2022 08:38:27 PM Starting new HTTPS connection (1): www.instagram.com:443
03/04/2022 08:38:31 PM https://www.instagram.com:443 "GET /p/BtAewnUhSr4/ HTTP/1.1" 200 30544
03/04/2022 08:38:31 PM Request Issued
03/04/2022 08:38:31 PM Blocked = False, Response recieved
03/04/2022 08:43:31 PM Starting new HTTPS connection (1): www.instagram.com:443
03/04/2022 08:43:32 PM https://www.instagram.com:443 "GET /p/BtIq9crApUh/ HTTP/1.1" 302 0
03/04/2022 08:43:32 PM Request Issued
03/04/2022 08:43:32 PM Blocked
03/04/2022 08:43:32 PM Blocked = True, Entering the block period
03/04/2022 08:45:32 PM Started
03/04/2022 08:45:32 PM Shortcode list obtained
03/04/2022 08:45:32 PM Starting new HTTPS connection (1): www.instagram.com:443
03/04/2022 08:45:32 PM https://www.instagram.com:443 "GET /p/BtIq9crApUh/ HTTP/1.1" 302 0
03/04/2022 08:45:32 PM Request Issued
03/04/2022 08:45:32 PM Blocked
03/04/2022 08:45:32 PM Blocked = True, Entering the block period
03/04/2022 08:47:49 PM Started
03/04/2022 08:47:49 PM Shortcode list obtained
03/04/2022 08:47:49 PM Starting new HTTPS connection (1): www.instagram.com:443
03/04/2022 08:47:49 PM https://www.instagram.com:443 "GET /p/BtIq9crApUh/ HTTP/1.1" 200 30488
03/04/2022 08:47:49 PM Request Issued
03/04/2022 08:47:49 PM Blocked = False, Response recieved
03/04/2022 08:48:00 PM Starting new HTTPS connection (1): www.instagram.com:443
03/04/2022 08:48:00 PM https://www.instagram.com:443 "GET /p/BtIrAHhAFBQ/ HTTP/1.1" 200 29980
03/04/2022 08:48:01 PM Request Issued
03/04/2022 08:48:01 PM Blocked = False, Response recieved
03/04/2022 08:48:11 PM Starting new HTTPS connection (1): www.instagram.com:443
03/04/2022 08:48:12 PM https://www.instagram.com:443 "GET /p/BtjSCfuBSJM/ HTTP/1.1" 200 33878
03/04/2022 08:48:12 PM Request Issued
03/04/2022 08:48:12 PM Blocked = False, Response recieved
03/04/2022 08:48:23 PM Starting new HTTPS connection (1): www.instagram.com:443
03/04/2022 08:48:23 PM https://www.instagram.com:443 "GET /p/BTkXmAIl0Xn/ HTTP/1.1" 200 35547
03/04/2022 08:48:23 PM Request Issued
03/04/2022 08:48:23 PM Blocked = False, Response recieved
03/04/2022 08:48:34 PM Starting new HTTPS connection (1): www.instagram.com:443
03/04/2022 08:48:34 PM https://www.instagram.com:443 "GET /p/BTpOCjklLcD/ HTTP/1.1" 302 0
03/04/2022 08:48:34 PM Request Issued
03/04/2022 08:48:34 PM Blocked
03/04/2022 08:48:34 PM Blocked = True, Entering the block period
03/04/2022 08:50:42 PM Started
03/04/2022 08:50:42 PM Shortcode list obtained
03/04/2022 08:50:42 PM Starting new HTTPS connection (1): www.instagram.com:443
03/04/2022 08:50:42 PM https://www.instagram.com:443 "GET /p/BTpOCjklLcD/ HTTP/1.1" 404 90854
03/04/2022 08:50:42 PM Request Issued
03/04/2022 08:50:52 PM Starting new HTTPS connection (1): www.instagram.com:443
03/04/2022 08:50:53 PM https://www.instagram.com:443 "GET /p/BTQtxewhU0q/ HTTP/1.1" 200 31098
03/04/2022 08:50:53 PM Request Issued
03/04/2022 08:50:53 PM Blocked = False, Response recieved
03/04/2022 08:51:04 PM Starting new HTTPS connection (1): www.instagram.com:443
03/04/2022 08:51:04 PM https://www.instagram.com:443 "GET /p/BtRthrYHZd6/ HTTP/1.1" 200 30262
03/04/2022 08:51:04 PM Request Issued
03/04/2022 08:51:04 PM Blocked = False, Response recieved
03/04/2022 08:51:15 PM Starting new HTTPS connection (1): www.instagram.com:443
03/04/2022 08:51:15 PM https://www.instagram.com:443 "GET /p/Bu1HomRFzvt/ HTTP/1.1" 200 33961
03/04/2022 08:51:15 PM Request Issued
03/04/2022 08:51:15 PM Blocked = False, Response recieved
03/04/2022 08:51:26 PM Starting new HTTPS connection (1): www.instagram.com:443
03/04/2022 08:51:26 PM https://www.instagram.com:443 "GET /p/BuAfKySAp3Z/ HTTP/1.1" 302 0
03/04/2022 08:51:26 PM Request Issued
03/04/2022 08:51:26 PM Blocked
03/04/2022 08:51:26 PM Blocked = True, Entering the block period
03/04/2022 08:53:59 PM Started
03/04/2022 08:53:59 PM Shortcode list obtained
03/04/2022 08:53:59 PM Starting new HTTPS connection (1): www.instagram.com:443
03/04/2022 08:53:59 PM https://www.instagram.com:443 "GET /p/BuAfKySAp3Z/ HTTP/1.1" 302 0
03/04/2022 08:53:59 PM Request Issued
03/04/2022 08:53:59 PM Blocked
03/04/2022 08:53:59 PM Blocked = True, Entering the block period
03/04/2022 08:55:29 PM Started
03/04/2022 08:55:29 PM Shortcode list obtained
03/04/2022 08:55:29 PM Starting new HTTPS connection (1): www.instagram.com:443
03/04/2022 08:55:29 PM https://www.instagram.com:443 "GET /p/BuAfKySAp3Z/ HTTP/1.1" 302 0
03/04/2022 08:55:29 PM Request Issued
03/04/2022 08:55:29 PM Blocked
03/04/2022 08:55:29 PM Blocked = True, Entering the block period
03/04/2022 09:25:29 PM Starting new HTTPS connection (1): www.instagram.com:443
03/04/2022 09:25:29 PM https://www.instagram.com:443 "GET /p/BuAfKySAp3Z/ HTTP/1.1" 302 0
03/04/2022 09:25:29 PM Request Issued
03/04/2022 09:25:29 PM Blocked
03/04/2022 09:55:29 PM Starting new HTTPS connection (1): www.instagram.com:443
03/04/2022 09:55:30 PM https://www.instagram.com:443 "GET /p/BuAfKySAp3Z/ HTTP/1.1" 302 0
03/04/2022 09:55:30 PM Request Issued
03/04/2022 09:55:30 PM Blocked
03/04/2022 10:23:47 PM Started
03/04/2022 10:23:47 PM Shortcode list obtained
03/04/2022 10:23:47 PM Starting new HTTPS connection (1): www.instagram.com:443
03/04/2022 10:23:47 PM https://www.instagram.com:443 "GET /p/BuAfKySAp3Z/ HTTP/1.1" 302 0
03/04/2022 10:23:47 PM Request Issued
03/04/2022 10:23:47 PM Blocked
03/04/2022 10:23:47 PM Blocked = True, Entering the block period
03/04/2022 10:53:47 PM Starting new HTTPS connection (1): www.instagram.com:443
03/04/2022 10:53:47 PM https://www.instagram.com:443 "GET /p/BuAfKySAp3Z/ HTTP/1.1" 302 0
03/04/2022 10:53:47 PM Request Issued
03/04/2022 10:53:47 PM Blocked
03/04/2022 11:23:47 PM Starting new HTTPS connection (1): www.instagram.com:443
03/04/2022 11:23:47 PM https://www.instagram.com:443 "GET /p/BuAfKySAp3Z/ HTTP/1.1" 302 0
03/04/2022 11:23:47 PM Request Issued
03/04/2022 11:23:47 PM Blocked
03/04/2022 11:53:47 PM Starting new HTTPS connection (1): www.instagram.com:443
03/04/2022 11:53:47 PM https://www.instagram.com:443 "GET /p/BuAfKySAp3Z/ HTTP/1.1" 302 0
03/04/2022 11:53:47 PM Request Issued
03/04/2022 11:53:47 PM Blocked
03/05/2022 12:23:47 AM Starting new HTTPS connection (1): www.instagram.com:443
03/05/2022 12:23:48 AM https://www.instagram.com:443 "GET /p/BuAfKySAp3Z/ HTTP/1.1" 302 0
03/05/2022 12:23:48 AM Request Issued
03/05/2022 12:23:48 AM Blocked
03/05/2022 12:53:48 AM Starting new HTTPS connection (1): www.instagram.com:443
03/05/2022 12:53:48 AM https://www.instagram.com:443 "GET /p/BuAfKySAp3Z/ HTTP/1.1" 302 0
03/05/2022 12:53:48 AM Request Issued
03/05/2022 12:53:48 AM Blocked
03/05/2022 01:23:48 AM Starting new HTTPS connection (1): www.instagram.com:443
03/05/2022 01:23:48 AM https://www.instagram.com:443 "GET /p/BuAfKySAp3Z/ HTTP/1.1" 302 0
03/05/2022 01:23:48 AM Request Issued
03/05/2022 01:23:48 AM Blocked
03/05/2022 01:53:48 AM Starting new HTTPS connection (1): www.instagram.com:443
03/05/2022 01:53:48 AM https://www.instagram.com:443 "GET /p/BuAfKySAp3Z/ HTTP/1.1" 302 0
03/05/2022 01:53:48 AM Request Issued
03/05/2022 01:53:48 AM Blocked
03/05/2022 02:23:48 AM Starting new HTTPS connection (1): www.instagram.com:443
03/05/2022 02:23:48 AM https://www.instagram.com:443 "GET /p/BuAfKySAp3Z/ HTTP/1.1" 302 0
03/05/2022 02:23:48 AM Request Issued
03/05/2022 02:23:48 AM Blocked
03/05/2022 02:53:48 AM Starting new HTTPS connection (1): www.instagram.com:443
03/05/2022 02:53:48 AM https://www.instagram.com:443 "GET /p/BuAfKySAp3Z/ HTTP/1.1" 302 0
03/05/2022 02:53:48 AM Request Issued
03/05/2022 02:53:48 AM Blocked
03/05/2022 03:23:48 AM Starting new HTTPS connection (1): www.instagram.com:443
03/05/2022 03:23:49 AM https://www.instagram.com:443 "GET /p/BuAfKySAp3Z/ HTTP/1.1" 302 0
03/05/2022 03:23:49 AM Request Issued
03/05/2022 03:23:49 AM Blocked
03/05/2022 03:53:49 AM Starting new HTTPS connection (1): www.instagram.com:443
03/05/2022 03:53:49 AM https://www.instagram.com:443 "GET /p/BuAfKySAp3Z/ HTTP/1.1" 302 0
03/05/2022 03:53:49 AM Request Issued
03/05/2022 03:53:49 AM Blocked
03/05/2022 04:23:49 AM Starting new HTTPS connection (1): www.instagram.com:443
03/05/2022 04:23:49 AM https://www.instagram.com:443 "GET /p/BuAfKySAp3Z/ HTTP/1.1" 302 0
03/05/2022 04:23:49 AM Request Issued
03/05/2022 04:23:49 AM Blocked
03/05/2022 04:53:49 AM Starting new HTTPS connection (1): www.instagram.com:443
03/05/2022 04:53:49 AM https://www.instagram.com:443 "GET /p/BuAfKySAp3Z/ HTTP/1.1" 302 0
03/05/2022 04:53:49 AM Request Issued
03/05/2022 04:53:49 AM Blocked
03/05/2022 05:23:49 AM Starting new HTTPS connection (1): www.instagram.com:443
03/05/2022 05:23:49 AM https://www.instagram.com:443 "GET /p/BuAfKySAp3Z/ HTTP/1.1" 302 0
03/05/2022 05:23:49 AM Request Issued
03/05/2022 05:23:49 AM Blocked
03/05/2022 05:48:59 AM Started
03/05/2022 05:48:59 AM Shortcode list obtained
03/05/2022 05:48:59 AM Starting new HTTPS connection (1): www.instagram.com:443
03/05/2022 05:48:59 AM https://www.instagram.com:443 "GET /p/BuAfKySAp3Z/ HTTP/1.1" 302 0
03/05/2022 05:48:59 AM Request Issued
03/05/2022 05:48:59 AM Blocked
03/05/2022 05:48:59 AM Blocked = True, Entering the block period
03/05/2022 05:51:12 AM Started
03/05/2022 05:51:12 AM Shortcode list obtained
03/05/2022 05:51:12 AM Starting new HTTPS connection (1): www.instagram.com:443
03/05/2022 05:51:13 AM https://www.instagram.com:443 "GET /p/BuAfKySAp3Z/ HTTP/1.1" 200 35256
03/05/2022 05:51:13 AM Request Issued
03/05/2022 05:51:13 AM Blocked = False, Response recieved
03/05/2022 05:51:25 AM Starting new HTTPS connection (1): www.instagram.com:443
03/05/2022 05:51:33 AM https://www.instagram.com:443 "GET /p/BuaXRQpAQd9/ HTTP/1.1" 302 0
03/05/2022 05:51:33 AM Request Issued
03/05/2022 05:51:33 AM Blocked
03/05/2022 05:51:33 AM Blocked = True, Entering the block period
03/05/2022 05:54:22 AM Started
03/05/2022 05:54:22 AM Shortcode list obtained
03/05/2022 05:54:22 AM Starting new HTTPS connection (1): www.instagram.com:443
03/05/2022 05:54:23 AM https://www.instagram.com:443 "GET /p/BuaXRQpAQd9/ HTTP/1.1" 200 31696
03/05/2022 05:54:23 AM Request Issued
03/05/2022 05:54:23 AM Blocked = False, Response recieved
03/05/2022 05:54:34 AM Starting new HTTPS connection (1): www.instagram.com:443
03/05/2022 05:54:35 AM https://www.instagram.com:443 "GET /p/BubuytkA0Mr/ HTTP/1.1" 200 31226
03/05/2022 05:54:35 AM Request Issued
03/05/2022 05:54:35 AM Blocked = False, Response recieved
03/05/2022 05:54:45 AM Starting new HTTPS connection (1): www.instagram.com:443
03/05/2022 05:54:46 AM https://www.instagram.com:443 "GET /p/BUCxCNUDNxH/ HTTP/1.1" 200 31563
03/05/2022 05:54:46 AM Request Issued
03/05/2022 05:54:46 AM Blocked = False, Response recieved
03/05/2022 05:54:57 AM Starting new HTTPS connection (1): www.instagram.com:443
03/05/2022 05:54:57 AM https://www.instagram.com:443 "GET /p/BUCZKXWhNYG/ HTTP/1.1" 302 0
03/05/2022 05:54:57 AM Request Issued
03/05/2022 05:54:57 AM Blocked
03/05/2022 05:54:57 AM Blocked = True, Entering the block period
03/05/2022 05:56:22 AM Started
03/05/2022 05:56:22 AM Shortcode list obtained
03/05/2022 05:56:22 AM Starting new HTTPS connection (1): www.instagram.com:443
03/05/2022 05:56:23 AM https://www.instagram.com:443 "GET /p/BUCZKXWhNYG/ HTTP/1.1" 200 34558
03/05/2022 05:56:23 AM Request Issued
03/05/2022 05:56:23 AM Blocked = False, Response recieved
03/05/2022 05:56:34 AM Starting new HTTPS connection (1): www.instagram.com:443
03/05/2022 05:56:35 AM https://www.instagram.com:443 "GET /p/BuDdcTqnXm8/ HTTP/1.1" 200 34596
03/05/2022 05:56:35 AM Request Issued
03/05/2022 05:56:35 AM Blocked = False, Response recieved
03/05/2022 05:56:46 AM Starting new HTTPS connection (1): www.instagram.com:443
03/05/2022 05:56:46 AM https://www.instagram.com:443 "GET /p/BuE91f3B5UG/ HTTP/1.1" 200 31857
03/05/2022 05:56:46 AM Request Issued
03/05/2022 05:56:46 AM Blocked = False, Response recieved
03/05/2022 05:56:57 AM Starting new HTTPS connection (1): www.instagram.com:443
03/05/2022 05:56:57 AM https://www.instagram.com:443 "GET /p/BuEq34LBfxM/ HTTP/1.1" 302 0
03/05/2022 05:56:57 AM Request Issued
03/05/2022 05:56:57 AM Blocked
03/05/2022 05:56:57 AM Blocked = True, Entering the block period
03/05/2022 05:57:54 AM Started
03/05/2022 05:57:54 AM Shortcode list obtained
03/05/2022 05:57:54 AM Starting new HTTPS connection (1): www.instagram.com:443
03/05/2022 05:57:55 AM https://www.instagram.com:443 "GET /p/BuEq34LBfxM/ HTTP/1.1" 302 0
03/05/2022 05:57:55 AM Request Issued
03/05/2022 05:57:55 AM Blocked
03/05/2022 05:57:55 AM Blocked = True, Entering the block period
03/05/2022 05:58:33 AM Started
03/05/2022 05:58:33 AM Shortcode list obtained
03/05/2022 05:58:34 AM Starting new HTTPS connection (1): www.instagram.com:443
03/05/2022 05:58:34 AM https://www.instagram.com:443 "GET /p/BuEq34LBfxM/ HTTP/1.1" 200 30524
03/05/2022 05:58:34 AM Request Issued
03/05/2022 05:58:34 AM Blocked = False, Response recieved
03/05/2022 05:58:45 AM Starting new HTTPS connection (1): www.instagram.com:443
03/05/2022 05:58:46 AM https://www.instagram.com:443 "GET /p/BuEwdYKhCWp/ HTTP/1.1" 200 30536
03/05/2022 05:58:46 AM Request Issued
03/05/2022 05:58:46 AM Blocked = False, Response recieved
