03/26/2022 10:32:35 AM Started
03/26/2022 10:32:35 AM Shortcode list obtained
03/26/2022 10:32:35 AM Starting new HTTPS connection (1): www.instagram.com:443
03/26/2022 10:32:36 AM https://www.instagram.com:443 "GET /p/khhcgEABiu/ HTTP/1.1" 404 92224
03/26/2022 10:32:36 AM Request Issued
03/26/2022 10:32:46 AM Starting new HTTPS connection (1): www.instagram.com:443
03/26/2022 10:32:47 AM https://www.instagram.com:443 "GET /p/kHvOLuuyTQ/ HTTP/1.1" 404 92105
03/26/2022 10:32:47 AM Request Issued
03/26/2022 10:32:58 AM Starting new HTTPS connection (1): www.instagram.com:443
03/26/2022 10:32:59 AM https://www.instagram.com:443 "GET /p/kISFAsqEyM/ HTTP/1.1" 200 35268
03/26/2022 10:32:59 AM Request Issued
03/26/2022 10:32:59 AM Blocked = False, Response recieved
03/26/2022 10:33:10 AM Starting new HTTPS connection (1): www.instagram.com:443
03/26/2022 10:33:10 AM https://www.instagram.com:443 "GET /p/KjUoOaCw0T/ HTTP/1.1" 302 0
03/26/2022 10:33:10 AM Request Issued
03/26/2022 10:33:10 AM Blocked
03/26/2022 10:33:10 AM Blocked = True, Entering the block period
03/26/2022 10:36:29 AM Started
03/26/2022 10:36:29 AM Shortcode list obtained
03/26/2022 10:36:29 AM Starting new HTTPS connection (1): www.instagram.com:443
03/26/2022 10:36:30 AM https://www.instagram.com:443 "GET /p/KjUoOaCw0T/ HTTP/1.1" 404 92219
03/26/2022 10:36:30 AM Request Issued
03/26/2022 10:36:41 AM Starting new HTTPS connection (1): www.instagram.com:443
03/26/2022 10:36:41 AM https://www.instagram.com:443 "GET /p/kk4xZ/ HTTP/1.1" 404 91861
03/26/2022 10:36:41 AM Request Issued
03/26/2022 10:36:52 AM Starting new HTTPS connection (1): www.instagram.com:443
03/26/2022 10:36:53 AM https://www.instagram.com:443 "GET /p/kLCV6SljOB/ HTTP/1.1" 200 31491
03/26/2022 10:36:53 AM Request Issued
03/26/2022 10:36:53 AM Blocked = False, Response recieved
03/26/2022 10:37:03 AM Starting new HTTPS connection (1): www.instagram.com:443
03/26/2022 10:37:04 AM https://www.instagram.com:443 "GET /p/kmOixUwLS6/ HTTP/1.1" 302 0
03/26/2022 10:37:04 AM Request Issued
03/26/2022 10:37:04 AM Blocked
03/26/2022 10:37:04 AM Blocked = True, Entering the block period
03/26/2022 10:37:43 AM Started
03/26/2022 10:37:43 AM Shortcode list obtained
03/26/2022 10:37:43 AM Starting new HTTPS connection (1): www.instagram.com:443
03/26/2022 10:37:44 AM https://www.instagram.com:443 "GET /p/kmOixUwLS6/ HTTP/1.1" 200 34582
03/26/2022 10:37:44 AM Request Issued
03/26/2022 10:37:44 AM Blocked = False, Response recieved
03/26/2022 10:37:54 AM Starting new HTTPS connection (1): www.instagram.com:443
03/26/2022 10:37:55 AM https://www.instagram.com:443 "GET /p/kNcqBJnStI/ HTTP/1.1" 404 92106
03/26/2022 10:37:55 AM Request Issued
03/26/2022 10:38:06 AM Starting new HTTPS connection (1): www.instagram.com:443
03/26/2022 10:38:06 AM https://www.instagram.com:443 "GET /p/Kpavu9k7Op/ HTTP/1.1" 404 92226
03/26/2022 10:38:06 AM Request Issued
03/26/2022 10:38:17 AM Starting new HTTPS connection (1): www.instagram.com:443
03/26/2022 10:38:17 AM https://www.instagram.com:443 "GET /p/kPiemVi1Dy/ HTTP/1.1" 302 0
03/26/2022 10:38:17 AM Request Issued
03/26/2022 10:38:17 AM Blocked
03/26/2022 10:38:17 AM Blocked = True, Entering the block period
03/26/2022 10:38:29 AM Started
03/26/2022 10:38:29 AM Shortcode list obtained
03/26/2022 10:38:29 AM Starting new HTTPS connection (1): www.instagram.com:443
03/26/2022 10:38:35 AM https://www.instagram.com:443 "GET /p/kPiemVi1Dy/ HTTP/1.1" 200 34176
03/26/2022 10:38:35 AM Request Issued
03/26/2022 10:38:35 AM Blocked = False, Response recieved
03/26/2022 10:38:46 AM Starting new HTTPS connection (1): www.instagram.com:443
03/26/2022 10:38:48 AM https://www.instagram.com:443 "GET /p/kptPXdhM1A/ HTTP/1.1" 200 34511
03/26/2022 10:38:48 AM Request Issued
03/26/2022 10:38:48 AM Blocked = False, Response recieved
03/26/2022 10:38:58 AM Starting new HTTPS connection (1): www.instagram.com:443
03/26/2022 10:38:59 AM https://www.instagram.com:443 "GET /p/kpzF3OBM9k/ HTTP/1.1" 200 33730
03/26/2022 10:38:59 AM Request Issued
03/26/2022 10:38:59 AM Blocked = False, Response recieved
03/26/2022 10:39:10 AM Starting new HTTPS connection (1): www.instagram.com:443
03/26/2022 10:39:10 AM https://www.instagram.com:443 "GET /p/kqb1m1q8yw/ HTTP/1.1" 302 0
03/26/2022 10:39:10 AM Request Issued
03/26/2022 10:39:10 AM Blocked
03/26/2022 10:39:10 AM Blocked = True, Entering the block period
03/26/2022 10:39:29 AM Started
03/26/2022 10:39:29 AM Shortcode list obtained
03/26/2022 10:39:29 AM Starting new HTTPS connection (1): www.instagram.com:443
03/26/2022 10:39:30 AM https://www.instagram.com:443 "GET /p/kqb1m1q8yw/ HTTP/1.1" 200 34139
03/26/2022 10:39:30 AM Request Issued
03/26/2022 10:39:30 AM Blocked = False, Response recieved
03/26/2022 10:39:41 AM Starting new HTTPS connection (1): www.instagram.com:443
03/26/2022 10:39:42 AM https://www.instagram.com:443 "GET /p/KQMuHnhwDP/ HTTP/1.1" 404 92108
03/26/2022 10:39:42 AM Request Issued
03/26/2022 10:39:53 AM Starting new HTTPS connection (1): www.instagram.com:443
03/26/2022 10:39:54 AM https://www.instagram.com:443 "GET /p/kR9TiKSxcj/ HTTP/1.1" 200 30740
03/26/2022 10:39:54 AM Request Issued
03/26/2022 10:39:54 AM Blocked = False, Response recieved
03/26/2022 10:40:05 AM Starting new HTTPS connection (1): www.instagram.com:443
03/26/2022 10:40:06 AM https://www.instagram.com:443 "GET /p/KrvdIaoszo/ HTTP/1.1" 302 0
03/26/2022 10:40:06 AM Request Issued
03/26/2022 10:40:06 AM Blocked
03/26/2022 10:40:06 AM Blocked = True, Entering the block period
03/26/2022 10:40:19 AM Started
03/26/2022 10:40:19 AM Shortcode list obtained
03/26/2022 10:40:19 AM Starting new HTTPS connection (1): www.instagram.com:443
03/26/2022 10:40:26 AM https://www.instagram.com:443 "GET /p/KrvdIaoszo/ HTTP/1.1" 200 30500
03/26/2022 10:40:26 AM Request Issued
03/26/2022 10:40:26 AM Blocked = False, Response recieved
03/26/2022 10:40:36 AM Starting new HTTPS connection (1): www.instagram.com:443
03/26/2022 10:40:37 AM https://www.instagram.com:443 "GET /p/kS8sncHRdA/ HTTP/1.1" 200 33752
03/26/2022 10:40:37 AM Request Issued
03/26/2022 10:40:37 AM Blocked = False, Response recieved
03/26/2022 10:40:47 AM Starting new HTTPS connection (1): www.instagram.com:443
03/26/2022 10:40:48 AM https://www.instagram.com:443 "GET /p/ksJ6SwgD7o/ HTTP/1.1" 404 92186
03/26/2022 10:40:48 AM Request Issued
03/26/2022 10:40:59 AM Starting new HTTPS connection (1): www.instagram.com:443
03/26/2022 10:40:59 AM https://www.instagram.com:443 "GET /p/KsP4Hvrl0X/ HTTP/1.1" 302 0
03/26/2022 10:40:59 AM Request Issued
03/26/2022 10:40:59 AM Blocked
03/26/2022 10:40:59 AM Blocked = True, Entering the block period
03/26/2022 10:41:28 AM Started
03/26/2022 10:41:28 AM Shortcode list obtained
03/26/2022 10:41:28 AM Starting new HTTPS connection (1): www.instagram.com:443
03/26/2022 10:41:29 AM https://www.instagram.com:443 "GET /p/KsP4Hvrl0X/ HTTP/1.1" 404 92182
03/26/2022 10:41:29 AM Request Issued
03/26/2022 10:41:39 AM Starting new HTTPS connection (1): www.instagram.com:443
03/26/2022 10:41:40 AM https://www.instagram.com:443 "GET /p/ksUs8UALnr/ HTTP/1.1" 200 34389
03/26/2022 10:41:40 AM Request Issued
03/26/2022 10:41:40 AM Blocked = False, Response recieved
03/26/2022 10:41:51 AM Starting new HTTPS connection (1): www.instagram.com:443
03/26/2022 10:41:52 AM https://www.instagram.com:443 "GET /p/kuByK4rD1a/ HTTP/1.1" 200 32393
03/26/2022 10:41:52 AM Request Issued
03/26/2022 10:41:52 AM Blocked = False, Response recieved
03/26/2022 10:42:02 AM Starting new HTTPS connection (1): www.instagram.com:443
03/26/2022 10:42:03 AM https://www.instagram.com:443 "GET /p/kuKTpImR5q/ HTTP/1.1" 302 0
03/26/2022 10:42:03 AM Request Issued
03/26/2022 10:42:03 AM Blocked
03/26/2022 10:42:03 AM Blocked = True, Entering the block period
03/26/2022 10:42:23 AM Started
03/26/2022 10:42:23 AM Shortcode list obtained
03/26/2022 10:42:23 AM Starting new HTTPS connection (1): www.instagram.com:443
03/26/2022 10:42:36 AM Started
03/26/2022 10:42:36 AM Shortcode list obtained
03/26/2022 10:42:36 AM Starting new HTTPS connection (1): www.instagram.com:443
03/26/2022 10:42:37 AM https://www.instagram.com:443 "GET /p/kuKTpImR5q/ HTTP/1.1" 200 33193
03/26/2022 10:42:37 AM Request Issued
03/26/2022 10:42:37 AM Blocked = False, Response recieved
03/26/2022 10:42:48 AM Starting new HTTPS connection (1): www.instagram.com:443
03/26/2022 10:42:48 AM https://www.instagram.com:443 "GET /p/KX3bggCIhr/ HTTP/1.1" 404 92106
03/26/2022 10:42:48 AM Request Issued
03/26/2022 10:42:59 AM Starting new HTTPS connection (1): www.instagram.com:443
03/26/2022 10:43:00 AM https://www.instagram.com:443 "GET /p/kzqD6vRBDN/ HTTP/1.1" 200 31086
03/26/2022 10:43:00 AM Request Issued
03/26/2022 10:43:00 AM Blocked = False, Response recieved
03/26/2022 10:43:11 AM Starting new HTTPS connection (1): www.instagram.com:443
03/26/2022 10:43:11 AM https://www.instagram.com:443 "GET /p/kZwrMhuWWT/ HTTP/1.1" 302 0
03/26/2022 10:43:11 AM Request Issued
03/26/2022 10:43:11 AM Blocked
03/26/2022 10:43:11 AM Blocked = True, Entering the block period
