03/26/2022 08:22:10 PM Started
03/26/2022 08:22:10 PM Shortcode list obtained
03/26/2022 08:22:10 PM Starting new HTTPS connection (1): www.instagram.com:443
03/26/2022 08:22:10 PM https://www.instagram.com:443 "GET /p/pxeNmPLuCQ/ HTTP/1.1" 302 0
03/26/2022 08:22:10 PM Request Issued
03/26/2022 08:22:10 PM Blocked
03/26/2022 08:22:10 PM Blocked = True, Entering the block period
03/26/2022 08:22:47 PM Started
03/26/2022 08:22:47 PM Shortcode list obtained
03/26/2022 08:22:47 PM Starting new HTTPS connection (1): www.instagram.com:443
03/26/2022 08:22:47 PM https://www.instagram.com:443 "GET /p/pxeNmPLuCQ/ HTTP/1.1" 200 30014
03/26/2022 08:22:47 PM Request Issued
03/26/2022 08:22:47 PM Blocked = False, Response recieved
03/26/2022 08:22:58 PM Starting new HTTPS connection (1): www.instagram.com:443
03/26/2022 08:22:59 PM https://www.instagram.com:443 "GET /p/pXNb8YmEWA/ HTTP/1.1" 200 33844
03/26/2022 08:22:59 PM Request Issued
03/26/2022 08:22:59 PM Blocked = False, Response recieved
03/26/2022 08:23:09 PM Starting new HTTPS connection (1): www.instagram.com:443
03/26/2022 08:23:10 PM https://www.instagram.com:443 "GET /p/pXwx4pOKqL/ HTTP/1.1" 404 92106
03/26/2022 08:23:10 PM Request Issued
03/26/2022 08:23:20 PM Starting new HTTPS connection (1): www.instagram.com:443
03/26/2022 08:23:20 PM https://www.instagram.com:443 "GET /p/pYCJfnLqPr/ HTTP/1.1" 302 0
03/26/2022 08:23:20 PM Request Issued
03/26/2022 08:23:20 PM Blocked
03/26/2022 08:23:20 PM Blocked = True, Entering the block period
03/26/2022 08:23:55 PM Started
03/26/2022 08:23:55 PM Shortcode list obtained
03/26/2022 08:23:55 PM Starting new HTTPS connection (1): www.instagram.com:443
03/26/2022 08:23:55 PM https://www.instagram.com:443 "GET /p/pYCJfnLqPr/ HTTP/1.1" 404 92227
03/26/2022 08:23:55 PM Request Issued
03/26/2022 08:24:06 PM Starting new HTTPS connection (1): www.instagram.com:443
03/26/2022 08:24:08 PM https://www.instagram.com:443 "GET /p/pZ3cm4qi7F/ HTTP/1.1" 200 30715
03/26/2022 08:24:08 PM Request Issued
03/26/2022 08:24:08 PM Blocked = False, Response recieved
03/26/2022 08:24:18 PM Starting new HTTPS connection (1): www.instagram.com:443
03/26/2022 08:24:20 PM https://www.instagram.com:443 "GET /p/pZEsJoIjbn/ HTTP/1.1" 200 32882
03/26/2022 08:24:20 PM Request Issued
03/26/2022 08:24:20 PM Blocked = False, Response recieved
03/26/2022 08:24:31 PM Starting new HTTPS connection (1): www.instagram.com:443
03/26/2022 08:24:31 PM https://www.instagram.com:443 "GET /p/q0CvCduFDi/ HTTP/1.1" 302 0
03/26/2022 08:24:31 PM Request Issued
03/26/2022 08:24:31 PM Blocked
03/26/2022 08:24:31 PM Blocked = True, Entering the block period
03/26/2022 08:26:52 PM Started
03/26/2022 08:26:52 PM Shortcode list obtained
03/26/2022 08:26:52 PM Starting new HTTPS connection (1): www.instagram.com:443
03/26/2022 08:26:53 PM https://www.instagram.com:443 "GET /p/q0CvCduFDi/ HTTP/1.1" 200 30225
03/26/2022 08:26:53 PM Request Issued
03/26/2022 08:26:53 PM Blocked = False, Response recieved
03/26/2022 08:27:03 PM Starting new HTTPS connection (1): www.instagram.com:443
03/26/2022 08:27:04 PM https://www.instagram.com:443 "GET /p/q0IigvOS7r/ HTTP/1.1" 200 33954
03/26/2022 08:27:04 PM Request Issued
03/26/2022 08:27:04 PM Blocked = False, Response recieved
03/26/2022 08:27:15 PM Starting new HTTPS connection (1): www.instagram.com:443
03/26/2022 08:27:16 PM https://www.instagram.com:443 "GET /p/q0NXAjtLoJ/ HTTP/1.1" 404 92107
03/26/2022 08:27:16 PM Request Issued
03/26/2022 08:27:26 PM Starting new HTTPS connection (1): www.instagram.com:443
03/26/2022 08:27:27 PM https://www.instagram.com:443 "GET /p/q12BBZzIJi/ HTTP/1.1" 200 32778
03/26/2022 08:27:27 PM Request Issued
03/26/2022 08:27:27 PM Blocked = False, Response recieved
03/26/2022 08:27:38 PM Starting new HTTPS connection (1): www.instagram.com:443
03/26/2022 08:27:38 PM https://www.instagram.com:443 "GET /p/q1BvlskMIC/ HTTP/1.1" 302 0
03/26/2022 08:27:38 PM Request Issued
03/26/2022 08:27:38 PM Blocked
03/26/2022 08:27:38 PM Blocked = True, Entering the block period
03/26/2022 08:33:47 PM Started
03/26/2022 08:33:47 PM Shortcode list obtained
03/26/2022 08:33:47 PM Starting new HTTPS connection (1): www.instagram.com:443
03/26/2022 08:33:47 PM https://www.instagram.com:443 "GET /p/q1BvlskMIC/ HTTP/1.1" 302 0
03/26/2022 08:33:47 PM Request Issued
03/26/2022 08:33:47 PM Blocked
03/26/2022 08:33:47 PM Blocked = True, Entering the block period
03/26/2022 08:35:01 PM Started
03/26/2022 08:35:01 PM Shortcode list obtained
03/26/2022 08:35:01 PM Starting new HTTPS connection (1): www.instagram.com:443
03/26/2022 08:35:01 PM https://www.instagram.com:443 "GET /p/q1BvlskMIC/ HTTP/1.1" 302 0
03/26/2022 08:35:01 PM Request Issued
03/26/2022 08:35:01 PM Blocked
03/26/2022 08:35:01 PM Blocked = True, Entering the block period
03/26/2022 08:35:20 PM Started
03/26/2022 08:35:20 PM Shortcode list obtained
03/26/2022 08:35:20 PM Starting new HTTPS connection (1): www.instagram.com:443
03/26/2022 08:35:20 PM https://www.instagram.com:443 "GET /p/q1BvlskMIC/ HTTP/1.1" 302 0
03/26/2022 08:35:20 PM Request Issued
03/26/2022 08:35:20 PM Blocked
03/26/2022 08:35:20 PM Blocked = True, Entering the block period
03/26/2022 08:35:43 PM Started
03/26/2022 08:35:43 PM Shortcode list obtained
03/26/2022 08:35:43 PM Starting new HTTPS connection (1): www.instagram.com:443
03/26/2022 08:35:43 PM https://www.instagram.com:443 "GET /p/q1BvlskMIC/ HTTP/1.1" 302 0
03/26/2022 08:35:43 PM Request Issued
03/26/2022 08:35:43 PM Blocked
03/26/2022 08:35:43 PM Blocked = True, Entering the block period
03/26/2022 08:41:14 PM Started
03/26/2022 08:41:14 PM Shortcode list obtained
03/26/2022 08:41:14 PM Starting new HTTPS connection (1): www.instagram.com:443
03/26/2022 08:41:15 PM https://www.instagram.com:443 "GET /p/q1BvlskMIC/ HTTP/1.1" 200 34337
03/26/2022 08:41:15 PM Request Issued
03/26/2022 08:41:15 PM Blocked = False, Response recieved
03/26/2022 08:41:26 PM Starting new HTTPS connection (1): www.instagram.com:443
03/26/2022 08:41:26 PM https://www.instagram.com:443 "GET /p/q1ZNUCL8do/ HTTP/1.1" 200 33833
03/26/2022 08:41:26 PM Request Issued
03/26/2022 08:41:26 PM Blocked = False, Response recieved
03/26/2022 08:41:36 PM Starting new HTTPS connection (1): www.instagram.com:443
03/26/2022 08:41:37 PM https://www.instagram.com:443 "GET /p/q2OSMSCynB/ HTTP/1.1" 200 30330
03/26/2022 08:41:37 PM Request Issued
03/26/2022 08:41:37 PM Blocked = False, Response recieved
03/26/2022 08:41:47 PM Starting new HTTPS connection (1): www.instagram.com:443
03/26/2022 08:41:47 PM https://www.instagram.com:443 "GET /p/Q3xfrYwGPF/ HTTP/1.1" 302 0
03/26/2022 08:41:47 PM Request Issued
03/26/2022 08:41:47 PM Blocked
03/26/2022 08:41:47 PM Blocked = True, Entering the block period
03/26/2022 08:42:50 PM Started
03/26/2022 08:42:50 PM Shortcode list obtained
03/26/2022 08:42:50 PM Starting new HTTPS connection (1): www.instagram.com:443
03/26/2022 08:42:50 PM https://www.instagram.com:443 "GET /p/Q3xfrYwGPF/ HTTP/1.1" 404 92221
03/26/2022 08:42:51 PM Request Issued
03/26/2022 08:43:01 PM Starting new HTTPS connection (1): www.instagram.com:443
03/26/2022 08:43:01 PM https://www.instagram.com:443 "GET /p/q4whQoPs3D/ HTTP/1.1" 200 34329
03/26/2022 08:43:01 PM Request Issued
03/26/2022 08:43:01 PM Blocked = False, Response recieved
03/26/2022 08:43:12 PM Starting new HTTPS connection (1): www.instagram.com:443
03/26/2022 08:43:12 PM https://www.instagram.com:443 "GET /p/q5Y5rEprPz/ HTTP/1.1" 404 92185
03/26/2022 08:43:12 PM Request Issued
03/26/2022 08:43:23 PM Starting new HTTPS connection (1): www.instagram.com:443
03/26/2022 08:43:23 PM https://www.instagram.com:443 "GET /p/q6xc0Svwyo/ HTTP/1.1" 302 0
03/26/2022 08:43:23 PM Request Issued
03/26/2022 08:43:23 PM Blocked
03/26/2022 08:43:23 PM Blocked = True, Entering the block period
03/26/2022 08:44:16 PM Started
03/26/2022 08:44:16 PM Shortcode list obtained
03/26/2022 08:44:16 PM Starting new HTTPS connection (1): www.instagram.com:443
03/26/2022 08:44:23 PM https://www.instagram.com:443 "GET /p/q6xc0Svwyo/ HTTP/1.1" 200 34187
03/26/2022 08:44:23 PM Request Issued
03/26/2022 08:44:23 PM Blocked = False, Response recieved
03/26/2022 08:44:34 PM Starting new HTTPS connection (1): www.instagram.com:443
03/26/2022 08:44:35 PM https://www.instagram.com:443 "GET /p/q740hfl3ec/ HTTP/1.1" 200 29869
03/26/2022 08:44:35 PM Request Issued
03/26/2022 08:44:35 PM Blocked = False, Response recieved
03/26/2022 08:44:46 PM Starting new HTTPS connection (1): www.instagram.com:443
03/26/2022 08:44:46 PM https://www.instagram.com:443 "GET /p/q7xgsLIpND/ HTTP/1.1" 404 92186
03/26/2022 08:44:47 PM Request Issued
03/26/2022 08:44:57 PM Starting new HTTPS connection (1): www.instagram.com:443
03/26/2022 08:44:57 PM https://www.instagram.com:443 "GET /p/q8J14UEQWM/ HTTP/1.1" 302 0
03/26/2022 08:44:57 PM Request Issued
03/26/2022 08:44:57 PM Blocked
03/26/2022 08:44:57 PM Blocked = True, Entering the block period
03/26/2022 08:45:46 PM Started
03/26/2022 08:45:46 PM Shortcode list obtained
03/26/2022 08:45:46 PM Starting new HTTPS connection (1): www.instagram.com:443
03/26/2022 08:45:51 PM https://www.instagram.com:443 "GET /p/q8J14UEQWM/ HTTP/1.1" 404 92184
03/26/2022 08:45:51 PM Request Issued
03/26/2022 08:46:02 PM Starting new HTTPS connection (1): www.instagram.com:443
03/26/2022 08:46:03 PM https://www.instagram.com:443 "GET /p/q97chXODtr/ HTTP/1.1" 404 92183
03/26/2022 08:46:03 PM Request Issued
03/26/2022 08:46:13 PM Starting new HTTPS connection (1): www.instagram.com:443
03/26/2022 08:46:16 PM https://www.instagram.com:443 "GET /p/q9gK4IRf2D/ HTTP/1.1" 404 92107
03/26/2022 08:46:16 PM Request Issued
03/26/2022 08:46:27 PM Starting new HTTPS connection (1): www.instagram.com:443
03/26/2022 08:46:27 PM https://www.instagram.com:443 "GET /p/q9shUBCr5B/ HTTP/1.1" 302 0
03/26/2022 08:46:27 PM Request Issued
03/26/2022 08:46:27 PM Blocked
03/26/2022 08:46:27 PM Blocked = True, Entering the block period
03/26/2022 08:47:21 PM Started
03/26/2022 08:47:21 PM Shortcode list obtained
03/26/2022 08:47:21 PM Starting new HTTPS connection (1): www.instagram.com:443
03/26/2022 08:47:28 PM https://www.instagram.com:443 "GET /p/q9shUBCr5B/ HTTP/1.1" 200 30649
03/26/2022 08:47:28 PM Request Issued
03/26/2022 08:47:28 PM Blocked = False, Response recieved
03/26/2022 08:47:39 PM Starting new HTTPS connection (1): www.instagram.com:443
03/26/2022 08:47:40 PM https://www.instagram.com:443 "GET /p/q9xCNhEEfA/ HTTP/1.1" 200 30086
03/26/2022 08:47:40 PM Request Issued
03/26/2022 08:47:40 PM Blocked = False, Response recieved
03/26/2022 08:47:50 PM Starting new HTTPS connection (1): www.instagram.com:443
03/26/2022 08:47:51 PM https://www.instagram.com:443 "GET /p/qAc25EGGyS/ HTTP/1.1" 200 30372
03/26/2022 08:47:51 PM Request Issued
03/26/2022 08:47:51 PM Blocked = False, Response recieved
