03/25/2022 02:36:33 PM Started
03/25/2022 02:36:33 PM Shortcode list obtained
03/25/2022 02:36:33 PM Starting new HTTPS connection (1): www.instagram.com:443
03/25/2022 02:36:33 PM https://www.instagram.com:443 "GET /p/tbGshegice/ HTTP/1.1" 404 92185
03/25/2022 02:36:33 PM Request Issued
03/25/2022 02:36:44 PM Starting new HTTPS connection (1): www.instagram.com:443
03/25/2022 02:36:45 PM https://www.instagram.com:443 "GET /p/tbOGfDm5DQ/ HTTP/1.1" 200 30590
03/25/2022 02:36:45 PM Request Issued
03/25/2022 02:36:45 PM Blocked = False, Response recieved
03/25/2022 02:36:56 PM Starting new HTTPS connection (1): www.instagram.com:443
03/25/2022 02:36:56 PM https://www.instagram.com:443 "GET /p/tbQIJrtrOZ/ HTTP/1.1" 404 92224
03/25/2022 02:36:56 PM Request Issued
03/25/2022 02:37:07 PM Starting new HTTPS connection (1): www.instagram.com:443
03/25/2022 02:37:07 PM https://www.instagram.com:443 "GET /p/tbsjreOt3B/ HTTP/1.1" 302 0
03/25/2022 02:37:07 PM Request Issued
03/25/2022 02:37:07 PM Blocked
03/25/2022 02:37:07 PM Blocked = True, Entering the block period
03/25/2022 02:39:35 PM Started
03/25/2022 02:39:35 PM Shortcode list obtained
03/25/2022 02:39:35 PM Starting new HTTPS connection (1): www.instagram.com:443
03/25/2022 02:39:39 PM Started
03/25/2022 02:39:39 PM Shortcode list obtained
03/25/2022 02:39:39 PM Starting new HTTPS connection (1): www.instagram.com:443
03/25/2022 02:41:50 PM https://www.instagram.com:443 "GET /p/tbsjreOt3B/ HTTP/1.1" 404 92185
03/25/2022 02:41:50 PM Request Issued
03/25/2022 02:42:01 PM Starting new HTTPS connection (1): www.instagram.com:443
03/25/2022 02:42:02 PM https://www.instagram.com:443 "GET /p/tBUFAHiBPn/ HTTP/1.1" 200 34152
03/25/2022 02:42:02 PM Request Issued
03/25/2022 02:42:02 PM Blocked = False, Response recieved
03/25/2022 02:42:13 PM Starting new HTTPS connection (1): www.instagram.com:443
03/25/2022 02:42:14 PM https://www.instagram.com:443 "GET /p/tBWKPWjEix/ HTTP/1.1" 200 30667
03/25/2022 02:42:15 PM Request Issued
03/25/2022 02:42:15 PM Blocked = False, Response recieved
03/25/2022 02:42:25 PM Starting new HTTPS connection (1): www.instagram.com:443
03/25/2022 02:42:26 PM https://www.instagram.com:443 "GET /p/TbYN7fuAti/ HTTP/1.1" 404 92102
03/25/2022 02:42:28 PM Request Issued
03/25/2022 02:42:38 PM Starting new HTTPS connection (1): www.instagram.com:443
03/25/2022 02:42:40 PM https://www.instagram.com:443 "GET /p/tC6s7IKACs/ HTTP/1.1" 302 0
03/25/2022 02:42:40 PM Request Issued
03/25/2022 02:42:40 PM Blocked
03/25/2022 02:42:40 PM Blocked = True, Entering the block period
03/25/2022 02:43:10 PM Started
03/25/2022 02:43:10 PM Shortcode list obtained
03/25/2022 02:43:10 PM Starting new HTTPS connection (1): www.instagram.com:443
03/25/2022 02:43:26 PM Started
03/25/2022 02:43:26 PM Shortcode list obtained
03/25/2022 02:43:26 PM Starting new HTTPS connection (1): www.instagram.com:443
03/25/2022 02:43:34 PM https://www.instagram.com:443 "GET /p/tC6s7IKACs/ HTTP/1.1" 200 30938
03/25/2022 02:43:38 PM Request Issued
03/25/2022 02:43:38 PM Blocked = False, Response recieved
03/25/2022 02:43:49 PM Starting new HTTPS connection (1): www.instagram.com:443
03/25/2022 02:43:50 PM https://www.instagram.com:443 "GET /p/tcSEFOkMH7/ HTTP/1.1" 200 30092
03/25/2022 02:43:50 PM Request Issued
03/25/2022 02:43:50 PM Blocked = False, Response recieved
03/25/2022 02:44:01 PM Starting new HTTPS connection (1): www.instagram.com:443
03/25/2022 02:44:02 PM https://www.instagram.com:443 "GET /p/tCW9bfAlWu/ HTTP/1.1" 404 92225
03/25/2022 02:44:02 PM Request Issued
03/25/2022 02:44:12 PM Starting new HTTPS connection (1): www.instagram.com:443
03/25/2022 02:44:12 PM https://www.instagram.com:443 "GET /p/tczqj7wxIi/ HTTP/1.1" 302 0
03/25/2022 02:44:12 PM Request Issued
03/25/2022 02:44:12 PM Blocked
03/25/2022 02:44:12 PM Blocked = True, Entering the block period
03/25/2022 02:46:56 PM Started
03/25/2022 02:46:56 PM Shortcode list obtained
03/25/2022 02:46:56 PM Starting new HTTPS connection (1): www.instagram.com:443
03/25/2022 02:46:57 PM https://www.instagram.com:443 "GET /p/tczqj7wxIi/ HTTP/1.1" 404 92226
03/25/2022 02:46:57 PM Request Issued
03/25/2022 02:47:08 PM Starting new HTTPS connection (1): www.instagram.com:443
03/25/2022 02:47:08 PM https://www.instagram.com:443 "GET /p/tD9EFEP6po/ HTTP/1.1" 404 92183
03/25/2022 02:47:08 PM Request Issued
03/25/2022 02:47:19 PM Starting new HTTPS connection (1): www.instagram.com:443
03/25/2022 02:47:21 PM https://www.instagram.com:443 "GET /p/tdFqqtrq8E/ HTTP/1.1" 404 92104
03/25/2022 02:47:21 PM Request Issued
03/25/2022 02:47:31 PM Starting new HTTPS connection (1): www.instagram.com:443
03/25/2022 02:47:31 PM https://www.instagram.com:443 "GET /p/tdhuG7qy2Q/ HTTP/1.1" 302 0
03/25/2022 02:47:31 PM Request Issued
03/25/2022 02:47:31 PM Blocked
03/25/2022 02:47:31 PM Blocked = True, Entering the block period
03/25/2022 02:48:12 PM Started
03/25/2022 02:48:12 PM Shortcode list obtained
03/25/2022 02:48:12 PM Starting new HTTPS connection (1): www.instagram.com:443
03/25/2022 02:48:13 PM https://www.instagram.com:443 "GET /p/tdhuG7qy2Q/ HTTP/1.1" 404 92106
03/25/2022 02:48:13 PM Request Issued
03/25/2022 02:48:23 PM Starting new HTTPS connection (1): www.instagram.com:443
03/25/2022 02:48:24 PM https://www.instagram.com:443 "GET /p/tDLfiwSZDZ/ HTTP/1.1" 200 34413
03/25/2022 02:48:24 PM Request Issued
03/25/2022 02:48:24 PM Blocked = False, Response recieved
03/25/2022 02:48:34 PM Starting new HTTPS connection (1): www.instagram.com:443
03/25/2022 02:48:35 PM https://www.instagram.com:443 "GET /p/tdOrUYo36O/ HTTP/1.1" 200 30573
03/25/2022 02:48:35 PM Request Issued
03/25/2022 02:48:35 PM Blocked = False, Response recieved
03/25/2022 02:48:45 PM Starting new HTTPS connection (1): www.instagram.com:443
03/25/2022 02:48:46 PM https://www.instagram.com:443 "GET /p/tDqC3GOcf6/ HTTP/1.1" 302 0
03/25/2022 02:48:46 PM Request Issued
03/25/2022 02:48:46 PM Blocked
03/25/2022 02:48:46 PM Blocked = True, Entering the block period
03/25/2022 02:49:29 PM Started
03/25/2022 02:49:29 PM Shortcode list obtained
03/25/2022 02:49:29 PM Starting new HTTPS connection (1): www.instagram.com:443
03/25/2022 02:49:29 PM https://www.instagram.com:443 "GET /p/tDqC3GOcf6/ HTTP/1.1" 200 30010
03/25/2022 02:49:30 PM Request Issued
03/25/2022 02:49:30 PM Blocked = False, Response recieved
03/25/2022 02:49:40 PM Starting new HTTPS connection (1): www.instagram.com:443
03/25/2022 02:49:43 PM https://www.instagram.com:443 "GET /p/tds0aDH5U6/ HTTP/1.1" 200 30235
03/25/2022 02:49:43 PM Request Issued
03/25/2022 02:49:43 PM Blocked = False, Response recieved
03/25/2022 02:49:54 PM Starting new HTTPS connection (1): www.instagram.com:443
03/25/2022 02:49:54 PM https://www.instagram.com:443 "GET /p/tdvTOipEqb/ HTTP/1.1" 404 92183
03/25/2022 02:49:54 PM Request Issued
03/25/2022 02:50:05 PM Starting new HTTPS connection (1): www.instagram.com:443
03/25/2022 02:50:05 PM https://www.instagram.com:443 "GET /p/tecghtouhd/ HTTP/1.1" 302 0
03/25/2022 02:50:05 PM Request Issued
03/25/2022 02:50:05 PM Blocked
03/25/2022 02:50:05 PM Blocked = True, Entering the block period
03/25/2022 02:50:24 PM Started
03/25/2022 02:50:24 PM Shortcode list obtained
03/25/2022 02:50:24 PM Starting new HTTPS connection (1): www.instagram.com:443
03/25/2022 02:50:25 PM https://www.instagram.com:443 "GET /p/tecghtouhd/ HTTP/1.1" 404 92103
03/25/2022 02:50:25 PM Request Issued
03/25/2022 02:50:36 PM Starting new HTTPS connection (1): www.instagram.com:443
03/25/2022 02:50:36 PM https://www.instagram.com:443 "GET /p/TEGmBmDHiE/ HTTP/1.1" 404 92108
03/25/2022 02:50:36 PM Request Issued
03/25/2022 02:50:46 PM Starting new HTTPS connection (1): www.instagram.com:443
03/25/2022 02:50:47 PM https://www.instagram.com:443 "GET /p/teIKvRlklm/ HTTP/1.1" 200 30311
03/25/2022 02:50:47 PM Request Issued
03/25/2022 02:50:47 PM Blocked = False, Response recieved
03/25/2022 02:50:58 PM Starting new HTTPS connection (1): www.instagram.com:443
03/25/2022 02:50:58 PM https://www.instagram.com:443 "GET /p/tEuFahpsmY/ HTTP/1.1" 302 0
03/25/2022 02:50:58 PM Request Issued
03/25/2022 02:50:58 PM Blocked
03/25/2022 02:50:58 PM Blocked = True, Entering the block period
03/25/2022 02:51:45 PM Started
03/25/2022 02:51:45 PM Shortcode list obtained
03/25/2022 02:51:45 PM Starting new HTTPS connection (1): www.instagram.com:443
03/25/2022 02:51:46 PM https://www.instagram.com:443 "GET /p/tEuFahpsmY/ HTTP/1.1" 200 32768
03/25/2022 02:51:46 PM Request Issued
03/25/2022 02:51:46 PM Blocked = False, Response recieved
03/25/2022 02:51:57 PM Starting new HTTPS connection (1): www.instagram.com:443
03/25/2022 02:51:58 PM https://www.instagram.com:443 "GET /p/tewvzETCGV/ HTTP/1.1" 200 30371
03/25/2022 02:51:58 PM Request Issued
03/25/2022 02:51:58 PM Blocked = False, Response recieved
03/25/2022 02:52:09 PM Starting new HTTPS connection (1): www.instagram.com:443
03/25/2022 02:52:10 PM https://www.instagram.com:443 "GET /p/teZnb3Egfk/ HTTP/1.1" 404 92107
03/25/2022 02:52:10 PM Request Issued
