03/06/2022 06:10:44 PM Started
03/06/2022 06:10:44 PM Shortcode list obtained
03/06/2022 06:10:44 PM Starting new HTTPS connection (1): www.instagram.com:443
03/06/2022 06:10:45 PM https://www.instagram.com:443 "GET /p/6mbTX6zWXl/ HTTP/1.1" 200 34104
03/06/2022 06:10:45 PM Request Issued
03/06/2022 06:10:45 PM Blocked = False, Response recieved
03/06/2022 06:15:46 PM Starting new HTTPS connection (1): www.instagram.com:443
03/06/2022 06:15:49 PM https://www.instagram.com:443 "GET /p/6MjMH3MUeS/ HTTP/1.1" 200 33396
03/06/2022 06:15:50 PM Request Issued
03/06/2022 06:15:50 PM Blocked = False, Response recieved
03/06/2022 06:20:50 PM Starting new HTTPS connection (1): www.instagram.com:443
03/06/2022 06:20:51 PM https://www.instagram.com:443 "GET /p/6MNBnjPXwi/ HTTP/1.1" 200 30562
03/06/2022 06:20:51 PM Request Issued
03/06/2022 06:20:51 PM Blocked = False, Response recieved
03/06/2022 06:25:52 PM Starting new HTTPS connection (1): www.instagram.com:443
03/06/2022 06:25:52 PM https://www.instagram.com:443 "GET /p/6mxjDcxumf/ HTTP/1.1" 200 30521
03/06/2022 06:25:53 PM Request Issued
03/06/2022 06:25:53 PM Blocked = False, Response recieved
03/06/2022 06:30:54 PM Starting new HTTPS connection (1): www.instagram.com:443
03/06/2022 06:30:54 PM https://www.instagram.com:443 "GET /p/6nF4mDvw49/ HTTP/1.1" 302 0
03/06/2022 06:30:54 PM Request Issued
03/06/2022 06:30:54 PM Blocked
03/06/2022 06:30:54 PM Blocked = True, Entering the block period
03/06/2022 07:00:54 PM Starting new HTTPS connection (1): www.instagram.com:443
03/06/2022 07:00:54 PM https://www.instagram.com:443 "GET /p/6nF4mDvw49/ HTTP/1.1" 302 0
03/06/2022 07:00:54 PM Request Issued
03/06/2022 07:00:54 PM Blocked
03/07/2022 12:44:06 AM Starting new HTTPS connection (1): www.instagram.com:443
03/07/2022 12:44:06 AM https://www.instagram.com:443 "GET /p/6nF4mDvw49/ HTTP/1.1" 302 0
03/07/2022 12:44:06 AM Request Issued
03/07/2022 12:44:06 AM Blocked
03/07/2022 01:14:07 AM Starting new HTTPS connection (1): www.instagram.com:443
03/07/2022 01:14:07 AM https://www.instagram.com:443 "GET /p/6nF4mDvw49/ HTTP/1.1" 302 0
03/07/2022 01:14:07 AM Request Issued
03/07/2022 01:14:07 AM Blocked
03/07/2022 01:44:07 AM Starting new HTTPS connection (1): www.instagram.com:443
03/07/2022 01:44:07 AM https://www.instagram.com:443 "GET /p/6nF4mDvw49/ HTTP/1.1" 302 0
03/07/2022 01:44:07 AM Request Issued
03/07/2022 01:44:07 AM Blocked
03/07/2022 02:14:07 AM Starting new HTTPS connection (1): www.instagram.com:443
03/07/2022 02:14:07 AM https://www.instagram.com:443 "GET /p/6nF4mDvw49/ HTTP/1.1" 302 0
03/07/2022 02:14:07 AM Request Issued
03/07/2022 02:14:07 AM Blocked
03/07/2022 02:44:07 AM Starting new HTTPS connection (1): www.instagram.com:443
03/07/2022 02:44:08 AM https://www.instagram.com:443 "GET /p/6nF4mDvw49/ HTTP/1.1" 302 0
03/07/2022 02:44:08 AM Request Issued
03/07/2022 02:44:08 AM Blocked
03/07/2022 03:14:08 AM Starting new HTTPS connection (1): www.instagram.com:443
03/07/2022 03:14:08 AM https://www.instagram.com:443 "GET /p/6nF4mDvw49/ HTTP/1.1" 302 0
03/07/2022 03:14:08 AM Request Issued
03/07/2022 03:14:08 AM Blocked
03/07/2022 03:44:08 AM Starting new HTTPS connection (1): www.instagram.com:443
03/07/2022 03:44:08 AM https://www.instagram.com:443 "GET /p/6nF4mDvw49/ HTTP/1.1" 302 0
03/07/2022 03:44:08 AM Request Issued
03/07/2022 03:44:08 AM Blocked
03/07/2022 04:14:08 AM Starting new HTTPS connection (1): www.instagram.com:443
03/07/2022 04:14:08 AM https://www.instagram.com:443 "GET /p/6nF4mDvw49/ HTTP/1.1" 302 0
03/07/2022 04:14:08 AM Request Issued
03/07/2022 04:14:08 AM Blocked
03/07/2022 04:44:09 AM Starting new HTTPS connection (1): www.instagram.com:443
03/07/2022 04:44:09 AM https://www.instagram.com:443 "GET /p/6nF4mDvw49/ HTTP/1.1" 302 0
03/07/2022 04:44:09 AM Request Issued
03/07/2022 04:44:09 AM Blocked
03/07/2022 05:14:09 AM Starting new HTTPS connection (1): www.instagram.com:443
03/07/2022 05:14:09 AM https://www.instagram.com:443 "GET /p/6nF4mDvw49/ HTTP/1.1" 302 0
03/07/2022 05:14:09 AM Request Issued
03/07/2022 05:14:09 AM Blocked
03/07/2022 05:44:09 AM Starting new HTTPS connection (1): www.instagram.com:443
03/07/2022 05:44:09 AM https://www.instagram.com:443 "GET /p/6nF4mDvw49/ HTTP/1.1" 302 0
03/07/2022 05:44:09 AM Request Issued
03/07/2022 05:44:09 AM Blocked
03/07/2022 06:14:09 AM Starting new HTTPS connection (1): www.instagram.com:443
03/07/2022 06:14:10 AM https://www.instagram.com:443 "GET /p/6nF4mDvw49/ HTTP/1.1" 302 0
03/07/2022 06:14:10 AM Request Issued
03/07/2022 06:14:10 AM Blocked
03/07/2022 06:44:10 AM Starting new HTTPS connection (1): www.instagram.com:443
03/07/2022 06:44:10 AM https://www.instagram.com:443 "GET /p/6nF4mDvw49/ HTTP/1.1" 302 0
03/07/2022 06:44:10 AM Request Issued
03/07/2022 06:44:10 AM Blocked
03/07/2022 07:14:10 AM Starting new HTTPS connection (1): www.instagram.com:443
03/07/2022 07:14:10 AM https://www.instagram.com:443 "GET /p/6nF4mDvw49/ HTTP/1.1" 302 0
03/07/2022 07:14:10 AM Request Issued
03/07/2022 07:14:10 AM Blocked
03/07/2022 07:44:10 AM Starting new HTTPS connection (1): www.instagram.com:443
03/07/2022 07:44:10 AM https://www.instagram.com:443 "GET /p/6nF4mDvw49/ HTTP/1.1" 302 0
03/07/2022 07:44:10 AM Request Issued
03/07/2022 07:44:10 AM Blocked
03/07/2022 08:14:10 AM Starting new HTTPS connection (1): www.instagram.com:443
03/07/2022 08:14:11 AM https://www.instagram.com:443 "GET /p/6nF4mDvw49/ HTTP/1.1" 302 0
03/07/2022 08:14:11 AM Request Issued
03/07/2022 08:14:11 AM Blocked
03/07/2022 08:44:11 AM Starting new HTTPS connection (1): www.instagram.com:443
03/07/2022 08:44:11 AM https://www.instagram.com:443 "GET /p/6nF4mDvw49/ HTTP/1.1" 302 0
03/07/2022 08:44:11 AM Request Issued
03/07/2022 08:44:11 AM Blocked
03/07/2022 09:14:11 AM Starting new HTTPS connection (1): www.instagram.com:443
03/07/2022 09:14:11 AM https://www.instagram.com:443 "GET /p/6nF4mDvw49/ HTTP/1.1" 302 0
03/07/2022 09:14:11 AM Request Issued
03/07/2022 09:14:11 AM Blocked
03/07/2022 09:44:11 AM Starting new HTTPS connection (1): www.instagram.com:443
03/07/2022 09:44:12 AM https://www.instagram.com:443 "GET /p/6nF4mDvw49/ HTTP/1.1" 302 0
03/07/2022 09:44:12 AM Request Issued
03/07/2022 09:44:12 AM Blocked
03/07/2022 10:14:12 AM Starting new HTTPS connection (1): www.instagram.com:443
03/07/2022 10:14:12 AM https://www.instagram.com:443 "GET /p/6nF4mDvw49/ HTTP/1.1" 302 0
03/07/2022 10:14:12 AM Request Issued
03/07/2022 10:14:12 AM Blocked
03/07/2022 10:44:12 AM Starting new HTTPS connection (1): www.instagram.com:443
03/07/2022 10:44:12 AM https://www.instagram.com:443 "GET /p/6nF4mDvw49/ HTTP/1.1" 302 0
03/07/2022 10:44:12 AM Request Issued
03/07/2022 10:44:12 AM Blocked
03/07/2022 11:14:12 AM Starting new HTTPS connection (1): www.instagram.com:443
03/07/2022 11:14:12 AM https://www.instagram.com:443 "GET /p/6nF4mDvw49/ HTTP/1.1" 302 0
03/07/2022 11:14:12 AM Request Issued
03/07/2022 11:14:12 AM Blocked
03/07/2022 11:44:12 AM Starting new HTTPS connection (1): www.instagram.com:443
03/07/2022 11:44:13 AM https://www.instagram.com:443 "GET /p/6nF4mDvw49/ HTTP/1.1" 302 0
03/07/2022 11:44:13 AM Request Issued
03/07/2022 11:44:13 AM Blocked
03/07/2022 12:14:13 PM Starting new HTTPS connection (1): www.instagram.com:443
03/07/2022 12:14:13 PM https://www.instagram.com:443 "GET /p/6nF4mDvw49/ HTTP/1.1" 302 0
03/07/2022 12:14:13 PM Request Issued
03/07/2022 12:14:13 PM Blocked
03/07/2022 12:44:13 PM Starting new HTTPS connection (1): www.instagram.com:443
03/07/2022 12:44:13 PM https://www.instagram.com:443 "GET /p/6nF4mDvw49/ HTTP/1.1" 302 0
03/07/2022 12:44:13 PM Request Issued
03/07/2022 12:44:13 PM Blocked
03/07/2022 01:14:13 PM Starting new HTTPS connection (1): www.instagram.com:443
03/07/2022 01:14:13 PM https://www.instagram.com:443 "GET /p/6nF4mDvw49/ HTTP/1.1" 302 0
03/07/2022 01:14:13 PM Request Issued
03/07/2022 01:14:13 PM Blocked
03/07/2022 01:44:14 PM Starting new HTTPS connection (1): www.instagram.com:443
03/07/2022 01:44:14 PM https://www.instagram.com:443 "GET /p/6nF4mDvw49/ HTTP/1.1" 302 0
03/07/2022 01:44:14 PM Request Issued
03/07/2022 01:44:14 PM Blocked
03/07/2022 02:14:14 PM Starting new HTTPS connection (1): www.instagram.com:443
03/07/2022 02:14:14 PM https://www.instagram.com:443 "GET /p/6nF4mDvw49/ HTTP/1.1" 302 0
03/07/2022 02:14:14 PM Request Issued
03/07/2022 02:14:14 PM Blocked
03/07/2022 02:44:14 PM Starting new HTTPS connection (1): www.instagram.com:443
03/07/2022 02:44:14 PM https://www.instagram.com:443 "GET /p/6nF4mDvw49/ HTTP/1.1" 302 0
03/07/2022 02:44:14 PM Request Issued
03/07/2022 02:44:14 PM Blocked
03/07/2022 03:14:14 PM Starting new HTTPS connection (1): www.instagram.com:443
03/07/2022 03:14:15 PM https://www.instagram.com:443 "GET /p/6nF4mDvw49/ HTTP/1.1" 302 0
03/07/2022 03:14:15 PM Request Issued
03/07/2022 03:14:15 PM Blocked
03/07/2022 03:44:15 PM Starting new HTTPS connection (1): www.instagram.com:443
03/07/2022 03:44:15 PM https://www.instagram.com:443 "GET /p/6nF4mDvw49/ HTTP/1.1" 302 0
03/07/2022 03:44:15 PM Request Issued
03/07/2022 03:44:15 PM Blocked
03/07/2022 04:14:15 PM Starting new HTTPS connection (1): www.instagram.com:443
03/07/2022 04:14:15 PM https://www.instagram.com:443 "GET /p/6nF4mDvw49/ HTTP/1.1" 302 0
03/07/2022 04:14:15 PM Request Issued
03/07/2022 04:14:15 PM Blocked
03/07/2022 04:44:15 PM Starting new HTTPS connection (1): www.instagram.com:443
03/07/2022 04:44:16 PM https://www.instagram.com:443 "GET /p/6nF4mDvw49/ HTTP/1.1" 302 0
03/07/2022 04:44:16 PM Request Issued
03/07/2022 04:44:16 PM Blocked
03/07/2022 05:14:16 PM Starting new HTTPS connection (1): www.instagram.com:443
03/07/2022 05:14:16 PM https://www.instagram.com:443 "GET /p/6nF4mDvw49/ HTTP/1.1" 302 0
03/07/2022 05:14:16 PM Request Issued
03/07/2022 05:14:16 PM Blocked
03/07/2022 05:44:16 PM Starting new HTTPS connection (1): www.instagram.com:443
03/07/2022 05:44:16 PM https://www.instagram.com:443 "GET /p/6nF4mDvw49/ HTTP/1.1" 302 0
03/07/2022 05:44:16 PM Request Issued
03/07/2022 05:44:16 PM Blocked
03/07/2022 06:14:16 PM Starting new HTTPS connection (1): www.instagram.com:443
03/07/2022 06:14:21 PM https://www.instagram.com:443 "GET /p/6nF4mDvw49/ HTTP/1.1" 302 0
03/07/2022 06:14:21 PM Request Issued
03/07/2022 06:14:21 PM Blocked
03/07/2022 06:44:21 PM Starting new HTTPS connection (1): www.instagram.com:443
03/07/2022 06:44:22 PM https://www.instagram.com:443 "GET /p/6nF4mDvw49/ HTTP/1.1" 302 0
03/07/2022 06:44:22 PM Request Issued
03/07/2022 06:44:22 PM Blocked
03/07/2022 07:14:22 PM Starting new HTTPS connection (1): www.instagram.com:443
03/07/2022 07:14:22 PM https://www.instagram.com:443 "GET /p/6nF4mDvw49/ HTTP/1.1" 302 0
03/07/2022 07:14:22 PM Request Issued
03/07/2022 07:14:22 PM Blocked
03/07/2022 07:44:22 PM Starting new HTTPS connection (1): www.instagram.com:443
03/07/2022 07:44:22 PM https://www.instagram.com:443 "GET /p/6nF4mDvw49/ HTTP/1.1" 302 0
03/07/2022 07:44:22 PM Request Issued
03/07/2022 07:44:22 PM Blocked
03/07/2022 08:14:22 PM Starting new HTTPS connection (1): www.instagram.com:443
03/07/2022 08:14:23 PM https://www.instagram.com:443 "GET /p/6nF4mDvw49/ HTTP/1.1" 200 34605
03/07/2022 08:14:23 PM Request Issued
03/07/2022 08:14:23 PM Block ID: 1, Block period: 6209 seconds
03/07/2022 08:14:23 PM Blocked = False, Block period ended
03/07/2022 08:19:24 PM Starting new HTTPS connection (1): www.instagram.com:443
03/07/2022 08:19:25 PM https://www.instagram.com:443 "GET /p/6nJNPlML3s/ HTTP/1.1" 200 32056
03/07/2022 08:19:25 PM Request Issued
03/07/2022 08:19:25 PM Blocked = False, Response recieved
03/07/2022 08:24:25 PM Starting new HTTPS connection (1): www.instagram.com:443
03/07/2022 08:24:26 PM https://www.instagram.com:443 "GET /p/6nl4ZuqqNL/ HTTP/1.1" 200 31780
03/07/2022 08:24:26 PM Request Issued
03/07/2022 08:24:26 PM Blocked = False, Response recieved
03/07/2022 08:29:26 PM Starting new HTTPS connection (1): www.instagram.com:443
03/07/2022 08:29:27 PM https://www.instagram.com:443 "GET /p/6oGJtghbiP/ HTTP/1.1" 200 34150
03/07/2022 08:29:27 PM Request Issued
03/07/2022 08:29:27 PM Blocked = False, Response recieved
03/07/2022 08:34:28 PM Starting new HTTPS connection (1): www.instagram.com:443
03/07/2022 08:34:28 PM https://www.instagram.com:443 "GET /p/6oJqNcpyAG/ HTTP/1.1" 200 33934
03/07/2022 08:34:28 PM Request Issued
03/07/2022 08:34:28 PM Blocked = False, Response recieved
03/07/2022 08:39:29 PM Starting new HTTPS connection (1): www.instagram.com:443
03/07/2022 08:39:29 PM https://www.instagram.com:443 "GET /p/6oXZscMEUj/ HTTP/1.1" 302 0
03/07/2022 08:39:29 PM Request Issued
03/07/2022 08:39:29 PM Blocked
03/07/2022 08:39:29 PM Blocked = True, Entering the block period
03/07/2022 09:09:29 PM Starting new HTTPS connection (1): www.instagram.com:443
03/07/2022 09:09:30 PM https://www.instagram.com:443 "GET /p/6oXZscMEUj/ HTTP/1.1" 302 0
03/07/2022 09:09:30 PM Request Issued
03/07/2022 09:09:30 PM Blocked
03/07/2022 09:39:30 PM Starting new HTTPS connection (1): www.instagram.com:443
03/07/2022 09:39:30 PM https://www.instagram.com:443 "GET /p/6oXZscMEUj/ HTTP/1.1" 302 0
03/07/2022 09:39:30 PM Request Issued
03/07/2022 09:39:30 PM Blocked
03/07/2022 10:09:30 PM Starting new HTTPS connection (1): www.instagram.com:443
03/07/2022 10:09:30 PM https://www.instagram.com:443 "GET /p/6oXZscMEUj/ HTTP/1.1" 302 0
03/07/2022 10:09:30 PM Request Issued
03/07/2022 10:09:30 PM Blocked
03/07/2022 10:39:30 PM Starting new HTTPS connection (1): www.instagram.com:443
03/07/2022 10:39:31 PM https://www.instagram.com:443 "GET /p/6oXZscMEUj/ HTTP/1.1" 302 0
03/07/2022 10:39:31 PM Request Issued
03/07/2022 10:39:31 PM Blocked
03/07/2022 11:09:31 PM Starting new HTTPS connection (1): www.instagram.com:443
03/07/2022 11:09:31 PM https://www.instagram.com:443 "GET /p/6oXZscMEUj/ HTTP/1.1" 302 0
03/07/2022 11:09:31 PM Request Issued
03/07/2022 11:09:31 PM Blocked
03/07/2022 11:39:31 PM Starting new HTTPS connection (1): www.instagram.com:443
03/07/2022 11:39:31 PM https://www.instagram.com:443 "GET /p/6oXZscMEUj/ HTTP/1.1" 302 0
03/07/2022 11:39:31 PM Request Issued
03/07/2022 11:39:31 PM Blocked
03/08/2022 12:09:31 AM Starting new HTTPS connection (1): www.instagram.com:443
03/08/2022 12:09:31 AM https://www.instagram.com:443 "GET /p/6oXZscMEUj/ HTTP/1.1" 302 0
03/08/2022 12:09:31 AM Request Issued
03/08/2022 12:09:31 AM Blocked
03/08/2022 12:39:31 AM Starting new HTTPS connection (1): www.instagram.com:443
03/08/2022 12:39:32 AM https://www.instagram.com:443 "GET /p/6oXZscMEUj/ HTTP/1.1" 302 0
03/08/2022 12:39:32 AM Request Issued
03/08/2022 12:39:32 AM Blocked
03/08/2022 01:09:32 AM Starting new HTTPS connection (1): www.instagram.com:443
03/08/2022 01:09:32 AM https://www.instagram.com:443 "GET /p/6oXZscMEUj/ HTTP/1.1" 302 0
03/08/2022 01:09:32 AM Request Issued
03/08/2022 01:09:32 AM Blocked
03/08/2022 01:39:32 AM Starting new HTTPS connection (1): www.instagram.com:443
03/08/2022 01:39:32 AM https://www.instagram.com:443 "GET /p/6oXZscMEUj/ HTTP/1.1" 302 0
03/08/2022 01:39:32 AM Request Issued
03/08/2022 01:39:32 AM Blocked
03/08/2022 02:09:32 AM Starting new HTTPS connection (1): www.instagram.com:443
03/08/2022 02:09:33 AM https://www.instagram.com:443 "GET /p/6oXZscMEUj/ HTTP/1.1" 302 0
03/08/2022 02:09:33 AM Request Issued
03/08/2022 02:09:33 AM Blocked
03/08/2022 02:39:33 AM Starting new HTTPS connection (1): www.instagram.com:443
03/08/2022 02:39:33 AM https://www.instagram.com:443 "GET /p/6oXZscMEUj/ HTTP/1.1" 302 0
03/08/2022 02:39:33 AM Request Issued
03/08/2022 02:39:33 AM Blocked
03/08/2022 03:09:33 AM Starting new HTTPS connection (1): www.instagram.com:443
03/08/2022 03:09:33 AM https://www.instagram.com:443 "GET /p/6oXZscMEUj/ HTTP/1.1" 302 0
03/08/2022 03:09:33 AM Request Issued
03/08/2022 03:09:33 AM Blocked
03/08/2022 03:39:33 AM Starting new HTTPS connection (1): www.instagram.com:443
03/08/2022 03:39:33 AM https://www.instagram.com:443 "GET /p/6oXZscMEUj/ HTTP/1.1" 302 0
03/08/2022 03:39:33 AM Request Issued
03/08/2022 03:39:33 AM Blocked
03/08/2022 04:09:33 AM Starting new HTTPS connection (1): www.instagram.com:443
03/08/2022 04:09:34 AM https://www.instagram.com:443 "GET /p/6oXZscMEUj/ HTTP/1.1" 302 0
03/08/2022 04:09:34 AM Request Issued
03/08/2022 04:09:34 AM Blocked
03/08/2022 04:39:34 AM Starting new HTTPS connection (1): www.instagram.com:443
03/08/2022 04:39:34 AM https://www.instagram.com:443 "GET /p/6oXZscMEUj/ HTTP/1.1" 302 0
03/08/2022 04:39:34 AM Request Issued
03/08/2022 04:39:34 AM Blocked
03/08/2022 05:09:34 AM Starting new HTTPS connection (1): www.instagram.com:443
03/08/2022 05:09:34 AM https://www.instagram.com:443 "GET /p/6oXZscMEUj/ HTTP/1.1" 302 0
03/08/2022 05:09:34 AM Request Issued
03/08/2022 05:09:34 AM Blocked
03/08/2022 05:39:34 AM Starting new HTTPS connection (1): www.instagram.com:443
03/08/2022 05:39:35 AM https://www.instagram.com:443 "GET /p/6oXZscMEUj/ HTTP/1.1" 302 0
03/08/2022 05:39:35 AM Request Issued
03/08/2022 05:39:35 AM Blocked
03/08/2022 06:09:35 AM Starting new HTTPS connection (1): www.instagram.com:443
03/08/2022 06:09:35 AM https://www.instagram.com:443 "GET /p/6oXZscMEUj/ HTTP/1.1" 302 0
03/08/2022 06:09:35 AM Request Issued
03/08/2022 06:09:35 AM Blocked
03/08/2022 06:39:35 AM Starting new HTTPS connection (1): www.instagram.com:443
03/08/2022 06:39:35 AM https://www.instagram.com:443 "GET /p/6oXZscMEUj/ HTTP/1.1" 302 0
03/08/2022 06:39:35 AM Request Issued
03/08/2022 06:39:35 AM Blocked
03/08/2022 07:09:35 AM Starting new HTTPS connection (1): www.instagram.com:443
03/08/2022 07:09:35 AM https://www.instagram.com:443 "GET /p/6oXZscMEUj/ HTTP/1.1" 302 0
03/08/2022 07:09:35 AM Request Issued
03/08/2022 07:09:35 AM Blocked
03/08/2022 07:39:36 AM Starting new HTTPS connection (1): www.instagram.com:443
03/08/2022 07:39:36 AM https://www.instagram.com:443 "GET /p/6oXZscMEUj/ HTTP/1.1" 302 0
03/08/2022 07:39:36 AM Request Issued
03/08/2022 07:39:36 AM Blocked
03/08/2022 08:09:36 AM Starting new HTTPS connection (1): www.instagram.com:443
03/08/2022 08:09:36 AM https://www.instagram.com:443 "GET /p/6oXZscMEUj/ HTTP/1.1" 302 0
03/08/2022 08:09:36 AM Request Issued
03/08/2022 08:09:36 AM Blocked
03/08/2022 08:39:36 AM Starting new HTTPS connection (1): www.instagram.com:443
03/08/2022 08:39:36 AM https://www.instagram.com:443 "GET /p/6oXZscMEUj/ HTTP/1.1" 302 0
03/08/2022 08:39:36 AM Request Issued
03/08/2022 08:39:36 AM Blocked
03/08/2022 09:09:36 AM Starting new HTTPS connection (1): www.instagram.com:443
03/08/2022 09:09:37 AM https://www.instagram.com:443 "GET /p/6oXZscMEUj/ HTTP/1.1" 302 0
03/08/2022 09:09:37 AM Request Issued
03/08/2022 09:09:37 AM Blocked
03/08/2022 09:39:37 AM Starting new HTTPS connection (1): www.instagram.com:443
03/08/2022 09:39:37 AM https://www.instagram.com:443 "GET /p/6oXZscMEUj/ HTTP/1.1" 302 0
03/08/2022 09:39:37 AM Request Issued
03/08/2022 09:39:37 AM Blocked
03/08/2022 10:09:37 AM Starting new HTTPS connection (1): www.instagram.com:443
03/08/2022 10:09:37 AM https://www.instagram.com:443 "GET /p/6oXZscMEUj/ HTTP/1.1" 302 0
03/08/2022 10:09:37 AM Request Issued
03/08/2022 10:09:37 AM Blocked
03/08/2022 10:39:37 AM Starting new HTTPS connection (1): www.instagram.com:443
03/08/2022 10:39:38 AM https://www.instagram.com:443 "GET /p/6oXZscMEUj/ HTTP/1.1" 302 0
03/08/2022 10:39:38 AM Request Issued
03/08/2022 10:39:38 AM Blocked
03/08/2022 11:09:38 AM Starting new HTTPS connection (1): www.instagram.com:443
03/08/2022 11:09:39 AM https://www.instagram.com:443 "GET /p/6oXZscMEUj/ HTTP/1.1" 302 0
03/08/2022 11:09:39 AM Request Issued
03/08/2022 11:09:39 AM Blocked
03/08/2022 11:39:39 AM Starting new HTTPS connection (1): www.instagram.com:443
03/08/2022 11:39:39 AM https://www.instagram.com:443 "GET /p/6oXZscMEUj/ HTTP/1.1" 302 0
03/08/2022 11:39:39 AM Request Issued
03/08/2022 11:39:39 AM Blocked
03/08/2022 12:09:39 PM Starting new HTTPS connection (1): www.instagram.com:443
03/08/2022 12:09:39 PM https://www.instagram.com:443 "GET /p/6oXZscMEUj/ HTTP/1.1" 302 0
03/08/2022 12:09:39 PM Request Issued
03/08/2022 12:09:39 PM Blocked
03/08/2022 12:39:39 PM Starting new HTTPS connection (1): www.instagram.com:443
03/08/2022 12:39:39 PM https://www.instagram.com:443 "GET /p/6oXZscMEUj/ HTTP/1.1" 302 0
03/08/2022 12:39:39 PM Request Issued
03/08/2022 12:39:39 PM Blocked
03/08/2022 01:09:40 PM Starting new HTTPS connection (1): www.instagram.com:443
03/08/2022 01:09:40 PM https://www.instagram.com:443 "GET /p/6oXZscMEUj/ HTTP/1.1" 302 0
03/08/2022 01:09:40 PM Request Issued
03/08/2022 01:09:40 PM Blocked
03/08/2022 01:39:40 PM Starting new HTTPS connection (1): www.instagram.com:443
03/08/2022 01:39:40 PM https://www.instagram.com:443 "GET /p/6oXZscMEUj/ HTTP/1.1" 302 0
03/08/2022 01:39:40 PM Request Issued
03/08/2022 01:39:40 PM Blocked
03/08/2022 02:09:40 PM Starting new HTTPS connection (1): www.instagram.com:443
03/08/2022 02:09:42 PM https://www.instagram.com:443 "GET /p/6oXZscMEUj/ HTTP/1.1" 200 30435
03/08/2022 02:09:42 PM Request Issued
03/08/2022 02:09:42 PM Block ID: 2, Block period: 63012 seconds
03/08/2022 02:09:42 PM Blocked = False, Block period ended
03/08/2022 02:14:43 PM Starting new HTTPS connection (1): www.instagram.com:443
03/08/2022 02:14:43 PM https://www.instagram.com:443 "GET /p/6pyWDzLqLx/ HTTP/1.1" 200 34149
03/08/2022 02:14:43 PM Request Issued
03/08/2022 02:14:43 PM Blocked = False, Response recieved
03/08/2022 02:19:44 PM Starting new HTTPS connection (1): www.instagram.com:443
03/08/2022 02:19:45 PM https://www.instagram.com:443 "GET /p/6qbreePdZR/ HTTP/1.1" 200 31833
03/08/2022 02:19:45 PM Request Issued
03/08/2022 02:19:45 PM Blocked = False, Response recieved
03/08/2022 02:24:46 PM Starting new HTTPS connection (1): www.instagram.com:443
03/08/2022 02:24:46 PM https://www.instagram.com:443 "GET /p/6RNrriBsRu/ HTTP/1.1" 302 0
03/08/2022 02:24:46 PM Request Issued
03/08/2022 02:24:46 PM Blocked
03/08/2022 02:24:46 PM Blocked = True, Entering the block period
03/08/2022 02:54:46 PM Starting new HTTPS connection (1): www.instagram.com:443
03/08/2022 02:54:46 PM https://www.instagram.com:443 "GET /p/6RNrriBsRu/ HTTP/1.1" 302 0
03/08/2022 02:54:46 PM Request Issued
03/08/2022 02:54:46 PM Blocked
03/08/2022 03:24:46 PM Starting new HTTPS connection (1): www.instagram.com:443
03/08/2022 03:24:47 PM https://www.instagram.com:443 "GET /p/6RNrriBsRu/ HTTP/1.1" 302 0
03/08/2022 03:24:47 PM Request Issued
03/08/2022 03:24:47 PM Blocked
03/08/2022 03:54:47 PM Starting new HTTPS connection (1): www.instagram.com:443
03/08/2022 03:54:47 PM https://www.instagram.com:443 "GET /p/6RNrriBsRu/ HTTP/1.1" 302 0
03/08/2022 03:54:47 PM Request Issued
03/08/2022 03:54:47 PM Blocked
03/08/2022 04:24:47 PM Starting new HTTPS connection (1): www.instagram.com:443
03/08/2022 04:24:47 PM https://www.instagram.com:443 "GET /p/6RNrriBsRu/ HTTP/1.1" 302 0
03/08/2022 04:24:47 PM Request Issued
03/08/2022 04:24:47 PM Blocked
03/08/2022 04:54:47 PM Starting new HTTPS connection (1): www.instagram.com:443
03/08/2022 04:54:48 PM https://www.instagram.com:443 "GET /p/6RNrriBsRu/ HTTP/1.1" 302 0
03/08/2022 04:54:48 PM Request Issued
03/08/2022 04:54:48 PM Blocked
03/08/2022 05:24:48 PM Starting new HTTPS connection (1): www.instagram.com:443
03/08/2022 05:24:48 PM https://www.instagram.com:443 "GET /p/6RNrriBsRu/ HTTP/1.1" 302 0
03/08/2022 05:24:48 PM Request Issued
03/08/2022 05:24:48 PM Blocked
03/08/2022 05:54:48 PM Starting new HTTPS connection (1): www.instagram.com:443
03/08/2022 05:54:48 PM https://www.instagram.com:443 "GET /p/6RNrriBsRu/ HTTP/1.1" 302 0
03/08/2022 05:54:48 PM Request Issued
03/08/2022 05:54:48 PM Blocked
03/08/2022 06:24:49 PM Starting new HTTPS connection (1): www.instagram.com:443
03/08/2022 06:24:49 PM https://www.instagram.com:443 "GET /p/6RNrriBsRu/ HTTP/1.1" 302 0
03/08/2022 06:24:49 PM Request Issued
03/08/2022 06:24:49 PM Blocked
03/08/2022 06:54:49 PM Starting new HTTPS connection (1): www.instagram.com:443
03/08/2022 06:54:49 PM https://www.instagram.com:443 "GET /p/6RNrriBsRu/ HTTP/1.1" 302 0
03/08/2022 06:54:49 PM Request Issued
03/08/2022 06:54:49 PM Blocked
03/08/2022 07:24:49 PM Starting new HTTPS connection (1): www.instagram.com:443
03/08/2022 07:24:49 PM https://www.instagram.com:443 "GET /p/6RNrriBsRu/ HTTP/1.1" 302 0
03/08/2022 07:24:49 PM Request Issued
03/08/2022 07:24:49 PM Blocked
03/08/2022 07:54:49 PM Starting new HTTPS connection (1): www.instagram.com:443
03/08/2022 07:54:50 PM https://www.instagram.com:443 "GET /p/6RNrriBsRu/ HTTP/1.1" 302 0
03/08/2022 07:54:50 PM Request Issued
03/08/2022 07:54:50 PM Blocked
03/08/2022 08:24:50 PM Starting new HTTPS connection (1): www.instagram.com:443
03/08/2022 08:24:50 PM https://www.instagram.com:443 "GET /p/6RNrriBsRu/ HTTP/1.1" 302 0
03/08/2022 08:24:50 PM Request Issued
03/08/2022 08:24:50 PM Blocked
03/08/2022 08:54:50 PM Starting new HTTPS connection (1): www.instagram.com:443
03/08/2022 08:54:50 PM https://www.instagram.com:443 "GET /p/6RNrriBsRu/ HTTP/1.1" 302 0
03/08/2022 08:54:50 PM Request Issued
03/08/2022 08:54:50 PM Blocked
03/08/2022 09:24:50 PM Starting new HTTPS connection (1): www.instagram.com:443
03/08/2022 09:24:50 PM https://www.instagram.com:443 "GET /p/6RNrriBsRu/ HTTP/1.1" 302 0
03/08/2022 09:24:50 PM Request Issued
03/08/2022 09:24:50 PM Blocked
03/08/2022 09:54:51 PM Starting new HTTPS connection (1): www.instagram.com:443
03/08/2022 09:54:52 PM https://www.instagram.com:443 "GET /p/6RNrriBsRu/ HTTP/1.1" 302 0
03/08/2022 09:54:52 PM Request Issued
03/08/2022 09:54:52 PM Blocked
03/08/2022 10:24:52 PM Starting new HTTPS connection (1): www.instagram.com:443
03/08/2022 10:24:56 PM https://www.instagram.com:443 "GET /p/6RNrriBsRu/ HTTP/1.1" 302 0
03/08/2022 10:24:56 PM Request Issued
03/08/2022 10:24:56 PM Blocked
03/08/2022 10:54:56 PM Starting new HTTPS connection (1): www.instagram.com:443
03/08/2022 10:54:56 PM https://www.instagram.com:443 "GET /p/6RNrriBsRu/ HTTP/1.1" 302 0
03/08/2022 10:54:56 PM Request Issued
03/08/2022 10:54:56 PM Blocked
03/08/2022 11:24:56 PM Starting new HTTPS connection (1): www.instagram.com:443
03/08/2022 11:24:57 PM https://www.instagram.com:443 "GET /p/6RNrriBsRu/ HTTP/1.1" 302 0
03/08/2022 11:24:57 PM Request Issued
03/08/2022 11:24:57 PM Blocked
03/08/2022 11:54:57 PM Starting new HTTPS connection (1): www.instagram.com:443
03/08/2022 11:54:57 PM https://www.instagram.com:443 "GET /p/6RNrriBsRu/ HTTP/1.1" 302 0
03/08/2022 11:54:57 PM Request Issued
03/08/2022 11:54:57 PM Blocked
03/09/2022 12:24:57 AM Starting new HTTPS connection (1): www.instagram.com:443
03/09/2022 12:24:57 AM https://www.instagram.com:443 "GET /p/6RNrriBsRu/ HTTP/1.1" 404 90762
03/09/2022 12:24:57 AM Request Issued
03/09/2022 12:24:57 AM Block ID: 3, Block period: 36011 seconds
03/09/2022 12:24:57 AM Blocked = False, Block period ended
03/09/2022 12:29:58 AM Starting new HTTPS connection (1): www.instagram.com:443
03/09/2022 12:29:59 AM https://www.instagram.com:443 "GET /p/6SD14mkFsp/ HTTP/1.1" 404 90762
03/09/2022 12:29:59 AM Request Issued
03/09/2022 12:35:00 AM Starting new HTTPS connection (1): www.instagram.com:443
03/09/2022 12:35:01 AM https://www.instagram.com:443 "GET /p/6slvGRMwAu/ HTTP/1.1" 200 30306
03/09/2022 12:35:01 AM Request Issued
03/09/2022 12:35:01 AM Blocked = False, Response recieved
03/09/2022 12:40:01 AM Starting new HTTPS connection (1): www.instagram.com:443
03/09/2022 12:40:01 AM https://www.instagram.com:443 "GET /p/6SZNhvxBQi/ HTTP/1.1" 302 0
03/09/2022 12:40:01 AM Request Issued
03/09/2022 12:40:01 AM Blocked
03/09/2022 12:40:01 AM Blocked = True, Entering the block period
03/09/2022 01:10:01 AM Starting new HTTPS connection (1): www.instagram.com:443
03/09/2022 01:10:01 AM https://www.instagram.com:443 "GET /p/6SZNhvxBQi/ HTTP/1.1" 302 0
03/09/2022 01:10:01 AM Request Issued
03/09/2022 01:10:01 AM Blocked
03/09/2022 01:40:02 AM Starting new HTTPS connection (1): www.instagram.com:443
03/09/2022 01:40:02 AM https://www.instagram.com:443 "GET /p/6SZNhvxBQi/ HTTP/1.1" 302 0
03/09/2022 01:40:02 AM Request Issued
03/09/2022 01:40:02 AM Blocked
03/09/2022 02:10:02 AM Starting new HTTPS connection (1): www.instagram.com:443
03/09/2022 02:10:02 AM https://www.instagram.com:443 "GET /p/6SZNhvxBQi/ HTTP/1.1" 302 0
03/09/2022 02:10:02 AM Request Issued
03/09/2022 02:10:02 AM Blocked
03/09/2022 02:40:02 AM Starting new HTTPS connection (1): www.instagram.com:443
03/09/2022 02:40:02 AM https://www.instagram.com:443 "GET /p/6SZNhvxBQi/ HTTP/1.1" 302 0
03/09/2022 02:40:02 AM Request Issued
03/09/2022 02:40:02 AM Blocked
03/09/2022 03:10:02 AM Starting new HTTPS connection (1): www.instagram.com:443
03/09/2022 03:10:03 AM https://www.instagram.com:443 "GET /p/6SZNhvxBQi/ HTTP/1.1" 302 0
03/09/2022 03:10:03 AM Request Issued
03/09/2022 03:10:03 AM Blocked
03/09/2022 03:40:03 AM Starting new HTTPS connection (1): www.instagram.com:443
03/09/2022 03:40:03 AM https://www.instagram.com:443 "GET /p/6SZNhvxBQi/ HTTP/1.1" 302 0
03/09/2022 03:40:03 AM Request Issued
03/09/2022 03:40:03 AM Blocked
03/09/2022 04:10:03 AM Starting new HTTPS connection (1): www.instagram.com:443
03/09/2022 04:10:03 AM https://www.instagram.com:443 "GET /p/6SZNhvxBQi/ HTTP/1.1" 302 0
03/09/2022 04:10:03 AM Request Issued
03/09/2022 04:10:03 AM Blocked
03/09/2022 04:40:03 AM Starting new HTTPS connection (1): www.instagram.com:443
03/09/2022 04:40:03 AM https://www.instagram.com:443 "GET /p/6SZNhvxBQi/ HTTP/1.1" 302 0
03/09/2022 04:40:03 AM Request Issued
03/09/2022 04:40:03 AM Blocked
03/09/2022 05:10:04 AM Starting new HTTPS connection (1): www.instagram.com:443
03/09/2022 05:10:04 AM https://www.instagram.com:443 "GET /p/6SZNhvxBQi/ HTTP/1.1" 302 0
03/09/2022 05:10:04 AM Request Issued
03/09/2022 05:10:04 AM Blocked
03/09/2022 05:40:04 AM Starting new HTTPS connection (1): www.instagram.com:443
03/09/2022 05:40:04 AM https://www.instagram.com:443 "GET /p/6SZNhvxBQi/ HTTP/1.1" 302 0
03/09/2022 05:40:04 AM Request Issued
03/09/2022 05:40:04 AM Blocked
03/09/2022 06:10:04 AM Starting new HTTPS connection (1): www.instagram.com:443
03/09/2022 06:10:04 AM https://www.instagram.com:443 "GET /p/6SZNhvxBQi/ HTTP/1.1" 302 0
03/09/2022 06:10:04 AM Request Issued
03/09/2022 06:10:04 AM Blocked
03/09/2022 06:40:04 AM Starting new HTTPS connection (1): www.instagram.com:443
03/09/2022 06:40:04 AM https://www.instagram.com:443 "GET /p/6SZNhvxBQi/ HTTP/1.1" 302 0
03/09/2022 06:40:04 AM Request Issued
03/09/2022 06:40:04 AM Blocked
03/09/2022 07:10:04 AM Starting new HTTPS connection (1): www.instagram.com:443
03/09/2022 07:10:05 AM https://www.instagram.com:443 "GET /p/6SZNhvxBQi/ HTTP/1.1" 302 0
03/09/2022 07:10:05 AM Request Issued
03/09/2022 07:10:05 AM Blocked
03/09/2022 07:40:05 AM Starting new HTTPS connection (1): www.instagram.com:443
03/09/2022 07:40:05 AM https://www.instagram.com:443 "GET /p/6SZNhvxBQi/ HTTP/1.1" 302 0
03/09/2022 07:40:05 AM Request Issued
03/09/2022 07:40:05 AM Blocked
03/09/2022 08:10:05 AM Starting new HTTPS connection (1): www.instagram.com:443
03/09/2022 08:10:06 AM https://www.instagram.com:443 "GET /p/6SZNhvxBQi/ HTTP/1.1" 302 0
03/09/2022 08:10:06 AM Request Issued
03/09/2022 08:10:06 AM Blocked
03/09/2022 08:40:06 AM Starting new HTTPS connection (1): www.instagram.com:443
03/09/2022 08:40:06 AM https://www.instagram.com:443 "GET /p/6SZNhvxBQi/ HTTP/1.1" 302 0
03/09/2022 08:40:06 AM Request Issued
03/09/2022 08:40:06 AM Blocked
03/09/2022 09:10:06 AM Starting new HTTPS connection (1): www.instagram.com:443
03/09/2022 09:10:06 AM https://www.instagram.com:443 "GET /p/6SZNhvxBQi/ HTTP/1.1" 302 0
03/09/2022 09:10:06 AM Request Issued
03/09/2022 09:10:06 AM Blocked
03/09/2022 09:40:06 AM Starting new HTTPS connection (1): www.instagram.com:443
03/09/2022 09:40:06 AM https://www.instagram.com:443 "GET /p/6SZNhvxBQi/ HTTP/1.1" 302 0
03/09/2022 09:40:06 AM Request Issued
03/09/2022 09:40:06 AM Blocked
03/09/2022 10:10:07 AM Starting new HTTPS connection (1): www.instagram.com:443
03/09/2022 10:10:07 AM https://www.instagram.com:443 "GET /p/6SZNhvxBQi/ HTTP/1.1" 302 0
03/09/2022 10:10:07 AM Request Issued
03/09/2022 10:10:07 AM Blocked
03/09/2022 10:40:07 AM Starting new HTTPS connection (1): www.instagram.com:443
03/09/2022 10:40:08 AM https://www.instagram.com:443 "GET /p/6SZNhvxBQi/ HTTP/1.1" 302 0
03/09/2022 10:40:08 AM Request Issued
03/09/2022 10:40:08 AM Blocked
03/09/2022 11:10:08 AM Starting new HTTPS connection (1): www.instagram.com:443
03/09/2022 11:10:09 AM https://www.instagram.com:443 "GET /p/6SZNhvxBQi/ HTTP/1.1" 302 0
03/09/2022 11:10:09 AM Request Issued
03/09/2022 11:10:09 AM Blocked
03/09/2022 11:40:09 AM Starting new HTTPS connection (1): www.instagram.com:443
03/09/2022 11:40:09 AM https://www.instagram.com:443 "GET /p/6SZNhvxBQi/ HTTP/1.1" 302 0
03/09/2022 11:40:09 AM Request Issued
03/09/2022 11:40:09 AM Blocked
03/09/2022 12:10:09 PM Starting new HTTPS connection (1): www.instagram.com:443
03/09/2022 12:10:09 PM https://www.instagram.com:443 "GET /p/6SZNhvxBQi/ HTTP/1.1" 302 0
03/09/2022 12:10:09 PM Request Issued
03/09/2022 12:10:09 PM Blocked
03/09/2022 12:40:09 PM Starting new HTTPS connection (1): www.instagram.com:443
03/09/2022 12:40:10 PM https://www.instagram.com:443 "GET /p/6SZNhvxBQi/ HTTP/1.1" 302 0
03/09/2022 12:40:10 PM Request Issued
03/09/2022 12:40:10 PM Blocked
03/09/2022 01:10:10 PM Starting new HTTPS connection (1): www.instagram.com:443
03/09/2022 01:10:11 PM https://www.instagram.com:443 "GET /p/6SZNhvxBQi/ HTTP/1.1" 302 0
03/09/2022 01:10:11 PM Request Issued
03/09/2022 01:10:11 PM Blocked
03/09/2022 01:40:11 PM Starting new HTTPS connection (1): www.instagram.com:443
03/09/2022 01:40:31 PM https://www.instagram.com:443 "GET /p/6SZNhvxBQi/ HTTP/1.1" 560 0
03/09/2022 01:40:31 PM Request Issued
03/09/2022 01:40:31 PM Block ID: 4, Block period: 46830 seconds
03/09/2022 01:40:31 PM Blocked = False, Block period ended
03/09/2022 01:45:31 PM Starting new HTTPS connection (1): www.instagram.com:443
03/09/2022 01:45:32 PM https://www.instagram.com:443 "GET /p/6UDqBkn4L5/ HTTP/1.1" 200 30256
03/09/2022 01:45:32 PM Request Issued
03/09/2022 01:45:32 PM Blocked = False, Response recieved
03/09/2022 01:50:33 PM Starting new HTTPS connection (1): www.instagram.com:443
03/09/2022 01:50:34 PM https://www.instagram.com:443 "GET /p/6uwGeVJlFr/ HTTP/1.1" 200 29971
03/09/2022 01:50:34 PM Request Issued
03/09/2022 01:50:34 PM Blocked = False, Response recieved
03/09/2022 01:55:34 PM Starting new HTTPS connection (1): www.instagram.com:443
03/09/2022 01:55:35 PM https://www.instagram.com:443 "GET /p/6V6HmlokJo/ HTTP/1.1" 200 34010
03/09/2022 01:55:35 PM Request Issued
03/09/2022 01:55:35 PM Blocked = False, Response recieved
03/09/2022 02:00:36 PM Starting new HTTPS connection (1): www.instagram.com:443
03/09/2022 02:00:37 PM https://www.instagram.com:443 "GET /p/6VgMrlL00z/ HTTP/1.1" 200 33513
03/09/2022 02:00:37 PM Request Issued
03/09/2022 02:00:37 PM Blocked = False, Response recieved
03/09/2022 02:05:38 PM Starting new HTTPS connection (1): www.instagram.com:443
03/09/2022 02:05:38 PM https://www.instagram.com:443 "GET /p/6XxGUgQfuF/ HTTP/1.1" 302 0
03/09/2022 02:05:38 PM Request Issued
03/09/2022 02:05:38 PM Blocked
03/09/2022 02:05:38 PM Blocked = True, Entering the block period
03/09/2022 02:35:38 PM Starting new HTTPS connection (1): www.instagram.com:443
03/09/2022 02:35:38 PM https://www.instagram.com:443 "GET /p/6XxGUgQfuF/ HTTP/1.1" 302 0
03/09/2022 02:35:38 PM Request Issued
03/09/2022 02:35:38 PM Blocked
03/09/2022 03:05:38 PM Starting new HTTPS connection (1): www.instagram.com:443
03/09/2022 03:05:38 PM https://www.instagram.com:443 "GET /p/6XxGUgQfuF/ HTTP/1.1" 302 0
03/09/2022 03:05:38 PM Request Issued
03/09/2022 03:05:38 PM Blocked
03/09/2022 03:35:38 PM Starting new HTTPS connection (1): www.instagram.com:443
03/09/2022 03:35:39 PM https://www.instagram.com:443 "GET /p/6XxGUgQfuF/ HTTP/1.1" 302 0
03/09/2022 03:35:39 PM Request Issued
03/09/2022 03:35:39 PM Blocked
03/09/2022 06:05:25 PM Starting new HTTPS connection (1): www.instagram.com:443
03/09/2022 06:05:25 PM https://www.instagram.com:443 "GET /p/6XxGUgQfuF/ HTTP/1.1" 302 0
03/09/2022 06:05:25 PM Request Issued
03/09/2022 06:05:25 PM Blocked
03/09/2022 06:35:25 PM Starting new HTTPS connection (1): www.instagram.com:443
03/09/2022 06:35:25 PM https://www.instagram.com:443 "GET /p/6XxGUgQfuF/ HTTP/1.1" 302 0
03/09/2022 06:35:25 PM Request Issued
03/09/2022 06:35:25 PM Blocked
03/09/2022 07:05:25 PM Starting new HTTPS connection (1): www.instagram.com:443
03/09/2022 07:05:25 PM https://www.instagram.com:443 "GET /p/6XxGUgQfuF/ HTTP/1.1" 302 0
03/09/2022 07:05:25 PM Request Issued
03/09/2022 07:05:25 PM Blocked
03/09/2022 07:35:25 PM Starting new HTTPS connection (1): www.instagram.com:443
03/09/2022 07:35:26 PM https://www.instagram.com:443 "GET /p/6XxGUgQfuF/ HTTP/1.1" 302 0
03/09/2022 07:35:26 PM Request Issued
03/09/2022 07:35:26 PM Blocked
03/09/2022 08:05:26 PM Starting new HTTPS connection (1): www.instagram.com:443
03/09/2022 08:05:26 PM https://www.instagram.com:443 "GET /p/6XxGUgQfuF/ HTTP/1.1" 302 0
03/09/2022 08:05:26 PM Request Issued
03/09/2022 08:05:26 PM Blocked
03/09/2022 08:35:26 PM Starting new HTTPS connection (1): www.instagram.com:443
03/09/2022 08:35:26 PM https://www.instagram.com:443 "GET /p/6XxGUgQfuF/ HTTP/1.1" 302 0
03/09/2022 08:35:26 PM Request Issued
03/09/2022 08:35:26 PM Blocked
03/09/2022 09:05:26 PM Starting new HTTPS connection (1): www.instagram.com:443
03/09/2022 09:05:26 PM https://www.instagram.com:443 "GET /p/6XxGUgQfuF/ HTTP/1.1" 302 0
03/09/2022 09:05:26 PM Request Issued
03/09/2022 09:05:26 PM Blocked
03/09/2022 09:35:27 PM Starting new HTTPS connection (1): www.instagram.com:443
03/09/2022 09:35:27 PM https://www.instagram.com:443 "GET /p/6XxGUgQfuF/ HTTP/1.1" 302 0
03/09/2022 09:35:27 PM Request Issued
03/09/2022 09:35:27 PM Blocked
03/09/2022 10:05:28 PM Starting new HTTPS connection (1): www.instagram.com:443
03/09/2022 10:05:28 PM https://www.instagram.com:443 "GET /p/6XxGUgQfuF/ HTTP/1.1" 302 0
03/09/2022 10:05:28 PM Request Issued
03/09/2022 10:05:28 PM Blocked
03/09/2022 10:35:28 PM Starting new HTTPS connection (1): www.instagram.com:443
03/09/2022 10:35:28 PM https://www.instagram.com:443 "GET /p/6XxGUgQfuF/ HTTP/1.1" 302 0
03/09/2022 10:35:28 PM Request Issued
03/09/2022 10:35:28 PM Blocked
03/09/2022 11:05:28 PM Starting new HTTPS connection (1): www.instagram.com:443
03/09/2022 11:05:28 PM https://www.instagram.com:443 "GET /p/6XxGUgQfuF/ HTTP/1.1" 302 0
03/09/2022 11:05:28 PM Request Issued
03/09/2022 11:05:28 PM Blocked
03/09/2022 11:35:28 PM Starting new HTTPS connection (1): www.instagram.com:443
03/09/2022 11:35:29 PM https://www.instagram.com:443 "GET /p/6XxGUgQfuF/ HTTP/1.1" 302 0
03/09/2022 11:35:29 PM Request Issued
03/09/2022 11:35:29 PM Blocked
03/10/2022 12:05:29 AM Starting new HTTPS connection (1): www.instagram.com:443
03/10/2022 12:05:29 AM https://www.instagram.com:443 "GET /p/6XxGUgQfuF/ HTTP/1.1" 302 0
03/10/2022 12:05:29 AM Request Issued
03/10/2022 12:05:29 AM Blocked
03/10/2022 12:35:29 AM Starting new HTTPS connection (1): www.instagram.com:443
03/10/2022 12:35:29 AM https://www.instagram.com:443 "GET /p/6XxGUgQfuF/ HTTP/1.1" 302 0
03/10/2022 12:35:29 AM Request Issued
03/10/2022 12:35:29 AM Blocked
03/10/2022 01:17:26 AM Starting new HTTPS connection (1): www.instagram.com:443
03/10/2022 01:17:26 AM https://www.instagram.com:443 "GET /p/6XxGUgQfuF/ HTTP/1.1" 302 0
03/10/2022 01:17:26 AM Request Issued
03/10/2022 01:17:26 AM Blocked
03/10/2022 01:47:27 AM Starting new HTTPS connection (1): www.instagram.com:443
03/10/2022 01:47:27 AM https://www.instagram.com:443 "GET /p/6XxGUgQfuF/ HTTP/1.1" 302 0
03/10/2022 01:47:27 AM Request Issued
03/10/2022 01:47:27 AM Blocked
03/10/2022 02:17:27 AM Starting new HTTPS connection (1): www.instagram.com:443
03/10/2022 02:17:27 AM https://www.instagram.com:443 "GET /p/6XxGUgQfuF/ HTTP/1.1" 302 0
03/10/2022 02:17:27 AM Request Issued
03/10/2022 02:17:27 AM Blocked
03/10/2022 02:47:35 AM Starting new HTTPS connection (1): www.instagram.com:443
03/10/2022 02:47:36 AM https://www.instagram.com:443 "GET /p/6XxGUgQfuF/ HTTP/1.1" 302 0
03/10/2022 02:47:36 AM Request Issued
03/10/2022 02:47:36 AM Blocked
03/10/2022 03:17:37 AM Starting new HTTPS connection (1): www.instagram.com:443
03/10/2022 03:17:37 AM https://www.instagram.com:443 "GET /p/6XxGUgQfuF/ HTTP/1.1" 302 0
03/10/2022 03:17:37 AM Request Issued
03/10/2022 03:17:37 AM Blocked
03/10/2022 03:47:37 AM Starting new HTTPS connection (1): www.instagram.com:443
03/10/2022 03:47:37 AM https://www.instagram.com:443 "GET /p/6XxGUgQfuF/ HTTP/1.1" 302 0
03/10/2022 03:47:37 AM Request Issued
03/10/2022 03:47:37 AM Blocked
03/10/2022 04:17:37 AM Starting new HTTPS connection (1): www.instagram.com:443
03/10/2022 04:17:37 AM https://www.instagram.com:443 "GET /p/6XxGUgQfuF/ HTTP/1.1" 302 0
03/10/2022 04:17:37 AM Request Issued
03/10/2022 04:17:37 AM Blocked
03/10/2022 04:47:37 AM Starting new HTTPS connection (1): www.instagram.com:443
03/10/2022 04:47:37 AM https://www.instagram.com:443 "GET /p/6XxGUgQfuF/ HTTP/1.1" 302 0
03/10/2022 04:47:37 AM Request Issued
03/10/2022 04:47:37 AM Blocked
03/10/2022 05:17:37 AM Starting new HTTPS connection (1): www.instagram.com:443
03/10/2022 05:17:38 AM https://www.instagram.com:443 "GET /p/6XxGUgQfuF/ HTTP/1.1" 302 0
03/10/2022 05:17:38 AM Request Issued
03/10/2022 05:17:38 AM Blocked
03/10/2022 05:47:38 AM Starting new HTTPS connection (1): www.instagram.com:443
03/10/2022 05:47:38 AM https://www.instagram.com:443 "GET /p/6XxGUgQfuF/ HTTP/1.1" 302 0
03/10/2022 05:47:38 AM Request Issued
03/10/2022 05:47:38 AM Blocked
03/10/2022 06:17:38 AM Starting new HTTPS connection (1): www.instagram.com:443
03/10/2022 06:17:39 AM https://www.instagram.com:443 "GET /p/6XxGUgQfuF/ HTTP/1.1" 404 90135
03/10/2022 06:17:39 AM Request Issued
03/10/2022 06:17:39 AM Block ID: 5, Block period: 58321 seconds
03/10/2022 06:17:39 AM Blocked = False, Block period ended
03/10/2022 06:22:40 AM Starting new HTTPS connection (1): www.instagram.com:443
03/10/2022 06:22:40 AM https://www.instagram.com:443 "GET /p/6XZvSOuU4f/ HTTP/1.1" 404 90135
03/10/2022 06:22:41 AM Request Issued
03/10/2022 06:27:41 AM Starting new HTTPS connection (1): www.instagram.com:443
03/10/2022 06:27:42 AM https://www.instagram.com:443 "GET /p/6ykQ8wyFHC/ HTTP/1.1" 200 33745
03/10/2022 06:27:42 AM Request Issued
03/10/2022 06:27:42 AM Blocked = False, Response recieved
03/10/2022 06:32:43 AM Starting new HTTPS connection (1): www.instagram.com:443
03/10/2022 06:32:43 AM https://www.instagram.com:443 "GET /p/6yOaNqo1x2/ HTTP/1.1" 302 0
03/10/2022 06:32:43 AM Request Issued
03/10/2022 06:32:43 AM Blocked
03/10/2022 06:32:43 AM Blocked = True, Entering the block period
03/10/2022 07:02:43 AM Starting new HTTPS connection (1): www.instagram.com:443
03/10/2022 07:02:44 AM https://www.instagram.com:443 "GET /p/6yOaNqo1x2/ HTTP/1.1" 200 29488
03/10/2022 07:02:44 AM Request Issued
03/10/2022 07:02:44 AM Block ID: 6, Block period: 1801 seconds
03/10/2022 07:02:44 AM Blocked = False, Block period ended
03/10/2022 07:07:46 AM Starting new HTTPS connection (1): www.instagram.com:443
03/10/2022 07:07:46 AM https://www.instagram.com:443 "GET /p/73hQevN6JC/ HTTP/1.1" 302 0
03/10/2022 07:07:46 AM Request Issued
03/10/2022 07:07:46 AM Blocked
03/10/2022 07:07:46 AM Blocked = True, Entering the block period
03/10/2022 07:37:46 AM Starting new HTTPS connection (1): www.instagram.com:443
03/10/2022 07:37:46 AM https://www.instagram.com:443 "GET /p/73hQevN6JC/ HTTP/1.1" 302 0
03/10/2022 07:37:46 AM Request Issued
03/10/2022 07:37:46 AM Blocked
03/11/2022 06:41:28 PM Starting new HTTPS connection (1): www.instagram.com:443
03/11/2022 06:41:29 PM https://www.instagram.com:443 "GET /p/73hQevN6JC/ HTTP/1.1" 404 89902
03/11/2022 06:41:29 PM Request Issued
03/11/2022 06:41:29 PM Block ID: 7, Block period: 41623 seconds
03/11/2022 06:41:29 PM Blocked = False, Block period ended
