03/24/2022 09:14:34 AM Started
03/24/2022 09:14:34 AM Shortcode list obtained
03/24/2022 09:14:34 AM Starting new HTTPS connection (1): www.instagram.com:443
03/24/2022 09:18:39 AM Started
03/24/2022 09:18:39 AM Shortcode list obtained
03/24/2022 09:18:39 AM Starting new HTTPS connection (1): www.instagram.com:443
03/24/2022 09:19:27 AM Started
03/24/2022 09:19:27 AM Shortcode list obtained
03/24/2022 09:19:27 AM Starting new HTTPS connection (1): www.instagram.com:443
03/24/2022 09:20:50 AM Started
03/24/2022 09:20:50 AM Shortcode list obtained
03/24/2022 09:20:50 AM Starting new HTTPS connection (1): www.instagram.com:443
03/24/2022 09:21:42 AM https://www.instagram.com:443 "GET /p/sC7I6kEM7w/ HTTP/1.1" 404 91452
03/24/2022 09:21:46 AM Request Issued
03/24/2022 09:21:56 AM Starting new HTTPS connection (1): www.instagram.com:443
03/24/2022 09:22:31 AM https://www.instagram.com:443 "GET /p/sCDoi8BWjQ/ HTTP/1.1" 200 30138
03/24/2022 09:22:34 AM Request Issued
03/24/2022 09:22:34 AM Blocked = False, Response recieved
03/24/2022 09:22:45 AM Starting new HTTPS connection (1): www.instagram.com:443
03/24/2022 09:23:50 AM Started
03/24/2022 09:23:50 AM Shortcode list obtained
03/24/2022 09:23:50 AM Starting new HTTPS connection (1): www.instagram.com:443
03/24/2022 09:31:31 AM Started
03/24/2022 09:31:31 AM Shortcode list obtained
03/24/2022 09:31:31 AM Starting new HTTPS connection (1): www.instagram.com:443
03/24/2022 09:31:36 AM https://www.instagram.com:443 "GET /p/scl0D3qup6/ HTTP/1.1" 200 33769
03/24/2022 09:31:42 AM Request Issued
03/24/2022 09:31:42 AM Blocked = False, Response recieved
03/24/2022 09:31:53 AM Starting new HTTPS connection (1): www.instagram.com:443
03/24/2022 09:32:03 AM https://www.instagram.com:443 "GET /p/scpEy3Bbo8/ HTTP/1.1" 302 0
03/24/2022 09:32:03 AM Request Issued
03/24/2022 09:32:03 AM Blocked
03/24/2022 09:32:03 AM Blocked = True, Entering the block period
03/24/2022 09:33:03 AM Started
03/24/2022 09:33:03 AM Shortcode list obtained
03/24/2022 09:33:03 AM Starting new HTTPS connection (1): www.instagram.com:443
03/24/2022 09:35:22 AM https://www.instagram.com:443 "GET /p/scpEy3Bbo8/ HTTP/1.1" 404 91374
03/24/2022 09:35:26 AM Request Issued
03/24/2022 09:35:37 AM Starting new HTTPS connection (1): www.instagram.com:443
03/24/2022 09:35:41 AM https://www.instagram.com:443 "GET /p/sD4VTFF6G1/ HTTP/1.1" 200 30477
03/24/2022 09:35:42 AM Request Issued
03/24/2022 09:35:42 AM Blocked = False, Response recieved
03/24/2022 09:35:53 AM Starting new HTTPS connection (1): www.instagram.com:443
03/24/2022 09:38:21 AM https://www.instagram.com:443 "GET /p/sDH2vaNiAj/ HTTP/1.1" 200 30372
03/24/2022 09:38:21 AM Request Issued
03/24/2022 09:38:21 AM Blocked = False, Response recieved
03/24/2022 09:38:31 AM Starting new HTTPS connection (1): www.instagram.com:443
03/24/2022 09:38:34 AM https://www.instagram.com:443 "GET /p/sdLK5XRYr1/ HTTP/1.1" 200 33964
03/24/2022 09:38:35 AM Request Issued
03/24/2022 09:38:35 AM Blocked = False, Response recieved
03/24/2022 09:38:45 AM Starting new HTTPS connection (1): www.instagram.com:443
03/24/2022 09:38:46 AM https://www.instagram.com:443 "GET /p/sdo4UETRYP/ HTTP/1.1" 200 30222
03/24/2022 09:38:47 AM Request Issued
03/24/2022 09:38:47 AM Blocked = False, Response recieved
03/24/2022 09:38:58 AM Starting new HTTPS connection (1): www.instagram.com:443
03/24/2022 09:39:00 AM https://www.instagram.com:443 "GET /p/sdSLySKva3/ HTTP/1.1" 302 0
03/24/2022 09:39:00 AM Request Issued
03/24/2022 09:39:00 AM Blocked
03/24/2022 09:39:00 AM Blocked = True, Entering the block period
03/24/2022 09:41:01 AM Started
03/24/2022 09:41:01 AM Shortcode list obtained
03/24/2022 09:41:01 AM Starting new HTTPS connection (1): www.instagram.com:443
03/24/2022 09:41:45 AM Started
03/24/2022 09:41:45 AM Shortcode list obtained
03/24/2022 09:41:45 AM Starting new HTTPS connection (1): www.instagram.com:443
03/24/2022 09:42:28 AM Started
03/24/2022 09:42:28 AM Shortcode list obtained
03/24/2022 09:42:28 AM Starting new HTTPS connection (1): www.instagram.com:443
03/24/2022 09:42:29 AM https://www.instagram.com:443 "GET /p/sdSLySKva3/ HTTP/1.1" 302 0
03/24/2022 09:42:29 AM Request Issued
03/24/2022 09:42:29 AM Blocked
03/24/2022 09:42:29 AM Blocked = True, Entering the block period
03/25/2022 09:01:44 AM Started
03/25/2022 09:01:44 AM Shortcode list obtained
03/25/2022 09:01:44 AM Starting new HTTPS connection (1): www.instagram.com:443
03/25/2022 09:01:45 AM https://www.instagram.com:443 "GET /p/sdSLySKva3/ HTTP/1.1" 200 34235
03/25/2022 09:01:45 AM Request Issued
03/25/2022 09:01:45 AM Blocked = False, Response recieved
03/25/2022 09:01:56 AM Starting new HTTPS connection (1): www.instagram.com:443
03/25/2022 09:01:56 AM https://www.instagram.com:443 "GET /p/sDVfvUriuf/ HTTP/1.1" 302 0
03/25/2022 09:01:56 AM Request Issued
03/25/2022 09:01:56 AM Blocked
03/25/2022 09:01:56 AM Blocked = True, Entering the block period
03/25/2022 09:02:22 AM Started
03/25/2022 09:02:22 AM Shortcode list obtained
03/25/2022 09:02:22 AM Starting new HTTPS connection (1): www.instagram.com:443
03/25/2022 09:02:24 AM https://www.instagram.com:443 "GET /p/sDVfvUriuf/ HTTP/1.1" 200 33525
03/25/2022 09:02:24 AM Request Issued
03/25/2022 09:02:24 AM Blocked = False, Response recieved
03/25/2022 09:02:34 AM Starting new HTTPS connection (1): www.instagram.com:443
03/25/2022 09:02:36 AM https://www.instagram.com:443 "GET /p/se0loBqzZy/ HTTP/1.1" 200 34502
03/25/2022 09:02:36 AM Request Issued
03/25/2022 09:02:36 AM Blocked = False, Response recieved
03/25/2022 09:02:46 AM Starting new HTTPS connection (1): www.instagram.com:443
03/25/2022 09:02:47 AM https://www.instagram.com:443 "GET /p/se8dVDt6sa/ HTTP/1.1" 200 30036
03/25/2022 09:02:47 AM Request Issued
03/25/2022 09:02:47 AM Blocked = False, Response recieved
03/25/2022 09:02:58 AM Starting new HTTPS connection (1): www.instagram.com:443
03/25/2022 09:02:58 AM https://www.instagram.com:443 "GET /p/sebc0HtNAT/ HTTP/1.1" 302 0
03/25/2022 09:02:58 AM Request Issued
03/25/2022 09:02:58 AM Blocked
03/25/2022 09:02:58 AM Blocked = True, Entering the block period
03/25/2022 09:03:05 AM Started
03/25/2022 09:03:05 AM Shortcode list obtained
03/25/2022 09:03:05 AM Starting new HTTPS connection (1): www.instagram.com:443
03/25/2022 09:05:22 AM https://www.instagram.com:443 "GET /p/sebc0HtNAT/ HTTP/1.1" 200 31373
03/25/2022 09:05:22 AM Request Issued
03/25/2022 09:05:22 AM Blocked = False, Response recieved
03/25/2022 09:05:32 AM Starting new HTTPS connection (1): www.instagram.com:443
03/25/2022 09:05:33 AM https://www.instagram.com:443 "GET /p/seemK6qW1I/ HTTP/1.1" 404 92144
03/25/2022 09:05:34 AM Request Issued
03/25/2022 09:05:44 AM Starting new HTTPS connection (1): www.instagram.com:443
03/25/2022 09:05:45 AM https://www.instagram.com:443 "GET /p/sEIDspOCuU/ HTTP/1.1" 200 30690
03/25/2022 09:05:45 AM Request Issued
03/25/2022 09:05:45 AM Blocked = False, Response recieved
03/25/2022 09:05:56 AM Starting new HTTPS connection (1): www.instagram.com:443
03/25/2022 09:05:57 AM https://www.instagram.com:443 "GET /p/sEVhuYnpUP/ HTTP/1.1" 200 33573
03/25/2022 09:05:57 AM Request Issued
03/25/2022 09:05:57 AM Blocked = False, Response recieved
03/25/2022 09:06:07 AM Starting new HTTPS connection (1): www.instagram.com:443
03/25/2022 09:06:08 AM https://www.instagram.com:443 "GET /p/sEZXlHrzaU/ HTTP/1.1" 302 0
03/25/2022 09:06:08 AM Request Issued
03/25/2022 09:06:08 AM Blocked
03/25/2022 09:06:08 AM Blocked = True, Entering the block period
03/25/2022 09:14:59 AM Started
03/25/2022 09:14:59 AM Shortcode list obtained
03/25/2022 09:14:59 AM Starting new HTTPS connection (1): www.instagram.com:443
03/25/2022 09:15:00 AM https://www.instagram.com:443 "GET /p/sEZXlHrzaU/ HTTP/1.1" 404 92219
03/25/2022 09:15:00 AM Request Issued
03/25/2022 09:15:10 AM Starting new HTTPS connection (1): www.instagram.com:443
03/25/2022 09:15:11 AM https://www.instagram.com:443 "GET /p/sfLsBbQ5ie/ HTTP/1.1" 200 32069
03/25/2022 09:15:11 AM Request Issued
03/25/2022 09:15:11 AM Blocked = False, Response recieved
03/25/2022 09:15:22 AM Starting new HTTPS connection (1): www.instagram.com:443
03/25/2022 09:15:24 AM https://www.instagram.com:443 "GET /p/sfOanGAu2S/ HTTP/1.1" 200 34339
03/25/2022 09:15:24 AM Request Issued
03/25/2022 09:15:24 AM Blocked = False, Response recieved
03/25/2022 09:15:34 AM Starting new HTTPS connection (1): www.instagram.com:443
03/25/2022 09:15:35 AM https://www.instagram.com:443 "GET /p/sfpxswSCbK/ HTTP/1.1" 302 0
03/25/2022 09:15:35 AM Request Issued
03/25/2022 09:15:35 AM Blocked
03/25/2022 09:15:35 AM Blocked = True, Entering the block period
03/25/2022 09:22:04 AM Started
03/25/2022 09:22:04 AM Shortcode list obtained
03/25/2022 09:22:04 AM Starting new HTTPS connection (1): www.instagram.com:443
03/25/2022 09:22:05 AM https://www.instagram.com:443 "GET /p/sfpxswSCbK/ HTTP/1.1" 404 92227
03/25/2022 09:22:06 AM Request Issued
03/25/2022 09:22:17 AM Starting new HTTPS connection (1): www.instagram.com:443
03/25/2022 09:22:18 AM https://www.instagram.com:443 "GET /p/sGhG7KSF2J/ HTTP/1.1" 404 92219
03/25/2022 09:22:20 AM Request Issued
03/25/2022 09:22:30 AM Starting new HTTPS connection (1): www.instagram.com:443
03/25/2022 09:22:31 AM https://www.instagram.com:443 "GET /p/sgolA9uRHX/ HTTP/1.1" 404 92150
03/25/2022 09:22:32 AM Request Issued
03/25/2022 09:22:43 AM Starting new HTTPS connection (1): www.instagram.com:443
03/25/2022 09:22:43 AM https://www.instagram.com:443 "GET /p/sH5NNuRW3T/ HTTP/1.1" 302 0
03/25/2022 09:22:43 AM Request Issued
03/25/2022 09:22:43 AM Blocked
03/25/2022 09:22:43 AM Blocked = True, Entering the block period
03/25/2022 09:24:45 AM Started
03/25/2022 09:24:45 AM Shortcode list obtained
03/25/2022 09:24:45 AM Starting new HTTPS connection (1): www.instagram.com:443
03/25/2022 09:24:54 AM Started
03/25/2022 09:24:54 AM Shortcode list obtained
03/25/2022 09:24:54 AM Starting new HTTPS connection (1): www.instagram.com:443
03/25/2022 09:24:55 AM https://www.instagram.com:443 "GET /p/sH5NNuRW3T/ HTTP/1.1" 200 32656
03/25/2022 09:24:56 AM Request Issued
03/25/2022 09:24:56 AM Blocked = False, Response recieved
03/25/2022 09:25:06 AM Starting new HTTPS connection (1): www.instagram.com:443
03/25/2022 09:25:07 AM https://www.instagram.com:443 "GET /p/SHEaGyKUfS/ HTTP/1.1" 404 92144
03/25/2022 09:25:10 AM Request Issued
03/25/2022 09:25:20 AM Starting new HTTPS connection (1): www.instagram.com:443
03/25/2022 09:25:20 AM https://www.instagram.com:443 "GET /p/shS7w9BtsS/ HTTP/1.1" 404 92150
03/25/2022 09:25:21 AM Request Issued
