03/26/2022 09:24:51 PM Started
03/26/2022 09:24:51 PM Shortcode list obtained
03/26/2022 09:24:51 PM Starting new HTTPS connection (1): www.instagram.com:443
03/26/2022 09:24:52 PM https://www.instagram.com:443 "GET /p/qHtkhxKhJ0/ HTTP/1.1" 200 33120
03/26/2022 09:24:52 PM Request Issued
03/26/2022 09:24:52 PM Blocked = False, Response recieved
03/26/2022 09:25:03 PM Starting new HTTPS connection (1): www.instagram.com:443
03/26/2022 09:25:03 PM https://www.instagram.com:443 "GET /p/qhZxdJGrpa/ HTTP/1.1" 302 0
03/26/2022 09:25:03 PM Request Issued
03/26/2022 09:25:03 PM Blocked
03/26/2022 09:25:03 PM Blocked = True, Entering the block period
03/26/2022 09:25:18 PM Started
03/26/2022 09:25:18 PM Shortcode list obtained
03/26/2022 09:25:18 PM Starting new HTTPS connection (1): www.instagram.com:443
03/26/2022 09:25:19 PM https://www.instagram.com:443 "GET /p/qhZxdJGrpa/ HTTP/1.1" 200 32369
03/26/2022 09:25:19 PM Request Issued
03/26/2022 09:25:19 PM Blocked = False, Response recieved
03/26/2022 09:25:30 PM Starting new HTTPS connection (1): www.instagram.com:443
03/26/2022 09:25:31 PM https://www.instagram.com:443 "GET /p/qiR50IpP9v/ HTTP/1.1" 200 34441
03/26/2022 09:25:31 PM Request Issued
03/26/2022 09:25:31 PM Blocked = False, Response recieved
03/26/2022 09:25:42 PM Starting new HTTPS connection (1): www.instagram.com:443
03/26/2022 09:25:42 PM https://www.instagram.com:443 "GET /p/qJmxmKmEdY/ HTTP/1.1" 200 34151
03/26/2022 09:25:43 PM Request Issued
03/26/2022 09:25:43 PM Blocked = False, Response recieved
03/26/2022 09:25:53 PM Starting new HTTPS connection (1): www.instagram.com:443
03/26/2022 09:25:54 PM https://www.instagram.com:443 "GET /p/qjWZ3lEHxD/ HTTP/1.1" 302 0
03/26/2022 09:25:54 PM Request Issued
03/26/2022 09:25:54 PM Blocked
03/26/2022 09:25:54 PM Blocked = True, Entering the block period
03/26/2022 09:27:04 PM Started
03/26/2022 09:27:04 PM Shortcode list obtained
03/26/2022 09:27:04 PM Starting new HTTPS connection (1): www.instagram.com:443
03/26/2022 09:27:57 PM Started
03/26/2022 09:27:57 PM Shortcode list obtained
03/26/2022 09:27:57 PM Starting new HTTPS connection (1): www.instagram.com:443
03/26/2022 09:27:58 PM https://www.instagram.com:443 "GET /p/qjWZ3lEHxD/ HTTP/1.1" 404 92107
03/26/2022 09:27:58 PM Request Issued
03/26/2022 09:28:08 PM Starting new HTTPS connection (1): www.instagram.com:443
03/26/2022 09:28:09 PM https://www.instagram.com:443 "GET /p/qkgiY5kMOR/ HTTP/1.1" 200 33984
03/26/2022 09:28:09 PM Request Issued
03/26/2022 09:28:09 PM Blocked = False, Response recieved
03/26/2022 09:28:20 PM Starting new HTTPS connection (1): www.instagram.com:443
03/26/2022 09:28:21 PM https://www.instagram.com:443 "GET /p/qKUMaGgvkE/ HTTP/1.1" 200 34824
03/26/2022 09:28:21 PM Request Issued
03/26/2022 09:28:21 PM Blocked = False, Response recieved
03/26/2022 09:28:32 PM Starting new HTTPS connection (1): www.instagram.com:443
03/26/2022 09:28:32 PM https://www.instagram.com:443 "GET /p/QKWtOihdNi/ HTTP/1.1" 302 0
03/26/2022 09:28:32 PM Request Issued
03/26/2022 09:28:32 PM Blocked
03/26/2022 09:28:32 PM Blocked = True, Entering the block period
03/26/2022 09:29:24 PM Started
03/26/2022 09:29:24 PM Shortcode list obtained
03/26/2022 09:29:24 PM Starting new HTTPS connection (1): www.instagram.com:443
03/26/2022 09:29:25 PM https://www.instagram.com:443 "GET /p/QKWtOihdNi/ HTTP/1.1" 404 92226
03/26/2022 09:29:25 PM Request Issued
03/26/2022 09:29:36 PM Starting new HTTPS connection (1): www.instagram.com:443
03/26/2022 09:29:36 PM https://www.instagram.com:443 "GET /p/qLGbiGsSFL/ HTTP/1.1" 200 30672
03/26/2022 09:29:36 PM Request Issued
03/26/2022 09:29:36 PM Blocked = False, Response recieved
03/26/2022 09:29:47 PM Starting new HTTPS connection (1): www.instagram.com:443
03/26/2022 09:29:47 PM https://www.instagram.com:443 "GET /p/qlk91jEmCX/ HTTP/1.1" 404 92101
03/26/2022 09:29:48 PM Request Issued
03/26/2022 09:29:59 PM Starting new HTTPS connection (1): www.instagram.com:443
03/26/2022 09:29:59 PM https://www.instagram.com:443 "GET /p/qLNUAuqVlm/ HTTP/1.1" 302 0
03/26/2022 09:29:59 PM Request Issued
03/26/2022 09:29:59 PM Blocked
03/26/2022 09:29:59 PM Blocked = True, Entering the block period
03/26/2022 09:30:25 PM Started
03/26/2022 09:30:25 PM Shortcode list obtained
03/26/2022 09:30:25 PM Starting new HTTPS connection (1): www.instagram.com:443
03/26/2022 09:33:52 PM Started
03/26/2022 09:33:52 PM Shortcode list obtained
03/26/2022 09:33:52 PM Starting new HTTPS connection (1): www.instagram.com:443
03/26/2022 09:33:52 PM https://www.instagram.com:443 "GET /p/qLNUAuqVlm/ HTTP/1.1" 404 92183
03/26/2022 09:33:53 PM Request Issued
03/26/2022 09:34:03 PM Starting new HTTPS connection (1): www.instagram.com:443
03/26/2022 09:34:04 PM https://www.instagram.com:443 "GET /p/qLUfrwQzLO/ HTTP/1.1" 404 92186
03/26/2022 09:34:04 PM Request Issued
03/26/2022 09:34:15 PM Starting new HTTPS connection (1): www.instagram.com:443
03/26/2022 09:34:18 PM https://www.instagram.com:443 "GET /p/qMgQyVLd2m/ HTTP/1.1" 200 30296
03/26/2022 09:34:18 PM Request Issued
03/26/2022 09:34:18 PM Blocked = False, Response recieved
03/26/2022 09:34:28 PM Starting new HTTPS connection (1): www.instagram.com:443
03/26/2022 09:34:29 PM https://www.instagram.com:443 "GET /p/qmRrHZP9gS/ HTTP/1.1" 302 0
03/26/2022 09:34:29 PM Request Issued
03/26/2022 09:34:29 PM Blocked
03/26/2022 09:34:29 PM Blocked = True, Entering the block period
03/26/2022 09:35:32 PM Started
03/26/2022 09:35:32 PM Shortcode list obtained
03/26/2022 09:35:32 PM Starting new HTTPS connection (1): www.instagram.com:443
03/26/2022 09:37:51 PM Started
03/26/2022 09:37:51 PM Shortcode list obtained
03/26/2022 09:37:51 PM Starting new HTTPS connection (1): www.instagram.com:443
03/26/2022 09:42:31 PM Started
03/26/2022 09:42:31 PM Shortcode list obtained
03/26/2022 09:42:31 PM Starting new HTTPS connection (1): www.instagram.com:443
03/26/2022 09:42:32 PM https://www.instagram.com:443 "GET /p/qmRrHZP9gS/ HTTP/1.1" 200 34646
03/26/2022 09:42:32 PM Request Issued
03/26/2022 09:42:32 PM Blocked = False, Response recieved
03/26/2022 09:42:43 PM Starting new HTTPS connection (1): www.instagram.com:443
03/26/2022 09:42:44 PM https://www.instagram.com:443 "GET /p/qmy8xbGhEa/ HTTP/1.1" 200 29939
03/26/2022 09:42:44 PM Request Issued
03/26/2022 09:42:44 PM Blocked = False, Response recieved
03/26/2022 09:42:55 PM Starting new HTTPS connection (1): www.instagram.com:443
03/26/2022 09:42:55 PM https://www.instagram.com:443 "GET /p/qNCa1EK8KQ/ HTTP/1.1" 200 31044
03/26/2022 09:42:55 PM Request Issued
03/26/2022 09:42:55 PM Blocked = False, Response recieved
03/26/2022 09:43:06 PM Starting new HTTPS connection (1): www.instagram.com:443
03/26/2022 09:43:06 PM https://www.instagram.com:443 "GET /p/qNIjb5o9iv/ HTTP/1.1" 302 0
03/26/2022 09:43:06 PM Request Issued
03/26/2022 09:43:06 PM Blocked
03/26/2022 09:43:06 PM Blocked = True, Entering the block period
03/26/2022 09:43:25 PM Started
03/26/2022 09:43:25 PM Shortcode list obtained
03/26/2022 09:43:25 PM Starting new HTTPS connection (1): www.instagram.com:443
03/26/2022 09:43:26 PM https://www.instagram.com:443 "GET /p/qNIjb5o9iv/ HTTP/1.1" 200 32775
03/26/2022 09:43:26 PM Request Issued
03/26/2022 09:43:26 PM Blocked = False, Response recieved
03/26/2022 09:43:36 PM Starting new HTTPS connection (1): www.instagram.com:443
03/26/2022 09:43:37 PM https://www.instagram.com:443 "GET /p/qNKXThCr6i/ HTTP/1.1" 200 30894
03/26/2022 09:43:37 PM Request Issued
03/26/2022 09:43:37 PM Blocked = False, Response recieved
03/26/2022 09:43:47 PM Starting new HTTPS connection (1): www.instagram.com:443
03/26/2022 09:43:48 PM https://www.instagram.com:443 "GET /p/qnn4E8qdZD/ HTTP/1.1" 200 35481
03/26/2022 09:43:48 PM Request Issued
03/26/2022 09:43:48 PM Blocked = False, Response recieved
03/26/2022 09:43:58 PM Starting new HTTPS connection (1): www.instagram.com:443
03/26/2022 09:43:59 PM https://www.instagram.com:443 "GET /p/qNUGUPsyOc/ HTTP/1.1" 302 0
03/26/2022 09:43:59 PM Request Issued
03/26/2022 09:43:59 PM Blocked
03/26/2022 09:43:59 PM Blocked = True, Entering the block period
03/26/2022 09:45:00 PM Started
03/26/2022 09:45:00 PM Shortcode list obtained
03/26/2022 09:45:00 PM Starting new HTTPS connection (1): www.instagram.com:443
03/26/2022 09:45:01 PM https://www.instagram.com:443 "GET /p/qNUGUPsyOc/ HTTP/1.1" 200 33645
03/26/2022 09:45:01 PM Request Issued
03/26/2022 09:45:01 PM Blocked = False, Response recieved
03/26/2022 09:45:12 PM Starting new HTTPS connection (1): www.instagram.com:443
03/26/2022 09:45:13 PM https://www.instagram.com:443 "GET /p/qo5WgVA5gP/ HTTP/1.1" 404 92226
03/26/2022 09:45:13 PM Request Issued
03/26/2022 09:45:23 PM Starting new HTTPS connection (1): www.instagram.com:443
03/26/2022 09:45:24 PM https://www.instagram.com:443 "GET /p/qoeJI0C9fg/ HTTP/1.1" 200 34295
03/26/2022 09:45:24 PM Request Issued
03/26/2022 09:45:24 PM Blocked = False, Response recieved
03/26/2022 09:45:35 PM Starting new HTTPS connection (1): www.instagram.com:443
03/26/2022 09:45:36 PM https://www.instagram.com:443 "GET /p/qOKKTiKD4f/ HTTP/1.1" 302 0
03/26/2022 09:45:36 PM Request Issued
03/26/2022 09:45:36 PM Blocked
03/26/2022 09:45:36 PM Blocked = True, Entering the block period
03/26/2022 09:46:53 PM Started
03/26/2022 09:46:53 PM Shortcode list obtained
03/26/2022 09:46:53 PM Starting new HTTPS connection (1): www.instagram.com:443
03/26/2022 09:46:54 PM https://www.instagram.com:443 "GET /p/qOKKTiKD4f/ HTTP/1.1" 404 92101
03/26/2022 09:46:54 PM Request Issued
03/26/2022 09:47:05 PM Starting new HTTPS connection (1): www.instagram.com:443
03/26/2022 09:47:05 PM https://www.instagram.com:443 "GET /p/qOY6KmusjL/ HTTP/1.1" 404 92108
03/26/2022 09:47:06 PM Request Issued
03/26/2022 09:47:16 PM Starting new HTTPS connection (1): www.instagram.com:443
03/26/2022 09:47:17 PM https://www.instagram.com:443 "GET /p/qPIWfePt77/ HTTP/1.1" 200 34321
03/26/2022 09:47:17 PM Request Issued
03/26/2022 09:47:17 PM Blocked = False, Response recieved
