03/08/2022 01:47:13 PM Started
03/08/2022 01:47:13 PM Shortcode list obtained
03/08/2022 01:47:13 PM Starting new HTTPS connection (1): www.instagram.com:443
03/08/2022 01:47:15 PM https://www.instagram.com:443 "GET /p/CB7JHQonXiM/ HTTP/1.1" 200 31392
03/08/2022 01:47:15 PM Request Issued
03/08/2022 01:47:15 PM Blocked = False, Response recieved
03/08/2022 01:47:26 PM Starting new HTTPS connection (1): www.instagram.com:443
03/08/2022 01:47:26 PM https://www.instagram.com:443 "GET /p/CBBktcxj6qu/ HTTP/1.1" 200 32781
03/08/2022 01:47:27 PM Request Issued
03/08/2022 01:47:27 PM Blocked = False, Response recieved
03/08/2022 01:47:38 PM Starting new HTTPS connection (1): www.instagram.com:443
03/08/2022 01:47:39 PM https://www.instagram.com:443 "GET /p/CBDk5Tmh1EL/ HTTP/1.1" 200 39892
03/08/2022 01:47:39 PM Request Issued
03/08/2022 01:47:39 PM Blocked = False, Response recieved
03/08/2022 01:47:49 PM Starting new HTTPS connection (1): www.instagram.com:443
03/08/2022 01:47:49 PM https://www.instagram.com:443 "GET /p/CBDlVWEj9Ol/ HTTP/1.1" 302 0
03/08/2022 01:47:49 PM Request Issued
03/08/2022 01:47:49 PM Blocked
03/08/2022 01:47:49 PM Blocked = True, Entering the block period
03/08/2022 01:48:20 PM Started
03/08/2022 01:48:20 PM Shortcode list obtained
03/08/2022 01:48:20 PM Starting new HTTPS connection (1): www.instagram.com:443
03/08/2022 01:48:21 PM https://www.instagram.com:443 "GET /p/CBDlVWEj9Ol/ HTTP/1.1" 200 30848
03/08/2022 01:48:21 PM Request Issued
03/08/2022 01:48:21 PM Blocked = False, Response recieved
03/08/2022 01:48:31 PM Starting new HTTPS connection (1): www.instagram.com:443
03/08/2022 01:48:32 PM https://www.instagram.com:443 "GET /p/CBeA7ZlAU0N/ HTTP/1.1" 200 33567
03/08/2022 01:48:32 PM Request Issued
03/08/2022 01:48:32 PM Blocked = False, Response recieved
03/08/2022 01:48:43 PM Starting new HTTPS connection (1): www.instagram.com:443
03/08/2022 01:48:43 PM https://www.instagram.com:443 "GET /p/CBEME1KhtlK/ HTTP/1.1" 200 30620
03/08/2022 01:48:43 PM Request Issued
03/08/2022 01:48:43 PM Blocked = False, Response recieved
03/08/2022 01:48:54 PM Starting new HTTPS connection (1): www.instagram.com:443
03/08/2022 01:48:55 PM https://www.instagram.com:443 "GET /p/CBf2kdUgCKE/ HTTP/1.1" 200 30749
03/08/2022 01:48:55 PM Request Issued
03/08/2022 01:48:55 PM Blocked = False, Response recieved
03/08/2022 01:49:06 PM Starting new HTTPS connection (1): www.instagram.com:443
03/08/2022 01:49:06 PM https://www.instagram.com:443 "GET /p/CBgJtaSKdeG/ HTTP/1.1" 302 0
03/08/2022 01:49:06 PM Request Issued
03/08/2022 01:49:06 PM Blocked
03/08/2022 01:49:06 PM Blocked = True, Entering the block period
03/08/2022 01:49:48 PM Started
03/08/2022 01:49:48 PM Shortcode list obtained
03/08/2022 01:49:48 PM Starting new HTTPS connection (1): www.instagram.com:443
03/08/2022 01:49:48 PM https://www.instagram.com:443 "GET /p/CBgJtaSKdeG/ HTTP/1.1" 302 0
03/08/2022 01:49:48 PM Request Issued
03/08/2022 01:49:48 PM Blocked
03/08/2022 01:49:48 PM Blocked = True, Entering the block period
03/08/2022 01:50:42 PM Started
03/08/2022 01:50:42 PM Shortcode list obtained
03/08/2022 01:50:42 PM Starting new HTTPS connection (1): www.instagram.com:443
03/08/2022 01:50:42 PM https://www.instagram.com:443 "GET /p/CBgJtaSKdeG/ HTTP/1.1" 302 0
03/08/2022 01:50:42 PM Request Issued
03/08/2022 01:50:42 PM Blocked
03/08/2022 01:50:42 PM Blocked = True, Entering the block period
03/08/2022 01:51:14 PM Started
03/08/2022 01:51:14 PM Shortcode list obtained
03/08/2022 01:51:14 PM Starting new HTTPS connection (1): www.instagram.com:443
03/08/2022 01:51:15 PM https://www.instagram.com:443 "GET /p/CBgJtaSKdeG/ HTTP/1.1" 200 34978
03/08/2022 01:51:15 PM Request Issued
03/08/2022 01:51:15 PM Blocked = False, Response recieved
03/08/2022 01:51:25 PM Starting new HTTPS connection (1): www.instagram.com:443
03/08/2022 01:51:26 PM https://www.instagram.com:443 "GET /p/CBH3nA7jQaz/ HTTP/1.1" 200 38305
03/08/2022 01:51:26 PM Request Issued
03/08/2022 01:51:26 PM Blocked = False, Response recieved
03/08/2022 01:51:37 PM Starting new HTTPS connection (1): www.instagram.com:443
03/08/2022 01:51:38 PM https://www.instagram.com:443 "GET /p/CBibI42oTZb/ HTTP/1.1" 200 34712
03/08/2022 01:51:38 PM Request Issued
03/08/2022 01:51:38 PM Blocked = False, Response recieved
03/08/2022 01:51:48 PM Starting new HTTPS connection (1): www.instagram.com:443
03/08/2022 01:51:49 PM https://www.instagram.com:443 "GET /p/CBjDU0nJhel/ HTTP/1.1" 200 35157
03/08/2022 01:51:49 PM Request Issued
03/08/2022 01:51:49 PM Blocked = False, Response recieved
03/08/2022 01:52:00 PM Starting new HTTPS connection (1): www.instagram.com:443
03/08/2022 01:52:01 PM https://www.instagram.com:443 "GET /p/CBl6kT4H3a1/ HTTP/1.1" 200 30503
03/08/2022 01:52:01 PM Request Issued
03/08/2022 01:52:01 PM Blocked = False, Response recieved
03/08/2022 01:52:12 PM Starting new HTTPS connection (1): www.instagram.com:443
03/08/2022 01:52:12 PM https://www.instagram.com:443 "GET /p/CBnZxqKAkY1/ HTTP/1.1" 302 0
03/08/2022 01:52:12 PM Request Issued
03/08/2022 01:52:12 PM Blocked
03/08/2022 01:52:12 PM Blocked = True, Entering the block period
03/08/2022 01:52:34 PM Started
03/08/2022 01:52:34 PM Shortcode list obtained
03/08/2022 01:52:34 PM Starting new HTTPS connection (1): www.instagram.com:443
03/08/2022 01:52:35 PM https://www.instagram.com:443 "GET /p/CBnZxqKAkY1/ HTTP/1.1" 404 90835
03/08/2022 01:52:35 PM Request Issued
03/08/2022 01:52:46 PM Starting new HTTPS connection (1): www.instagram.com:443
03/08/2022 01:52:47 PM https://www.instagram.com:443 "GET /p/CBODS7PBTj7/ HTTP/1.1" 200 33817
03/08/2022 01:52:47 PM Request Issued
03/08/2022 01:52:47 PM Blocked = False, Response recieved
03/08/2022 01:52:57 PM Starting new HTTPS connection (1): www.instagram.com:443
03/08/2022 01:52:58 PM https://www.instagram.com:443 "GET /p/CBpSNRcnD9z/ HTTP/1.1" 200 33860
03/08/2022 01:52:58 PM Request Issued
03/08/2022 01:52:58 PM Blocked = False, Response recieved
03/08/2022 01:53:09 PM Starting new HTTPS connection (1): www.instagram.com:443
03/08/2022 01:53:11 PM https://www.instagram.com:443 "GET /p/CBQbs9HIyE3/ HTTP/1.1" 200 36058
03/08/2022 01:53:11 PM Request Issued
03/08/2022 01:53:11 PM Blocked = False, Response recieved
03/08/2022 01:53:22 PM Starting new HTTPS connection (1): www.instagram.com:443
03/08/2022 01:53:22 PM https://www.instagram.com:443 "GET /p/CBQeXf3pmJv/ HTTP/1.1" 302 0
03/08/2022 01:53:22 PM Request Issued
03/08/2022 01:53:22 PM Blocked
03/08/2022 01:53:22 PM Blocked = True, Entering the block period
03/08/2022 01:54:31 PM Started
03/08/2022 01:54:31 PM Shortcode list obtained
03/08/2022 01:54:31 PM Starting new HTTPS connection (1): www.instagram.com:443
03/08/2022 01:54:32 PM https://www.instagram.com:443 "GET /p/CBQeXf3pmJv/ HTTP/1.1" 200 29878
03/08/2022 01:54:32 PM Request Issued
03/08/2022 01:54:32 PM Blocked = False, Response recieved
03/08/2022 01:54:43 PM Starting new HTTPS connection (1): www.instagram.com:443
03/08/2022 01:54:44 PM https://www.instagram.com:443 "GET /p/CBQpMjLAGEg/ HTTP/1.1" 200 32904
03/08/2022 01:54:44 PM Request Issued
03/08/2022 01:54:44 PM Blocked = False, Response recieved
03/08/2022 01:54:54 PM Starting new HTTPS connection (1): www.instagram.com:443
03/08/2022 01:54:55 PM https://www.instagram.com:443 "GET /p/CBqTltVoHiO/ HTTP/1.1" 200 35434
03/08/2022 01:54:57 PM Request Issued
03/08/2022 01:54:57 PM Blocked = False, Response recieved
03/08/2022 01:55:07 PM Starting new HTTPS connection (1): www.instagram.com:443
03/08/2022 01:55:09 PM https://www.instagram.com:443 "GET /p/CBs0b9dof2i/ HTTP/1.1" 200 35750
03/08/2022 01:55:09 PM Request Issued
03/08/2022 01:55:09 PM Blocked = False, Response recieved
03/08/2022 01:55:19 PM Starting new HTTPS connection (1): www.instagram.com:443
03/08/2022 01:55:19 PM https://www.instagram.com:443 "GET /p/CBtaXCtnS6U/ HTTP/1.1" 302 0
03/08/2022 01:55:19 PM Request Issued
03/08/2022 01:55:19 PM Blocked
03/08/2022 01:55:19 PM Blocked = True, Entering the block period
03/08/2022 01:56:39 PM Started
03/08/2022 01:56:39 PM Shortcode list obtained
03/08/2022 01:56:39 PM Starting new HTTPS connection (1): www.instagram.com:443
03/08/2022 01:56:40 PM https://www.instagram.com:443 "GET /p/CBtaXCtnS6U/ HTTP/1.1" 200 32995
03/08/2022 01:56:40 PM Request Issued
03/08/2022 01:56:40 PM Blocked = False, Response recieved
03/08/2022 01:56:50 PM Starting new HTTPS connection (1): www.instagram.com:443
03/08/2022 01:56:51 PM https://www.instagram.com:443 "GET /p/CBtf7EiJ8lE/ HTTP/1.1" 200 30445
03/08/2022 01:56:51 PM Request Issued
03/08/2022 01:56:51 PM Blocked = False, Response recieved
03/08/2022 01:57:01 PM Starting new HTTPS connection (1): www.instagram.com:443
03/08/2022 01:57:02 PM https://www.instagram.com:443 "GET /p/CBTKSHBo9Up/ HTTP/1.1" 200 34747
03/08/2022 01:57:02 PM Request Issued
03/08/2022 01:57:02 PM Blocked = False, Response recieved
03/08/2022 01:57:13 PM Starting new HTTPS connection (1): www.instagram.com:443
03/08/2022 01:57:14 PM https://www.instagram.com:443 "GET /p/CBTnxrRjTUV/ HTTP/1.1" 200 33529
03/08/2022 01:57:14 PM Request Issued
03/08/2022 01:57:14 PM Blocked = False, Response recieved
03/08/2022 01:57:25 PM Starting new HTTPS connection (1): www.instagram.com:443
03/08/2022 01:57:25 PM https://www.instagram.com:443 "GET /p/CBv4q7jHe6E/ HTTP/1.1" 302 0
03/08/2022 01:57:25 PM Request Issued
03/08/2022 01:57:25 PM Blocked
03/08/2022 01:57:25 PM Blocked = True, Entering the block period
03/08/2022 01:58:12 PM Started
03/08/2022 01:58:12 PM Shortcode list obtained
03/08/2022 01:58:12 PM Starting new HTTPS connection (1): www.instagram.com:443
03/08/2022 01:58:14 PM https://www.instagram.com:443 "GET /p/CBv4q7jHe6E/ HTTP/1.1" 200 30791
03/08/2022 01:58:14 PM Request Issued
03/08/2022 01:58:14 PM Blocked = False, Response recieved
