03/15/2022 02:32:32 PM Started
03/15/2022 02:32:32 PM Shortcode list obtained
03/15/2022 02:32:32 PM Starting new HTTPS connection (1): www.instagram.com:443
03/15/2022 02:32:32 PM https://www.instagram.com:443 "GET /p/5Z8m1wjP9k/ HTTP/1.1" 404 90903
03/15/2022 02:32:32 PM Request Issued
03/15/2022 02:37:33 PM Starting new HTTPS connection (1): www.instagram.com:443
03/15/2022 02:37:34 PM https://www.instagram.com:443 "GET /p/637cHSJAr3/ HTTP/1.1" 404 90904
03/15/2022 02:37:34 PM Request Issued
03/15/2022 02:42:34 PM Starting new HTTPS connection (1): www.instagram.com:443
03/15/2022 02:42:35 PM https://www.instagram.com:443 "GET /p/63ezzVhRh5/ HTTP/1.1" 200 33811
03/15/2022 02:42:35 PM Request Issued
03/15/2022 02:42:35 PM Blocked = False, Response recieved
03/15/2022 02:47:36 PM Starting new HTTPS connection (1): www.instagram.com:443
03/15/2022 02:47:36 PM https://www.instagram.com:443 "GET /p/65wP3VEduQvmMyK6ERv3ptZAiFpMN3Dmu4QSk0/ HTTP/1.1" 404 92765
03/15/2022 02:47:36 PM Request Issued
03/15/2022 02:52:37 PM Starting new HTTPS connection (1): www.instagram.com:443
03/15/2022 02:52:37 PM https://www.instagram.com:443 "GET /p/67OLypBImA/ HTTP/1.1" 404 90902
03/15/2022 02:52:37 PM Request Issued
03/15/2022 02:57:38 PM Starting new HTTPS connection (1): www.instagram.com:443
03/15/2022 02:57:38 PM https://www.instagram.com:443 "GET /p/68bFauQyxl/ HTTP/1.1" 200 30641
03/15/2022 02:57:38 PM Request Issued
03/15/2022 02:57:38 PM Blocked = False, Response recieved
03/15/2022 03:02:39 PM Starting new HTTPS connection (1): www.instagram.com:443
03/15/2022 03:02:39 PM https://www.instagram.com:443 "GET /p/68hOAxpImJ/ HTTP/1.1" 404 90901
03/15/2022 03:02:39 PM Request Issued
03/15/2022 03:07:39 PM Starting new HTTPS connection (1): www.instagram.com:443
03/15/2022 03:07:40 PM https://www.instagram.com:443 "GET /p/68SHWnKxai/ HTTP/1.1" 200 33984
03/15/2022 03:07:40 PM Request Issued
03/15/2022 03:07:40 PM Blocked = False, Response recieved
03/15/2022 03:12:41 PM Starting new HTTPS connection (1): www.instagram.com:443
03/15/2022 03:12:42 PM https://www.instagram.com:443 "GET /p/6aHgZ8N9oE/ HTTP/1.1" 200 33779
03/15/2022 03:12:42 PM Request Issued
03/15/2022 03:12:42 PM Blocked = False, Response recieved
03/15/2022 03:17:42 PM Starting new HTTPS connection (1): www.instagram.com:443
03/15/2022 03:17:44 PM https://www.instagram.com:443 "GET /p/6aXMRni4Oj/ HTTP/1.1" 200 33519
03/15/2022 03:17:44 PM Request Issued
03/15/2022 03:17:44 PM Blocked = False, Response recieved
03/15/2022 03:22:45 PM Starting new HTTPS connection (1): www.instagram.com:443
03/15/2022 03:22:46 PM https://www.instagram.com:443 "GET /p/6c5CGXBRmt/ HTTP/1.1" 200 33623
03/15/2022 03:22:46 PM Request Issued
03/15/2022 03:22:46 PM Blocked = False, Response recieved
03/15/2022 03:27:46 PM Starting new HTTPS connection (1): www.instagram.com:443
03/15/2022 03:27:46 PM https://www.instagram.com:443 "GET /p/6cOpQVtdS5/ HTTP/1.1" 200 34717
03/15/2022 03:27:46 PM Request Issued
03/15/2022 03:27:46 PM Blocked = False, Response recieved
03/15/2022 03:32:47 PM Starting new HTTPS connection (1): www.instagram.com:443
03/15/2022 03:32:48 PM https://www.instagram.com:443 "GET /p/6DCh9wIGC7/ HTTP/1.1" 200 34375
03/15/2022 03:32:48 PM Request Issued
03/15/2022 03:32:48 PM Blocked = False, Response recieved
03/15/2022 03:37:48 PM Starting new HTTPS connection (1): www.instagram.com:443
03/15/2022 03:37:50 PM https://www.instagram.com:443 "GET /p/6DTEnvxjPg/ HTTP/1.1" 200 35687
03/15/2022 03:37:50 PM Request Issued
03/15/2022 03:37:50 PM Blocked = False, Response recieved
03/15/2022 03:42:50 PM Starting new HTTPS connection (1): www.instagram.com:443
03/15/2022 03:42:51 PM https://www.instagram.com:443 "GET /p/6EB7cfuSxm/ HTTP/1.1" 200 33617
03/15/2022 03:42:51 PM Request Issued
03/15/2022 03:42:51 PM Blocked = False, Response recieved
03/15/2022 03:47:52 PM Starting new HTTPS connection (1): www.instagram.com:443
03/15/2022 03:47:53 PM https://www.instagram.com:443 "GET /p/6fFIIYLmi1/ HTTP/1.1" 200 33594
03/15/2022 03:47:53 PM Request Issued
03/15/2022 03:47:53 PM Blocked = False, Response recieved
03/15/2022 03:52:53 PM Starting new HTTPS connection (1): www.instagram.com:443
03/15/2022 03:52:54 PM https://www.instagram.com:443 "GET /p/6G8m8ktvbS/ HTTP/1.1" 200 30814
03/15/2022 03:52:54 PM Request Issued
03/15/2022 03:52:54 PM Blocked = False, Response recieved
03/15/2022 03:57:54 PM Starting new HTTPS connection (1): www.instagram.com:443
03/15/2022 03:57:55 PM https://www.instagram.com:443 "GET /p/6GfsU6OaiU/ HTTP/1.1" 200 32860
03/15/2022 03:57:55 PM Request Issued
03/15/2022 03:57:55 PM Blocked = False, Response recieved
03/15/2022 04:02:56 PM Starting new HTTPS connection (1): www.instagram.com:443
03/15/2022 04:02:56 PM https://www.instagram.com:443 "GET /p/6hLMMMqgoU/ HTTP/1.1" 200 33890
03/15/2022 04:02:56 PM Request Issued
03/15/2022 04:02:56 PM Blocked = False, Response recieved
03/15/2022 04:07:57 PM Starting new HTTPS connection (1): www.instagram.com:443
03/15/2022 04:07:57 PM https://www.instagram.com:443 "GET /p/6iNppZCKo8/ HTTP/1.1" 200 34126
03/15/2022 04:07:57 PM Request Issued
03/15/2022 04:07:57 PM Blocked = False, Response recieved
03/15/2022 04:12:57 PM Starting new HTTPS connection (1): www.instagram.com:443
03/15/2022 04:12:59 PM https://www.instagram.com:443 "GET /p/6IsZ6HnK4L/ HTTP/1.1" 200 34287
03/15/2022 04:12:59 PM Request Issued
03/15/2022 04:12:59 PM Blocked = False, Response recieved
03/15/2022 04:17:59 PM Starting new HTTPS connection (1): www.instagram.com:443
03/15/2022 04:18:00 PM https://www.instagram.com:443 "GET /p/6JASx9QBjM/ HTTP/1.1" 200 35027
03/15/2022 04:18:00 PM Request Issued
03/15/2022 04:18:00 PM Blocked = False, Response recieved
03/15/2022 04:23:01 PM Starting new HTTPS connection (1): www.instagram.com:443
03/15/2022 04:23:01 PM https://www.instagram.com:443 "GET /p/6JHOVvwq4T/ HTTP/1.1" 404 90979
03/15/2022 04:23:01 PM Request Issued
03/15/2022 04:28:02 PM Starting new HTTPS connection (1): www.instagram.com:443
03/15/2022 04:28:03 PM https://www.instagram.com:443 "GET /p/6KAxcmsdpT/ HTTP/1.1" 200 33826
03/15/2022 04:28:03 PM Request Issued
03/15/2022 04:28:03 PM Blocked = False, Response recieved
03/15/2022 04:33:03 PM Starting new HTTPS connection (1): www.instagram.com:443
03/15/2022 04:33:04 PM https://www.instagram.com:443 "GET /p/6LgwQ1S3PI/ HTTP/1.1" 200 30932
03/15/2022 04:33:04 PM Request Issued
03/15/2022 04:33:04 PM Blocked = False, Response recieved
