03/26/2022 08:53:40 PM Started
03/26/2022 08:53:40 PM Shortcode list obtained
03/26/2022 08:53:40 PM Starting new HTTPS connection (1): www.instagram.com:443
03/26/2022 08:53:41 PM https://www.instagram.com:443 "GET /p/qAeGDiL6Zs/ HTTP/1.1" 404 92186
03/26/2022 08:53:41 PM Request Issued
03/26/2022 08:53:51 PM Starting new HTTPS connection (1): www.instagram.com:443
03/26/2022 08:53:53 PM https://www.instagram.com:443 "GET /p/qaGW2xxPvL/ HTTP/1.1" 200 34290
03/26/2022 08:53:53 PM Request Issued
03/26/2022 08:53:53 PM Blocked = False, Response recieved
03/26/2022 08:54:03 PM Starting new HTTPS connection (1): www.instagram.com:443
03/26/2022 08:54:04 PM https://www.instagram.com:443 "GET /p/qaVrQSQzDp/ HTTP/1.1" 404 92226
03/26/2022 08:54:04 PM Request Issued
03/26/2022 08:54:14 PM Starting new HTTPS connection (1): www.instagram.com:443
03/26/2022 08:54:14 PM https://www.instagram.com:443 "GET /p/qb9no8OWQ8/ HTTP/1.1" 302 0
03/26/2022 08:54:14 PM Request Issued
03/26/2022 08:54:14 PM Blocked
03/26/2022 08:54:14 PM Blocked = True, Entering the block period
03/26/2022 08:56:35 PM Started
03/26/2022 08:56:35 PM Shortcode list obtained
03/26/2022 08:56:35 PM Starting new HTTPS connection (1): www.instagram.com:443
03/26/2022 08:56:41 PM https://www.instagram.com:443 "GET /p/qb9no8OWQ8/ HTTP/1.1" 200 34025
03/26/2022 08:56:41 PM Request Issued
03/26/2022 08:56:41 PM Blocked = False, Response recieved
03/26/2022 08:56:52 PM Starting new HTTPS connection (1): www.instagram.com:443
03/26/2022 08:56:53 PM https://www.instagram.com:443 "GET /p/qBDq0iCc08/ HTTP/1.1" 200 30132
03/26/2022 08:56:53 PM Request Issued
03/26/2022 08:56:53 PM Blocked = False, Response recieved
03/26/2022 08:57:04 PM Starting new HTTPS connection (1): www.instagram.com:443
03/26/2022 08:57:05 PM https://www.instagram.com:443 "GET /p/qBsy6iliML/ HTTP/1.1" 200 34366
03/26/2022 08:57:05 PM Request Issued
03/26/2022 08:57:05 PM Blocked = False, Response recieved
03/26/2022 08:57:15 PM Starting new HTTPS connection (1): www.instagram.com:443
03/26/2022 08:57:16 PM https://www.instagram.com:443 "GET /p/qC6ZnskScc/ HTTP/1.1" 302 0
03/26/2022 08:57:16 PM Request Issued
03/26/2022 08:57:16 PM Blocked
03/26/2022 08:57:16 PM Blocked = True, Entering the block period
03/26/2022 09:04:03 PM Started
03/26/2022 09:04:03 PM Shortcode list obtained
03/26/2022 09:04:03 PM Starting new HTTPS connection (1): www.instagram.com:443
03/26/2022 09:06:14 PM https://www.instagram.com:443 "GET /p/qC6ZnskScc/ HTTP/1.1" 200 31006
03/26/2022 09:06:14 PM Request Issued
03/26/2022 09:06:14 PM Blocked = False, Response recieved
03/26/2022 09:06:25 PM Starting new HTTPS connection (1): www.instagram.com:443
03/26/2022 09:06:25 PM https://www.instagram.com:443 "GET /p/qD8DB5HwCU/ HTTP/1.1" 404 92108
03/26/2022 09:06:25 PM Request Issued
03/26/2022 09:06:36 PM Starting new HTTPS connection (1): www.instagram.com:443
03/26/2022 09:06:37 PM https://www.instagram.com:443 "GET /p/qDCGMrAi9O/ HTTP/1.1" 200 34013
03/26/2022 09:06:37 PM Request Issued
03/26/2022 09:06:37 PM Blocked = False, Response recieved
03/26/2022 09:06:48 PM Starting new HTTPS connection (1): www.instagram.com:443
03/26/2022 09:06:48 PM https://www.instagram.com:443 "GET /p/qDi2nkKJNc/ HTTP/1.1" 404 92107
03/26/2022 09:06:48 PM Request Issued
03/26/2022 09:06:59 PM Starting new HTTPS connection (1): www.instagram.com:443
03/26/2022 09:07:00 PM https://www.instagram.com:443 "GET /p/qdklv5MWj4/ HTTP/1.1" 302 0
03/26/2022 09:07:00 PM Request Issued
03/26/2022 09:07:00 PM Blocked
03/26/2022 09:07:00 PM Blocked = True, Entering the block period
03/26/2022 09:09:34 PM Started
03/26/2022 09:09:34 PM Shortcode list obtained
03/26/2022 09:09:34 PM Starting new HTTPS connection (1): www.instagram.com:443
03/26/2022 09:09:34 PM https://www.instagram.com:443 "GET /p/qdklv5MWj4/ HTTP/1.1" 404 92105
03/26/2022 09:09:35 PM Request Issued
03/26/2022 09:09:45 PM Starting new HTTPS connection (1): www.instagram.com:443
03/26/2022 09:09:46 PM https://www.instagram.com:443 "GET /p/qdNwqGx1oR/ HTTP/1.1" 200 31286
03/26/2022 09:09:46 PM Request Issued
03/26/2022 09:09:46 PM Blocked = False, Response recieved
03/26/2022 09:09:56 PM Starting new HTTPS connection (1): www.instagram.com:443
03/26/2022 09:09:57 PM https://www.instagram.com:443 "GET /p/qDQPFQAiQO/ HTTP/1.1" 200 33271
03/26/2022 09:09:58 PM Request Issued
03/26/2022 09:09:58 PM Blocked = False, Response recieved
03/26/2022 09:10:09 PM Starting new HTTPS connection (1): www.instagram.com:443
03/26/2022 09:10:09 PM https://www.instagram.com:443 "GET /p/qDUpD1MDmW/ HTTP/1.1" 302 0
03/26/2022 09:10:09 PM Request Issued
03/26/2022 09:10:09 PM Blocked
03/26/2022 09:10:09 PM Blocked = True, Entering the block period
03/26/2022 09:10:46 PM Started
03/26/2022 09:10:46 PM Shortcode list obtained
03/26/2022 09:10:46 PM Starting new HTTPS connection (1): www.instagram.com:443
03/26/2022 09:12:58 PM https://www.instagram.com:443 "GET /p/qDUpD1MDmW/ HTTP/1.1" 404 92219
03/26/2022 09:12:58 PM Request Issued
03/26/2022 09:13:08 PM Starting new HTTPS connection (1): www.instagram.com:443
03/26/2022 09:13:17 PM https://www.instagram.com:443 "GET /p/qE0Wa6KEZ7/ HTTP/1.1" 200 33021
03/26/2022 09:13:18 PM Request Issued
03/26/2022 09:13:18 PM Blocked = False, Response recieved
03/26/2022 09:13:28 PM Starting new HTTPS connection (1): www.instagram.com:443
03/26/2022 09:13:41 PM Started
03/26/2022 09:13:41 PM Shortcode list obtained
03/26/2022 09:13:41 PM Starting new HTTPS connection (1): www.instagram.com:443
03/26/2022 09:17:00 PM Started
03/26/2022 09:17:00 PM Shortcode list obtained
03/26/2022 09:17:00 PM Starting new HTTPS connection (1): www.instagram.com:443
03/26/2022 09:19:03 PM Started
03/26/2022 09:19:03 PM Shortcode list obtained
03/26/2022 09:19:03 PM Starting new HTTPS connection (1): www.instagram.com:443
03/26/2022 09:19:06 PM https://www.instagram.com:443 "GET /p/qEiuOwBoQZ/ HTTP/1.1" 200 31852
03/26/2022 09:19:07 PM Request Issued
03/26/2022 09:19:07 PM Blocked = False, Response recieved
03/26/2022 09:19:18 PM Starting new HTTPS connection (1): www.instagram.com:443
03/26/2022 09:19:26 PM https://www.instagram.com:443 "GET /p/qEQpCZywh7/ HTTP/1.1" 200 30073
03/26/2022 09:19:26 PM Request Issued
03/26/2022 09:19:26 PM Blocked = False, Response recieved
03/26/2022 09:19:36 PM Starting new HTTPS connection (1): www.instagram.com:443
03/26/2022 09:19:37 PM https://www.instagram.com:443 "GET /p/qexHfUJ1Hg/ HTTP/1.1" 302 0
03/26/2022 09:19:37 PM Request Issued
03/26/2022 09:19:37 PM Blocked
03/26/2022 09:19:37 PM Blocked = True, Entering the block period
03/26/2022 09:21:02 PM Started
03/26/2022 09:21:02 PM Shortcode list obtained
03/26/2022 09:21:02 PM Starting new HTTPS connection (1): www.instagram.com:443
03/26/2022 09:21:08 PM https://www.instagram.com:443 "GET /p/qexHfUJ1Hg/ HTTP/1.1" 200 33829
03/26/2022 09:21:08 PM Request Issued
03/26/2022 09:21:08 PM Blocked = False, Response recieved
03/26/2022 09:21:19 PM Starting new HTTPS connection (1): www.instagram.com:443
03/26/2022 09:21:20 PM https://www.instagram.com:443 "GET /p/QfjACSyFNI/ HTTP/1.1" 200 30007
03/26/2022 09:21:20 PM Request Issued
03/26/2022 09:21:20 PM Blocked = False, Response recieved
03/26/2022 09:21:31 PM Starting new HTTPS connection (1): www.instagram.com:443
03/26/2022 09:21:32 PM https://www.instagram.com:443 "GET /p/qFm9xPMuqP/ HTTP/1.1" 404 92102
03/26/2022 09:21:32 PM Request Issued
03/26/2022 09:21:43 PM Starting new HTTPS connection (1): www.instagram.com:443
03/26/2022 09:21:47 PM https://www.instagram.com:443 "GET /p/qfRkH5E4um/ HTTP/1.1" 302 0
03/26/2022 09:21:47 PM Request Issued
03/26/2022 09:21:47 PM Blocked
03/26/2022 09:21:47 PM Blocked = True, Entering the block period
03/26/2022 09:21:59 PM Started
03/26/2022 09:21:59 PM Shortcode list obtained
03/26/2022 09:21:59 PM Starting new HTTPS connection (1): www.instagram.com:443
03/26/2022 09:22:20 PM Started
03/26/2022 09:22:20 PM Shortcode list obtained
03/26/2022 09:22:20 PM Starting new HTTPS connection (1): www.instagram.com:443
03/26/2022 09:22:21 PM https://www.instagram.com:443 "GET /p/qfRkH5E4um/ HTTP/1.1" 200 30630
03/26/2022 09:22:21 PM Request Issued
03/26/2022 09:22:21 PM Blocked = False, Response recieved
03/26/2022 09:22:31 PM Starting new HTTPS connection (1): www.instagram.com:443
03/26/2022 09:22:32 PM https://www.instagram.com:443 "GET /p/qguGWURdfg/ HTTP/1.1" 404 92181
03/26/2022 09:22:33 PM Request Issued
03/26/2022 09:22:43 PM Starting new HTTPS connection (1): www.instagram.com:443
03/26/2022 09:22:44 PM https://www.instagram.com:443 "GET /p/qH6yTQqzOi/ HTTP/1.1" 404 92108
03/26/2022 09:22:44 PM Request Issued
03/26/2022 09:22:55 PM Starting new HTTPS connection (1): www.instagram.com:443
03/26/2022 09:22:55 PM https://www.instagram.com:443 "GET /p/qhay2DHJXP/ HTTP/1.1" 302 0
03/26/2022 09:22:55 PM Request Issued
03/26/2022 09:22:55 PM Blocked
03/26/2022 09:22:55 PM Blocked = True, Entering the block period
03/26/2022 09:24:01 PM Started
03/26/2022 09:24:01 PM Shortcode list obtained
03/26/2022 09:24:01 PM Starting new HTTPS connection (1): www.instagram.com:443
03/26/2022 09:24:02 PM https://www.instagram.com:443 "GET /p/qhay2DHJXP/ HTTP/1.1" 404 92106
03/26/2022 09:24:02 PM Request Issued
03/26/2022 09:24:12 PM Starting new HTTPS connection (1): www.instagram.com:443
03/26/2022 09:24:13 PM https://www.instagram.com:443 "GET /p/qHquS3oLJu/ HTTP/1.1" 200 34417
03/26/2022 09:24:13 PM Request Issued
03/26/2022 09:24:13 PM Blocked = False, Response recieved
