03/15/2022 02:31:47 PM Started
03/15/2022 02:31:47 PM Shortcode list obtained
03/15/2022 02:31:47 PM Starting new HTTPS connection (1): www.instagram.com:443
03/15/2022 02:31:47 PM https://www.instagram.com:443 "GET /p/2qfC80OqWG/ HTTP/1.1" 200 33777
03/15/2022 02:31:47 PM Request Issued
03/15/2022 02:31:47 PM Blocked = False, Response recieved
03/15/2022 02:36:48 PM Starting new HTTPS connection (1): www.instagram.com:443
03/15/2022 02:36:49 PM https://www.instagram.com:443 "GET /p/2qNcU6DTG2/ HTTP/1.1" 200 34017
03/15/2022 02:36:49 PM Request Issued
03/15/2022 02:36:49 PM Blocked = False, Response recieved
03/15/2022 02:41:49 PM Starting new HTTPS connection (1): www.instagram.com:443
03/15/2022 02:41:50 PM https://www.instagram.com:443 "GET /p/2RMlrEvtMY/ HTTP/1.1" 404 90901
03/15/2022 02:41:50 PM Request Issued
03/15/2022 02:46:50 PM Starting new HTTPS connection (1): www.instagram.com:443
03/15/2022 02:46:51 PM https://www.instagram.com:443 "GET /p/2RyAYsgxec/ HTTP/1.1" 200 31634
03/15/2022 02:46:51 PM Request Issued
03/15/2022 02:46:51 PM Blocked = False, Response recieved
03/15/2022 02:51:52 PM Starting new HTTPS connection (1): www.instagram.com:443
03/15/2022 02:51:52 PM https://www.instagram.com:443 "GET /p/2sbd08gF3D/ HTTP/1.1" 200 33443
03/15/2022 02:51:52 PM Request Issued
03/15/2022 02:51:52 PM Blocked = False, Response recieved
03/15/2022 02:56:53 PM Starting new HTTPS connection (1): www.instagram.com:443
03/15/2022 02:56:54 PM https://www.instagram.com:443 "GET /p/2TkLzuvAxE/ HTTP/1.1" 404 90901
03/15/2022 02:56:54 PM Request Issued
03/15/2022 03:01:55 PM Starting new HTTPS connection (1): www.instagram.com:443
03/15/2022 03:01:55 PM https://www.instagram.com:443 "GET /p/2ToAYSjo0q/ HTTP/1.1" 200 33754
03/15/2022 03:01:55 PM Request Issued
03/15/2022 03:01:55 PM Blocked = False, Response recieved
03/15/2022 03:06:56 PM Starting new HTTPS connection (1): www.instagram.com:443
03/15/2022 03:06:56 PM https://www.instagram.com:443 "GET /p/2w9WM2A7db/ HTTP/1.1" 404 90901
03/15/2022 03:06:56 PM Request Issued
03/15/2022 03:11:57 PM Starting new HTTPS connection (1): www.instagram.com:443
03/15/2022 03:11:58 PM https://www.instagram.com:443 "GET /p/2YsbbGJhYL/ HTTP/1.1" 200 30865
03/15/2022 03:11:58 PM Request Issued
03/15/2022 03:11:58 PM Blocked = False, Response recieved
03/15/2022 03:16:59 PM Starting new HTTPS connection (1): www.instagram.com:443
03/15/2022 03:17:00 PM https://www.instagram.com:443 "GET /p/2zd9oyuqTo/ HTTP/1.1" 200 33896
03/15/2022 03:17:00 PM Request Issued
03/15/2022 03:17:00 PM Blocked = False, Response recieved
03/15/2022 03:22:00 PM Starting new HTTPS connection (1): www.instagram.com:443
03/15/2022 03:22:02 PM https://www.instagram.com:443 "GET /p/2zLkC4GEb1/ HTTP/1.1" 200 35679
03/15/2022 03:22:02 PM Request Issued
03/15/2022 03:22:02 PM Blocked = False, Response recieved
03/15/2022 03:27:03 PM Starting new HTTPS connection (1): www.instagram.com:443
03/15/2022 03:27:04 PM https://www.instagram.com:443 "GET /p/31DTOTJA4V/ HTTP/1.1" 200 34162
03/15/2022 03:27:04 PM Request Issued
03/15/2022 03:27:04 PM Blocked = False, Response recieved
03/15/2022 03:32:04 PM Starting new HTTPS connection (1): www.instagram.com:443
03/15/2022 03:32:05 PM https://www.instagram.com:443 "GET /p/32JgRAAF7k/ HTTP/1.1" 200 33723
03/15/2022 03:32:05 PM Request Issued
03/15/2022 03:32:05 PM Blocked = False, Response recieved
03/15/2022 03:37:06 PM Starting new HTTPS connection (1): www.instagram.com:443
03/15/2022 03:37:06 PM https://www.instagram.com:443 "GET /p/34gLGOgL4q/ HTTP/1.1" 404 90903
03/15/2022 03:37:06 PM Request Issued
03/15/2022 03:42:07 PM Starting new HTTPS connection (1): www.instagram.com:443
03/15/2022 03:42:07 PM https://www.instagram.com:443 "GET /p/34kNVJxKdp/ HTTP/1.1" 200 33313
03/15/2022 03:42:07 PM Request Issued
03/15/2022 03:42:07 PM Blocked = False, Response recieved
03/15/2022 03:47:08 PM Starting new HTTPS connection (1): www.instagram.com:443
03/15/2022 03:47:09 PM https://www.instagram.com:443 "GET /p/37KjtvrpVZ/ HTTP/1.1" 200 33893
03/15/2022 03:47:09 PM Request Issued
03/15/2022 03:47:09 PM Blocked = False, Response recieved
03/15/2022 03:52:09 PM Starting new HTTPS connection (1): www.instagram.com:443
03/15/2022 03:52:10 PM https://www.instagram.com:443 "GET /p/37XAN1waAo/ HTTP/1.1" 200 33597
03/15/2022 03:52:10 PM Request Issued
03/15/2022 03:52:10 PM Blocked = False, Response recieved
03/15/2022 03:57:11 PM Starting new HTTPS connection (1): www.instagram.com:443
03/15/2022 03:57:11 PM https://www.instagram.com:443 "GET /p/38lJ2Qy675/ HTTP/1.1" 200 30019
03/15/2022 03:57:11 PM Request Issued
03/15/2022 03:57:11 PM Blocked = False, Response recieved
03/15/2022 04:02:12 PM Starting new HTTPS connection (1): www.instagram.com:443
03/15/2022 04:02:13 PM https://www.instagram.com:443 "GET /p/399lLWyPrx/ HTTP/1.1" 200 34522
03/15/2022 04:02:13 PM Request Issued
03/15/2022 04:02:13 PM Blocked = False, Response recieved
03/15/2022 04:07:13 PM Starting new HTTPS connection (1): www.instagram.com:443
03/15/2022 04:07:14 PM https://www.instagram.com:443 "GET /p/39P59VExxe/ HTTP/1.1" 200 31252
03/15/2022 04:07:14 PM Request Issued
03/15/2022 04:07:14 PM Blocked = False, Response recieved
03/15/2022 04:12:14 PM Starting new HTTPS connection (1): www.instagram.com:443
03/15/2022 04:12:15 PM https://www.instagram.com:443 "GET /p/39tVNFH9c1/ HTTP/1.1" 404 90903
03/15/2022 04:12:15 PM Request Issued
03/15/2022 04:17:15 PM Starting new HTTPS connection (1): www.instagram.com:443
03/15/2022 04:17:16 PM https://www.instagram.com:443 "GET /p/3aHgKHiaVQ/ HTTP/1.1" 200 33977
03/15/2022 04:17:16 PM Request Issued
03/15/2022 04:17:16 PM Blocked = False, Response recieved
03/15/2022 04:22:17 PM Starting new HTTPS connection (1): www.instagram.com:443
03/15/2022 04:22:18 PM https://www.instagram.com:443 "GET /p/3CnReRgtyC/ HTTP/1.1" 200 30424
03/15/2022 04:22:18 PM Request Issued
03/15/2022 04:22:18 PM Blocked = False, Response recieved
03/15/2022 04:27:19 PM Starting new HTTPS connection (1): www.instagram.com:443
03/15/2022 04:27:19 PM https://www.instagram.com:443 "GET /p/3Dtw2kDmUw/ HTTP/1.1" 200 30578
03/15/2022 04:27:19 PM Request Issued
03/15/2022 04:27:19 PM Blocked = False, Response recieved
03/15/2022 04:32:20 PM Starting new HTTPS connection (1): www.instagram.com:443
03/15/2022 04:32:20 PM https://www.instagram.com:443 "GET /p/3ffOVqKipy/ HTTP/1.1" 200 34171
03/15/2022 04:32:20 PM Request Issued
03/15/2022 04:32:20 PM Blocked = False, Response recieved
