03/11/2022 10:43:54 AM Started
03/11/2022 10:43:54 AM Shortcode list obtained
03/11/2022 10:43:54 AM Starting new HTTPS connection (1): www.instagram.com:443
03/11/2022 10:43:55 AM https://www.instagram.com:443 "GET /p/COff87ZIxLl/ HTTP/1.1" 200 35384
03/11/2022 10:43:55 AM Request Issued
03/11/2022 10:43:55 AM Blocked = False, Response recieved
03/11/2022 10:44:05 AM Starting new HTTPS connection (1): www.instagram.com:443
03/11/2022 10:44:06 AM https://www.instagram.com:443 "GET /p/COjR8jKgWYd/ HTTP/1.1" 200 34162
03/11/2022 10:44:06 AM Request Issued
03/11/2022 10:44:06 AM Blocked = False, Response recieved
03/11/2022 10:44:17 AM Starting new HTTPS connection (1): www.instagram.com:443
03/11/2022 10:44:17 AM https://www.instagram.com:443 "GET /p/COQfNLAgdH7/ HTTP/1.1" 200 31986
03/11/2022 10:44:17 AM Request Issued
03/11/2022 10:44:17 AM Blocked = False, Response recieved
03/11/2022 10:44:28 AM Starting new HTTPS connection (1): www.instagram.com:443
03/11/2022 10:44:29 AM https://www.instagram.com:443 "GET /p/COYIFeNFsvg/ HTTP/1.1" 200 32507
03/11/2022 10:44:29 AM Request Issued
03/11/2022 10:44:29 AM Blocked = False, Response recieved
03/11/2022 10:44:40 AM Starting new HTTPS connection (1): www.instagram.com:443
03/11/2022 10:44:40 AM https://www.instagram.com:443 "GET /p/CP5BDXigZek/ HTTP/1.1" 302 0
03/11/2022 10:44:40 AM Request Issued
03/11/2022 10:44:40 AM Blocked
03/11/2022 10:44:40 AM Blocked = True, Entering the block period
03/11/2022 10:45:07 AM Started
03/11/2022 10:45:07 AM Shortcode list obtained
03/11/2022 10:45:07 AM Starting new HTTPS connection (1): www.instagram.com:443
03/11/2022 10:45:08 AM https://www.instagram.com:443 "GET /p/CP5BDXigZek/ HTTP/1.1" 200 31162
03/11/2022 10:45:08 AM Request Issued
03/11/2022 10:45:08 AM Blocked = False, Response recieved
03/11/2022 10:45:18 AM Starting new HTTPS connection (1): www.instagram.com:443
03/11/2022 10:45:19 AM https://www.instagram.com:443 "GET /p/cp5VIVLfDV/ HTTP/1.1" 404 90067
03/11/2022 10:45:19 AM Request Issued
03/11/2022 10:45:29 AM Starting new HTTPS connection (1): www.instagram.com:443
03/11/2022 10:45:30 AM https://www.instagram.com:443 "GET /p/CP8y3flovFi/ HTTP/1.1" 200 31258
03/11/2022 10:45:30 AM Request Issued
03/11/2022 10:45:30 AM Blocked = False, Response recieved
03/11/2022 10:45:41 AM Starting new HTTPS connection (1): www.instagram.com:443
03/11/2022 10:45:41 AM https://www.instagram.com:443 "GET /p/CPdZ0ZhHv8h/ HTTP/1.1" 302 0
03/11/2022 10:45:41 AM Request Issued
03/11/2022 10:45:41 AM Blocked
03/11/2022 10:45:41 AM Blocked = True, Entering the block period
03/11/2022 10:45:59 AM Started
03/11/2022 10:45:59 AM Shortcode list obtained
03/11/2022 10:45:59 AM Starting new HTTPS connection (1): www.instagram.com:443
03/11/2022 10:46:00 AM https://www.instagram.com:443 "GET /p/CPdZ0ZhHv8h/ HTTP/1.1" 200 35441
03/11/2022 10:46:00 AM Request Issued
03/11/2022 10:46:00 AM Blocked = False, Response recieved
03/11/2022 10:46:11 AM Starting new HTTPS connection (1): www.instagram.com:443
03/11/2022 10:46:12 AM https://www.instagram.com:443 "GET /p/CPgLZnojqtl/ HTTP/1.1" 200 32587
03/11/2022 10:46:12 AM Request Issued
03/11/2022 10:46:12 AM Blocked = False, Response recieved
03/11/2022 10:46:23 AM Starting new HTTPS connection (1): www.instagram.com:443
03/11/2022 10:46:24 AM https://www.instagram.com:443 "GET /p/CPIl6KAnK8A/ HTTP/1.1" 200 36496
03/11/2022 10:46:24 AM Request Issued
03/11/2022 10:46:24 AM Blocked = False, Response recieved
03/11/2022 10:46:35 AM Starting new HTTPS connection (1): www.instagram.com:443
03/11/2022 10:46:35 AM https://www.instagram.com:443 "GET /p/CPtDsTZJTuQ/ HTTP/1.1" 302 0
03/11/2022 10:46:35 AM Request Issued
03/11/2022 10:46:35 AM Blocked
03/11/2022 10:46:35 AM Blocked = True, Entering the block period
03/11/2022 10:47:17 AM Started
03/11/2022 10:47:17 AM Shortcode list obtained
03/11/2022 10:47:17 AM Starting new HTTPS connection (1): www.instagram.com:443
03/11/2022 10:47:18 AM https://www.instagram.com:443 "GET /p/CPtDsTZJTuQ/ HTTP/1.1" 200 34609
03/11/2022 10:47:18 AM Request Issued
03/11/2022 10:47:18 AM Blocked = False, Response recieved
03/11/2022 10:47:29 AM Starting new HTTPS connection (1): www.instagram.com:443
03/11/2022 10:47:30 AM https://www.instagram.com:443 "GET /p/CQ17MZCL8xK/ HTTP/1.1" 200 36558
03/11/2022 10:47:30 AM Request Issued
03/11/2022 10:47:30 AM Blocked = False, Response recieved
03/11/2022 10:47:40 AM Starting new HTTPS connection (1): www.instagram.com:443
03/11/2022 10:47:41 AM https://www.instagram.com:443 "GET /p/CQeHzgIt3G5/ HTTP/1.1" 200 39518
03/11/2022 10:47:41 AM Request Issued
03/11/2022 10:47:41 AM Blocked = False, Response recieved
03/11/2022 10:47:52 AM Starting new HTTPS connection (1): www.instagram.com:443
03/11/2022 10:47:52 AM https://www.instagram.com:443 "GET /p/CQMG0iGpOOx/ HTTP/1.1" 302 0
03/11/2022 10:47:52 AM Request Issued
03/11/2022 10:47:52 AM Blocked
03/11/2022 10:47:52 AM Blocked = True, Entering the block period
03/11/2022 10:48:33 AM Started
03/11/2022 10:48:33 AM Shortcode list obtained
03/11/2022 10:48:33 AM Starting new HTTPS connection (1): www.instagram.com:443
03/11/2022 10:48:34 AM https://www.instagram.com:443 "GET /p/CQMG0iGpOOx/ HTTP/1.1" 200 35385
03/11/2022 10:48:34 AM Request Issued
03/11/2022 10:48:34 AM Blocked = False, Response recieved
03/11/2022 10:48:44 AM Starting new HTTPS connection (1): www.instagram.com:443
03/11/2022 10:48:45 AM https://www.instagram.com:443 "GET /p/CQSOcf4BFSN/ HTTP/1.1" 200 33664
03/11/2022 10:48:45 AM Request Issued
03/11/2022 10:48:45 AM Blocked = False, Response recieved
03/11/2022 10:48:55 AM Starting new HTTPS connection (1): www.instagram.com:443
03/11/2022 10:48:56 AM https://www.instagram.com:443 "GET /p/CQZJ2ukghUE/ HTTP/1.1" 200 34316
03/11/2022 10:48:56 AM Request Issued
03/11/2022 10:48:56 AM Blocked = False, Response recieved
03/11/2022 10:49:06 AM Starting new HTTPS connection (1): www.instagram.com:443
03/11/2022 10:49:06 AM https://www.instagram.com:443 "GET /p/CRBzIueoyBd/ HTTP/1.1" 302 0
03/11/2022 10:49:06 AM Request Issued
03/11/2022 10:49:06 AM Blocked
03/11/2022 10:49:06 AM Blocked = True, Entering the block period
03/11/2022 10:49:23 AM Started
03/11/2022 10:49:23 AM Shortcode list obtained
03/11/2022 10:49:23 AM Starting new HTTPS connection (1): www.instagram.com:443
03/11/2022 10:49:24 AM https://www.instagram.com:443 "GET /p/CRBzIueoyBd/ HTTP/1.1" 200 31190
03/11/2022 10:49:24 AM Request Issued
03/11/2022 10:49:24 AM Blocked = False, Response recieved
03/11/2022 10:49:34 AM Starting new HTTPS connection (1): www.instagram.com:443
03/11/2022 10:49:35 AM https://www.instagram.com:443 "GET /p/CRtoCo6jvvk/ HTTP/1.1" 200 34563
03/11/2022 10:49:35 AM Request Issued
03/11/2022 10:49:35 AM Blocked = False, Response recieved
03/11/2022 10:49:45 AM Starting new HTTPS connection (1): www.instagram.com:443
03/11/2022 10:49:46 AM https://www.instagram.com:443 "GET /p/CRu08qipCiL/ HTTP/1.1" 200 30839
03/11/2022 10:49:46 AM Request Issued
03/11/2022 10:49:46 AM Blocked = False, Response recieved
03/11/2022 10:49:57 AM Starting new HTTPS connection (1): www.instagram.com:443
03/11/2022 10:49:58 AM https://www.instagram.com:443 "GET /p/CSg51Fjlm10/ HTTP/1.1" 200 40170
03/11/2022 10:49:58 AM Request Issued
03/11/2022 10:49:58 AM Blocked = False, Response recieved
03/11/2022 10:50:08 AM Starting new HTTPS connection (1): www.instagram.com:443
03/11/2022 10:50:09 AM https://www.instagram.com:443 "GET /p/CSGWg5OLjZi/ HTTP/1.1" 302 0
03/11/2022 10:50:09 AM Request Issued
03/11/2022 10:50:09 AM Blocked
03/11/2022 10:50:09 AM Blocked = True, Entering the block period
03/11/2022 10:50:24 AM Started
03/11/2022 10:50:25 AM Shortcode list obtained
03/11/2022 10:50:25 AM Starting new HTTPS connection (1): www.instagram.com:443
03/11/2022 10:50:26 AM https://www.instagram.com:443 "GET /p/CSGWg5OLjZi/ HTTP/1.1" 200 38204
03/11/2022 10:50:26 AM Request Issued
03/11/2022 10:50:26 AM Blocked = False, Response recieved
03/11/2022 10:50:37 AM Starting new HTTPS connection (1): www.instagram.com:443
03/11/2022 10:50:38 AM https://www.instagram.com:443 "GET /p/cU0nBzG8Cp/ HTTP/1.1" 200 34043
03/11/2022 10:50:38 AM Request Issued
03/11/2022 10:50:38 AM Blocked = False, Response recieved
03/11/2022 10:50:49 AM Starting new HTTPS connection (1): www.instagram.com:443
03/11/2022 10:50:49 AM https://www.instagram.com:443 "GET /p/cUFaruPeUV/ HTTP/1.1" 200 29454
03/11/2022 10:50:49 AM Request Issued
03/11/2022 10:50:49 AM Blocked = False, Response recieved
03/11/2022 10:51:00 AM Starting new HTTPS connection (1): www.instagram.com:443
03/11/2022 10:51:00 AM https://www.instagram.com:443 "GET /p/cuVMS1PpO2/ HTTP/1.1" 302 0
03/11/2022 10:51:00 AM Request Issued
03/11/2022 10:51:00 AM Blocked
03/11/2022 10:51:00 AM Blocked = True, Entering the block period
03/11/2022 10:52:38 AM Started
03/11/2022 10:52:38 AM Shortcode list obtained
03/11/2022 10:52:38 AM Starting new HTTPS connection (1): www.instagram.com:443
03/11/2022 10:52:39 AM https://www.instagram.com:443 "GET /p/cuVMS1PpO2/ HTTP/1.1" 200 31048
03/11/2022 10:52:39 AM Request Issued
03/11/2022 10:52:39 AM Blocked = False, Response recieved
03/11/2022 10:52:49 AM Starting new HTTPS connection (1): www.instagram.com:443
03/11/2022 10:52:49 AM https://www.instagram.com:443 "GET /p/cYkdggPs31/ HTTP/1.1" 404 90068
03/11/2022 10:52:49 AM Request Issued
