03/15/2022 02:33:38 PM Started
03/15/2022 02:33:38 PM Shortcode list obtained
03/15/2022 02:33:38 PM Starting new HTTPS connection (1): www.instagram.com:443
03/15/2022 02:33:39 PM https://www.instagram.com:443 "GET /p/B3VPsJfBxui/ HTTP/1.1" 200 34772
03/15/2022 02:33:39 PM Request Issued
03/15/2022 02:33:39 PM Blocked = False, Response recieved
03/15/2022 02:38:40 PM Starting new HTTPS connection (1): www.instagram.com:443
03/15/2022 02:38:40 PM https://www.instagram.com:443 "GET /p/B40DBB5lmZY/ HTTP/1.1" 200 33523
03/15/2022 02:38:40 PM Request Issued
03/15/2022 02:38:40 PM Blocked = False, Response recieved
03/15/2022 02:43:41 PM Starting new HTTPS connection (1): www.instagram.com:443
03/15/2022 02:43:42 PM https://www.instagram.com:443 "GET /p/B4aehN4FILJ/ HTTP/1.1" 200 32518
03/15/2022 02:43:42 PM Request Issued
03/15/2022 02:43:42 PM Blocked = False, Response recieved
03/15/2022 02:48:42 PM Starting new HTTPS connection (1): www.instagram.com:443
03/15/2022 02:48:43 PM https://www.instagram.com:443 "GET /p/B4BC24NB4TS/ HTTP/1.1" 200 34442
03/15/2022 02:48:43 PM Request Issued
03/15/2022 02:48:43 PM Blocked = False, Response recieved
03/15/2022 02:53:44 PM Starting new HTTPS connection (1): www.instagram.com:443
03/15/2022 02:53:45 PM https://www.instagram.com:443 "GET /p/B4HaZa3lTxu/ HTTP/1.1" 200 35209
03/15/2022 02:53:45 PM Request Issued
03/15/2022 02:53:45 PM Blocked = False, Response recieved
03/15/2022 02:58:46 PM Starting new HTTPS connection (1): www.instagram.com:443
03/15/2022 02:58:46 PM https://www.instagram.com:443 "GET /p/B4hINp3lsyg/ HTTP/1.1" 200 37121
03/15/2022 02:58:46 PM Request Issued
03/15/2022 02:58:46 PM Blocked = False, Response recieved
03/15/2022 03:03:47 PM Starting new HTTPS connection (1): www.instagram.com:443
03/15/2022 03:03:48 PM https://www.instagram.com:443 "GET /p/B4MbsrjqCBI/ HTTP/1.1" 200 35029
03/15/2022 03:03:48 PM Request Issued
03/15/2022 03:03:48 PM Blocked = False, Response recieved
03/15/2022 03:08:48 PM Starting new HTTPS connection (1): www.instagram.com:443
03/15/2022 03:08:49 PM https://www.instagram.com:443 "GET /p/B4OAYW6nDrq/ HTTP/1.1" 200 34281
03/15/2022 03:08:49 PM Request Issued
03/15/2022 03:08:49 PM Blocked = False, Response recieved
03/15/2022 03:13:50 PM Starting new HTTPS connection (1): www.instagram.com:443
03/15/2022 03:13:50 PM https://www.instagram.com:443 "GET /p/B52dTrbnKP0/ HTTP/1.1" 200 33751
03/15/2022 03:13:50 PM Request Issued
03/15/2022 03:13:50 PM Blocked = False, Response recieved
03/15/2022 03:18:51 PM Starting new HTTPS connection (1): www.instagram.com:443
03/15/2022 03:18:51 PM https://www.instagram.com:443 "GET /p/B5bFqs4BGQ3/ HTTP/1.1" 200 30300
03/15/2022 03:18:51 PM Request Issued
03/15/2022 03:18:51 PM Blocked = False, Response recieved
03/15/2022 03:23:52 PM Starting new HTTPS connection (1): www.instagram.com:443
03/15/2022 03:23:52 PM https://www.instagram.com:443 "GET /p/B5e3AGGCCmr/ HTTP/1.1" 200 32074
03/15/2022 03:23:52 PM Request Issued
03/15/2022 03:23:52 PM Blocked = False, Response recieved
03/15/2022 03:28:53 PM Starting new HTTPS connection (1): www.instagram.com:443
03/15/2022 03:28:54 PM https://www.instagram.com:443 "GET /p/B5h6Hq8gMf4/ HTTP/1.1" 200 34903
03/15/2022 03:28:54 PM Request Issued
03/15/2022 03:28:54 PM Blocked = False, Response recieved
03/15/2022 03:33:54 PM Starting new HTTPS connection (1): www.instagram.com:443
03/15/2022 03:33:55 PM https://www.instagram.com:443 "GET /p/B5I6Tofo1m7/ HTTP/1.1" 200 34562
03/15/2022 03:33:55 PM Request Issued
03/15/2022 03:33:55 PM Blocked = False, Response recieved
03/15/2022 03:38:56 PM Starting new HTTPS connection (1): www.instagram.com:443
03/15/2022 03:38:56 PM https://www.instagram.com:443 "GET /p/B5NgS35I4tz/ HTTP/1.1" 200 35367
03/15/2022 03:38:56 PM Request Issued
03/15/2022 03:38:56 PM Blocked = False, Response recieved
03/15/2022 03:43:57 PM Starting new HTTPS connection (1): www.instagram.com:443
03/15/2022 03:43:57 PM https://www.instagram.com:443 "GET /p/B5ThgPXBlHh/ HTTP/1.1" 200 39207
03/15/2022 03:43:58 PM Request Issued
03/15/2022 03:43:58 PM Blocked = False, Response recieved
03/15/2022 03:48:58 PM Starting new HTTPS connection (1): www.instagram.com:443
03/15/2022 03:48:59 PM https://www.instagram.com:443 "GET /p/B6gPy6JH4JS/ HTTP/1.1" 200 37843
03/15/2022 03:48:59 PM Request Issued
03/15/2022 03:48:59 PM Blocked = False, Response recieved
03/15/2022 03:53:59 PM Starting new HTTPS connection (1): www.instagram.com:443
03/15/2022 03:54:00 PM https://www.instagram.com:443 "GET /p/B6v5RQ5FT2k/ HTTP/1.1" 200 30434
03/15/2022 03:54:00 PM Request Issued
03/15/2022 03:54:00 PM Blocked = False, Response recieved
03/15/2022 03:59:00 PM Starting new HTTPS connection (1): www.instagram.com:443
03/15/2022 03:59:01 PM https://www.instagram.com:443 "GET /p/B6wIMlaKObA/ HTTP/1.1" 200 36444
03/15/2022 03:59:01 PM Request Issued
03/15/2022 03:59:01 PM Blocked = False, Response recieved
03/15/2022 04:04:02 PM Starting new HTTPS connection (1): www.instagram.com:443
03/15/2022 04:04:03 PM https://www.instagram.com:443 "GET /p/B70NLO6nPcW/ HTTP/1.1" 200 30542
03/15/2022 04:04:03 PM Request Issued
03/15/2022 04:04:03 PM Blocked = False, Response recieved
03/15/2022 04:09:04 PM Starting new HTTPS connection (1): www.instagram.com:443
03/15/2022 04:09:05 PM https://www.instagram.com:443 "GET /p/B71hu0hh6v9/ HTTP/1.1" 200 30384
03/15/2022 04:09:05 PM Request Issued
03/15/2022 04:09:05 PM Blocked = False, Response recieved
03/15/2022 04:14:05 PM Starting new HTTPS connection (1): www.instagram.com:443
03/15/2022 04:14:06 PM https://www.instagram.com:443 "GET /p/B75evvvhx94/ HTTP/1.1" 200 35645
03/15/2022 04:14:06 PM Request Issued
03/15/2022 04:14:06 PM Blocked = False, Response recieved
03/15/2022 04:19:06 PM Starting new HTTPS connection (1): www.instagram.com:443
03/15/2022 04:19:07 PM https://www.instagram.com:443 "GET /p/B76Y8HVCkyr/ HTTP/1.1" 200 38472
03/15/2022 04:19:07 PM Request Issued
03/15/2022 04:19:07 PM Blocked = False, Response recieved
03/15/2022 04:24:08 PM Starting new HTTPS connection (1): www.instagram.com:443
03/15/2022 04:24:08 PM https://www.instagram.com:443 "GET /p/B7BBe5JhYJ4/ HTTP/1.1" 200 30148
03/15/2022 04:24:08 PM Request Issued
03/15/2022 04:24:08 PM Blocked = False, Response recieved
03/15/2022 04:29:09 PM Starting new HTTPS connection (1): www.instagram.com:443
03/15/2022 04:29:10 PM https://www.instagram.com:443 "GET /p/B7BCOEZFOKf/ HTTP/1.1" 200 36099
03/15/2022 04:29:10 PM Request Issued
03/15/2022 04:29:10 PM Blocked = False, Response recieved
03/15/2022 04:34:11 PM Starting new HTTPS connection (1): www.instagram.com:443
03/15/2022 04:34:12 PM https://www.instagram.com:443 "GET /p/B7BtJc7gwsy/ HTTP/1.1" 200 37859
03/15/2022 04:34:12 PM Request Issued
03/15/2022 04:34:12 PM Blocked = False, Response recieved
