03/07/2022 09:55:12 AM Started
03/07/2022 09:55:12 AM Shortcode list obtained
03/07/2022 09:55:12 AM Starting new HTTPS connection (1): www.instagram.com:443
03/07/2022 09:55:13 AM https://www.instagram.com:443 "GET /p/BwayzBJhFVj/ HTTP/1.1" 200 30787
03/07/2022 09:55:13 AM Request Issued
03/07/2022 09:55:13 AM Blocked = False, Response recieved
03/07/2022 09:55:24 AM Starting new HTTPS connection (1): www.instagram.com:443
03/07/2022 09:55:25 AM https://www.instagram.com:443 "GET /p/BWCwGJuj4pO/ HTTP/1.1" 200 34395
03/07/2022 09:55:25 AM Request Issued
03/07/2022 09:55:25 AM Blocked = False, Response recieved
03/07/2022 09:55:36 AM Starting new HTTPS connection (1): www.instagram.com:443
03/07/2022 09:55:36 AM https://www.instagram.com:443 "GET /p/Bwe4Er3F3Wd/ HTTP/1.1" 200 30937
03/07/2022 09:55:37 AM Request Issued
03/07/2022 09:55:37 AM Blocked = False, Response recieved
03/07/2022 09:55:47 AM Starting new HTTPS connection (1): www.instagram.com:443
03/07/2022 09:55:48 AM https://www.instagram.com:443 "GET /p/BWIeHxtj4BG/ HTTP/1.1" 302 0
03/07/2022 09:55:48 AM Request Issued
03/07/2022 09:55:48 AM Blocked
03/07/2022 09:55:48 AM Blocked = True, Entering the block period
03/07/2022 09:56:08 AM Started
03/07/2022 09:56:08 AM Shortcode list obtained
03/07/2022 09:56:08 AM Starting new HTTPS connection (1): www.instagram.com:443
03/07/2022 09:56:08 AM https://www.instagram.com:443 "GET /p/BWIeHxtj4BG/ HTTP/1.1" 404 90855
03/07/2022 09:56:08 AM Request Issued
03/07/2022 09:56:19 AM Starting new HTTPS connection (1): www.instagram.com:443
03/07/2022 09:56:19 AM https://www.instagram.com:443 "GET /p/BwKRUeQlMCi/ HTTP/1.1" 404 90854
03/07/2022 09:56:19 AM Request Issued
03/07/2022 09:56:30 AM Starting new HTTPS connection (1): www.instagram.com:443
03/07/2022 09:56:31 AM https://www.instagram.com:443 "GET /p/Bwlz9KWjTnZ/ HTTP/1.1" 200 36586
03/07/2022 09:56:31 AM Request Issued
03/07/2022 09:56:31 AM Blocked = False, Response recieved
03/07/2022 09:56:42 AM Starting new HTTPS connection (1): www.instagram.com:443
03/07/2022 09:56:42 AM https://www.instagram.com:443 "GET /p/bWmLWYjB6X/ HTTP/1.1" 302 0
03/07/2022 09:56:42 AM Request Issued
03/07/2022 09:56:42 AM Blocked
03/07/2022 09:56:42 AM Blocked = True, Entering the block period
03/07/2022 09:56:58 AM Started
03/07/2022 09:56:58 AM Shortcode list obtained
03/07/2022 09:56:58 AM Starting new HTTPS connection (1): www.instagram.com:443
03/07/2022 09:56:59 AM https://www.instagram.com:443 "GET /p/bWmLWYjB6X/ HTTP/1.1" 200 33593
03/07/2022 09:57:00 AM Request Issued
03/07/2022 09:57:00 AM Blocked = False, Response recieved
03/07/2022 09:57:10 AM Starting new HTTPS connection (1): www.instagram.com:443
03/07/2022 09:57:10 AM https://www.instagram.com:443 "GET /p/BwpWVLbpdu8/ HTTP/1.1" 200 30604
03/07/2022 09:57:11 AM Request Issued
03/07/2022 09:57:11 AM Blocked = False, Response recieved
03/07/2022 09:57:21 AM Starting new HTTPS connection (1): www.instagram.com:443
03/07/2022 09:57:21 AM https://www.instagram.com:443 "GET /p/BWQaU8hHUOK/ HTTP/1.1" 200 31106
03/07/2022 09:57:21 AM Request Issued
03/07/2022 09:57:21 AM Blocked = False, Response recieved
03/07/2022 09:57:32 AM Starting new HTTPS connection (1): www.instagram.com:443
03/07/2022 09:57:32 AM https://www.instagram.com:443 "GET /p/BwwEAmmHptU/ HTTP/1.1" 302 0
03/07/2022 09:57:32 AM Request Issued
03/07/2022 09:57:32 AM Blocked
03/07/2022 09:57:32 AM Blocked = True, Entering the block period
03/07/2022 09:57:48 AM Started
03/07/2022 09:57:48 AM Shortcode list obtained
03/07/2022 09:57:48 AM Starting new HTTPS connection (1): www.instagram.com:443
03/07/2022 09:57:48 AM https://www.instagram.com:443 "GET /p/BwwEAmmHptU/ HTTP/1.1" 200 34393
03/07/2022 09:57:48 AM Request Issued
03/07/2022 09:57:48 AM Blocked = False, Response recieved
03/07/2022 09:57:59 AM Starting new HTTPS connection (1): www.instagram.com:443
03/07/2022 09:57:59 AM https://www.instagram.com:443 "GET /p/bWwiEEh9FM/ HTTP/1.1" 404 90781
03/07/2022 09:57:59 AM Request Issued
03/07/2022 09:58:10 AM Starting new HTTPS connection (1): www.instagram.com:443
03/07/2022 09:58:10 AM https://www.instagram.com:443 "GET /p/BwZGjnVlWUq/ HTTP/1.1" 200 30477
03/07/2022 09:58:10 AM Request Issued
03/07/2022 09:58:10 AM Blocked = False, Response recieved
03/07/2022 09:58:21 AM Starting new HTTPS connection (1): www.instagram.com:443
03/07/2022 09:58:21 AM https://www.instagram.com:443 "GET /p/Bx1KpcEhHow/ HTTP/1.1" 302 0
03/07/2022 09:58:21 AM Request Issued
03/07/2022 09:58:21 AM Blocked
03/07/2022 09:58:21 AM Blocked = True, Entering the block period
03/07/2022 09:58:36 AM Started
03/07/2022 09:58:36 AM Shortcode list obtained
03/07/2022 09:58:36 AM Starting new HTTPS connection (1): www.instagram.com:443
03/07/2022 09:58:39 AM https://www.instagram.com:443 "GET /p/Bx1KpcEhHow/ HTTP/1.1" 200 35503
03/07/2022 09:58:39 AM Request Issued
03/07/2022 09:58:39 AM Blocked = False, Response recieved
03/07/2022 09:58:49 AM Starting new HTTPS connection (1): www.instagram.com:443
03/07/2022 09:58:50 AM https://www.instagram.com:443 "GET /p/bxAwc3nadb/ HTTP/1.1" 200 30227
03/07/2022 09:58:50 AM Request Issued
03/07/2022 09:58:50 AM Blocked = False, Response recieved
03/07/2022 09:59:00 AM Starting new HTTPS connection (1): www.instagram.com:443
03/07/2022 09:59:01 AM https://www.instagram.com:443 "GET /p/BxKN276n1Ty/ HTTP/1.1" 200 35482
03/07/2022 09:59:01 AM Request Issued
03/07/2022 09:59:01 AM Blocked = False, Response recieved
03/07/2022 09:59:12 AM Starting new HTTPS connection (1): www.instagram.com:443
03/07/2022 09:59:13 AM https://www.instagram.com:443 "GET /p/BXoB3KkBvD8/ HTTP/1.1" 200 31136
03/07/2022 09:59:13 AM Request Issued
03/07/2022 09:59:13 AM Blocked = False, Response recieved
03/07/2022 09:59:23 AM Starting new HTTPS connection (1): www.instagram.com:443
03/07/2022 09:59:23 AM https://www.instagram.com:443 "GET /p/Bxq7Pk4j7VX/ HTTP/1.1" 302 0
03/07/2022 09:59:23 AM Request Issued
03/07/2022 09:59:23 AM Blocked
03/07/2022 09:59:23 AM Blocked = True, Entering the block period
03/07/2022 10:00:04 AM Started
03/07/2022 10:00:04 AM Shortcode list obtained
03/07/2022 10:00:04 AM Starting new HTTPS connection (1): www.instagram.com:443
03/07/2022 10:00:10 AM https://www.instagram.com:443 "GET /p/Bxq7Pk4j7VX/ HTTP/1.1" 560 0
03/07/2022 10:00:10 AM Request Issued
03/07/2022 10:00:20 AM Starting new HTTPS connection (1): www.instagram.com:443
03/07/2022 10:00:20 AM https://www.instagram.com:443 "GET /p/BXs1hYxh3Tv/ HTTP/1.1" 200 30908
03/07/2022 10:00:21 AM Request Issued
03/07/2022 10:00:21 AM Blocked = False, Response recieved
03/07/2022 10:00:31 AM Starting new HTTPS connection (1): www.instagram.com:443
03/07/2022 10:00:41 AM https://www.instagram.com:443 "GET /p/BXtZ9tkHow9/ HTTP/1.1" 560 0
03/07/2022 10:00:41 AM Request Issued
03/07/2022 10:00:51 AM Starting new HTTPS connection (1): www.instagram.com:443
03/07/2022 10:00:52 AM https://www.instagram.com:443 "GET /p/BxX2V9lgRou/ HTTP/1.1" 302 0
03/07/2022 10:00:52 AM Request Issued
03/07/2022 10:00:52 AM Blocked
03/07/2022 10:00:52 AM Blocked = True, Entering the block period
03/07/2022 10:01:11 AM Started
03/07/2022 10:01:11 AM Shortcode list obtained
03/07/2022 10:01:11 AM Starting new HTTPS connection (1): www.instagram.com:443
03/07/2022 10:01:27 AM https://www.instagram.com:443 "GET /p/BxX2V9lgRou/ HTTP/1.1" 560 0
03/07/2022 10:01:27 AM Request Issued
03/07/2022 10:01:37 AM Starting new HTTPS connection (1): www.instagram.com:443
03/07/2022 10:01:50 AM https://www.instagram.com:443 "GET /p/By0TPvCgGgB/ HTTP/1.1" 200 32652
03/07/2022 10:01:50 AM Request Issued
03/07/2022 10:01:50 AM Blocked = False, Response recieved
03/07/2022 10:02:01 AM Starting new HTTPS connection (1): www.instagram.com:443
03/07/2022 10:02:02 AM https://www.instagram.com:443 "GET /p/BYa1ru3Hvfy/ HTTP/1.1" 200 34897
03/07/2022 10:02:02 AM Request Issued
03/07/2022 10:02:02 AM Blocked = False, Response recieved
03/07/2022 10:02:12 AM Starting new HTTPS connection (1): www.instagram.com:443
03/07/2022 10:02:26 AM https://www.instagram.com:443 "GET /p/BYBugIEAg1X/ HTTP/1.1" 560 0
03/07/2022 10:02:26 AM Request Issued
03/07/2022 10:02:37 AM Starting new HTTPS connection (1): www.instagram.com:443
03/07/2022 10:02:37 AM https://www.instagram.com:443 "GET /p/ByDf43cJSKU/ HTTP/1.1" 302 0
03/07/2022 10:02:37 AM Request Issued
03/07/2022 10:02:37 AM Blocked
03/07/2022 10:02:37 AM Blocked = True, Entering the block period
03/07/2022 10:02:52 AM Started
03/07/2022 10:02:52 AM Shortcode list obtained
03/07/2022 10:02:52 AM Starting new HTTPS connection (1): www.instagram.com:443
03/07/2022 10:02:52 AM https://www.instagram.com:443 "GET /p/ByDf43cJSKU/ HTTP/1.1" 404 90849
03/07/2022 10:02:52 AM Request Issued
03/07/2022 10:03:03 AM Starting new HTTPS connection (1): www.instagram.com:443
03/07/2022 10:03:04 AM https://www.instagram.com:443 "GET /p/ByKsBYQFise/ HTTP/1.1" 200 33448
03/07/2022 10:03:04 AM Request Issued
03/07/2022 10:03:04 AM Blocked = False, Response recieved
