03/04/2022 04:19:02 PM Started
03/04/2022 04:19:02 PM Shortcode list obtained
03/04/2022 04:19:02 PM Starting new HTTPS connection (1): www.instagram.com:443
03/04/2022 04:19:02 PM https://www.instagram.com:443 "GET /p/4aHTz4LSfb/ HTTP/1.1" 200 29553
03/04/2022 04:19:02 PM Request Issued
03/04/2022 04:19:02 PM Blocked = False, Response recieved
03/04/2022 04:24:03 PM Starting new HTTPS connection (1): www.instagram.com:443
03/04/2022 04:24:04 PM https://www.instagram.com:443 "GET /p/4AmxK1BuA4/ HTTP/1.1" 404 90857
03/04/2022 04:24:04 PM Request Issued
03/04/2022 04:29:04 PM Starting new HTTPS connection (1): www.instagram.com:443
03/04/2022 04:29:05 PM https://www.instagram.com:443 "GET /p/4cLPLloM0p/ HTTP/1.1" 200 34199
03/04/2022 04:29:05 PM Request Issued
03/04/2022 04:29:05 PM Blocked = False, Response recieved
03/04/2022 04:34:06 PM Starting new HTTPS connection (1): www.instagram.com:443
03/04/2022 04:34:19 PM https://www.instagram.com:443 "GET /p/4CrtdTsFZw/ HTTP/1.1" 560 0
03/04/2022 04:34:19 PM Request Issued
03/04/2022 04:39:19 PM Starting new HTTPS connection (1): www.instagram.com:443
03/04/2022 04:39:38 PM https://www.instagram.com:443 "GET /p/4d1tKxmJGR/ HTTP/1.1" 500 0
03/04/2022 04:39:38 PM Request Issued
03/04/2022 04:44:38 PM Starting new HTTPS connection (1): www.instagram.com:443
03/04/2022 04:44:39 PM https://www.instagram.com:443 "GET /p/4EytjGL5nQ/ HTTP/1.1" 302 0
03/04/2022 04:44:39 PM Request Issued
03/04/2022 04:44:39 PM Blocked
03/04/2022 04:44:39 PM Blocked = True, Entering the block period
03/04/2022 05:14:39 PM Starting new HTTPS connection (1): www.instagram.com:443
03/04/2022 05:14:39 PM https://www.instagram.com:443 "GET /p/4EytjGL5nQ/ HTTP/1.1" 404 90780
03/04/2022 05:14:39 PM Request Issued
03/04/2022 05:14:39 PM Block ID: 1, Block period: 1800 seconds
03/04/2022 05:14:39 PM Blocked = False, Block period ended
03/04/2022 05:19:40 PM Starting new HTTPS connection (1): www.instagram.com:443
03/04/2022 05:19:40 PM https://www.instagram.com:443 "GET /p/4fE7bhjWi7/ HTTP/1.1" 404 90781
03/04/2022 05:19:40 PM Request Issued
03/04/2022 05:24:41 PM Starting new HTTPS connection (1): www.instagram.com:443
03/04/2022 05:24:42 PM https://www.instagram.com:443 "GET /p/4fv0jBD4DP/ HTTP/1.1" 200 33908
03/04/2022 05:24:42 PM Request Issued
03/04/2022 05:24:42 PM Blocked = False, Response recieved
03/04/2022 05:29:42 PM Starting new HTTPS connection (1): www.instagram.com:443
03/04/2022 05:29:42 PM https://www.instagram.com:443 "GET /p/4g3D9evKPZ/ HTTP/1.1" 404 90781
03/04/2022 05:29:42 PM Request Issued
03/04/2022 05:34:43 PM Starting new HTTPS connection (1): www.instagram.com:443
03/04/2022 05:34:43 PM https://www.instagram.com:443 "GET /p/4GavJZoJJm/ HTTP/1.1" 200 35038
03/04/2022 05:34:44 PM Request Issued
03/04/2022 05:34:44 PM Blocked = False, Response recieved
03/04/2022 05:39:44 PM Starting new HTTPS connection (1): www.instagram.com:443
03/04/2022 05:39:45 PM https://www.instagram.com:443 "GET /p/4Gkp2MxVWm/ HTTP/1.1" 302 0
03/04/2022 05:39:45 PM Request Issued
03/04/2022 05:39:45 PM Blocked
03/04/2022 05:39:45 PM Blocked = True, Entering the block period
03/04/2022 06:09:45 PM Starting new HTTPS connection (1): www.instagram.com:443
03/04/2022 06:09:45 PM https://www.instagram.com:443 "GET /p/4Gkp2MxVWm/ HTTP/1.1" 302 0
03/04/2022 06:09:45 PM Request Issued
03/04/2022 06:09:45 PM Blocked
03/04/2022 06:39:45 PM Starting new HTTPS connection (1): www.instagram.com:443
03/04/2022 06:39:45 PM https://www.instagram.com:443 "GET /p/4Gkp2MxVWm/ HTTP/1.1" 302 0
03/04/2022 06:39:45 PM Request Issued
03/04/2022 06:39:45 PM Blocked
03/04/2022 07:09:45 PM Starting new HTTPS connection (1): www.instagram.com:443
03/04/2022 07:09:45 PM https://www.instagram.com:443 "GET /p/4Gkp2MxVWm/ HTTP/1.1" 302 0
03/04/2022 07:09:45 PM Request Issued
03/04/2022 07:09:45 PM Blocked
03/04/2022 07:39:45 PM Starting new HTTPS connection (1): www.instagram.com:443
03/04/2022 07:39:45 PM https://www.instagram.com:443 "GET /p/4Gkp2MxVWm/ HTTP/1.1" 302 0
03/04/2022 07:39:45 PM Request Issued
03/04/2022 07:39:45 PM Blocked
03/04/2022 08:09:45 PM Starting new HTTPS connection (1): www.instagram.com:443
03/04/2022 08:09:45 PM https://www.instagram.com:443 "GET /p/4Gkp2MxVWm/ HTTP/1.1" 302 0
03/04/2022 08:09:45 PM Request Issued
03/04/2022 08:09:45 PM Blocked
03/04/2022 08:39:45 PM Starting new HTTPS connection (1): www.instagram.com:443
03/04/2022 08:39:46 PM https://www.instagram.com:443 "GET /p/4Gkp2MxVWm/ HTTP/1.1" 302 0
03/04/2022 08:39:46 PM Request Issued
03/04/2022 08:39:46 PM Blocked
03/04/2022 09:09:46 PM Starting new HTTPS connection (1): www.instagram.com:443
03/04/2022 09:09:46 PM https://www.instagram.com:443 "GET /p/4Gkp2MxVWm/ HTTP/1.1" 302 0
03/04/2022 09:09:46 PM Request Issued
03/04/2022 09:09:46 PM Blocked
03/04/2022 09:39:46 PM Starting new HTTPS connection (1): www.instagram.com:443
03/04/2022 09:39:51 PM https://www.instagram.com:443 "GET /p/4Gkp2MxVWm/ HTTP/1.1" 560 0
03/04/2022 09:39:51 PM Request Issued
03/04/2022 09:39:51 PM Block ID: 2, Block period: 14406 seconds
03/04/2022 09:39:51 PM Blocked = False, Block period ended
03/04/2022 09:44:52 PM Starting new HTTPS connection (1): www.instagram.com:443
03/04/2022 09:44:52 PM https://www.instagram.com:443 "GET /p/4InH5kO6Ol/ HTTP/1.1" 404 90780
03/04/2022 09:44:52 PM Request Issued
03/04/2022 09:49:53 PM Starting new HTTPS connection (1): www.instagram.com:443
03/04/2022 09:49:53 PM https://www.instagram.com:443 "GET /p/4J6O5AMyCv/ HTTP/1.1" 200 29872
03/04/2022 09:49:53 PM Request Issued
03/04/2022 09:49:53 PM Blocked = False, Response recieved
03/04/2022 09:54:54 PM Starting new HTTPS connection (1): www.instagram.com:443
03/04/2022 09:54:54 PM https://www.instagram.com:443 "GET /p/4jpBZfIuuy/ HTTP/1.1" 404 90819
03/04/2022 09:54:54 PM Request Issued
03/04/2022 09:59:55 PM Starting new HTTPS connection (1): www.instagram.com:443
03/04/2022 09:59:55 PM https://www.instagram.com:443 "GET /p/4JwIf6o5IE/ HTTP/1.1" 302 0
03/04/2022 09:59:55 PM Request Issued
03/04/2022 09:59:55 PM Blocked
03/04/2022 09:59:55 PM Blocked = True, Entering the block period
03/04/2022 10:29:55 PM Starting new HTTPS connection (1): www.instagram.com:443
03/04/2022 10:29:55 PM https://www.instagram.com:443 "GET /p/4JwIf6o5IE/ HTTP/1.1" 302 0
03/04/2022 10:29:55 PM Request Issued
03/04/2022 10:29:55 PM Blocked
03/04/2022 10:59:55 PM Starting new HTTPS connection (1): www.instagram.com:443
03/04/2022 10:59:56 PM https://www.instagram.com:443 "GET /p/4JwIf6o5IE/ HTTP/1.1" 200 34161
03/04/2022 10:59:56 PM Request Issued
03/04/2022 10:59:56 PM Block ID: 3, Block period: 3601 seconds
03/04/2022 10:59:56 PM Blocked = False, Block period ended
03/04/2022 11:04:56 PM Starting new HTTPS connection (1): www.instagram.com:443
03/04/2022 11:04:57 PM https://www.instagram.com:443 "GET /p/4lonh9BCLa/ HTTP/1.1" 200 30861
03/04/2022 11:04:57 PM Request Issued
03/04/2022 11:04:57 PM Blocked = False, Response recieved
03/04/2022 11:09:57 PM Starting new HTTPS connection (1): www.instagram.com:443
03/04/2022 11:09:58 PM https://www.instagram.com:443 "GET /p/4muenggDlF/ HTTP/1.1" 200 30490
03/04/2022 11:09:58 PM Request Issued
03/04/2022 11:09:58 PM Blocked = False, Response recieved
03/04/2022 11:14:58 PM Starting new HTTPS connection (1): www.instagram.com:443
03/04/2022 11:14:59 PM https://www.instagram.com:443 "GET /p/4MYpsID3qT/ HTTP/1.1" 200 30007
03/04/2022 11:14:59 PM Request Issued
03/04/2022 11:14:59 PM Blocked = False, Response recieved
03/04/2022 11:20:00 PM Starting new HTTPS connection (1): www.instagram.com:443
03/04/2022 11:20:00 PM https://www.instagram.com:443 "GET /p/4Pki0vvdS3/ HTTP/1.1" 302 0
03/04/2022 11:20:00 PM Request Issued
03/04/2022 11:20:00 PM Blocked
03/04/2022 11:20:00 PM Blocked = True, Entering the block period
03/04/2022 11:50:00 PM Starting new HTTPS connection (1): www.instagram.com:443
03/04/2022 11:50:00 PM https://www.instagram.com:443 "GET /p/4Pki0vvdS3/ HTTP/1.1" 302 0
03/04/2022 11:50:00 PM Request Issued
03/04/2022 11:50:00 PM Blocked
03/05/2022 12:20:00 AM Starting new HTTPS connection (1): www.instagram.com:443
03/05/2022 12:20:01 AM https://www.instagram.com:443 "GET /p/4Pki0vvdS3/ HTTP/1.1" 302 0
03/05/2022 12:20:01 AM Request Issued
03/05/2022 12:20:01 AM Blocked
03/05/2022 12:50:01 AM Starting new HTTPS connection (1): www.instagram.com:443
03/05/2022 12:50:01 AM https://www.instagram.com:443 "GET /p/4Pki0vvdS3/ HTTP/1.1" 302 0
03/05/2022 12:50:01 AM Request Issued
03/05/2022 12:50:01 AM Blocked
03/05/2022 01:20:01 AM Starting new HTTPS connection (1): www.instagram.com:443
03/05/2022 01:20:01 AM https://www.instagram.com:443 "GET /p/4Pki0vvdS3/ HTTP/1.1" 302 0
03/05/2022 01:20:01 AM Request Issued
03/05/2022 01:20:01 AM Blocked
03/05/2022 01:50:01 AM Starting new HTTPS connection (1): www.instagram.com:443
03/05/2022 01:50:01 AM https://www.instagram.com:443 "GET /p/4Pki0vvdS3/ HTTP/1.1" 302 0
03/05/2022 01:50:01 AM Request Issued
03/05/2022 01:50:01 AM Blocked
03/05/2022 02:20:01 AM Starting new HTTPS connection (1): www.instagram.com:443
03/05/2022 02:20:01 AM https://www.instagram.com:443 "GET /p/4Pki0vvdS3/ HTTP/1.1" 302 0
03/05/2022 02:20:01 AM Request Issued
03/05/2022 02:20:01 AM Blocked
03/05/2022 02:50:01 AM Starting new HTTPS connection (1): www.instagram.com:443
03/05/2022 02:50:01 AM https://www.instagram.com:443 "GET /p/4Pki0vvdS3/ HTTP/1.1" 302 0
03/05/2022 02:50:01 AM Request Issued
03/05/2022 02:50:01 AM Blocked
03/05/2022 03:20:01 AM Starting new HTTPS connection (1): www.instagram.com:443
03/05/2022 03:20:01 AM https://www.instagram.com:443 "GET /p/4Pki0vvdS3/ HTTP/1.1" 302 0
03/05/2022 03:20:01 AM Request Issued
03/05/2022 03:20:01 AM Blocked
03/05/2022 03:50:01 AM Starting new HTTPS connection (1): www.instagram.com:443
03/05/2022 03:50:01 AM https://www.instagram.com:443 "GET /p/4Pki0vvdS3/ HTTP/1.1" 302 0
03/05/2022 03:50:01 AM Request Issued
03/05/2022 03:50:01 AM Blocked
03/05/2022 04:20:01 AM Starting new HTTPS connection (1): www.instagram.com:443
03/05/2022 04:20:02 AM https://www.instagram.com:443 "GET /p/4Pki0vvdS3/ HTTP/1.1" 302 0
03/05/2022 04:20:02 AM Request Issued
03/05/2022 04:20:02 AM Blocked
03/05/2022 04:50:02 AM Starting new HTTPS connection (1): www.instagram.com:443
03/05/2022 04:50:02 AM https://www.instagram.com:443 "GET /p/4Pki0vvdS3/ HTTP/1.1" 302 0
03/05/2022 04:50:02 AM Request Issued
03/05/2022 04:50:02 AM Blocked
03/05/2022 05:20:02 AM Starting new HTTPS connection (1): www.instagram.com:443
03/05/2022 05:20:02 AM https://www.instagram.com:443 "GET /p/4Pki0vvdS3/ HTTP/1.1" 302 0
03/05/2022 05:20:02 AM Request Issued
03/05/2022 05:20:02 AM Blocked
03/05/2022 05:50:02 AM Starting new HTTPS connection (1): www.instagram.com:443
03/05/2022 05:50:02 AM https://www.instagram.com:443 "GET /p/4Pki0vvdS3/ HTTP/1.1" 302 0
03/05/2022 05:50:02 AM Request Issued
03/05/2022 05:50:02 AM Blocked
03/05/2022 06:20:02 AM Starting new HTTPS connection (1): www.instagram.com:443
03/05/2022 06:20:02 AM https://www.instagram.com:443 "GET /p/4Pki0vvdS3/ HTTP/1.1" 302 0
03/05/2022 06:20:02 AM Request Issued
03/05/2022 06:20:02 AM Blocked
03/05/2022 06:50:02 AM Starting new HTTPS connection (1): www.instagram.com:443
03/05/2022 06:50:02 AM https://www.instagram.com:443 "GET /p/4Pki0vvdS3/ HTTP/1.1" 302 0
03/05/2022 06:50:02 AM Request Issued
03/05/2022 06:50:02 AM Blocked
03/05/2022 07:20:02 AM Starting new HTTPS connection (1): www.instagram.com:443
03/05/2022 07:20:02 AM https://www.instagram.com:443 "GET /p/4Pki0vvdS3/ HTTP/1.1" 302 0
03/05/2022 07:20:02 AM Request Issued
03/05/2022 07:20:02 AM Blocked
03/05/2022 07:50:02 AM Starting new HTTPS connection (1): www.instagram.com:443
03/05/2022 07:50:03 AM https://www.instagram.com:443 "GET /p/4Pki0vvdS3/ HTTP/1.1" 302 0
03/05/2022 07:50:03 AM Request Issued
03/05/2022 07:50:03 AM Blocked
03/05/2022 08:20:03 AM Starting new HTTPS connection (1): www.instagram.com:443
03/05/2022 08:20:03 AM https://www.instagram.com:443 "GET /p/4Pki0vvdS3/ HTTP/1.1" 302 0
03/05/2022 08:20:03 AM Request Issued
03/05/2022 08:20:03 AM Blocked
03/05/2022 08:50:03 AM Starting new HTTPS connection (1): www.instagram.com:443
03/05/2022 08:50:03 AM https://www.instagram.com:443 "GET /p/4Pki0vvdS3/ HTTP/1.1" 302 0
03/05/2022 08:50:03 AM Request Issued
03/05/2022 08:50:03 AM Blocked
03/05/2022 09:20:03 AM Starting new HTTPS connection (1): www.instagram.com:443
03/05/2022 09:20:03 AM https://www.instagram.com:443 "GET /p/4Pki0vvdS3/ HTTP/1.1" 302 0
03/05/2022 09:20:03 AM Request Issued
03/05/2022 09:20:03 AM Blocked
03/05/2022 09:50:03 AM Starting new HTTPS connection (1): www.instagram.com:443
03/05/2022 09:50:03 AM https://www.instagram.com:443 "GET /p/4Pki0vvdS3/ HTTP/1.1" 302 0
03/05/2022 09:50:03 AM Request Issued
03/05/2022 09:50:03 AM Blocked
03/05/2022 10:20:03 AM Starting new HTTPS connection (1): www.instagram.com:443
03/05/2022 10:20:03 AM https://www.instagram.com:443 "GET /p/4Pki0vvdS3/ HTTP/1.1" 302 0
03/05/2022 10:20:03 AM Request Issued
03/05/2022 10:20:03 AM Blocked
03/05/2022 10:50:03 AM Starting new HTTPS connection (1): www.instagram.com:443
03/05/2022 10:50:03 AM https://www.instagram.com:443 "GET /p/4Pki0vvdS3/ HTTP/1.1" 302 0
03/05/2022 10:50:03 AM Request Issued
03/05/2022 10:50:03 AM Blocked
03/05/2022 11:20:03 AM Starting new HTTPS connection (1): www.instagram.com:443
03/05/2022 11:20:03 AM https://www.instagram.com:443 "GET /p/4Pki0vvdS3/ HTTP/1.1" 302 0
03/05/2022 11:20:03 AM Request Issued
03/05/2022 11:20:03 AM Blocked
03/05/2022 11:50:03 AM Starting new HTTPS connection (1): www.instagram.com:443
03/05/2022 11:50:04 AM https://www.instagram.com:443 "GET /p/4Pki0vvdS3/ HTTP/1.1" 302 0
03/05/2022 11:50:04 AM Request Issued
03/05/2022 11:50:04 AM Blocked
03/05/2022 12:20:04 PM Starting new HTTPS connection (1): www.instagram.com:443
03/05/2022 12:20:04 PM https://www.instagram.com:443 "GET /p/4Pki0vvdS3/ HTTP/1.1" 302 0
03/05/2022 12:20:04 PM Request Issued
03/05/2022 12:20:04 PM Blocked
03/05/2022 12:50:04 PM Starting new HTTPS connection (1): www.instagram.com:443
03/05/2022 12:50:04 PM https://www.instagram.com:443 "GET /p/4Pki0vvdS3/ HTTP/1.1" 302 0
03/05/2022 12:50:04 PM Request Issued
03/05/2022 12:50:04 PM Blocked
03/05/2022 01:20:04 PM Starting new HTTPS connection (1): www.instagram.com:443
03/05/2022 01:20:04 PM https://www.instagram.com:443 "GET /p/4Pki0vvdS3/ HTTP/1.1" 302 0
03/05/2022 01:20:04 PM Request Issued
03/05/2022 01:20:04 PM Blocked
03/05/2022 01:50:04 PM Starting new HTTPS connection (1): www.instagram.com:443
03/05/2022 01:50:04 PM https://www.instagram.com:443 "GET /p/4Pki0vvdS3/ HTTP/1.1" 302 0
03/05/2022 01:50:04 PM Request Issued
03/05/2022 01:50:04 PM Blocked
03/05/2022 02:20:04 PM Starting new HTTPS connection (1): www.instagram.com:443
03/05/2022 02:20:04 PM https://www.instagram.com:443 "GET /p/4Pki0vvdS3/ HTTP/1.1" 302 0
03/05/2022 02:20:04 PM Request Issued
03/05/2022 02:20:04 PM Blocked
03/05/2022 02:50:04 PM Starting new HTTPS connection (1): www.instagram.com:443
03/05/2022 02:50:04 PM https://www.instagram.com:443 "GET /p/4Pki0vvdS3/ HTTP/1.1" 302 0
03/05/2022 02:50:04 PM Request Issued
03/05/2022 02:50:04 PM Blocked
03/05/2022 03:20:04 PM Starting new HTTPS connection (1): www.instagram.com:443
03/05/2022 03:20:04 PM https://www.instagram.com:443 "GET /p/4Pki0vvdS3/ HTTP/1.1" 302 0
03/05/2022 03:20:04 PM Request Issued
03/05/2022 03:20:04 PM Blocked
03/05/2022 03:50:05 PM Starting new HTTPS connection (1): www.instagram.com:443
03/05/2022 03:50:05 PM https://www.instagram.com:443 "GET /p/4Pki0vvdS3/ HTTP/1.1" 302 0
03/05/2022 03:50:05 PM Request Issued
03/05/2022 03:50:05 PM Blocked
03/05/2022 04:20:05 PM Starting new HTTPS connection (1): www.instagram.com:443
03/05/2022 04:20:05 PM https://www.instagram.com:443 "GET /p/4Pki0vvdS3/ HTTP/1.1" 302 0
03/05/2022 04:20:05 PM Request Issued
03/05/2022 04:20:05 PM Blocked
03/05/2022 04:50:05 PM Starting new HTTPS connection (1): www.instagram.com:443
03/05/2022 04:50:05 PM https://www.instagram.com:443 "GET /p/4Pki0vvdS3/ HTTP/1.1" 302 0
03/05/2022 04:50:05 PM Request Issued
03/05/2022 04:50:05 PM Blocked
03/06/2022 03:32:09 PM Starting new HTTPS connection (1): www.instagram.com:443
03/06/2022 03:32:10 PM https://www.instagram.com:443 "GET /p/4Pki0vvdS3/ HTTP/1.1" 404 90856
03/06/2022 03:32:10 PM Request Issued
03/06/2022 03:32:10 PM Block ID: 4, Block period: 58330 seconds
03/06/2022 03:32:10 PM Blocked = False, Block period ended
03/06/2022 03:37:11 PM Starting new HTTPS connection (1): www.instagram.com:443
03/06/2022 03:37:11 PM https://www.instagram.com:443 "GET /p/4PrMVgACBB/ HTTP/1.1" 302 0
03/06/2022 03:37:11 PM Request Issued
03/06/2022 03:37:11 PM Blocked
03/06/2022 03:37:11 PM Blocked = True, Entering the block period
03/06/2022 04:07:11 PM Starting new HTTPS connection (1): www.instagram.com:443
03/06/2022 04:07:11 PM https://www.instagram.com:443 "GET /p/4PrMVgACBB/ HTTP/1.1" 302 0
03/06/2022 04:07:11 PM Request Issued
03/06/2022 04:07:11 PM Blocked
03/06/2022 04:37:11 PM Starting new HTTPS connection (1): www.instagram.com:443
03/06/2022 04:37:11 PM https://www.instagram.com:443 "GET /p/4PrMVgACBB/ HTTP/1.1" 302 0
03/06/2022 04:37:11 PM Request Issued
03/06/2022 04:37:11 PM Blocked
03/06/2022 05:07:11 PM Starting new HTTPS connection (1): www.instagram.com:443
03/06/2022 05:07:11 PM https://www.instagram.com:443 "GET /p/4PrMVgACBB/ HTTP/1.1" 302 0
03/06/2022 05:07:11 PM Request Issued
03/06/2022 05:07:11 PM Blocked
03/06/2022 05:37:11 PM Starting new HTTPS connection (1): www.instagram.com:443
03/06/2022 05:37:11 PM https://www.instagram.com:443 "GET /p/4PrMVgACBB/ HTTP/1.1" 404 90820
03/06/2022 05:37:12 PM Request Issued
03/06/2022 05:37:12 PM Block ID: 5, Block period: 7200 seconds
03/06/2022 05:37:12 PM Blocked = False, Block period ended
03/06/2022 05:42:12 PM Starting new HTTPS connection (1): www.instagram.com:443
03/06/2022 05:42:13 PM https://www.instagram.com:443 "GET /p/4q1PXUh2bx/ HTTP/1.1" 200 35768
03/06/2022 05:42:13 PM Request Issued
03/06/2022 05:42:13 PM Blocked = False, Response recieved
03/06/2022 05:47:14 PM Starting new HTTPS connection (1): www.instagram.com:443
03/06/2022 05:47:15 PM https://www.instagram.com:443 "GET /p/4QUb27i6Yo/ HTTP/1.1" 200 33620
03/06/2022 05:47:15 PM Request Issued
03/06/2022 05:47:15 PM Blocked = False, Response recieved
03/06/2022 05:52:15 PM Starting new HTTPS connection (1): www.instagram.com:443
03/06/2022 05:52:16 PM https://www.instagram.com:443 "GET /p/4r5puBKn6r/ HTTP/1.1" 200 30247
03/06/2022 05:52:16 PM Request Issued
03/06/2022 05:52:16 PM Blocked = False, Response recieved
03/06/2022 05:57:17 PM Starting new HTTPS connection (1): www.instagram.com:443
03/06/2022 05:57:18 PM https://www.instagram.com:443 "GET /p/4RxKhUMX6p/ HTTP/1.1" 200 31089
03/06/2022 05:57:18 PM Request Issued
03/06/2022 05:57:18 PM Blocked = False, Response recieved
03/06/2022 06:02:18 PM Starting new HTTPS connection (1): www.instagram.com:443
03/06/2022 06:02:18 PM https://www.instagram.com:443 "GET /p/4TsIguJKnN/ HTTP/1.1" 404 90781
03/06/2022 06:02:18 PM Request Issued
