03/22/2022 08:55:30 PM Started
03/22/2022 08:55:30 PM Shortcode list obtained
03/22/2022 08:55:30 PM Starting new HTTPS connection (1): www.instagram.com:443
03/22/2022 08:55:31 PM https://www.instagram.com:443 "GET /p/uBvq30NF6t/ HTTP/1.1" 404 91466
03/22/2022 08:55:31 PM Request Issued
03/22/2022 08:55:42 PM Starting new HTTPS connection (1): www.instagram.com:443
03/22/2022 08:55:42 PM https://www.instagram.com:443 "GET /p/ubZUNarYeW/ HTTP/1.1" 302 0
03/22/2022 08:55:42 PM Request Issued
03/22/2022 08:55:42 PM Blocked
03/22/2022 08:55:42 PM Blocked = True, Entering the block period
03/22/2022 08:56:14 PM Started
03/22/2022 08:56:14 PM Shortcode list obtained
03/22/2022 08:56:14 PM Starting new HTTPS connection (1): www.instagram.com:443
03/22/2022 08:56:15 PM https://www.instagram.com:443 "GET /p/ubZUNarYeW/ HTTP/1.1" 200 33917
03/22/2022 08:56:15 PM Request Issued
03/22/2022 08:56:15 PM Blocked = False, Response recieved
03/22/2022 08:56:26 PM Starting new HTTPS connection (1): www.instagram.com:443
03/22/2022 08:56:26 PM https://www.instagram.com:443 "GET /p/uCEqtcgqHz/ HTTP/1.1" 404 91545
03/22/2022 08:56:26 PM Request Issued
03/22/2022 08:56:37 PM Starting new HTTPS connection (1): www.instagram.com:443
03/22/2022 08:56:37 PM https://www.instagram.com:443 "GET /p/uCGxbvwl6B/ HTTP/1.1" 200 29793
03/22/2022 08:56:38 PM Request Issued
03/22/2022 08:56:38 PM Blocked = False, Response recieved
03/22/2022 08:56:49 PM Starting new HTTPS connection (1): www.instagram.com:443
03/22/2022 08:56:49 PM https://www.instagram.com:443 "GET /p/uCLs3uSGj1/ HTTP/1.1" 302 0
03/22/2022 08:56:49 PM Request Issued
03/22/2022 08:56:49 PM Blocked
03/22/2022 08:56:49 PM Blocked = True, Entering the block period
03/22/2022 08:57:12 PM Started
03/22/2022 08:57:12 PM Shortcode list obtained
03/22/2022 08:57:12 PM Starting new HTTPS connection (1): www.instagram.com:443
03/22/2022 08:57:14 PM https://www.instagram.com:443 "GET /p/uCLs3uSGj1/ HTTP/1.1" 200 33776
03/22/2022 08:57:14 PM Request Issued
03/22/2022 08:57:14 PM Blocked = False, Response recieved
03/22/2022 08:57:24 PM Starting new HTTPS connection (1): www.instagram.com:443
03/22/2022 08:57:25 PM https://www.instagram.com:443 "GET /p/ucOxWOKAqS/ HTTP/1.1" 404 91467
03/22/2022 08:57:25 PM Request Issued
03/22/2022 08:57:36 PM Starting new HTTPS connection (1): www.instagram.com:443
03/22/2022 08:57:36 PM https://www.instagram.com:443 "GET /p/udGdE4QLRS/ HTTP/1.1" 200 34486
03/22/2022 08:57:37 PM Request Issued
03/22/2022 08:57:37 PM Blocked = False, Response recieved
03/22/2022 08:57:47 PM Starting new HTTPS connection (1): www.instagram.com:443
03/22/2022 08:57:48 PM https://www.instagram.com:443 "GET /p/uDqXiEQdps/ HTTP/1.1" 302 0
03/22/2022 08:57:48 PM Request Issued
03/22/2022 08:57:48 PM Blocked
03/22/2022 08:57:48 PM Blocked = True, Entering the block period
03/22/2022 08:58:03 PM Started
03/22/2022 08:58:03 PM Shortcode list obtained
03/22/2022 08:58:03 PM Starting new HTTPS connection (1): www.instagram.com:443
03/22/2022 09:00:14 PM https://www.instagram.com:443 "GET /p/uDqXiEQdps/ HTTP/1.1" 200 30829
03/22/2022 09:00:14 PM Request Issued
03/22/2022 09:00:14 PM Blocked = False, Response recieved
03/22/2022 09:00:25 PM Starting new HTTPS connection (1): www.instagram.com:443
03/22/2022 09:02:35 PM https://www.instagram.com:443 "GET /p/udY6FYo5Cm/ HTTP/1.1" 200 30094
03/22/2022 09:02:35 PM Request Issued
03/22/2022 09:02:35 PM Blocked = False, Response recieved
03/22/2022 09:02:46 PM Starting new HTTPS connection (1): www.instagram.com:443
03/22/2022 09:04:56 PM https://www.instagram.com:443 "GET /p/uECQngsHkb/ HTTP/1.1" 302 0
03/22/2022 09:04:56 PM Request Issued
03/22/2022 09:04:56 PM Blocked
03/22/2022 09:04:56 PM Blocked = True, Entering the block period
03/22/2022 09:07:08 PM Started
03/22/2022 09:07:08 PM Shortcode list obtained
03/22/2022 09:07:08 PM Starting new HTTPS connection (1): www.instagram.com:443
03/22/2022 09:07:08 PM https://www.instagram.com:443 "GET /p/uECQngsHkb/ HTTP/1.1" 302 0
03/22/2022 09:07:08 PM Request Issued
03/22/2022 09:07:08 PM Blocked
03/22/2022 09:07:08 PM Blocked = True, Entering the block period
03/22/2022 09:07:28 PM Started
03/22/2022 09:07:28 PM Shortcode list obtained
03/22/2022 09:07:28 PM Starting new HTTPS connection (1): www.instagram.com:443
03/22/2022 09:08:31 PM Started
03/22/2022 09:08:31 PM Shortcode list obtained
03/22/2022 09:08:31 PM Starting new HTTPS connection (1): www.instagram.com:443
03/22/2022 09:08:32 PM https://www.instagram.com:443 "GET /p/uECQngsHkb/ HTTP/1.1" 200 30228
03/22/2022 09:08:32 PM Request Issued
03/22/2022 09:08:32 PM Blocked = False, Response recieved
03/22/2022 09:08:42 PM Starting new HTTPS connection (1): www.instagram.com:443
03/22/2022 09:08:43 PM https://www.instagram.com:443 "GET /p/uEFwc0v9KW/ HTTP/1.1" 200 33833
03/22/2022 09:08:43 PM Request Issued
03/22/2022 09:08:43 PM Blocked = False, Response recieved
03/22/2022 09:08:54 PM Starting new HTTPS connection (1): www.instagram.com:443
03/22/2022 09:08:55 PM https://www.instagram.com:443 "GET /p/ueH2TKujHL/ HTTP/1.1" 200 33577
03/22/2022 09:08:56 PM Request Issued
03/22/2022 09:08:56 PM Blocked = False, Response recieved
03/22/2022 09:09:06 PM Starting new HTTPS connection (1): www.instagram.com:443
03/22/2022 09:09:07 PM https://www.instagram.com:443 "GET /p/uEl5OBNaKF/ HTTP/1.1" 200 32477
03/22/2022 09:09:07 PM Request Issued
03/22/2022 09:09:07 PM Blocked = False, Response recieved
03/22/2022 09:09:18 PM Starting new HTTPS connection (1): www.instagram.com:443
03/22/2022 09:09:18 PM https://www.instagram.com:443 "GET /p/uEx7Yvi1Fw/ HTTP/1.1" 302 0
03/22/2022 09:09:18 PM Request Issued
03/22/2022 09:09:18 PM Blocked
03/22/2022 09:09:18 PM Blocked = True, Entering the block period
03/22/2022 09:09:39 PM Started
03/22/2022 09:09:39 PM Shortcode list obtained
03/22/2022 09:09:39 PM Starting new HTTPS connection (1): www.instagram.com:443
03/22/2022 09:09:40 PM https://www.instagram.com:443 "GET /p/uEx7Yvi1Fw/ HTTP/1.1" 200 34284
03/22/2022 09:09:40 PM Request Issued
03/22/2022 09:09:40 PM Blocked = False, Response recieved
03/22/2022 09:09:51 PM Starting new HTTPS connection (1): www.instagram.com:443
03/22/2022 09:09:52 PM https://www.instagram.com:443 "GET /p/uf25RiOtE2/ HTTP/1.1" 200 33904
03/22/2022 09:09:52 PM Request Issued
03/22/2022 09:09:52 PM Blocked = False, Response recieved
03/22/2022 09:10:03 PM Starting new HTTPS connection (1): www.instagram.com:443
03/22/2022 09:10:03 PM https://www.instagram.com:443 "GET /p/uf6W42L326/ HTTP/1.1" 200 30308
03/22/2022 09:10:04 PM Request Issued
03/22/2022 09:10:04 PM Blocked = False, Response recieved
03/22/2022 09:10:14 PM Starting new HTTPS connection (1): www.instagram.com:443
03/22/2022 09:10:15 PM https://www.instagram.com:443 "GET /p/ufmqMpIRGP/ HTTP/1.1" 302 0
03/22/2022 09:10:15 PM Request Issued
03/22/2022 09:10:15 PM Blocked
03/22/2022 09:10:15 PM Blocked = True, Entering the block period
03/22/2022 09:10:27 PM Started
03/22/2022 09:10:27 PM Shortcode list obtained
03/22/2022 09:10:27 PM Starting new HTTPS connection (1): www.instagram.com:443
03/22/2022 09:11:46 PM Started
03/22/2022 09:11:46 PM Shortcode list obtained
03/22/2022 09:11:46 PM Starting new HTTPS connection (1): www.instagram.com:443
03/22/2022 09:12:06 PM Started
03/22/2022 09:12:06 PM Shortcode list obtained
03/22/2022 09:12:06 PM Starting new HTTPS connection (1): www.instagram.com:443
03/22/2022 09:12:37 PM https://www.instagram.com:443 "GET /p/ufmqMpIRGP/ HTTP/1.1" 404 91458
03/22/2022 09:12:37 PM Request Issued
03/22/2022 09:12:48 PM Starting new HTTPS connection (1): www.instagram.com:443
03/22/2022 09:13:15 PM https://www.instagram.com:443 "GET /p/uFTIr0xS1v/ HTTP/1.1" 404 91460
03/22/2022 09:13:16 PM Request Issued
03/22/2022 09:13:26 PM Starting new HTTPS connection (1): www.instagram.com:443
03/22/2022 09:13:37 PM https://www.instagram.com:443 "GET /p/uFWSoemG6U/ HTTP/1.1" 200 29978
03/22/2022 09:13:37 PM Request Issued
03/22/2022 09:13:37 PM Blocked = False, Response recieved
03/22/2022 09:13:48 PM Starting new HTTPS connection (1): www.instagram.com:443
03/22/2022 09:13:57 PM https://www.instagram.com:443 "GET /p/ug3oNeGkNe/ HTTP/1.1" 302 0
03/22/2022 09:13:57 PM Request Issued
03/22/2022 09:13:57 PM Blocked
03/22/2022 09:13:57 PM Blocked = True, Entering the block period
03/22/2022 09:14:21 PM Started
03/22/2022 09:14:21 PM Shortcode list obtained
03/22/2022 09:14:21 PM Starting new HTTPS connection (1): www.instagram.com:443
03/22/2022 09:14:21 PM https://www.instagram.com:443 "GET /p/ug3oNeGkNe/ HTTP/1.1" 404 91582
03/22/2022 09:14:21 PM Request Issued
03/22/2022 09:14:32 PM Starting new HTTPS connection (1): www.instagram.com:443
03/22/2022 09:14:32 PM https://www.instagram.com:443 "GET /p/ugcEpSvdUO/ HTTP/1.1" 404 91540
03/22/2022 09:14:32 PM Request Issued
03/22/2022 09:14:43 PM Starting new HTTPS connection (1): www.instagram.com:443
03/22/2022 09:14:44 PM https://www.instagram.com:443 "GET /p/ugeHXBS3Vu/ HTTP/1.1" 404 91579
03/22/2022 09:14:44 PM Request Issued
03/22/2022 09:14:55 PM Starting new HTTPS connection (1): www.instagram.com:443
03/22/2022 09:14:55 PM https://www.instagram.com:443 "GET /p/uGGAp8AFdX/ HTTP/1.1" 302 0
03/22/2022 09:14:55 PM Request Issued
03/22/2022 09:14:55 PM Blocked
03/22/2022 09:14:55 PM Blocked = True, Entering the block period
03/22/2022 09:15:23 PM Started
03/22/2022 09:15:23 PM Shortcode list obtained
03/22/2022 09:15:23 PM Starting new HTTPS connection (1): www.instagram.com:443
03/22/2022 09:15:23 PM https://www.instagram.com:443 "GET /p/uGGAp8AFdX/ HTTP/1.1" 404 91460
03/22/2022 09:15:24 PM Request Issued
03/22/2022 09:15:34 PM Starting new HTTPS connection (1): www.instagram.com:443
03/22/2022 09:15:35 PM https://www.instagram.com:443 "GET /p/ugry7uj2Nf/ HTTP/1.1" 404 91543
03/22/2022 09:15:35 PM Request Issued
03/22/2022 09:15:45 PM Starting new HTTPS connection (1): www.instagram.com:443
03/22/2022 09:15:46 PM https://www.instagram.com:443 "GET /p/uGVUUUO8ZH/ HTTP/1.1" 200 30203
03/22/2022 09:15:46 PM Request Issued
03/22/2022 09:15:46 PM Blocked = False, Response recieved
