03/15/2022 04:50:45 PM Started
03/15/2022 04:50:45 PM Shortcode list obtained
03/15/2022 04:50:45 PM Starting new HTTPS connection (1): www.instagram.com:443
03/15/2022 04:50:46 PM https://www.instagram.com:443 "GET /p/mid0zrnTnT/ HTTP/1.1" 404 90978
03/15/2022 04:50:46 PM Request Issued
03/15/2022 04:55:46 PM Starting new HTTPS connection (1): www.instagram.com:443
03/15/2022 04:55:47 PM https://www.instagram.com:443 "GET /p/mimKXTtxGq/ HTTP/1.1" 200 31656
03/15/2022 04:55:47 PM Request Issued
03/15/2022 04:55:47 PM Blocked = False, Response recieved
03/15/2022 05:00:48 PM Starting new HTTPS connection (1): www.instagram.com:443
03/15/2022 05:00:48 PM https://www.instagram.com:443 "GET /p/mIrwTuKJ97/ HTTP/1.1" 200 29720
03/15/2022 05:00:48 PM Request Issued
03/15/2022 05:00:48 PM Blocked = False, Response recieved
03/15/2022 05:05:48 PM Starting new HTTPS connection (1): www.instagram.com:443
03/15/2022 05:05:49 PM https://www.instagram.com:443 "GET /p/mjAFO6zGhX/ HTTP/1.1" 404 90903
03/15/2022 05:05:49 PM Request Issued
03/15/2022 05:10:50 PM Starting new HTTPS connection (1): www.instagram.com:443
03/15/2022 05:10:51 PM https://www.instagram.com:443 "GET /p/mjOl3wAiz7/ HTTP/1.1" 200 33693
03/15/2022 05:10:51 PM Request Issued
03/15/2022 05:10:51 PM Blocked = False, Response recieved
03/15/2022 05:15:51 PM Starting new HTTPS connection (1): www.instagram.com:443
03/15/2022 05:15:53 PM https://www.instagram.com:443 "GET /p/mkjYqvFFaK/ HTTP/1.1" 200 29648
03/15/2022 05:15:53 PM Request Issued
03/15/2022 05:15:53 PM Blocked = False, Response recieved
03/15/2022 05:20:53 PM Starting new HTTPS connection (1): www.instagram.com:443
03/15/2022 05:20:54 PM https://www.instagram.com:443 "GET /p/mkQ0GPPdUM/ HTTP/1.1" 200 32022
03/15/2022 05:20:54 PM Request Issued
03/15/2022 05:20:54 PM Blocked = False, Response recieved
03/15/2022 05:25:55 PM Starting new HTTPS connection (1): www.instagram.com:443
03/15/2022 05:25:56 PM https://www.instagram.com:443 "GET /p/mKVK1GoTGD/ HTTP/1.1" 200 31003
03/15/2022 05:25:56 PM Request Issued
03/15/2022 05:25:56 PM Blocked = False, Response recieved
03/15/2022 05:30:57 PM Starting new HTTPS connection (1): www.instagram.com:443
03/15/2022 05:30:58 PM https://www.instagram.com:443 "GET /p/mLvbE0STsf/ HTTP/1.1" 200 34487
03/15/2022 05:30:58 PM Request Issued
03/15/2022 05:30:58 PM Blocked = False, Response recieved
03/15/2022 05:35:59 PM Starting new HTTPS connection (1): www.instagram.com:443
03/15/2022 05:35:59 PM https://www.instagram.com:443 "GET /p/mMIqpGwoYm/ HTTP/1.1" 404 90902
03/15/2022 05:35:59 PM Request Issued
03/15/2022 05:41:00 PM Starting new HTTPS connection (1): www.instagram.com:443
03/15/2022 05:41:01 PM https://www.instagram.com:443 "GET /p/mmPZKWLhVs/ HTTP/1.1" 200 31151
03/15/2022 05:41:01 PM Request Issued
03/15/2022 05:41:01 PM Blocked = False, Response recieved
03/15/2022 05:46:01 PM Starting new HTTPS connection (1): www.instagram.com:443
03/15/2022 05:46:01 PM https://www.instagram.com:443 "GET /p/mNaGTNpGmG/ HTTP/1.1" 404 90901
03/15/2022 05:46:01 PM Request Issued
03/15/2022 05:51:02 PM Starting new HTTPS connection (1): www.instagram.com:443
03/15/2022 05:51:02 PM https://www.instagram.com:443 "GET /p/mNpr44yuuq/ HTTP/1.1" 404 90902
03/15/2022 05:51:02 PM Request Issued
03/15/2022 05:56:03 PM Starting new HTTPS connection (1): www.instagram.com:443
03/15/2022 05:56:03 PM https://www.instagram.com:443 "GET /p/mojHqfoUNf/ HTTP/1.1" 404 90977
03/15/2022 05:56:04 PM Request Issued
03/15/2022 06:01:04 PM Starting new HTTPS connection (1): www.instagram.com:443
03/15/2022 06:01:05 PM https://www.instagram.com:443 "GET /p/mOR6yIr9uO/ HTTP/1.1" 200 30125
03/15/2022 06:01:05 PM Request Issued
03/15/2022 06:01:05 PM Blocked = False, Response recieved
03/15/2022 06:06:06 PM Starting new HTTPS connection (1): www.instagram.com:443
03/15/2022 06:06:07 PM https://www.instagram.com:443 "GET /p/Mp8q5IJnVf/ HTTP/1.1" 200 29742
03/15/2022 06:06:07 PM Request Issued
03/15/2022 06:06:07 PM Blocked = False, Response recieved
03/15/2022 06:11:07 PM Starting new HTTPS connection (1): www.instagram.com:443
03/15/2022 06:11:07 PM https://www.instagram.com:443 "GET /p/MpEgiswoNN/ HTTP/1.1" 404 91021
03/15/2022 06:11:07 PM Request Issued
03/15/2022 06:16:08 PM Starting new HTTPS connection (1): www.instagram.com:443
03/15/2022 06:16:08 PM https://www.instagram.com:443 "GET /p/mq6DBVFDxc/ HTTP/1.1" 404 90902
03/15/2022 06:16:08 PM Request Issued
03/15/2022 06:21:09 PM Starting new HTTPS connection (1): www.instagram.com:443
03/15/2022 06:21:09 PM https://www.instagram.com:443 "GET /p/mqbOnbRkIH/ HTTP/1.1" 200 33921
03/15/2022 06:21:09 PM Request Issued
03/15/2022 06:21:09 PM Blocked = False, Response recieved
03/15/2022 06:26:10 PM Starting new HTTPS connection (1): www.instagram.com:443
03/15/2022 06:26:10 PM https://www.instagram.com:443 "GET /p/mQG3u2g4jm/ HTTP/1.1" 404 90903
03/15/2022 06:26:10 PM Request Issued
03/15/2022 06:31:11 PM Starting new HTTPS connection (1): www.instagram.com:443
03/15/2022 06:31:12 PM https://www.instagram.com:443 "GET /p/mqqwtvQaz6/ HTTP/1.1" 200 33946
03/15/2022 06:31:12 PM Request Issued
03/15/2022 06:31:12 PM Blocked = False, Response recieved
03/15/2022 06:36:12 PM Starting new HTTPS connection (1): www.instagram.com:443
03/15/2022 06:36:13 PM https://www.instagram.com:443 "GET /p/Mr8SZxFQ52/ HTTP/1.1" 200 29667
03/15/2022 06:36:13 PM Request Issued
03/15/2022 06:36:13 PM Blocked = False, Response recieved
03/15/2022 06:41:14 PM Starting new HTTPS connection (1): www.instagram.com:443
03/15/2022 06:41:14 PM https://www.instagram.com:443 "GET /p/MRd9cSsx8b/ HTTP/1.1" 200 29928
03/15/2022 06:41:14 PM Request Issued
03/15/2022 06:41:14 PM Blocked = False, Response recieved
03/15/2022 06:46:15 PM Starting new HTTPS connection (1): www.instagram.com:443
03/15/2022 06:46:16 PM https://www.instagram.com:443 "GET /p/mSocuDo8ry/ HTTP/1.1" 200 30770
03/15/2022 06:46:16 PM Request Issued
03/15/2022 06:46:16 PM Blocked = False, Response recieved
03/15/2022 06:51:16 PM Starting new HTTPS connection (1): www.instagram.com:443
03/15/2022 06:51:16 PM https://www.instagram.com:443 "GET /p/MsujfvBUBX/ HTTP/1.1" 404 90903
03/15/2022 06:51:16 PM Request Issued
