03/25/2022 10:33:36 AM Started
03/25/2022 10:33:36 AM Shortcode list obtained
03/25/2022 10:33:36 AM Starting new HTTPS connection (1): www.instagram.com:443
03/25/2022 10:33:36 AM https://www.instagram.com:443 "GET /p/SoND4Cq2Fs/ HTTP/1.1" 404 92000
03/25/2022 10:33:37 AM Request Issued
03/25/2022 10:33:47 AM Starting new HTTPS connection (1): www.instagram.com:443
03/25/2022 10:33:48 AM https://www.instagram.com:443 "GET /p/sowyWNlUUE/ HTTP/1.1" 200 31448
03/25/2022 10:33:48 AM Request Issued
03/25/2022 10:33:48 AM Blocked = False, Response recieved
03/25/2022 10:33:59 AM Starting new HTTPS connection (1): www.instagram.com:443
03/25/2022 10:33:59 AM https://www.instagram.com:443 "GET /p/sp09m2zMFm/ HTTP/1.1" 404 92006
03/25/2022 10:33:59 AM Request Issued
03/25/2022 10:34:10 AM Starting new HTTPS connection (1): www.instagram.com:443
03/25/2022 10:34:10 AM https://www.instagram.com:443 "GET /p/sp8f08r6Pa/ HTTP/1.1" 302 0
03/25/2022 10:34:10 AM Request Issued
03/25/2022 10:34:10 AM Blocked
03/25/2022 10:34:10 AM Blocked = True, Entering the block period
03/25/2022 10:34:26 AM Started
03/25/2022 10:34:26 AM Shortcode list obtained
03/25/2022 10:34:26 AM Starting new HTTPS connection (1): www.instagram.com:443
03/25/2022 10:34:32 AM https://www.instagram.com:443 "GET /p/sp8f08r6Pa/ HTTP/1.1" 404 92000
03/25/2022 10:34:32 AM Request Issued
03/25/2022 10:34:43 AM Starting new HTTPS connection (1): www.instagram.com:443
03/25/2022 10:34:43 AM https://www.instagram.com:443 "GET /p/spbingRq0Z/ HTTP/1.1" 404 92122
03/25/2022 10:34:43 AM Request Issued
03/25/2022 10:34:54 AM Starting new HTTPS connection (1): www.instagram.com:443
03/25/2022 10:34:55 AM https://www.instagram.com:443 "GET /p/spez4gxZF3/ HTTP/1.1" 200 31517
03/25/2022 10:34:55 AM Request Issued
03/25/2022 10:34:55 AM Blocked = False, Response recieved
03/25/2022 10:35:05 AM Starting new HTTPS connection (1): www.instagram.com:443
03/25/2022 10:35:05 AM https://www.instagram.com:443 "GET /p/sPiEYTAKEI/ HTTP/1.1" 302 0
03/25/2022 10:35:05 AM Request Issued
03/25/2022 10:35:05 AM Blocked
03/25/2022 10:35:05 AM Blocked = True, Entering the block period
03/25/2022 10:35:18 AM Started
03/25/2022 10:35:18 AM Shortcode list obtained
03/25/2022 10:35:18 AM Starting new HTTPS connection (1): www.instagram.com:443
03/25/2022 10:35:37 AM Started
03/25/2022 10:35:37 AM Shortcode list obtained
03/25/2022 10:35:37 AM Starting new HTTPS connection (1): www.instagram.com:443
03/25/2022 10:35:46 AM https://www.instagram.com:443 "GET /p/sPiEYTAKEI/ HTTP/1.1" 200 31300
03/25/2022 10:35:46 AM Request Issued
03/25/2022 10:35:46 AM Blocked = False, Response recieved
03/25/2022 10:35:57 AM Starting new HTTPS connection (1): www.instagram.com:443
03/25/2022 10:35:58 AM https://www.instagram.com:443 "GET /p/spow1hn4t5/ HTTP/1.1" 200 32857
03/25/2022 10:35:58 AM Request Issued
03/25/2022 10:35:58 AM Blocked = False, Response recieved
03/25/2022 10:36:08 AM Starting new HTTPS connection (1): www.instagram.com:443
03/25/2022 10:36:09 AM https://www.instagram.com:443 "GET /p/spVLz6JNLp/ HTTP/1.1" 404 92118
03/25/2022 10:36:09 AM Request Issued
03/25/2022 10:36:19 AM Starting new HTTPS connection (1): www.instagram.com:443
03/25/2022 10:36:19 AM https://www.instagram.com:443 "GET /p/sq1gyMmphz/ HTTP/1.1" 302 0
03/25/2022 10:36:19 AM Request Issued
03/25/2022 10:36:19 AM Blocked
03/25/2022 10:36:19 AM Blocked = True, Entering the block period
03/25/2022 10:37:18 AM Started
03/25/2022 10:37:18 AM Shortcode list obtained
03/25/2022 10:37:18 AM Starting new HTTPS connection (1): www.instagram.com:443
03/25/2022 10:39:31 AM https://www.instagram.com:443 "GET /p/sq1gyMmphz/ HTTP/1.1" 200 35373
03/25/2022 10:39:41 AM Started
03/25/2022 10:39:41 AM Shortcode list obtained
03/25/2022 10:39:41 AM Starting new HTTPS connection (1): www.instagram.com:443
03/25/2022 10:42:04 AM https://www.instagram.com:443 "GET /p/sq1gyMmphz/ HTTP/1.1" 200 35461
03/25/2022 10:42:04 AM Request Issued
03/25/2022 10:42:04 AM Blocked = False, Response recieved
03/25/2022 10:42:14 AM Starting new HTTPS connection (1): www.instagram.com:443
03/25/2022 10:44:27 AM https://www.instagram.com:443 "GET /p/sqAViRQAsR/ HTTP/1.1" 200 30360
03/25/2022 10:44:27 AM Request Issued
03/25/2022 10:44:27 AM Blocked = False, Response recieved
03/25/2022 10:44:38 AM Starting new HTTPS connection (1): www.instagram.com:443
03/25/2022 10:46:48 AM https://www.instagram.com:443 "GET /p/sQhDrbNazF/ HTTP/1.1" 404 92119
03/25/2022 10:46:49 AM Request Issued
03/25/2022 10:47:00 AM Starting new HTTPS connection (1): www.instagram.com:443
03/25/2022 10:49:12 AM https://www.instagram.com:443 "GET /p/sQqGMkOndh/ HTTP/1.1" 200 34755
03/25/2022 10:49:12 AM Request Issued
03/25/2022 10:49:12 AM Blocked = False, Response recieved
03/25/2022 10:49:22 AM Starting new HTTPS connection (1): www.instagram.com:443
03/25/2022 10:51:38 AM https://www.instagram.com:443 "GET /p/sQvgRrDgTL/ HTTP/1.1" 200 33519
03/25/2022 10:51:38 AM Request Issued
03/25/2022 10:51:38 AM Blocked = False, Response recieved
03/25/2022 10:51:48 AM Starting new HTTPS connection (1): www.instagram.com:443
03/25/2022 10:54:01 AM https://www.instagram.com:443 "GET /p/sqxpxQy4RS/ HTTP/1.1" 404 92077
03/25/2022 10:54:03 AM Request Issued
03/25/2022 10:54:14 AM Starting new HTTPS connection (1): www.instagram.com:443
03/25/2022 10:56:26 AM https://www.instagram.com:443 "GET /p/sQzSyaG9VA/ HTTP/1.1" 404 92076
03/25/2022 10:56:27 AM Request Issued
03/25/2022 10:56:38 AM Starting new HTTPS connection (1): www.instagram.com:443
03/25/2022 10:59:11 AM https://www.instagram.com:443 "GET /p/sr1OTSQCLG/ HTTP/1.1" 200 30803
03/25/2022 10:59:13 AM Request Issued
03/25/2022 10:59:13 AM Blocked = False, Response recieved
03/25/2022 10:59:23 AM Starting new HTTPS connection (1): www.instagram.com:443
03/25/2022 11:01:35 AM https://www.instagram.com:443 "GET /p/SrCAc9RVer/ HTTP/1.1" 404 92080
03/25/2022 11:01:36 AM Request Issued
03/25/2022 11:01:46 AM Starting new HTTPS connection (1): www.instagram.com:443
03/25/2022 11:03:59 AM https://www.instagram.com:443 "GET /p/srpmg7F3zz/ HTTP/1.1" 404 92118
03/25/2022 11:03:59 AM Request Issued
03/25/2022 11:04:10 AM Starting new HTTPS connection (1): www.instagram.com:443
03/25/2022 11:06:22 AM https://www.instagram.com:443 "GET /p/srY1LiNMkA/ HTTP/1.1" 200 33834
03/25/2022 11:06:22 AM Request Issued
03/25/2022 11:06:22 AM Blocked = False, Response recieved
03/25/2022 11:06:32 AM Starting new HTTPS connection (1): www.instagram.com:443
03/25/2022 11:08:44 AM https://www.instagram.com:443 "GET /p/sSceOwChKD/ HTTP/1.1" 200 34609
03/25/2022 11:08:44 AM Request Issued
03/25/2022 11:08:44 AM Blocked = False, Response recieved
03/25/2022 11:08:54 AM Starting new HTTPS connection (1): www.instagram.com:443
03/25/2022 11:11:07 AM https://www.instagram.com:443 "GET /p/sslzVILjlR/ HTTP/1.1" 404 92004
03/25/2022 11:11:07 AM Request Issued
03/25/2022 11:11:17 AM Starting new HTTPS connection (1): www.instagram.com:443
03/25/2022 11:13:29 AM https://www.instagram.com:443 "GET /p/sSqqgdKBsO/ HTTP/1.1" 200 34117
03/25/2022 11:13:30 AM Request Issued
03/25/2022 11:13:30 AM Blocked = False, Response recieved
03/25/2022 11:13:40 AM Starting new HTTPS connection (1): www.instagram.com:443
03/25/2022 11:15:59 AM https://www.instagram.com:443 "GET /p/sSsS5qpohV/ HTTP/1.1" 200 31525
03/25/2022 11:15:59 AM Request Issued
03/25/2022 11:15:59 AM Blocked = False, Response recieved
03/25/2022 11:16:09 AM Starting new HTTPS connection (1): www.instagram.com:443
03/25/2022 11:18:24 AM https://www.instagram.com:443 "GET /p/ssZNYJgBlQ/ HTTP/1.1" 200 34155
03/25/2022 11:18:24 AM Request Issued
03/25/2022 11:18:24 AM Blocked = False, Response recieved
