03/15/2022 04:51:07 PM Started
03/15/2022 04:51:07 PM Shortcode list obtained
03/15/2022 04:51:07 PM Starting new HTTPS connection (1): www.instagram.com:443
03/15/2022 04:51:07 PM https://www.instagram.com:443 "GET /p/mtlSJ5mUAb/ HTTP/1.1" 404 90904
03/15/2022 04:51:07 PM Request Issued
03/15/2022 04:56:08 PM Starting new HTTPS connection (1): www.instagram.com:443
03/15/2022 04:56:08 PM https://www.instagram.com:443 "GET /p/mtSAYAry8d/ HTTP/1.1" 404 90903
03/15/2022 04:56:08 PM Request Issued
03/15/2022 05:01:08 PM Starting new HTTPS connection (1): www.instagram.com:443
03/15/2022 05:01:09 PM https://www.instagram.com:443 "GET /p/mtZHKrsd8R/ HTTP/1.1" 404 90902
03/15/2022 05:01:09 PM Request Issued
03/15/2022 05:06:09 PM Starting new HTTPS connection (1): www.instagram.com:443
03/15/2022 05:06:10 PM https://www.instagram.com:443 "GET /p/Mufw6EHSO6/ HTTP/1.1" 200 29629
03/15/2022 05:06:10 PM Request Issued
03/15/2022 05:06:10 PM Blocked = False, Response recieved
03/15/2022 05:11:11 PM Starting new HTTPS connection (1): www.instagram.com:443
03/15/2022 05:11:11 PM https://www.instagram.com:443 "GET /p/muv5iSjwHc/ HTTP/1.1" 200 33123
03/15/2022 05:11:11 PM Request Issued
03/15/2022 05:11:11 PM Blocked = False, Response recieved
03/15/2022 05:16:12 PM Starting new HTTPS connection (1): www.instagram.com:443
03/15/2022 05:16:13 PM https://www.instagram.com:443 "GET /p/MV7pPjiw0p/ HTTP/1.1" 200 30274
03/15/2022 05:16:13 PM Request Issued
03/15/2022 05:16:13 PM Blocked = False, Response recieved
03/15/2022 05:21:14 PM Starting new HTTPS connection (1): www.instagram.com:443
03/15/2022 05:21:15 PM https://www.instagram.com:443 "GET /p/MVquthLqRU/ HTTP/1.1" 200 29777
03/15/2022 05:21:15 PM Request Issued
03/15/2022 05:21:15 PM Blocked = False, Response recieved
03/15/2022 05:26:15 PM Starting new HTTPS connection (1): www.instagram.com:443
03/15/2022 05:26:16 PM https://www.instagram.com:443 "GET /p/mvykeBsObM/ HTTP/1.1" 200 34242
03/15/2022 05:26:16 PM Request Issued
03/15/2022 05:26:16 PM Blocked = False, Response recieved
03/15/2022 05:31:17 PM Starting new HTTPS connection (1): www.instagram.com:443
03/15/2022 05:31:18 PM https://www.instagram.com:443 "GET /p/MWOYIyFteP/ HTTP/1.1" 200 29666
03/15/2022 05:31:18 PM Request Issued
03/15/2022 05:31:18 PM Blocked = False, Response recieved
03/15/2022 05:36:18 PM Starting new HTTPS connection (1): www.instagram.com:443
03/15/2022 05:36:19 PM https://www.instagram.com:443 "GET /p/MwUlhkDtqC/ HTTP/1.1" 200 33446
03/15/2022 05:36:19 PM Request Issued
03/15/2022 05:36:19 PM Blocked = False, Response recieved
03/15/2022 05:41:20 PM Starting new HTTPS connection (1): www.instagram.com:443
03/15/2022 05:41:20 PM https://www.instagram.com:443 "GET /p/mX7d7qtscd/ HTTP/1.1" 200 30112
03/15/2022 05:41:20 PM Request Issued
03/15/2022 05:41:20 PM Blocked = False, Response recieved
03/15/2022 05:46:21 PM Starting new HTTPS connection (1): www.instagram.com:443
03/15/2022 05:46:21 PM https://www.instagram.com:443 "GET /p/mxjV9cIA9H/ HTTP/1.1" 404 90904
03/15/2022 05:46:21 PM Request Issued
03/15/2022 05:51:21 PM Starting new HTTPS connection (1): www.instagram.com:443
03/15/2022 05:51:22 PM https://www.instagram.com:443 "GET /p/MycQMyKlai/ HTTP/1.1" 200 33448
03/15/2022 05:51:22 PM Request Issued
03/15/2022 05:51:22 PM Blocked = False, Response recieved
03/15/2022 05:56:22 PM Starting new HTTPS connection (1): www.instagram.com:443
03/15/2022 05:56:23 PM https://www.instagram.com:443 "GET /p/mZBbc1g0ry/ HTTP/1.1" 404 90902
03/15/2022 05:56:23 PM Request Issued
03/15/2022 06:01:24 PM Starting new HTTPS connection (1): www.instagram.com:443
03/15/2022 06:01:25 PM https://www.instagram.com:443 "GET /p/MzoWNol8DX/ HTTP/1.1" 404 90904
03/15/2022 06:01:25 PM Request Issued
03/15/2022 06:06:25 PM Starting new HTTPS connection (1): www.instagram.com:443
03/15/2022 06:06:27 PM https://www.instagram.com:443 "GET /p/n0dzZlIVU5/ HTTP/1.1" 200 33619
03/15/2022 06:06:27 PM Request Issued
03/15/2022 06:06:27 PM Blocked = False, Response recieved
03/15/2022 06:11:27 PM Starting new HTTPS connection (1): www.instagram.com:443
03/15/2022 06:11:28 PM https://www.instagram.com:443 "GET /p/n1TPsCqbnv/ HTTP/1.1" 200 33861
03/15/2022 06:11:28 PM Request Issued
03/15/2022 06:11:28 PM Blocked = False, Response recieved
03/15/2022 06:16:29 PM Starting new HTTPS connection (1): www.instagram.com:443
03/15/2022 06:16:29 PM https://www.instagram.com:443 "GET /p/N1Yn2Tzhmx/ HTTP/1.1" 404 90903
03/15/2022 06:16:29 PM Request Issued
03/15/2022 06:21:29 PM Starting new HTTPS connection (1): www.instagram.com:443
03/15/2022 06:21:30 PM https://www.instagram.com:443 "GET /p/n2S7nnikEL/ HTTP/1.1" 404 90904
03/15/2022 06:21:30 PM Request Issued
03/15/2022 06:26:31 PM Starting new HTTPS connection (1): www.instagram.com:443
03/15/2022 06:26:32 PM https://www.instagram.com:443 "GET /p/n3EbLGHhCV/ HTTP/1.1" 200 30135
03/15/2022 06:26:32 PM Request Issued
03/15/2022 06:26:32 PM Blocked = False, Response recieved
03/15/2022 06:31:32 PM Starting new HTTPS connection (1): www.instagram.com:443
03/15/2022 06:31:33 PM https://www.instagram.com:443 "GET /p/n3o4E1k5GA/ HTTP/1.1" 200 33886
03/15/2022 06:31:33 PM Request Issued
03/15/2022 06:31:33 PM Blocked = False, Response recieved
03/15/2022 06:36:33 PM Starting new HTTPS connection (1): www.instagram.com:443
03/15/2022 06:36:33 PM https://www.instagram.com:443 "GET /p/n3SVAqDOM0/ HTTP/1.1" 404 90904
03/15/2022 06:36:33 PM Request Issued
03/15/2022 06:41:34 PM Starting new HTTPS connection (1): www.instagram.com:443
03/15/2022 06:41:34 PM https://www.instagram.com:443 "GET /p/N5repfj50J/ HTTP/1.1" 404 90980
03/15/2022 06:41:34 PM Request Issued
03/15/2022 06:46:35 PM Starting new HTTPS connection (1): www.instagram.com:443
03/15/2022 06:46:35 PM https://www.instagram.com:443 "GET /p/n6T5DENJCN/ HTTP/1.1" 404 90903
03/15/2022 06:46:35 PM Request Issued
03/15/2022 06:51:35 PM Starting new HTTPS connection (1): www.instagram.com:443
03/15/2022 06:51:36 PM https://www.instagram.com:443 "GET /p/n6zcmIPeTa/ HTTP/1.1" 404 90905
03/15/2022 06:51:36 PM Request Issued
