03/22/2022 10:29:14 PM Started
03/22/2022 10:29:14 PM Shortcode list obtained
03/22/2022 10:29:14 PM Starting new HTTPS connection (1): www.instagram.com:443
03/22/2022 10:29:15 PM https://www.instagram.com:443 "GET /p/uSJm0tQFKw/ HTTP/1.1" 404 91464
03/22/2022 10:29:15 PM Request Issued
03/22/2022 10:29:25 PM Starting new HTTPS connection (1): www.instagram.com:443
03/22/2022 10:29:26 PM https://www.instagram.com:443 "GET /p/uSVnR7Jg3e/ HTTP/1.1" 200 33634
03/22/2022 10:29:26 PM Request Issued
03/22/2022 10:29:26 PM Blocked = False, Response recieved
03/22/2022 10:29:36 PM Starting new HTTPS connection (1): www.instagram.com:443
03/22/2022 10:29:38 PM https://www.instagram.com:443 "GET /p/utCCvMgVVM/ HTTP/1.1" 200 29911
03/22/2022 10:29:38 PM Request Issued
03/22/2022 10:29:38 PM Blocked = False, Response recieved
03/22/2022 10:29:48 PM Starting new HTTPS connection (1): www.instagram.com:443
03/22/2022 10:29:49 PM https://www.instagram.com:443 "GET /p/uTlYfjDH7R/ HTTP/1.1" 200 30826
03/22/2022 10:29:49 PM Request Issued
03/22/2022 10:29:49 PM Blocked = False, Response recieved
03/22/2022 10:29:59 PM Starting new HTTPS connection (1): www.instagram.com:443
03/22/2022 10:29:59 PM https://www.instagram.com:443 "GET /p/utpBLyxm5N/ HTTP/1.1" 302 0
03/22/2022 10:29:59 PM Request Issued
03/22/2022 10:29:59 PM Blocked
03/22/2022 10:29:59 PM Blocked = True, Entering the block period
03/22/2022 10:30:29 PM Started
03/22/2022 10:30:29 PM Shortcode list obtained
03/22/2022 10:30:29 PM Starting new HTTPS connection (1): www.instagram.com:443
03/22/2022 10:30:29 PM https://www.instagram.com:443 "GET /p/utpBLyxm5N/ HTTP/1.1" 200 34220
03/22/2022 10:30:30 PM Request Issued
03/22/2022 10:30:30 PM Blocked = False, Response recieved
03/22/2022 10:30:40 PM Starting new HTTPS connection (1): www.instagram.com:443
03/22/2022 10:30:41 PM https://www.instagram.com:443 "GET /p/uTYcCisnma/ HTTP/1.1" 404 91577
03/22/2022 10:30:41 PM Request Issued
03/22/2022 10:30:51 PM Starting new HTTPS connection (1): www.instagram.com:443
03/22/2022 10:30:51 PM https://www.instagram.com:443 "GET /p/uu0Ax7wzMf/ HTTP/1.1" 404 91466
03/22/2022 10:30:52 PM Request Issued
03/22/2022 10:31:02 PM Starting new HTTPS connection (1): www.instagram.com:443
03/22/2022 10:31:03 PM https://www.instagram.com:443 "GET /p/uuqfIOpFJZ/ HTTP/1.1" 200 34140
03/22/2022 10:31:03 PM Request Issued
03/22/2022 10:31:03 PM Blocked = False, Response recieved
03/22/2022 10:31:14 PM Starting new HTTPS connection (1): www.instagram.com:443
03/22/2022 10:31:14 PM https://www.instagram.com:443 "GET /p/uV1KRvCGCV/ HTTP/1.1" 302 0
03/22/2022 10:31:14 PM Request Issued
03/22/2022 10:31:14 PM Blocked
03/22/2022 10:31:14 PM Blocked = True, Entering the block period
03/22/2022 10:31:35 PM Started
03/22/2022 10:31:35 PM Shortcode list obtained
03/22/2022 10:31:35 PM Starting new HTTPS connection (1): www.instagram.com:443
03/22/2022 10:31:42 PM https://www.instagram.com:443 "GET /p/uV1KRvCGCV/ HTTP/1.1" 200 34632
03/22/2022 10:31:42 PM Request Issued
03/22/2022 10:31:42 PM Blocked = False, Response recieved
03/22/2022 10:31:53 PM Starting new HTTPS connection (1): www.instagram.com:443
03/22/2022 10:31:54 PM https://www.instagram.com:443 "GET /p/uV5wIyBYHV/ HTTP/1.1" 200 30142
03/22/2022 10:31:54 PM Request Issued
03/22/2022 10:31:54 PM Blocked = False, Response recieved
03/22/2022 10:32:04 PM Starting new HTTPS connection (1): www.instagram.com:443
03/22/2022 10:32:05 PM https://www.instagram.com:443 "GET /p/uvatUrya12/ HTTP/1.1" 200 34313
03/22/2022 10:32:05 PM Request Issued
03/22/2022 10:32:05 PM Blocked = False, Response recieved
03/22/2022 10:32:15 PM Starting new HTTPS connection (1): www.instagram.com:443
03/22/2022 10:32:16 PM https://www.instagram.com:443 "GET /p/uVijiDjHCJ/ HTTP/1.1" 302 0
03/22/2022 10:32:16 PM Request Issued
03/22/2022 10:32:16 PM Blocked
03/22/2022 10:32:16 PM Blocked = True, Entering the block period
03/22/2022 10:32:29 PM Started
03/22/2022 10:32:29 PM Shortcode list obtained
03/22/2022 10:32:29 PM Starting new HTTPS connection (1): www.instagram.com:443
03/22/2022 10:32:37 PM https://www.instagram.com:443 "GET /p/uVijiDjHCJ/ HTTP/1.1" 404 91458
03/22/2022 10:32:37 PM Request Issued
03/22/2022 10:32:48 PM Starting new HTTPS connection (1): www.instagram.com:443
03/22/2022 10:32:49 PM https://www.instagram.com:443 "GET /p/uVsmU1ONv0/ HTTP/1.1" 404 91464
03/22/2022 10:32:49 PM Request Issued
03/22/2022 10:32:59 PM Starting new HTTPS connection (1): www.instagram.com:443
03/22/2022 10:33:01 PM https://www.instagram.com:443 "GET /p/uVzF90rq5N/ HTTP/1.1" 404 91460
03/22/2022 10:33:01 PM Request Issued
03/22/2022 10:33:12 PM Starting new HTTPS connection (1): www.instagram.com:443
03/22/2022 10:33:12 PM https://www.instagram.com:443 "GET /p/uWeA5BHtiu/ HTTP/1.1" 302 0
03/22/2022 10:33:12 PM Request Issued
03/22/2022 10:33:12 PM Blocked
03/22/2022 10:33:12 PM Blocked = True, Entering the block period
03/22/2022 10:34:46 PM Started
03/22/2022 10:34:46 PM Shortcode list obtained
03/22/2022 10:34:46 PM Starting new HTTPS connection (1): www.instagram.com:443
03/22/2022 10:34:47 PM https://www.instagram.com:443 "GET /p/uWeA5BHtiu/ HTTP/1.1" 404 91538
03/22/2022 10:34:48 PM Request Issued
03/22/2022 10:34:59 PM Starting new HTTPS connection (1): www.instagram.com:443
03/22/2022 10:35:00 PM https://www.instagram.com:443 "GET /p/uWm1CQOjAn/ HTTP/1.1" 200 33785
03/22/2022 10:35:00 PM Request Issued
03/22/2022 10:35:00 PM Blocked = False, Response recieved
03/22/2022 10:35:11 PM Starting new HTTPS connection (1): www.instagram.com:443
03/22/2022 10:35:11 PM https://www.instagram.com:443 "GET /p/uWXksEiMeR/ HTTP/1.1" 404 91465
03/22/2022 10:35:11 PM Request Issued
03/22/2022 10:35:22 PM Starting new HTTPS connection (1): www.instagram.com:443
03/22/2022 10:35:23 PM https://www.instagram.com:443 "GET /p/uX28W8jUm5/ HTTP/1.1" 302 0
03/22/2022 10:35:23 PM Request Issued
03/22/2022 10:35:23 PM Blocked
03/22/2022 10:35:23 PM Blocked = True, Entering the block period
03/22/2022 10:35:54 PM Started
03/22/2022 10:35:54 PM Shortcode list obtained
03/22/2022 10:35:54 PM Starting new HTTPS connection (1): www.instagram.com:443
03/22/2022 10:36:39 PM Started
03/22/2022 10:36:39 PM Shortcode list obtained
03/22/2022 10:36:39 PM Starting new HTTPS connection (1): www.instagram.com:443
03/22/2022 10:36:39 PM https://www.instagram.com:443 "GET /p/uX28W8jUm5/ HTTP/1.1" 404 91537
03/22/2022 10:36:40 PM Request Issued
03/22/2022 10:36:50 PM Starting new HTTPS connection (1): www.instagram.com:443
03/22/2022 10:36:50 PM https://www.instagram.com:443 "GET /p/uX7mOgoo6P/ HTTP/1.1" 200 34273
03/22/2022 10:36:50 PM Request Issued
03/22/2022 10:36:50 PM Blocked = False, Response recieved
03/22/2022 10:37:01 PM Starting new HTTPS connection (1): www.instagram.com:443
03/22/2022 10:37:02 PM https://www.instagram.com:443 "GET /p/uxs1gZC1Mk/ HTTP/1.1" 200 34007
03/22/2022 10:37:02 PM Request Issued
03/22/2022 10:37:02 PM Blocked = False, Response recieved
03/22/2022 10:37:12 PM Starting new HTTPS connection (1): www.instagram.com:443
03/22/2022 10:37:12 PM https://www.instagram.com:443 "GET /p/uy4FmxLsBv/ HTTP/1.1" 302 0
03/22/2022 10:37:12 PM Request Issued
03/22/2022 10:37:12 PM Blocked
03/22/2022 10:37:12 PM Blocked = True, Entering the block period
03/22/2022 10:38:43 PM Started
03/22/2022 10:38:43 PM Shortcode list obtained
03/22/2022 10:38:43 PM Starting new HTTPS connection (1): www.instagram.com:443
03/22/2022 10:38:45 PM https://www.instagram.com:443 "GET /p/uy4FmxLsBv/ HTTP/1.1" 200 34805
03/22/2022 10:38:45 PM Request Issued
03/22/2022 10:38:45 PM Blocked = False, Response recieved
03/22/2022 10:38:55 PM Starting new HTTPS connection (1): www.instagram.com:443
03/22/2022 10:38:55 PM https://www.instagram.com:443 "GET /p/uY8ZzPPaxr/ HTTP/1.1" 404 91459
03/22/2022 10:38:55 PM Request Issued
03/22/2022 10:39:06 PM Starting new HTTPS connection (1): www.instagram.com:443
03/22/2022 10:39:07 PM https://www.instagram.com:443 "GET /p/uYaHuRJp7j/ HTTP/1.1" 404 91461
03/22/2022 10:39:07 PM Request Issued
03/22/2022 10:39:18 PM Starting new HTTPS connection (1): www.instagram.com:443
03/22/2022 10:39:18 PM https://www.instagram.com:443 "GET /p/uYeDWVJpyY/ HTTP/1.1" 302 0
03/22/2022 10:39:18 PM Request Issued
03/22/2022 10:39:18 PM Blocked
03/22/2022 10:39:18 PM Blocked = True, Entering the block period
03/22/2022 10:39:27 PM Started
03/22/2022 10:39:27 PM Shortcode list obtained
03/22/2022 10:39:27 PM Starting new HTTPS connection (1): www.instagram.com:443
03/22/2022 10:39:39 PM Started
03/22/2022 10:39:39 PM Shortcode list obtained
03/22/2022 10:39:39 PM Starting new HTTPS connection (1): www.instagram.com:443
03/22/2022 10:40:02 PM Started
03/22/2022 10:40:02 PM Shortcode list obtained
03/22/2022 10:40:02 PM Starting new HTTPS connection (1): www.instagram.com:443
03/22/2022 10:40:03 PM https://www.instagram.com:443 "GET /p/uYeDWVJpyY/ HTTP/1.1" 404 91535
03/22/2022 10:40:04 PM Request Issued
03/22/2022 10:40:14 PM Starting new HTTPS connection (1): www.instagram.com:443
03/22/2022 10:40:15 PM https://www.instagram.com:443 "GET /p/uyg4bAgBTc/ HTTP/1.1" 200 29961
03/22/2022 10:40:15 PM Request Issued
03/22/2022 10:40:15 PM Blocked = False, Response recieved
