03/15/2022 02:17:12 PM Started
03/15/2022 02:17:12 PM Shortcode list obtained
03/15/2022 02:17:12 PM Starting new HTTPS connection (1): www.instagram.com:443
03/15/2022 02:17:12 PM https://www.instagram.com:443 "GET /p/elErL3Ku58/ HTTP/1.1" 302 0
03/15/2022 02:17:12 PM Request Issued
03/15/2022 02:17:12 PM Blocked
03/15/2022 02:17:12 PM Blocked = True, Entering the block period
03/15/2022 02:31:38 PM Started
03/15/2022 02:31:38 PM Shortcode list obtained
03/15/2022 02:31:38 PM Starting new HTTPS connection (1): www.instagram.com:443
03/15/2022 02:31:43 PM https://www.instagram.com:443 "GET /p/elErL3Ku58/ HTTP/1.1" 302 0
03/15/2022 02:31:43 PM Request Issued
03/15/2022 02:31:43 PM Blocked
03/15/2022 02:31:43 PM Blocked = True, Entering the block period
03/15/2022 03:01:43 PM Starting new HTTPS connection (1): www.instagram.com:443
03/15/2022 03:01:43 PM https://www.instagram.com:443 "GET /p/elErL3Ku58/ HTTP/1.1" 302 0
03/15/2022 03:01:43 PM Request Issued
03/15/2022 03:01:43 PM Blocked
03/15/2022 03:31:44 PM Starting new HTTPS connection (1): www.instagram.com:443
03/15/2022 03:31:44 PM https://www.instagram.com:443 "GET /p/elErL3Ku58/ HTTP/1.1" 302 0
03/15/2022 03:31:44 PM Request Issued
03/15/2022 03:31:44 PM Blocked
03/15/2022 04:01:44 PM Starting new HTTPS connection (1): www.instagram.com:443
03/15/2022 04:01:44 PM https://www.instagram.com:443 "GET /p/elErL3Ku58/ HTTP/1.1" 302 0
03/15/2022 04:01:44 PM Request Issued
03/15/2022 04:01:44 PM Blocked
03/15/2022 04:31:44 PM Starting new HTTPS connection (1): www.instagram.com:443
03/15/2022 04:31:44 PM https://www.instagram.com:443 "GET /p/elErL3Ku58/ HTTP/1.1" 302 0
03/15/2022 04:31:44 PM Request Issued
03/15/2022 04:31:44 PM Blocked
03/15/2022 05:01:45 PM Starting new HTTPS connection (1): www.instagram.com:443
03/15/2022 05:01:45 PM https://www.instagram.com:443 "GET /p/elErL3Ku58/ HTTP/1.1" 302 0
03/15/2022 05:01:45 PM Request Issued
03/15/2022 05:01:45 PM Blocked
03/15/2022 05:31:45 PM Starting new HTTPS connection (1): www.instagram.com:443
03/15/2022 05:31:45 PM https://www.instagram.com:443 "GET /p/elErL3Ku58/ HTTP/1.1" 302 0
03/15/2022 05:31:45 PM Request Issued
03/15/2022 05:31:45 PM Blocked
03/15/2022 06:01:45 PM Starting new HTTPS connection (1): www.instagram.com:443
03/15/2022 06:01:45 PM https://www.instagram.com:443 "GET /p/elErL3Ku58/ HTTP/1.1" 302 0
03/15/2022 06:01:45 PM Request Issued
03/15/2022 06:01:45 PM Blocked
03/15/2022 06:31:45 PM Starting new HTTPS connection (1): www.instagram.com:443
03/15/2022 06:31:46 PM https://www.instagram.com:443 "GET /p/elErL3Ku58/ HTTP/1.1" 302 0
03/15/2022 06:31:46 PM Request Issued
03/15/2022 06:31:46 PM Blocked
03/15/2022 07:01:46 PM Starting new HTTPS connection (1): www.instagram.com:443
03/15/2022 07:01:46 PM https://www.instagram.com:443 "GET /p/elErL3Ku58/ HTTP/1.1" 302 0
03/15/2022 07:01:46 PM Request Issued
03/15/2022 07:01:46 PM Blocked
03/15/2022 07:31:46 PM Starting new HTTPS connection (1): www.instagram.com:443
03/15/2022 07:31:46 PM https://www.instagram.com:443 "GET /p/elErL3Ku58/ HTTP/1.1" 302 0
03/15/2022 07:31:46 PM Request Issued
03/15/2022 07:31:46 PM Blocked
03/15/2022 08:01:46 PM Starting new HTTPS connection (1): www.instagram.com:443
03/15/2022 08:01:47 PM https://www.instagram.com:443 "GET /p/elErL3Ku58/ HTTP/1.1" 302 0
03/15/2022 08:01:47 PM Request Issued
03/15/2022 08:01:47 PM Blocked
03/15/2022 08:31:47 PM Starting new HTTPS connection (1): www.instagram.com:443
03/15/2022 08:31:47 PM https://www.instagram.com:443 "GET /p/elErL3Ku58/ HTTP/1.1" 302 0
03/15/2022 08:31:47 PM Request Issued
03/15/2022 08:31:47 PM Blocked
03/21/2022 11:57:02 PM Started
03/21/2022 11:57:02 PM Shortcode list obtained
03/21/2022 11:57:02 PM Starting new HTTPS connection (1): www.instagram.com:443
03/21/2022 11:57:03 PM https://www.instagram.com:443 "GET /p/elErL3Ku58/ HTTP/1.1" 302 0
03/21/2022 11:57:03 PM Request Issued
03/21/2022 11:57:03 PM Blocked
03/21/2022 11:57:03 PM Blocked = True, Entering the block period
03/22/2022 12:12:51 AM Started
03/22/2022 12:12:51 AM Shortcode list obtained
03/22/2022 12:12:51 AM Starting new HTTPS connection (1): www.instagram.com:443
03/22/2022 12:12:52 AM https://www.instagram.com:443 "GET /p/elErL3Ku58/ HTTP/1.1" 200 34641
03/22/2022 12:12:52 AM Request Issued
03/22/2022 12:12:52 AM Blocked = False, Response recieved
03/22/2022 12:17:53 AM Starting new HTTPS connection (1): www.instagram.com:443
03/22/2022 12:17:54 AM https://www.instagram.com:443 "GET /p/eLUJXaSeSZ/ HTTP/1.1" 200 32510
03/22/2022 12:17:54 AM Request Issued
03/22/2022 12:17:54 AM Blocked = False, Response recieved
03/22/2022 12:22:54 AM Starting new HTTPS connection (1): www.instagram.com:443
03/22/2022 12:22:54 AM https://www.instagram.com:443 "GET /p/eNhLoMuQyo/ HTTP/1.1" 302 0
03/22/2022 12:22:54 AM Request Issued
03/22/2022 12:22:54 AM Blocked
03/22/2022 12:22:54 AM Blocked = True, Entering the block period
03/22/2022 12:52:54 AM Starting new HTTPS connection (1): www.instagram.com:443
03/22/2022 12:52:54 AM https://www.instagram.com:443 "GET /p/eNhLoMuQyo/ HTTP/1.1" 302 0
03/22/2022 12:52:54 AM Request Issued
03/22/2022 12:52:54 AM Blocked
03/22/2022 01:22:55 AM Starting new HTTPS connection (1): www.instagram.com:443
03/22/2022 01:22:55 AM https://www.instagram.com:443 "GET /p/eNhLoMuQyo/ HTTP/1.1" 302 0
03/22/2022 01:22:55 AM Request Issued
03/22/2022 01:22:55 AM Blocked
03/22/2022 01:52:55 AM Starting new HTTPS connection (1): www.instagram.com:443
03/22/2022 01:52:55 AM https://www.instagram.com:443 "GET /p/eNhLoMuQyo/ HTTP/1.1" 302 0
03/22/2022 01:52:55 AM Request Issued
03/22/2022 01:52:55 AM Blocked
03/22/2022 02:22:55 AM Starting new HTTPS connection (1): www.instagram.com:443
03/22/2022 02:22:55 AM https://www.instagram.com:443 "GET /p/eNhLoMuQyo/ HTTP/1.1" 302 0
03/22/2022 02:22:55 AM Request Issued
03/22/2022 02:22:55 AM Blocked
03/22/2022 02:52:56 AM Starting new HTTPS connection (1): www.instagram.com:443
03/22/2022 02:52:56 AM https://www.instagram.com:443 "GET /p/eNhLoMuQyo/ HTTP/1.1" 404 91348
03/22/2022 02:52:56 AM Request Issued
03/22/2022 02:52:56 AM Block ID: 1, Block period: 9002 seconds
03/22/2022 02:52:56 AM Blocked = False, Block period ended
03/22/2022 02:57:56 AM Starting new HTTPS connection (1): www.instagram.com:443
03/22/2022 02:58:02 AM https://www.instagram.com:443 "GET /p/epc08TtwzE/ HTTP/1.1" 302 0
03/22/2022 02:58:02 AM Request Issued
03/22/2022 02:58:02 AM Blocked
03/22/2022 02:58:02 AM Blocked = True, Entering the block period
03/22/2022 03:28:02 AM Starting new HTTPS connection (1): www.instagram.com:443
03/22/2022 03:28:02 AM https://www.instagram.com:443 "GET /p/epc08TtwzE/ HTTP/1.1" 302 0
03/22/2022 03:28:02 AM Request Issued
03/22/2022 03:28:02 AM Blocked
03/22/2022 03:58:02 AM Starting new HTTPS connection (1): www.instagram.com:443
03/22/2022 03:58:03 AM https://www.instagram.com:443 "GET /p/epc08TtwzE/ HTTP/1.1" 302 0
03/22/2022 03:58:03 AM Request Issued
03/22/2022 03:58:03 AM Blocked
03/22/2022 04:28:03 AM Starting new HTTPS connection (1): www.instagram.com:443
03/22/2022 04:28:04 AM https://www.instagram.com:443 "GET /p/epc08TtwzE/ HTTP/1.1" 302 0
03/22/2022 04:28:04 AM Request Issued
03/22/2022 04:28:04 AM Blocked
03/22/2022 04:58:04 AM Starting new HTTPS connection (1): www.instagram.com:443
03/22/2022 04:58:04 AM https://www.instagram.com:443 "GET /p/epc08TtwzE/ HTTP/1.1" 302 0
03/22/2022 04:58:04 AM Request Issued
03/22/2022 04:58:04 AM Blocked
03/22/2022 05:28:04 AM Starting new HTTPS connection (1): www.instagram.com:443
03/22/2022 05:28:04 AM https://www.instagram.com:443 "GET /p/epc08TtwzE/ HTTP/1.1" 302 0
03/22/2022 05:28:04 AM Request Issued
03/22/2022 05:28:04 AM Blocked
03/22/2022 05:58:05 AM Starting new HTTPS connection (1): www.instagram.com:443
03/22/2022 05:58:05 AM https://www.instagram.com:443 "GET /p/epc08TtwzE/ HTTP/1.1" 302 0
03/22/2022 05:58:05 AM Request Issued
03/22/2022 05:58:05 AM Blocked
03/22/2022 06:28:05 AM Starting new HTTPS connection (1): www.instagram.com:443
03/22/2022 06:28:05 AM https://www.instagram.com:443 "GET /p/epc08TtwzE/ HTTP/1.1" 302 0
03/22/2022 06:28:05 AM Request Issued
03/22/2022 06:28:05 AM Blocked
03/22/2022 06:58:05 AM Starting new HTTPS connection (1): www.instagram.com:443
03/22/2022 06:58:06 AM https://www.instagram.com:443 "GET /p/epc08TtwzE/ HTTP/1.1" 200 29819
03/22/2022 06:58:06 AM Request Issued
03/22/2022 06:58:06 AM Block ID: 2, Block period: 14404 seconds
03/22/2022 06:58:06 AM Blocked = False, Block period ended
03/22/2022 07:03:07 AM Starting new HTTPS connection (1): www.instagram.com:443
03/22/2022 07:03:08 AM https://www.instagram.com:443 "GET /p/esLjHCMJV2/ HTTP/1.1" 404 91273
03/22/2022 07:03:08 AM Request Issued
03/22/2022 07:08:08 AM Starting new HTTPS connection (1): www.instagram.com:443
03/22/2022 07:08:08 AM https://www.instagram.com:443 "GET /p/eu1voIDuQm/ HTTP/1.1" 302 0
03/22/2022 07:08:08 AM Request Issued
03/22/2022 07:08:08 AM Blocked
03/22/2022 07:08:08 AM Blocked = True, Entering the block period
03/22/2022 07:38:08 AM Starting new HTTPS connection (1): www.instagram.com:443
03/22/2022 07:38:09 AM https://www.instagram.com:443 "GET /p/eu1voIDuQm/ HTTP/1.1" 200 33857
03/22/2022 07:38:09 AM Request Issued
03/22/2022 07:38:09 AM Block ID: 3, Block period: 1800 seconds
03/22/2022 07:38:09 AM Blocked = False, Block period ended
03/22/2022 07:43:09 AM Starting new HTTPS connection (1): www.instagram.com:443
03/22/2022 07:43:10 AM https://www.instagram.com:443 "GET /p/eUIx8TAz5B/ HTTP/1.1" 200 29848
03/22/2022 07:43:10 AM Request Issued
03/22/2022 07:43:10 AM Blocked = False, Response recieved
03/22/2022 07:48:11 AM Starting new HTTPS connection (1): www.instagram.com:443
03/22/2022 07:48:11 AM https://www.instagram.com:443 "GET /p/eydNWUI2km/ HTTP/1.1" 302 0
03/22/2022 07:48:11 AM Request Issued
03/22/2022 07:48:11 AM Blocked
03/22/2022 07:48:11 AM Blocked = True, Entering the block period
03/22/2022 08:18:11 AM Starting new HTTPS connection (1): www.instagram.com:443
03/22/2022 08:18:11 AM https://www.instagram.com:443 "GET /p/eydNWUI2km/ HTTP/1.1" 302 0
03/22/2022 08:18:11 AM Request Issued
03/22/2022 08:18:11 AM Blocked
04/15/2022 09:45:17 AM Started
04/15/2022 09:45:17 AM Shortcode list obtained
04/15/2022 09:45:17 AM Starting new HTTPS connection (1): www.instagram.com:443
04/15/2022 09:45:17 AM https://www.instagram.com:443 "GET /p/eydNWUI2km/ HTTP/1.1" 302 0
04/15/2022 09:45:17 AM Request Issued
04/15/2022 09:45:17 AM Blocked
04/15/2022 09:45:17 AM Blocked = True, Entering the block period
04/15/2022 10:15:17 AM Starting new HTTPS connection (1): www.instagram.com:443
04/15/2022 10:15:19 AM https://www.instagram.com:443 "GET /p/eydNWUI2km/ HTTP/1.1" 200 31269
04/15/2022 10:15:19 AM Request Issued
04/15/2022 10:15:19 AM Block ID: 1, Block period: 1802 seconds
04/15/2022 10:15:19 AM Blocked = False, Block period ended
04/15/2022 10:20:20 AM Starting new HTTPS connection (1): www.instagram.com:443
04/15/2022 12:55:58 PM Started
04/15/2022 12:55:58 PM Shortcode list obtained
04/15/2022 12:55:58 PM Starting new HTTPS connection (1): www.instagram.com:443
04/15/2022 12:55:58 PM https://www.instagram.com:443 "GET /p/f52Sfpvo9x/ HTTP/1.1" 302 0
04/15/2022 12:55:59 PM Request Issued
04/15/2022 12:55:59 PM Blocked
04/15/2022 12:55:59 PM Blocked = True, Entering the block period
04/15/2022 01:10:08 PM Started
04/15/2022 01:10:08 PM Shortcode list obtained
04/15/2022 01:10:08 PM Starting new HTTPS connection (1): www.instagram.com:443
04/15/2022 01:10:09 PM https://www.instagram.com:443 "GET /p/f52Sfpvo9x/ HTTP/1.1" 200 31947
04/15/2022 01:10:09 PM Request Issued
04/15/2022 01:10:09 PM Blocked = False, Response recieved
04/15/2022 01:15:10 PM Starting new HTTPS connection (1): www.instagram.com:443
04/15/2022 01:15:11 PM https://www.instagram.com:443 "GET /p/f5VCPgK7Ny/ HTTP/1.1" 404 94008
04/15/2022 01:15:11 PM Request Issued
04/15/2022 01:20:12 PM Starting new HTTPS connection (1): www.instagram.com:443
04/15/2022 01:20:12 PM https://www.instagram.com:443 "GET /p/fbGdE2C5FX/ HTTP/1.1" 302 0
04/15/2022 01:20:12 PM Request Issued
04/15/2022 01:20:12 PM Blocked
04/15/2022 01:20:12 PM Blocked = True, Entering the block period
04/15/2022 01:50:12 PM Starting new HTTPS connection (1): www.instagram.com:443
04/15/2022 01:50:13 PM https://www.instagram.com:443 "GET /p/fbGdE2C5FX/ HTTP/1.1" 200 31546
04/15/2022 01:50:13 PM Request Issued
04/15/2022 01:50:13 PM Block ID: 1, Block period: 1800 seconds
04/15/2022 01:50:13 PM Blocked = False, Block period ended
04/15/2022 01:55:14 PM Starting new HTTPS connection (1): www.instagram.com:443
04/15/2022 01:55:14 PM https://www.instagram.com:443 "GET /p/fFXCgRD7L3/ HTTP/1.1" 302 0
04/15/2022 01:55:14 PM Request Issued
04/15/2022 01:55:14 PM Blocked
04/15/2022 01:55:14 PM Blocked = True, Entering the block period
04/15/2022 02:25:14 PM Starting new HTTPS connection (1): www.instagram.com:443
04/15/2022 02:25:14 PM https://www.instagram.com:443 "GET /p/fFXCgRD7L3/ HTTP/1.1" 302 0
04/15/2022 02:25:15 PM Request Issued
04/15/2022 02:25:15 PM Blocked
04/15/2022 02:55:15 PM Starting new HTTPS connection (1): www.instagram.com:443
04/15/2022 02:55:15 PM https://www.instagram.com:443 "GET /p/fFXCgRD7L3/ HTTP/1.1" 302 0
04/15/2022 02:55:15 PM Request Issued
04/15/2022 02:55:15 PM Blocked
