03/25/2022 09:29:48 AM Started
03/25/2022 09:29:48 AM Shortcode list obtained
03/25/2022 09:29:48 AM Starting new HTTPS connection (1): www.instagram.com:443
03/25/2022 09:29:48 AM https://www.instagram.com:443 "GET /p/sIFSSNtIKI/ HTTP/1.1" 302 0
03/25/2022 09:29:48 AM Request Issued
03/25/2022 09:29:48 AM Blocked
03/25/2022 09:29:48 AM Blocked = True, Entering the block period
03/25/2022 09:30:14 AM Started
03/25/2022 09:30:14 AM Shortcode list obtained
03/25/2022 09:30:14 AM Starting new HTTPS connection (1): www.instagram.com:443
03/25/2022 09:30:15 AM https://www.instagram.com:443 "GET /p/sIFSSNtIKI/ HTTP/1.1" 200 34954
03/25/2022 09:30:15 AM Request Issued
03/25/2022 09:30:15 AM Blocked = False, Response recieved
03/25/2022 09:30:26 AM Starting new HTTPS connection (1): www.instagram.com:443
03/25/2022 09:30:27 AM https://www.instagram.com:443 "GET /p/sihQFHHpbc/ HTTP/1.1" 200 34690
03/25/2022 09:30:28 AM Request Issued
03/25/2022 09:30:28 AM Blocked = False, Response recieved
03/25/2022 09:30:38 AM Starting new HTTPS connection (1): www.instagram.com:443
03/25/2022 09:30:39 AM https://www.instagram.com:443 "GET /p/sik3sXC8tb/ HTTP/1.1" 200 30903
03/25/2022 09:30:40 AM Request Issued
03/25/2022 09:30:40 AM Blocked = False, Response recieved
03/25/2022 09:30:50 AM Starting new HTTPS connection (1): www.instagram.com:443
03/25/2022 09:30:50 AM https://www.instagram.com:443 "GET /p/sIm9eXPaOl/ HTTP/1.1" 302 0
03/25/2022 09:30:50 AM Request Issued
03/25/2022 09:30:50 AM Blocked
03/25/2022 09:30:50 AM Blocked = True, Entering the block period
03/25/2022 09:31:03 AM Started
03/25/2022 09:31:03 AM Shortcode list obtained
03/25/2022 09:31:03 AM Starting new HTTPS connection (1): www.instagram.com:443
03/25/2022 09:31:08 AM https://www.instagram.com:443 "GET /p/sIm9eXPaOl/ HTTP/1.1" 200 33676
03/25/2022 09:31:09 AM Request Issued
03/25/2022 09:31:09 AM Blocked = False, Response recieved
03/25/2022 09:31:20 AM Starting new HTTPS connection (1): www.instagram.com:443
03/25/2022 09:31:22 AM https://www.instagram.com:443 "GET /p/siV3a6qvJ9/ HTTP/1.1" 404 92144
03/25/2022 09:31:24 AM Request Issued
03/25/2022 09:31:34 AM Starting new HTTPS connection (1): www.instagram.com:443
03/25/2022 09:31:50 AM https://www.instagram.com:443 "GET /p/sixNLtLLKO/ HTTP/1.1" 200 33747
03/25/2022 09:31:50 AM Request Issued
03/25/2022 09:31:50 AM Blocked = False, Response recieved
03/25/2022 09:32:01 AM Starting new HTTPS connection (1): www.instagram.com:443
03/25/2022 09:32:05 AM https://www.instagram.com:443 "GET /p/sja2kfuRKT/ HTTP/1.1" 404 92265
03/25/2022 09:32:07 AM Request Issued
03/25/2022 09:32:18 AM Starting new HTTPS connection (1): www.instagram.com:443
03/25/2022 09:32:30 AM https://www.instagram.com:443 "GET /p/SJbmbek9K6/ HTTP/1.1" 302 0
03/25/2022 09:32:30 AM Request Issued
03/25/2022 09:32:30 AM Blocked
03/25/2022 09:32:30 AM Blocked = True, Entering the block period
03/25/2022 09:48:26 AM Started
03/25/2022 09:48:26 AM Shortcode list obtained
03/25/2022 09:48:26 AM Starting new HTTPS connection (1): www.instagram.com:443
03/25/2022 09:48:27 AM https://www.instagram.com:443 "GET /p/SJbmbek9K6/ HTTP/1.1" 404 92261
03/25/2022 09:48:27 AM Request Issued
03/25/2022 09:48:38 AM Starting new HTTPS connection (1): www.instagram.com:443
03/25/2022 09:48:38 AM https://www.instagram.com:443 "GET /p/sJNY1bDaN3/ HTTP/1.1" 200 30938
03/25/2022 09:48:38 AM Request Issued
03/25/2022 09:48:38 AM Blocked = False, Response recieved
03/25/2022 09:48:49 AM Starting new HTTPS connection (1): www.instagram.com:443
03/25/2022 09:48:50 AM https://www.instagram.com:443 "GET /p/sk0oMtBRjl/ HTTP/1.1" 200 34324
03/25/2022 09:48:50 AM Request Issued
03/25/2022 09:48:50 AM Blocked = False, Response recieved
03/25/2022 09:49:01 AM Starting new HTTPS connection (1): www.instagram.com:443
03/25/2022 09:49:01 AM https://www.instagram.com:443 "GET /p/sKYZLqNPdZ/ HTTP/1.1" 302 0
03/25/2022 09:49:01 AM Request Issued
03/25/2022 09:49:01 AM Blocked
03/25/2022 09:49:01 AM Blocked = True, Entering the block period
03/25/2022 09:52:00 AM Started
03/25/2022 09:52:00 AM Shortcode list obtained
03/25/2022 09:52:00 AM Starting new HTTPS connection (1): www.instagram.com:443
03/25/2022 09:54:10 AM https://www.instagram.com:443 "GET /p/sKYZLqNPdZ/ HTTP/1.1" 200 34611
03/25/2022 09:54:11 AM Request Issued
03/25/2022 09:54:11 AM Blocked = False, Response recieved
03/25/2022 09:54:22 AM Starting new HTTPS connection (1): www.instagram.com:443
03/25/2022 09:54:22 AM https://www.instagram.com:443 "GET /p/sl3o8zB7IF/ HTTP/1.1" 200 32056
03/25/2022 09:54:23 AM Request Issued
03/25/2022 09:54:23 AM Blocked = False, Response recieved
03/25/2022 09:54:33 AM Starting new HTTPS connection (1): www.instagram.com:443
03/25/2022 09:54:34 AM https://www.instagram.com:443 "GET /p/sLKnRkLUfX/ HTTP/1.1" 404 92119
03/25/2022 09:54:34 AM Request Issued
03/25/2022 09:54:44 AM Starting new HTTPS connection (1): www.instagram.com:443
03/25/2022 09:54:46 AM https://www.instagram.com:443 "GET /p/sLTyQyhQdg/ HTTP/1.1" 200 34732
03/25/2022 09:54:46 AM Request Issued
03/25/2022 09:54:46 AM Blocked = False, Response recieved
03/25/2022 09:54:56 AM Starting new HTTPS connection (1): www.instagram.com:443
03/25/2022 09:54:57 AM https://www.instagram.com:443 "GET /p/sLwc6yFsC8/ HTTP/1.1" 302 0
03/25/2022 09:54:57 AM Request Issued
03/25/2022 09:54:57 AM Blocked
03/25/2022 09:54:57 AM Blocked = True, Entering the block period
03/25/2022 09:58:14 AM Started
03/25/2022 09:58:14 AM Shortcode list obtained
03/25/2022 09:58:14 AM Starting new HTTPS connection (1): www.instagram.com:443
03/25/2022 09:58:15 AM https://www.instagram.com:443 "GET /p/sLwc6yFsC8/ HTTP/1.1" 200 34342
03/25/2022 09:58:15 AM Request Issued
03/25/2022 09:58:15 AM Blocked = False, Response recieved
03/25/2022 09:58:26 AM Starting new HTTPS connection (1): www.instagram.com:443
03/25/2022 09:58:26 AM https://www.instagram.com:443 "GET /p/sMcCuONMop/ HTTP/1.1" 200 30203
03/25/2022 09:58:27 AM Request Issued
03/25/2022 09:58:27 AM Blocked = False, Response recieved
03/25/2022 09:58:37 AM Starting new HTTPS connection (1): www.instagram.com:443
03/25/2022 09:58:37 AM https://www.instagram.com:443 "GET /p/sn2Z1zHLtj/ HTTP/1.1" 200 34319
03/25/2022 09:58:38 AM Request Issued
03/25/2022 09:58:38 AM Blocked = False, Response recieved
03/25/2022 09:58:48 AM Starting new HTTPS connection (1): www.instagram.com:443
03/25/2022 09:58:48 AM https://www.instagram.com:443 "GET /p/snB3qyBmyb/ HTTP/1.1" 302 0
03/25/2022 09:58:48 AM Request Issued
03/25/2022 09:58:48 AM Blocked
03/25/2022 09:58:48 AM Blocked = True, Entering the block period
03/25/2022 10:06:28 AM Started
03/25/2022 10:06:28 AM Shortcode list obtained
03/25/2022 10:06:28 AM Starting new HTTPS connection (1): www.instagram.com:443
03/25/2022 10:06:30 AM https://www.instagram.com:443 "GET /p/snB3qyBmyb/ HTTP/1.1" 200 33962
03/25/2022 10:06:30 AM Request Issued
03/25/2022 10:06:30 AM Blocked = False, Response recieved
03/25/2022 10:06:40 AM Starting new HTTPS connection (1): www.instagram.com:443
03/25/2022 10:06:41 AM https://www.instagram.com:443 "GET /p/snHh6RjcXY/ HTTP/1.1" 404 92076
03/25/2022 10:06:41 AM Request Issued
03/25/2022 10:06:52 AM Starting new HTTPS connection (1): www.instagram.com:443
03/25/2022 10:06:52 AM https://www.instagram.com:443 "GET /p/sNJiYrAPQI/ HTTP/1.1" 404 92007
03/25/2022 10:06:53 AM Request Issued
03/25/2022 10:07:04 AM Starting new HTTPS connection (1): www.instagram.com:443
03/25/2022 10:07:04 AM https://www.instagram.com:443 "GET /p/snLwWNK8Qu/ HTTP/1.1" 302 0
03/25/2022 10:07:04 AM Request Issued
03/25/2022 10:07:04 AM Blocked
03/25/2022 10:07:04 AM Blocked = True, Entering the block period
03/25/2022 10:07:29 AM Started
03/25/2022 10:07:29 AM Shortcode list obtained
03/25/2022 10:07:29 AM Starting new HTTPS connection (1): www.instagram.com:443
03/25/2022 10:07:33 AM https://www.instagram.com:443 "GET /p/snLwWNK8Qu/ HTTP/1.1" 200 30558
03/25/2022 10:07:33 AM Request Issued
03/25/2022 10:07:33 AM Blocked = False, Response recieved
03/25/2022 10:07:44 AM Starting new HTTPS connection (1): www.instagram.com:443
03/25/2022 10:07:45 AM https://www.instagram.com:443 "GET /p/sNtCSPiOX2/ HTTP/1.1" 200 30273
03/25/2022 10:07:45 AM Request Issued
03/25/2022 10:07:45 AM Blocked = False, Response recieved
03/25/2022 10:07:56 AM Starting new HTTPS connection (1): www.instagram.com:443
03/25/2022 10:07:57 AM https://www.instagram.com:443 "GET /p/snx2tcJXep/ HTTP/1.1" 200 29826
03/25/2022 10:07:57 AM Request Issued
03/25/2022 10:07:57 AM Blocked = False, Response recieved
03/25/2022 10:08:08 AM Starting new HTTPS connection (1): www.instagram.com:443
03/25/2022 10:08:08 AM https://www.instagram.com:443 "GET /p/soAt1LB8HN/ HTTP/1.1" 302 0
03/25/2022 10:08:08 AM Request Issued
03/25/2022 10:08:08 AM Blocked
03/25/2022 10:08:08 AM Blocked = True, Entering the block period
03/25/2022 10:31:32 AM Started
03/25/2022 10:31:32 AM Shortcode list obtained
03/25/2022 10:31:32 AM Starting new HTTPS connection (1): www.instagram.com:443
03/25/2022 10:31:42 AM Started
03/25/2022 10:31:42 AM Shortcode list obtained
03/25/2022 10:31:42 AM Starting new HTTPS connection (1): www.instagram.com:443
03/25/2022 10:31:43 AM https://www.instagram.com:443 "GET /p/soAt1LB8HN/ HTTP/1.1" 200 29767
03/25/2022 10:31:44 AM Request Issued
03/25/2022 10:31:44 AM Blocked = False, Response recieved
03/25/2022 10:31:54 AM Starting new HTTPS connection (1): www.instagram.com:443
03/25/2022 10:31:56 AM https://www.instagram.com:443 "GET /p/soDGrNHhbL/ HTTP/1.1" 200 30340
03/25/2022 10:31:56 AM Request Issued
03/25/2022 10:31:56 AM Blocked = False, Response recieved
03/25/2022 10:32:57 AM Started
03/25/2022 10:32:57 AM Shortcode list obtained
