03/09/2022 05:51:05 AM Started
03/09/2022 05:51:05 AM Shortcode list obtained
03/09/2022 05:51:05 AM Starting new HTTPS connection (1): www.instagram.com:443
03/09/2022 05:51:06 AM https://www.instagram.com:443 "GET /p/s4Ef08tgM1/ HTTP/1.1" 302 0
03/09/2022 05:51:06 AM Request Issued
03/09/2022 05:51:06 AM Blocked
03/09/2022 05:51:06 AM Blocked = True, Entering the block period
03/09/2022 06:21:07 AM Starting new HTTPS connection (1): www.instagram.com:443
03/09/2022 06:21:07 AM https://www.instagram.com:443 "GET /p/s4Ef08tgM1/ HTTP/1.1" 302 0
03/09/2022 06:21:07 AM Request Issued
03/09/2022 06:21:07 AM Blocked
03/09/2022 06:51:07 AM Starting new HTTPS connection (1): www.instagram.com:443
03/09/2022 06:51:07 AM https://www.instagram.com:443 "GET /p/s4Ef08tgM1/ HTTP/1.1" 302 0
03/09/2022 06:51:07 AM Request Issued
03/09/2022 06:51:07 AM Blocked
03/09/2022 07:21:08 AM Starting new HTTPS connection (1): www.instagram.com:443
03/09/2022 07:21:08 AM https://www.instagram.com:443 "GET /p/s4Ef08tgM1/ HTTP/1.1" 302 0
03/09/2022 07:21:08 AM Request Issued
03/09/2022 07:21:08 AM Blocked
03/09/2022 07:51:08 AM Starting new HTTPS connection (1): www.instagram.com:443
03/09/2022 07:51:08 AM https://www.instagram.com:443 "GET /p/s4Ef08tgM1/ HTTP/1.1" 302 0
03/09/2022 07:51:08 AM Request Issued
03/09/2022 07:51:08 AM Blocked
03/09/2022 08:21:08 AM Starting new HTTPS connection (1): www.instagram.com:443
03/09/2022 08:21:09 AM https://www.instagram.com:443 "GET /p/s4Ef08tgM1/ HTTP/1.1" 302 0
03/09/2022 08:21:09 AM Request Issued
03/09/2022 08:21:09 AM Blocked
03/09/2022 08:51:09 AM Starting new HTTPS connection (1): www.instagram.com:443
03/09/2022 08:51:09 AM https://www.instagram.com:443 "GET /p/s4Ef08tgM1/ HTTP/1.1" 302 0
03/09/2022 08:51:09 AM Request Issued
03/09/2022 08:51:09 AM Blocked
03/09/2022 09:21:09 AM Starting new HTTPS connection (1): www.instagram.com:443
03/09/2022 09:21:10 AM https://www.instagram.com:443 "GET /p/s4Ef08tgM1/ HTTP/1.1" 302 0
03/09/2022 09:21:10 AM Request Issued
03/09/2022 09:21:10 AM Blocked
03/09/2022 09:51:10 AM Starting new HTTPS connection (1): www.instagram.com:443
03/09/2022 09:51:10 AM https://www.instagram.com:443 "GET /p/s4Ef08tgM1/ HTTP/1.1" 302 0
03/09/2022 09:51:10 AM Request Issued
03/09/2022 09:51:10 AM Blocked
03/09/2022 10:21:10 AM Starting new HTTPS connection (1): www.instagram.com:443
03/09/2022 10:21:11 AM https://www.instagram.com:443 "GET /p/s4Ef08tgM1/ HTTP/1.1" 302 0
03/09/2022 10:21:11 AM Request Issued
03/09/2022 10:21:11 AM Blocked
03/09/2022 11:16:25 AM Starting new HTTPS connection (1): www.instagram.com:443
03/09/2022 11:16:26 AM https://www.instagram.com:443 "GET /p/s4Ef08tgM1/ HTTP/1.1" 302 0
03/09/2022 11:16:26 AM Request Issued
03/09/2022 11:16:26 AM Blocked
03/09/2022 11:46:26 AM Starting new HTTPS connection (1): www.instagram.com:443
03/09/2022 11:46:26 AM https://www.instagram.com:443 "GET /p/s4Ef08tgM1/ HTTP/1.1" 302 0
03/09/2022 11:46:26 AM Request Issued
03/09/2022 11:46:26 AM Blocked
03/09/2022 12:16:26 PM Starting new HTTPS connection (1): www.instagram.com:443
03/09/2022 12:16:27 PM https://www.instagram.com:443 "GET /p/s4Ef08tgM1/ HTTP/1.1" 302 0
03/09/2022 12:16:27 PM Request Issued
03/09/2022 12:16:27 PM Blocked
03/09/2022 12:46:29 PM Starting new HTTPS connection (1): www.instagram.com:443
03/09/2022 12:46:37 PM https://www.instagram.com:443 "GET /p/s4Ef08tgM1/ HTTP/1.1" 302 0
03/09/2022 12:46:37 PM Request Issued
03/09/2022 12:46:37 PM Blocked
03/09/2022 01:16:37 PM Starting new HTTPS connection (1): www.instagram.com:443
03/09/2022 01:16:37 PM https://www.instagram.com:443 "GET /p/s4Ef08tgM1/ HTTP/1.1" 302 0
03/09/2022 01:16:37 PM Request Issued
03/09/2022 01:16:37 PM Blocked
03/09/2022 01:46:38 PM Starting new HTTPS connection (1): www.instagram.com:443
03/09/2022 01:46:38 PM https://www.instagram.com:443 "GET /p/s4Ef08tgM1/ HTTP/1.1" 302 0
03/09/2022 01:46:38 PM Request Issued
03/09/2022 01:46:38 PM Blocked
03/10/2022 04:01:51 AM Starting new HTTPS connection (1): www.instagram.com:443
03/10/2022 04:01:52 AM https://www.instagram.com:443 "GET /p/s4Ef08tgM1/ HTTP/1.1" 302 0
03/10/2022 04:01:52 AM Request Issued
03/10/2022 04:01:52 AM Blocked
03/10/2022 04:31:52 AM Starting new HTTPS connection (1): www.instagram.com:443
03/10/2022 04:31:52 AM https://www.instagram.com:443 "GET /p/s4Ef08tgM1/ HTTP/1.1" 302 0
03/10/2022 04:31:52 AM Request Issued
03/10/2022 04:31:52 AM Blocked
03/10/2022 05:01:52 AM Starting new HTTPS connection (1): www.instagram.com:443
03/10/2022 05:01:53 AM https://www.instagram.com:443 "GET /p/s4Ef08tgM1/ HTTP/1.1" 302 0
03/10/2022 05:01:53 AM Request Issued
03/10/2022 05:01:53 AM Blocked
03/10/2022 05:31:53 AM Starting new HTTPS connection (1): www.instagram.com:443
03/10/2022 05:31:53 AM https://www.instagram.com:443 "GET /p/s4Ef08tgM1/ HTTP/1.1" 302 0
03/10/2022 05:31:53 AM Request Issued
03/10/2022 05:31:53 AM Blocked
03/10/2022 06:01:53 AM Starting new HTTPS connection (1): www.instagram.com:443
03/10/2022 06:01:54 AM https://www.instagram.com:443 "GET /p/s4Ef08tgM1/ HTTP/1.1" 302 0
03/10/2022 06:01:54 AM Request Issued
03/10/2022 06:01:54 AM Blocked
03/10/2022 06:31:54 AM Starting new HTTPS connection (1): www.instagram.com:443
03/10/2022 06:31:54 AM https://www.instagram.com:443 "GET /p/s4Ef08tgM1/ HTTP/1.1" 302 0
03/10/2022 06:31:54 AM Request Issued
03/10/2022 06:31:54 AM Blocked
03/10/2022 07:01:54 AM Starting new HTTPS connection (1): www.instagram.com:443
03/10/2022 07:01:54 AM https://www.instagram.com:443 "GET /p/s4Ef08tgM1/ HTTP/1.1" 302 0
03/10/2022 07:01:54 AM Request Issued
03/10/2022 07:01:54 AM Blocked
03/10/2022 07:31:55 AM Starting new HTTPS connection (1): www.instagram.com:443
03/10/2022 07:31:55 AM https://www.instagram.com:443 "GET /p/s4Ef08tgM1/ HTTP/1.1" 302 0
03/10/2022 07:31:55 AM Request Issued
03/10/2022 07:31:55 AM Blocked
03/10/2022 08:01:55 AM Starting new HTTPS connection (1): www.instagram.com:443
03/10/2022 08:01:55 AM https://www.instagram.com:443 "GET /p/s4Ef08tgM1/ HTTP/1.1" 302 0
03/10/2022 08:01:55 AM Request Issued
03/10/2022 08:01:55 AM Blocked
03/10/2022 08:31:56 AM Starting new HTTPS connection (1): www.instagram.com:443
03/10/2022 08:31:56 AM https://www.instagram.com:443 "GET /p/s4Ef08tgM1/ HTTP/1.1" 302 0
03/10/2022 08:31:56 AM Request Issued
03/10/2022 08:31:56 AM Blocked
03/10/2022 09:01:56 AM Starting new HTTPS connection (1): www.instagram.com:443
03/10/2022 09:01:57 AM https://www.instagram.com:443 "GET /p/s4Ef08tgM1/ HTTP/1.1" 302 0
03/10/2022 09:01:57 AM Request Issued
03/10/2022 09:01:57 AM Blocked
03/10/2022 09:31:57 AM Starting new HTTPS connection (1): www.instagram.com:443
03/10/2022 09:31:57 AM https://www.instagram.com:443 "GET /p/s4Ef08tgM1/ HTTP/1.1" 302 0
03/10/2022 09:31:57 AM Request Issued
03/10/2022 09:31:57 AM Blocked
03/10/2022 10:06:48 AM Starting new HTTPS connection (1): www.instagram.com:443
03/10/2022 10:06:48 AM https://www.instagram.com:443 "GET /p/s4Ef08tgM1/ HTTP/1.1" 302 0
03/10/2022 10:06:48 AM Request Issued
03/10/2022 10:06:48 AM Blocked
03/10/2022 10:36:49 AM Starting new HTTPS connection (1): www.instagram.com:443
03/10/2022 10:36:49 AM https://www.instagram.com:443 "GET /p/s4Ef08tgM1/ HTTP/1.1" 302 0
03/10/2022 10:36:49 AM Request Issued
03/10/2022 10:36:49 AM Blocked
03/10/2022 11:06:49 AM Starting new HTTPS connection (1): www.instagram.com:443
03/10/2022 11:06:49 AM https://www.instagram.com:443 "GET /p/s4Ef08tgM1/ HTTP/1.1" 302 0
03/10/2022 11:06:49 AM Request Issued
03/10/2022 11:06:49 AM Blocked
03/10/2022 11:36:49 AM Starting new HTTPS connection (1): www.instagram.com:443
03/10/2022 11:36:50 AM https://www.instagram.com:443 "GET /p/s4Ef08tgM1/ HTTP/1.1" 302 0
03/10/2022 11:36:50 AM Request Issued
03/10/2022 11:36:50 AM Blocked
03/10/2022 12:06:50 PM Starting new HTTPS connection (1): www.instagram.com:443
03/10/2022 12:06:50 PM https://www.instagram.com:443 "GET /p/s4Ef08tgM1/ HTTP/1.1" 302 0
03/10/2022 12:06:50 PM Request Issued
03/10/2022 12:06:50 PM Blocked
03/10/2022 12:36:50 PM Starting new HTTPS connection (1): www.instagram.com:443
03/10/2022 12:36:50 PM https://www.instagram.com:443 "GET /p/s4Ef08tgM1/ HTTP/1.1" 302 0
03/10/2022 12:36:50 PM Request Issued
03/10/2022 12:36:50 PM Blocked
03/10/2022 01:06:51 PM Starting new HTTPS connection (1): www.instagram.com:443
03/10/2022 01:06:51 PM https://www.instagram.com:443 "GET /p/s4Ef08tgM1/ HTTP/1.1" 302 0
03/10/2022 01:06:51 PM Request Issued
03/10/2022 01:06:51 PM Blocked
03/10/2022 01:36:51 PM Starting new HTTPS connection (1): www.instagram.com:443
03/10/2022 01:36:51 PM https://www.instagram.com:443 "GET /p/s4Ef08tgM1/ HTTP/1.1" 302 0
03/10/2022 01:36:51 PM Request Issued
03/10/2022 01:36:51 PM Blocked
03/10/2022 02:06:51 PM Starting new HTTPS connection (1): www.instagram.com:443
03/10/2022 02:06:52 PM https://www.instagram.com:443 "GET /p/s4Ef08tgM1/ HTTP/1.1" 200 34022
03/10/2022 02:06:52 PM Request Issued
03/10/2022 02:06:52 PM Block ID: 1, Block period: 29745 seconds
03/10/2022 02:06:52 PM Blocked = False, Block period ended
03/10/2022 02:11:53 PM Starting new HTTPS connection (1): www.instagram.com:443
03/10/2022 02:11:54 PM https://www.instagram.com:443 "GET /p/s4Jz6FPdYa/ HTTP/1.1" 200 31059
03/10/2022 02:11:54 PM Request Issued
03/10/2022 02:11:54 PM Blocked = False, Response recieved
03/10/2022 02:16:55 PM Starting new HTTPS connection (1): www.instagram.com:443
03/10/2022 02:16:56 PM https://www.instagram.com:443 "GET /p/s4pm5cRLF9/ HTTP/1.1" 200 31550
03/10/2022 02:16:56 PM Request Issued
03/10/2022 02:16:56 PM Blocked = False, Response recieved
03/10/2022 02:21:56 PM Starting new HTTPS connection (1): www.instagram.com:443
03/10/2022 02:21:56 PM https://www.instagram.com:443 "GET /p/s4uqc7vW0n/ HTTP/1.1" 302 0
03/10/2022 02:21:56 PM Request Issued
03/10/2022 02:21:56 PM Blocked
03/10/2022 02:21:56 PM Blocked = True, Entering the block period
03/10/2022 02:51:56 PM Starting new HTTPS connection (1): www.instagram.com:443
03/10/2022 02:51:57 PM https://www.instagram.com:443 "GET /p/s4uqc7vW0n/ HTTP/1.1" 302 0
03/10/2022 02:51:57 PM Request Issued
03/10/2022 02:51:57 PM Blocked
03/10/2022 03:21:57 PM Starting new HTTPS connection (1): www.instagram.com:443
03/10/2022 03:21:57 PM https://www.instagram.com:443 "GET /p/s4uqc7vW0n/ HTTP/1.1" 302 0
03/10/2022 03:21:57 PM Request Issued
03/10/2022 03:21:57 PM Blocked
03/10/2022 03:51:57 PM Starting new HTTPS connection (1): www.instagram.com:443
03/10/2022 03:51:58 PM https://www.instagram.com:443 "GET /p/s4uqc7vW0n/ HTTP/1.1" 302 0
03/10/2022 03:51:58 PM Request Issued
03/10/2022 03:51:58 PM Blocked
03/10/2022 04:21:58 PM Starting new HTTPS connection (1): www.instagram.com:443
03/10/2022 04:21:58 PM https://www.instagram.com:443 "GET /p/s4uqc7vW0n/ HTTP/1.1" 302 0
03/10/2022 04:21:58 PM Request Issued
03/10/2022 04:21:58 PM Blocked
03/10/2022 04:51:58 PM Starting new HTTPS connection (1): www.instagram.com:443
03/10/2022 04:51:58 PM https://www.instagram.com:443 "GET /p/s4uqc7vW0n/ HTTP/1.1" 302 0
03/10/2022 04:51:58 PM Request Issued
03/10/2022 04:51:58 PM Blocked
03/10/2022 05:21:59 PM Starting new HTTPS connection (1): www.instagram.com:443
03/10/2022 05:21:59 PM https://www.instagram.com:443 "GET /p/s4uqc7vW0n/ HTTP/1.1" 302 0
03/10/2022 05:21:59 PM Request Issued
03/10/2022 05:21:59 PM Blocked
03/10/2022 05:51:59 PM Starting new HTTPS connection (1): www.instagram.com:443
03/10/2022 05:51:59 PM https://www.instagram.com:443 "GET /p/s4uqc7vW0n/ HTTP/1.1" 302 0
03/10/2022 05:51:59 PM Request Issued
03/10/2022 05:51:59 PM Blocked
03/10/2022 06:21:59 PM Starting new HTTPS connection (1): www.instagram.com:443
03/10/2022 06:22:00 PM https://www.instagram.com:443 "GET /p/s4uqc7vW0n/ HTTP/1.1" 302 0
03/10/2022 06:22:00 PM Request Issued
03/10/2022 06:22:00 PM Blocked
03/10/2022 06:52:00 PM Starting new HTTPS connection (1): www.instagram.com:443
03/10/2022 06:52:00 PM https://www.instagram.com:443 "GET /p/s4uqc7vW0n/ HTTP/1.1" 302 0
03/10/2022 06:52:00 PM Request Issued
03/10/2022 06:52:00 PM Blocked
03/10/2022 07:22:00 PM Starting new HTTPS connection (1): www.instagram.com:443
03/10/2022 07:22:00 PM https://www.instagram.com:443 "GET /p/s4uqc7vW0n/ HTTP/1.1" 302 0
03/10/2022 07:22:01 PM Request Issued
03/10/2022 07:22:01 PM Blocked
03/10/2022 07:52:01 PM Starting new HTTPS connection (1): www.instagram.com:443
03/10/2022 07:52:01 PM https://www.instagram.com:443 "GET /p/s4uqc7vW0n/ HTTP/1.1" 302 0
03/10/2022 07:52:01 PM Request Issued
03/10/2022 07:52:01 PM Blocked
03/10/2022 08:22:01 PM Starting new HTTPS connection (1): www.instagram.com:443
03/10/2022 08:22:01 PM https://www.instagram.com:443 "GET /p/s4uqc7vW0n/ HTTP/1.1" 302 0
03/10/2022 08:22:01 PM Request Issued
03/10/2022 08:22:01 PM Blocked
03/10/2022 08:52:01 PM Starting new HTTPS connection (1): www.instagram.com:443
03/10/2022 08:52:02 PM https://www.instagram.com:443 "GET /p/s4uqc7vW0n/ HTTP/1.1" 404 89989
03/10/2022 08:52:02 PM Request Issued
03/10/2022 08:52:02 PM Block ID: 2, Block period: 23405 seconds
03/10/2022 08:52:02 PM Blocked = False, Block period ended
03/10/2022 08:57:02 PM Starting new HTTPS connection (1): www.instagram.com:443
03/10/2022 08:57:02 PM https://www.instagram.com:443 "GET /p/s5asZOCsmC/ HTTP/1.1" 302 0
03/10/2022 08:57:02 PM Request Issued
03/10/2022 08:57:02 PM Blocked
03/10/2022 08:57:02 PM Blocked = True, Entering the block period
03/10/2022 09:27:02 PM Starting new HTTPS connection (1): www.instagram.com:443
03/10/2022 09:27:03 PM https://www.instagram.com:443 "GET /p/s5asZOCsmC/ HTTP/1.1" 302 0
03/10/2022 09:27:03 PM Request Issued
03/10/2022 09:27:03 PM Blocked
03/10/2022 09:57:03 PM Starting new HTTPS connection (1): www.instagram.com:443
03/10/2022 09:57:03 PM https://www.instagram.com:443 "GET /p/s5asZOCsmC/ HTTP/1.1" 302 0
03/10/2022 09:57:03 PM Request Issued
03/10/2022 09:57:03 PM Blocked
03/10/2022 10:27:03 PM Starting new HTTPS connection (1): www.instagram.com:443
03/10/2022 10:27:03 PM https://www.instagram.com:443 "GET /p/s5asZOCsmC/ HTTP/1.1" 302 0
03/10/2022 10:27:03 PM Request Issued
03/10/2022 10:27:03 PM Blocked
03/10/2022 10:57:03 PM Starting new HTTPS connection (1): www.instagram.com:443
03/10/2022 10:57:04 PM https://www.instagram.com:443 "GET /p/s5asZOCsmC/ HTTP/1.1" 302 0
03/10/2022 10:57:04 PM Request Issued
03/10/2022 10:57:04 PM Blocked
03/10/2022 11:27:04 PM Starting new HTTPS connection (1): www.instagram.com:443
03/10/2022 11:27:04 PM https://www.instagram.com:443 "GET /p/s5asZOCsmC/ HTTP/1.1" 302 0
03/10/2022 11:27:04 PM Request Issued
03/10/2022 11:27:04 PM Blocked
03/10/2022 11:57:04 PM Starting new HTTPS connection (1): www.instagram.com:443
03/10/2022 11:57:04 PM https://www.instagram.com:443 "GET /p/s5asZOCsmC/ HTTP/1.1" 404 90068
03/10/2022 11:57:04 PM Request Issued
03/10/2022 11:57:04 PM Block ID: 3, Block period: 10802 seconds
03/10/2022 11:57:04 PM Blocked = False, Block period ended
03/11/2022 12:02:06 AM Starting new HTTPS connection (1): www.instagram.com:443
03/11/2022 12:02:06 AM https://www.instagram.com:443 "GET /p/s5DrTZQ8F9/ HTTP/1.1" 302 0
03/11/2022 12:02:06 AM Request Issued
03/11/2022 12:02:06 AM Blocked
03/11/2022 12:02:06 AM Blocked = True, Entering the block period
03/11/2022 12:32:06 AM Starting new HTTPS connection (1): www.instagram.com:443
03/11/2022 12:32:06 AM https://www.instagram.com:443 "GET /p/s5DrTZQ8F9/ HTTP/1.1" 302 0
03/11/2022 12:32:06 AM Request Issued
03/11/2022 12:32:06 AM Blocked
03/11/2022 01:02:06 AM Starting new HTTPS connection (1): www.instagram.com:443
03/11/2022 01:02:07 AM https://www.instagram.com:443 "GET /p/s5DrTZQ8F9/ HTTP/1.1" 302 0
03/11/2022 01:02:07 AM Request Issued
03/11/2022 01:02:07 AM Blocked
03/11/2022 01:34:43 AM Starting new HTTPS connection (1): www.instagram.com:443
03/11/2022 01:34:43 AM https://www.instagram.com:443 "GET /p/s5DrTZQ8F9/ HTTP/1.1" 302 0
03/11/2022 01:34:43 AM Request Issued
03/11/2022 01:34:43 AM Blocked
03/11/2022 02:04:43 AM Starting new HTTPS connection (1): www.instagram.com:443
03/11/2022 02:04:43 AM https://www.instagram.com:443 "GET /p/s5DrTZQ8F9/ HTTP/1.1" 302 0
03/11/2022 02:04:43 AM Request Issued
03/11/2022 02:04:43 AM Blocked
03/11/2022 02:34:44 AM Starting new HTTPS connection (1): www.instagram.com:443
03/11/2022 02:34:44 AM https://www.instagram.com:443 "GET /p/s5DrTZQ8F9/ HTTP/1.1" 302 0
03/11/2022 02:34:44 AM Request Issued
03/11/2022 02:34:44 AM Blocked
03/11/2022 03:04:44 AM Starting new HTTPS connection (1): www.instagram.com:443
03/11/2022 03:04:44 AM https://www.instagram.com:443 "GET /p/s5DrTZQ8F9/ HTTP/1.1" 302 0
03/11/2022 03:04:44 AM Request Issued
03/11/2022 03:04:44 AM Blocked
03/11/2022 03:34:44 AM Starting new HTTPS connection (1): www.instagram.com:443
03/11/2022 03:34:44 AM https://www.instagram.com:443 "GET /p/s5DrTZQ8F9/ HTTP/1.1" 302 0
03/11/2022 03:34:44 AM Request Issued
03/11/2022 03:34:44 AM Blocked
03/11/2022 04:04:45 AM Starting new HTTPS connection (1): www.instagram.com:443
03/11/2022 04:04:45 AM https://www.instagram.com:443 "GET /p/s5DrTZQ8F9/ HTTP/1.1" 302 0
03/11/2022 04:04:45 AM Request Issued
03/11/2022 04:04:45 AM Blocked
03/11/2022 04:34:45 AM Starting new HTTPS connection (1): www.instagram.com:443
03/11/2022 04:34:45 AM https://www.instagram.com:443 "GET /p/s5DrTZQ8F9/ HTTP/1.1" 302 0
03/11/2022 04:34:45 AM Request Issued
03/11/2022 04:34:45 AM Blocked
03/11/2022 05:04:45 AM Starting new HTTPS connection (1): www.instagram.com:443
03/11/2022 05:04:45 AM https://www.instagram.com:443 "GET /p/s5DrTZQ8F9/ HTTP/1.1" 302 0
03/11/2022 05:04:45 AM Request Issued
03/11/2022 05:04:45 AM Blocked
03/11/2022 05:34:45 AM Starting new HTTPS connection (1): www.instagram.com:443
03/11/2022 05:34:46 AM https://www.instagram.com:443 "GET /p/s5DrTZQ8F9/ HTTP/1.1" 302 0
03/11/2022 05:34:46 AM Request Issued
03/11/2022 05:34:46 AM Blocked
03/11/2022 06:04:46 AM Starting new HTTPS connection (1): www.instagram.com:443
03/11/2022 06:04:46 AM https://www.instagram.com:443 "GET /p/s5DrTZQ8F9/ HTTP/1.1" 302 0
03/11/2022 06:04:46 AM Request Issued
03/11/2022 06:04:46 AM Blocked
03/11/2022 06:34:46 AM Starting new HTTPS connection (1): www.instagram.com:443
03/11/2022 06:34:46 AM https://www.instagram.com:443 "GET /p/s5DrTZQ8F9/ HTTP/1.1" 302 0
03/11/2022 06:34:46 AM Request Issued
03/11/2022 06:34:46 AM Blocked
03/11/2022 07:04:47 AM Starting new HTTPS connection (1): www.instagram.com:443
03/11/2022 07:04:47 AM https://www.instagram.com:443 "GET /p/s5DrTZQ8F9/ HTTP/1.1" 302 0
03/11/2022 07:04:47 AM Request Issued
03/11/2022 07:04:47 AM Blocked
03/11/2022 07:34:47 AM Starting new HTTPS connection (1): www.instagram.com:443
03/11/2022 07:34:47 AM https://www.instagram.com:443 "GET /p/s5DrTZQ8F9/ HTTP/1.1" 302 0
03/11/2022 07:34:47 AM Request Issued
03/11/2022 07:34:47 AM Blocked
03/11/2022 08:04:47 AM Starting new HTTPS connection (1): www.instagram.com:443
03/11/2022 08:04:47 AM https://www.instagram.com:443 "GET /p/s5DrTZQ8F9/ HTTP/1.1" 302 0
03/11/2022 08:04:47 AM Request Issued
03/11/2022 08:04:47 AM Blocked
03/11/2022 08:34:48 AM Starting new HTTPS connection (1): www.instagram.com:443
03/11/2022 08:34:48 AM https://www.instagram.com:443 "GET /p/s5DrTZQ8F9/ HTTP/1.1" 302 0
03/11/2022 08:34:48 AM Request Issued
03/11/2022 08:34:48 AM Blocked
03/11/2022 09:04:48 AM Starting new HTTPS connection (1): www.instagram.com:443
03/11/2022 09:04:48 AM https://www.instagram.com:443 "GET /p/s5DrTZQ8F9/ HTTP/1.1" 302 0
03/11/2022 09:04:48 AM Request Issued
03/11/2022 09:04:48 AM Blocked
03/11/2022 09:34:48 AM Starting new HTTPS connection (1): www.instagram.com:443
03/11/2022 09:34:48 AM https://www.instagram.com:443 "GET /p/s5DrTZQ8F9/ HTTP/1.1" 302 0
03/11/2022 09:34:48 AM Request Issued
03/11/2022 09:34:48 AM Blocked
03/11/2022 10:04:49 AM Starting new HTTPS connection (1): www.instagram.com:443
03/11/2022 10:04:49 AM https://www.instagram.com:443 "GET /p/s5DrTZQ8F9/ HTTP/1.1" 302 0
03/11/2022 10:04:49 AM Request Issued
03/11/2022 10:04:49 AM Blocked
03/11/2022 10:34:49 AM Starting new HTTPS connection (1): www.instagram.com:443
03/11/2022 10:34:49 AM https://www.instagram.com:443 "GET /p/s5DrTZQ8F9/ HTTP/1.1" 302 0
03/11/2022 10:34:49 AM Request Issued
03/11/2022 10:34:49 AM Blocked
03/11/2022 11:04:49 AM Starting new HTTPS connection (1): www.instagram.com:443
03/11/2022 11:04:50 AM https://www.instagram.com:443 "GET /p/s5DrTZQ8F9/ HTTP/1.1" 302 0
03/11/2022 11:04:50 AM Request Issued
03/11/2022 11:04:50 AM Blocked
03/11/2022 11:34:50 AM Starting new HTTPS connection (1): www.instagram.com:443
03/11/2022 11:34:50 AM https://www.instagram.com:443 "GET /p/s5DrTZQ8F9/ HTTP/1.1" 302 0
03/11/2022 11:34:50 AM Request Issued
03/11/2022 11:34:50 AM Blocked
03/11/2022 12:04:50 PM Starting new HTTPS connection (1): www.instagram.com:443
03/11/2022 12:04:50 PM https://www.instagram.com:443 "GET /p/s5DrTZQ8F9/ HTTP/1.1" 302 0
03/11/2022 12:04:50 PM Request Issued
03/11/2022 12:04:50 PM Blocked
03/11/2022 12:34:50 PM Starting new HTTPS connection (1): www.instagram.com:443
03/11/2022 12:34:51 PM https://www.instagram.com:443 "GET /p/s5DrTZQ8F9/ HTTP/1.1" 302 0
03/11/2022 12:34:51 PM Request Issued
03/11/2022 12:34:51 PM Blocked
03/11/2022 01:04:51 PM Starting new HTTPS connection (1): www.instagram.com:443
03/11/2022 01:04:51 PM https://www.instagram.com:443 "GET /p/s5DrTZQ8F9/ HTTP/1.1" 302 0
03/11/2022 01:04:51 PM Request Issued
03/11/2022 01:04:51 PM Blocked
03/11/2022 01:34:51 PM Starting new HTTPS connection (1): www.instagram.com:443
03/11/2022 01:34:51 PM https://www.instagram.com:443 "GET /p/s5DrTZQ8F9/ HTTP/1.1" 302 0
03/11/2022 01:34:51 PM Request Issued
03/11/2022 01:34:51 PM Blocked
03/11/2022 02:04:51 PM Starting new HTTPS connection (1): www.instagram.com:443
03/11/2022 02:04:52 PM https://www.instagram.com:443 "GET /p/s5DrTZQ8F9/ HTTP/1.1" 302 0
03/11/2022 02:04:52 PM Request Issued
03/11/2022 02:04:52 PM Blocked
03/12/2022 09:56:05 PM Starting new HTTPS connection (1): www.instagram.com:443
03/12/2022 09:56:06 PM https://www.instagram.com:443 "GET /p/s5DrTZQ8F9/ HTTP/1.1" 404 89900
03/12/2022 09:56:06 PM Request Issued
03/12/2022 09:56:06 PM Block ID: 4, Block period: 78840 seconds
03/12/2022 09:56:06 PM Blocked = False, Block period ended
03/12/2022 10:01:07 PM Starting new HTTPS connection (1): www.instagram.com:443
03/12/2022 10:01:07 PM https://www.instagram.com:443 "GET /p/s5N1fxzKJh/ HTTP/1.1" 404 89899
03/12/2022 10:01:07 PM Request Issued
03/12/2022 10:06:07 PM Starting new HTTPS connection (1): www.instagram.com:443
03/12/2022 10:06:08 PM https://www.instagram.com:443 "GET /p/s6NQ42mCSl/ HTTP/1.1" 302 0
03/12/2022 10:06:08 PM Request Issued
03/12/2022 10:06:08 PM Blocked
03/12/2022 10:06:08 PM Blocked = True, Entering the block period
03/12/2022 10:36:08 PM Starting new HTTPS connection (1): www.instagram.com:443
03/12/2022 10:36:08 PM https://www.instagram.com:443 "GET /p/s6NQ42mCSl/ HTTP/1.1" 302 0
03/12/2022 10:36:08 PM Request Issued
03/12/2022 10:36:08 PM Blocked
03/12/2022 11:06:08 PM Starting new HTTPS connection (1): www.instagram.com:443
03/12/2022 11:06:09 PM https://www.instagram.com:443 "GET /p/s6NQ42mCSl/ HTTP/1.1" 302 0
03/12/2022 11:06:09 PM Request Issued
03/12/2022 11:06:09 PM Blocked
03/12/2022 11:36:09 PM Starting new HTTPS connection (1): www.instagram.com:443
03/12/2022 11:36:09 PM https://www.instagram.com:443 "GET /p/s6NQ42mCSl/ HTTP/1.1" 302 0
03/12/2022 11:36:09 PM Request Issued
03/12/2022 11:36:09 PM Blocked
03/13/2022 12:06:09 AM Starting new HTTPS connection (1): www.instagram.com:443
03/13/2022 12:06:09 AM https://www.instagram.com:443 "GET /p/s6NQ42mCSl/ HTTP/1.1" 302 0
03/13/2022 12:06:09 AM Request Issued
03/13/2022 12:06:09 AM Blocked
03/13/2022 12:36:10 AM Starting new HTTPS connection (1): www.instagram.com:443
03/13/2022 12:36:10 AM https://www.instagram.com:443 "GET /p/s6NQ42mCSl/ HTTP/1.1" 200 29415
03/13/2022 12:36:10 AM Request Issued
03/13/2022 12:36:10 AM Block ID: 5, Block period: 9002 seconds
03/13/2022 12:36:10 AM Blocked = False, Block period ended
03/13/2022 12:41:11 AM Starting new HTTPS connection (1): www.instagram.com:443
03/13/2022 12:41:12 AM https://www.instagram.com:443 "GET /p/s6teCZrvAi/ HTTP/1.1" 200 33945
03/13/2022 12:41:12 AM Request Issued
03/13/2022 12:41:12 AM Blocked = False, Response recieved
03/13/2022 12:46:12 AM Starting new HTTPS connection (1): www.instagram.com:443
03/13/2022 12:46:12 AM https://www.instagram.com:443 "GET /p/s6ZexarSik/ HTTP/1.1" 200 29355
03/13/2022 12:46:12 AM Request Issued
03/13/2022 12:46:12 AM Blocked = False, Response recieved
03/13/2022 12:51:13 AM Starting new HTTPS connection (1): www.instagram.com:443
03/13/2022 12:51:14 AM https://www.instagram.com:443 "GET /p/s8unu9OMcP/ HTTP/1.1" 404 89902
03/13/2022 12:51:14 AM Request Issued
03/13/2022 12:56:15 AM Starting new HTTPS connection (1): www.instagram.com:443
03/13/2022 12:56:15 AM https://www.instagram.com:443 "GET /p/s94t2VsMHj/ HTTP/1.1" 302 0
03/13/2022 12:56:15 AM Request Issued
03/13/2022 12:56:15 AM Blocked
03/13/2022 12:56:15 AM Blocked = True, Entering the block period
03/13/2022 01:27:00 AM Starting new HTTPS connection (1): www.instagram.com:443
03/13/2022 01:27:00 AM https://www.instagram.com:443 "GET /p/s94t2VsMHj/ HTTP/1.1" 302 0
03/13/2022 01:27:00 AM Request Issued
03/13/2022 01:27:00 AM Blocked
03/13/2022 01:57:01 AM Starting new HTTPS connection (1): www.instagram.com:443
03/13/2022 01:57:02 AM https://www.instagram.com:443 "GET /p/s94t2VsMHj/ HTTP/1.1" 200 30804
03/13/2022 01:57:02 AM Request Issued
03/13/2022 01:57:02 AM Block ID: 6, Block period: 3646 seconds
03/13/2022 01:57:02 AM Blocked = False, Block period ended
03/13/2022 03:02:02 AM Starting new HTTPS connection (1): www.instagram.com:443
03/13/2022 03:02:03 AM https://www.instagram.com:443 "GET /p/s9J7x5LqLY/ HTTP/1.1" 302 0
03/13/2022 03:02:03 AM Request Issued
03/13/2022 03:02:03 AM Blocked
03/13/2022 03:02:03 AM Blocked = True, Entering the block period
03/13/2022 03:32:03 AM Starting new HTTPS connection (1): www.instagram.com:443
03/13/2022 03:32:03 AM https://www.instagram.com:443 "GET /p/s9J7x5LqLY/ HTTP/1.1" 302 0
03/13/2022 03:32:03 AM Request Issued
03/13/2022 03:32:03 AM Blocked
03/13/2022 04:02:03 AM Starting new HTTPS connection (1): www.instagram.com:443
03/13/2022 04:02:04 AM https://www.instagram.com:443 "GET /p/s9J7x5LqLY/ HTTP/1.1" 302 0
03/13/2022 04:02:04 AM Request Issued
03/13/2022 04:02:04 AM Blocked
03/13/2022 04:32:04 AM Starting new HTTPS connection (1): www.instagram.com:443
03/13/2022 04:32:04 AM https://www.instagram.com:443 "GET /p/s9J7x5LqLY/ HTTP/1.1" 302 0
03/13/2022 04:32:04 AM Request Issued
03/13/2022 04:32:04 AM Blocked
03/13/2022 05:02:04 AM Starting new HTTPS connection (1): www.instagram.com:443
03/13/2022 05:02:04 AM https://www.instagram.com:443 "GET /p/s9J7x5LqLY/ HTTP/1.1" 302 0
03/13/2022 05:02:04 AM Request Issued
03/13/2022 05:02:04 AM Blocked
03/13/2022 05:32:04 AM Starting new HTTPS connection (1): www.instagram.com:443
03/13/2022 05:32:05 AM https://www.instagram.com:443 "GET /p/s9J7x5LqLY/ HTTP/1.1" 302 0
03/13/2022 05:32:05 AM Request Issued
03/13/2022 05:32:05 AM Blocked
03/13/2022 06:02:05 AM Starting new HTTPS connection (1): www.instagram.com:443
03/13/2022 06:02:05 AM https://www.instagram.com:443 "GET /p/s9J7x5LqLY/ HTTP/1.1" 302 0
03/13/2022 06:02:05 AM Request Issued
03/13/2022 06:02:05 AM Blocked
03/13/2022 06:32:05 AM Starting new HTTPS connection (1): www.instagram.com:443
03/13/2022 06:32:05 AM https://www.instagram.com:443 "GET /p/s9J7x5LqLY/ HTTP/1.1" 302 0
03/13/2022 06:32:05 AM Request Issued
03/13/2022 06:32:05 AM Blocked
03/13/2022 07:02:05 AM Starting new HTTPS connection (1): www.instagram.com:443
03/13/2022 07:02:06 AM https://www.instagram.com:443 "GET /p/s9J7x5LqLY/ HTTP/1.1" 302 0
03/13/2022 07:02:06 AM Request Issued
03/13/2022 07:02:06 AM Blocked
03/13/2022 07:32:06 AM Starting new HTTPS connection (1): www.instagram.com:443
03/13/2022 07:32:06 AM https://www.instagram.com:443 "GET /p/s9J7x5LqLY/ HTTP/1.1" 302 0
03/13/2022 07:32:06 AM Request Issued
03/13/2022 07:32:06 AM Blocked
03/13/2022 08:02:06 AM Starting new HTTPS connection (1): www.instagram.com:443
03/13/2022 08:02:06 AM https://www.instagram.com:443 "GET /p/s9J7x5LqLY/ HTTP/1.1" 302 0
03/13/2022 08:02:06 AM Request Issued
03/13/2022 08:02:06 AM Blocked
03/13/2022 08:32:07 AM Starting new HTTPS connection (1): www.instagram.com:443
03/13/2022 08:32:07 AM https://www.instagram.com:443 "GET /p/s9J7x5LqLY/ HTTP/1.1" 302 0
03/13/2022 08:32:07 AM Request Issued
03/13/2022 08:32:07 AM Blocked
03/13/2022 09:02:07 AM Starting new HTTPS connection (1): www.instagram.com:443
03/13/2022 09:02:07 AM https://www.instagram.com:443 "GET /p/s9J7x5LqLY/ HTTP/1.1" 302 0
03/13/2022 09:02:07 AM Request Issued
03/13/2022 09:02:07 AM Blocked
03/13/2022 09:32:07 AM Starting new HTTPS connection (1): www.instagram.com:443
03/13/2022 09:32:08 AM https://www.instagram.com:443 "GET /p/s9J7x5LqLY/ HTTP/1.1" 302 0
03/13/2022 09:32:08 AM Request Issued
03/13/2022 09:32:08 AM Blocked
03/13/2022 10:02:08 AM Starting new HTTPS connection (1): www.instagram.com:443
03/13/2022 10:02:08 AM https://www.instagram.com:443 "GET /p/s9J7x5LqLY/ HTTP/1.1" 302 0
03/13/2022 10:02:08 AM Request Issued
03/13/2022 10:02:08 AM Blocked
03/13/2022 10:32:08 AM Starting new HTTPS connection (1): www.instagram.com:443
03/13/2022 10:32:08 AM https://www.instagram.com:443 "GET /p/s9J7x5LqLY/ HTTP/1.1" 302 0
03/13/2022 10:32:08 AM Request Issued
03/13/2022 10:32:08 AM Blocked
03/13/2022 11:02:08 AM Starting new HTTPS connection (1): www.instagram.com:443
03/13/2022 11:02:09 AM https://www.instagram.com:443 "GET /p/s9J7x5LqLY/ HTTP/1.1" 302 0
03/13/2022 11:02:09 AM Request Issued
03/13/2022 11:02:09 AM Blocked
03/13/2022 11:32:09 AM Starting new HTTPS connection (1): www.instagram.com:443
03/13/2022 11:32:09 AM https://www.instagram.com:443 "GET /p/s9J7x5LqLY/ HTTP/1.1" 302 0
03/13/2022 11:32:09 AM Request Issued
03/13/2022 11:32:09 AM Blocked
03/13/2022 09:44:41 PM Starting new HTTPS connection (1): www.instagram.com:443
03/13/2022 09:44:41 PM https://www.instagram.com:443 "GET /p/s9J7x5LqLY/ HTTP/1.1" 302 0
03/13/2022 09:44:41 PM Request Issued
03/13/2022 09:44:41 PM Blocked
03/13/2022 10:14:42 PM Starting new HTTPS connection (1): www.instagram.com:443
03/13/2022 10:14:42 PM https://www.instagram.com:443 "GET /p/s9J7x5LqLY/ HTTP/1.1" 302 0
03/13/2022 10:14:42 PM Request Issued
03/13/2022 10:14:42 PM Blocked
03/13/2022 10:44:42 PM Starting new HTTPS connection (1): www.instagram.com:443
03/13/2022 10:44:42 PM https://www.instagram.com:443 "GET /p/s9J7x5LqLY/ HTTP/1.1" 302 0
03/13/2022 10:44:42 PM Request Issued
03/13/2022 10:44:42 PM Blocked
03/13/2022 11:14:43 PM Starting new HTTPS connection (1): www.instagram.com:443
03/13/2022 11:14:43 PM https://www.instagram.com:443 "GET /p/s9J7x5LqLY/ HTTP/1.1" 302 0
03/13/2022 11:14:43 PM Request Issued
03/13/2022 11:14:43 PM Blocked
03/13/2022 11:44:43 PM Starting new HTTPS connection (1): www.instagram.com:443
03/13/2022 11:44:44 PM https://www.instagram.com:443 "GET /p/s9J7x5LqLY/ HTTP/1.1" 302 0
03/13/2022 11:44:44 PM Request Issued
03/13/2022 11:44:44 PM Blocked
03/14/2022 12:14:44 AM Starting new HTTPS connection (1): www.instagram.com:443
03/14/2022 12:14:44 AM https://www.instagram.com:443 "GET /p/s9J7x5LqLY/ HTTP/1.1" 302 0
03/14/2022 12:14:44 AM Request Issued
03/14/2022 12:14:44 AM Blocked
03/14/2022 12:44:44 AM Starting new HTTPS connection (1): www.instagram.com:443
03/14/2022 12:44:45 AM https://www.instagram.com:443 "GET /p/s9J7x5LqLY/ HTTP/1.1" 302 0
03/14/2022 12:44:45 AM Request Issued
03/14/2022 12:44:45 AM Blocked
03/14/2022 01:14:45 AM Starting new HTTPS connection (1): www.instagram.com:443
03/14/2022 01:14:45 AM https://www.instagram.com:443 "GET /p/s9J7x5LqLY/ HTTP/1.1" 302 0
03/14/2022 01:14:45 AM Request Issued
03/14/2022 01:14:45 AM Blocked
03/14/2022 01:44:45 AM Starting new HTTPS connection (1): www.instagram.com:443
03/14/2022 01:44:46 AM https://www.instagram.com:443 "GET /p/s9J7x5LqLY/ HTTP/1.1" 302 0
03/14/2022 01:44:46 AM Request Issued
03/14/2022 01:44:46 AM Blocked
03/14/2022 02:14:46 AM Starting new HTTPS connection (1): www.instagram.com:443
03/14/2022 02:14:46 AM https://www.instagram.com:443 "GET /p/s9J7x5LqLY/ HTTP/1.1" 302 0
03/14/2022 02:14:46 AM Request Issued
03/14/2022 02:14:46 AM Blocked
03/14/2022 02:44:46 AM Starting new HTTPS connection (1): www.instagram.com:443
03/14/2022 02:44:47 AM https://www.instagram.com:443 "GET /p/s9J7x5LqLY/ HTTP/1.1" 302 0
03/14/2022 02:44:47 AM Request Issued
03/14/2022 02:44:47 AM Blocked
03/14/2022 03:14:47 AM Starting new HTTPS connection (1): www.instagram.com:443
03/14/2022 03:14:47 AM https://www.instagram.com:443 "GET /p/s9J7x5LqLY/ HTTP/1.1" 302 0
03/14/2022 03:14:47 AM Request Issued
03/14/2022 03:14:47 AM Blocked
03/14/2022 03:44:48 AM Starting new HTTPS connection (1): www.instagram.com:443
03/14/2022 03:44:48 AM https://www.instagram.com:443 "GET /p/s9J7x5LqLY/ HTTP/1.1" 302 0
03/14/2022 03:44:48 AM Request Issued
03/14/2022 03:44:48 AM Blocked
03/14/2022 07:40:15 PM Starting new HTTPS connection (1): www.instagram.com:443
03/14/2022 07:40:15 PM https://www.instagram.com:443 "GET /p/s9J7x5LqLY/ HTTP/1.1" 302 0
03/14/2022 07:40:15 PM Request Issued
03/14/2022 07:40:15 PM Blocked
03/14/2022 08:10:15 PM Starting new HTTPS connection (1): www.instagram.com:443
03/14/2022 08:10:15 PM https://www.instagram.com:443 "GET /p/s9J7x5LqLY/ HTTP/1.1" 302 0
03/14/2022 08:10:15 PM Request Issued
03/14/2022 08:10:15 PM Blocked
03/14/2022 08:40:16 PM Starting new HTTPS connection (1): www.instagram.com:443
03/14/2022 08:40:16 PM https://www.instagram.com:443 "GET /p/s9J7x5LqLY/ HTTP/1.1" 302 0
03/14/2022 08:40:16 PM Request Issued
03/14/2022 08:40:16 PM Blocked
03/14/2022 09:10:16 PM Starting new HTTPS connection (1): www.instagram.com:443
03/14/2022 09:10:16 PM https://www.instagram.com:443 "GET /p/s9J7x5LqLY/ HTTP/1.1" 302 0
03/14/2022 09:10:16 PM Request Issued
03/14/2022 09:10:16 PM Blocked
03/14/2022 09:40:17 PM Starting new HTTPS connection (1): www.instagram.com:443
03/14/2022 09:40:17 PM https://www.instagram.com:443 "GET /p/s9J7x5LqLY/ HTTP/1.1" 302 0
03/14/2022 09:40:17 PM Request Issued
03/14/2022 09:40:17 PM Blocked
03/14/2022 10:10:17 PM Starting new HTTPS connection (1): www.instagram.com:443
03/14/2022 10:10:17 PM https://www.instagram.com:443 "GET /p/s9J7x5LqLY/ HTTP/1.1" 302 0
03/14/2022 10:10:17 PM Request Issued
03/14/2022 10:10:17 PM Blocked
03/14/2022 10:40:18 PM Starting new HTTPS connection (1): www.instagram.com:443
03/14/2022 10:40:18 PM https://www.instagram.com:443 "GET /p/s9J7x5LqLY/ HTTP/1.1" 302 0
03/14/2022 10:40:18 PM Request Issued
03/14/2022 10:40:18 PM Blocked
03/15/2022 04:03:11 AM Starting new HTTPS connection (1): www.instagram.com:443
03/15/2022 04:03:11 AM https://www.instagram.com:443 "GET /p/s9J7x5LqLY/ HTTP/1.1" 302 0
03/15/2022 04:03:11 AM Request Issued
03/15/2022 04:03:11 AM Blocked
03/15/2022 12:49:34 PM Starting new HTTPS connection (1): www.instagram.com:443
03/15/2022 12:49:34 PM https://www.instagram.com:443 "GET /p/s9J7x5LqLY/ HTTP/1.1" 302 0
03/15/2022 12:49:34 PM Request Issued
03/15/2022 12:49:34 PM Blocked
03/15/2022 01:19:34 PM Starting new HTTPS connection (1): www.instagram.com:443
03/15/2022 01:19:34 PM https://www.instagram.com:443 "GET /p/s9J7x5LqLY/ HTTP/1.1" 302 0
03/15/2022 01:19:34 PM Request Issued
03/15/2022 01:19:34 PM Blocked
03/15/2022 01:49:34 PM Starting new HTTPS connection (1): www.instagram.com:443
03/15/2022 01:49:35 PM https://www.instagram.com:443 "GET /p/s9J7x5LqLY/ HTTP/1.1" 302 0
03/15/2022 01:49:35 PM Request Issued
03/15/2022 01:49:35 PM Blocked
03/15/2022 02:19:35 PM Starting new HTTPS connection (1): www.instagram.com:443
03/15/2022 02:19:36 PM https://www.instagram.com:443 "GET /p/s9J7x5LqLY/ HTTP/1.1" 302 0
03/15/2022 02:19:37 PM Request Issued
03/15/2022 02:19:37 PM Blocked
03/15/2022 02:49:37 PM Starting new HTTPS connection (1): www.instagram.com:443
03/15/2022 02:49:37 PM https://www.instagram.com:443 "GET /p/s9J7x5LqLY/ HTTP/1.1" 302 0
03/15/2022 02:49:37 PM Request Issued
03/15/2022 02:49:37 PM Blocked
03/15/2022 03:19:38 PM Starting new HTTPS connection (1): www.instagram.com:443
03/15/2022 03:19:38 PM https://www.instagram.com:443 "GET /p/s9J7x5LqLY/ HTTP/1.1" 302 0
03/15/2022 03:19:38 PM Request Issued
03/15/2022 03:19:38 PM Blocked
03/15/2022 03:49:38 PM Starting new HTTPS connection (1): www.instagram.com:443
03/15/2022 03:49:38 PM https://www.instagram.com:443 "GET /p/s9J7x5LqLY/ HTTP/1.1" 302 0
03/15/2022 03:49:38 PM Request Issued
03/15/2022 03:49:38 PM Blocked
03/15/2022 04:19:39 PM Starting new HTTPS connection (1): www.instagram.com:443
03/15/2022 04:19:39 PM https://www.instagram.com:443 "GET /p/s9J7x5LqLY/ HTTP/1.1" 302 0
03/15/2022 04:19:39 PM Request Issued
03/15/2022 04:19:39 PM Blocked
03/15/2022 04:49:39 PM Starting new HTTPS connection (1): www.instagram.com:443
03/15/2022 04:49:39 PM https://www.instagram.com:443 "GET /p/s9J7x5LqLY/ HTTP/1.1" 302 0
03/15/2022 04:49:39 PM Request Issued
03/15/2022 04:49:39 PM Blocked
03/15/2022 05:19:39 PM Starting new HTTPS connection (1): www.instagram.com:443
03/15/2022 05:19:39 PM https://www.instagram.com:443 "GET /p/s9J7x5LqLY/ HTTP/1.1" 302 0
03/15/2022 05:19:39 PM Request Issued
03/15/2022 05:19:39 PM Blocked
03/15/2022 05:49:40 PM Starting new HTTPS connection (1): www.instagram.com:443
03/15/2022 05:49:40 PM https://www.instagram.com:443 "GET /p/s9J7x5LqLY/ HTTP/1.1" 302 0
03/15/2022 05:49:40 PM Request Issued
03/15/2022 05:49:40 PM Blocked
03/15/2022 06:19:40 PM Starting new HTTPS connection (1): www.instagram.com:443
03/15/2022 06:19:40 PM https://www.instagram.com:443 "GET /p/s9J7x5LqLY/ HTTP/1.1" 302 0
03/15/2022 06:19:40 PM Request Issued
03/15/2022 06:19:40 PM Blocked
03/15/2022 06:49:40 PM Starting new HTTPS connection (1): www.instagram.com:443
03/15/2022 06:49:40 PM https://www.instagram.com:443 "GET /p/s9J7x5LqLY/ HTTP/1.1" 302 0
03/15/2022 06:49:40 PM Request Issued
03/15/2022 06:49:40 PM Blocked
03/15/2022 07:19:40 PM Starting new HTTPS connection (1): www.instagram.com:443
03/15/2022 07:19:41 PM https://www.instagram.com:443 "GET /p/s9J7x5LqLY/ HTTP/1.1" 302 0
03/15/2022 07:19:41 PM Request Issued
03/15/2022 07:19:41 PM Blocked
03/15/2022 07:49:41 PM Starting new HTTPS connection (1): www.instagram.com:443
03/15/2022 07:49:41 PM https://www.instagram.com:443 "GET /p/s9J7x5LqLY/ HTTP/1.1" 302 0
03/15/2022 07:49:41 PM Request Issued
03/15/2022 07:49:41 PM Blocked
03/15/2022 08:19:41 PM Starting new HTTPS connection (1): www.instagram.com:443
03/15/2022 08:19:41 PM https://www.instagram.com:443 "GET /p/s9J7x5LqLY/ HTTP/1.1" 302 0
03/15/2022 08:19:41 PM Request Issued
03/15/2022 08:19:41 PM Blocked
03/15/2022 08:49:41 PM Starting new HTTPS connection (1): www.instagram.com:443
03/15/2022 08:49:42 PM https://www.instagram.com:443 "GET /p/s9J7x5LqLY/ HTTP/1.1" 302 0
03/15/2022 08:49:42 PM Request Issued
03/15/2022 08:49:42 PM Blocked
03/15/2022 09:19:42 PM Starting new HTTPS connection (1): www.instagram.com:443
03/15/2022 09:19:42 PM https://www.instagram.com:443 "GET /p/s9J7x5LqLY/ HTTP/1.1" 302 0
03/15/2022 09:19:42 PM Request Issued
03/15/2022 09:19:42 PM Blocked
03/15/2022 09:49:42 PM Starting new HTTPS connection (1): www.instagram.com:443
03/15/2022 09:49:43 PM https://www.instagram.com:443 "GET /p/s9J7x5LqLY/ HTTP/1.1" 302 0
03/15/2022 09:49:43 PM Request Issued
03/15/2022 09:49:43 PM Blocked
03/15/2022 10:19:43 PM Starting new HTTPS connection (1): www.instagram.com:443
03/15/2022 10:19:43 PM https://www.instagram.com:443 "GET /p/s9J7x5LqLY/ HTTP/1.1" 302 0
03/15/2022 10:19:43 PM Request Issued
03/15/2022 10:19:43 PM Blocked
03/15/2022 10:49:43 PM Starting new HTTPS connection (1): www.instagram.com:443
03/15/2022 10:49:43 PM https://www.instagram.com:443 "GET /p/s9J7x5LqLY/ HTTP/1.1" 302 0
03/15/2022 10:49:43 PM Request Issued
03/15/2022 10:49:43 PM Blocked
03/15/2022 11:19:44 PM Starting new HTTPS connection (1): www.instagram.com:443
03/15/2022 11:19:44 PM https://www.instagram.com:443 "GET /p/s9J7x5LqLY/ HTTP/1.1" 302 0
03/15/2022 11:19:44 PM Request Issued
03/15/2022 11:19:44 PM Blocked
03/15/2022 11:49:44 PM Starting new HTTPS connection (1): www.instagram.com:443
03/15/2022 11:49:44 PM https://www.instagram.com:443 "GET /p/s9J7x5LqLY/ HTTP/1.1" 302 0
03/15/2022 11:49:44 PM Request Issued
03/15/2022 11:49:44 PM Blocked
03/16/2022 12:19:44 AM Starting new HTTPS connection (1): www.instagram.com:443
03/16/2022 12:19:45 AM https://www.instagram.com:443 "GET /p/s9J7x5LqLY/ HTTP/1.1" 302 0
03/16/2022 12:19:45 AM Request Issued
03/16/2022 12:19:45 AM Blocked
03/16/2022 12:49:45 AM Starting new HTTPS connection (1): www.instagram.com:443
03/16/2022 12:49:45 AM https://www.instagram.com:443 "GET /p/s9J7x5LqLY/ HTTP/1.1" 302 0
03/16/2022 12:49:45 AM Request Issued
03/16/2022 12:49:45 AM Blocked
03/16/2022 01:19:45 AM Starting new HTTPS connection (1): www.instagram.com:443
03/16/2022 01:19:45 AM https://www.instagram.com:443 "GET /p/s9J7x5LqLY/ HTTP/1.1" 302 0
03/16/2022 01:19:45 AM Request Issued
03/16/2022 01:19:45 AM Blocked
03/16/2022 01:49:46 AM Starting new HTTPS connection (1): www.instagram.com:443
03/16/2022 01:49:46 AM https://www.instagram.com:443 "GET /p/s9J7x5LqLY/ HTTP/1.1" 302 0
03/16/2022 01:49:46 AM Request Issued
03/16/2022 01:49:46 AM Blocked
03/16/2022 03:27:30 PM Starting new HTTPS connection (1): www.instagram.com:443
03/16/2022 03:27:30 PM https://www.instagram.com:443 "GET /p/s9J7x5LqLY/ HTTP/1.1" 302 0
03/16/2022 03:27:30 PM Request Issued
03/16/2022 03:27:30 PM Blocked
03/16/2022 03:57:30 PM Starting new HTTPS connection (1): www.instagram.com:443
03/16/2022 03:57:31 PM https://www.instagram.com:443 "GET /p/s9J7x5LqLY/ HTTP/1.1" 302 0
03/16/2022 03:57:31 PM Request Issued
03/16/2022 03:57:31 PM Blocked
03/16/2022 04:27:31 PM Starting new HTTPS connection (1): www.instagram.com:443
03/16/2022 04:27:31 PM https://www.instagram.com:443 "GET /p/s9J7x5LqLY/ HTTP/1.1" 302 0
03/16/2022 04:27:31 PM Request Issued
03/16/2022 04:27:31 PM Blocked
03/16/2022 04:57:31 PM Starting new HTTPS connection (1): www.instagram.com:443
03/16/2022 04:57:32 PM https://www.instagram.com:443 "GET /p/s9J7x5LqLY/ HTTP/1.1" 302 0
03/16/2022 04:57:32 PM Request Issued
03/16/2022 04:57:32 PM Blocked
03/16/2022 05:27:32 PM Starting new HTTPS connection (1): www.instagram.com:443
03/16/2022 05:27:32 PM https://www.instagram.com:443 "GET /p/s9J7x5LqLY/ HTTP/1.1" 302 0
03/16/2022 05:27:32 PM Request Issued
03/16/2022 05:27:32 PM Blocked
03/16/2022 05:57:32 PM Starting new HTTPS connection (1): www.instagram.com:443
03/16/2022 05:57:32 PM https://www.instagram.com:443 "GET /p/s9J7x5LqLY/ HTTP/1.1" 302 0
03/16/2022 05:57:32 PM Request Issued
03/16/2022 05:57:32 PM Blocked
03/16/2022 06:27:33 PM Starting new HTTPS connection (1): www.instagram.com:443
03/16/2022 06:27:33 PM https://www.instagram.com:443 "GET /p/s9J7x5LqLY/ HTTP/1.1" 302 0
03/16/2022 06:27:33 PM Request Issued
03/16/2022 06:27:33 PM Blocked
03/16/2022 06:57:33 PM Starting new HTTPS connection (1): www.instagram.com:443
03/16/2022 06:57:33 PM https://www.instagram.com:443 "GET /p/s9J7x5LqLY/ HTTP/1.1" 302 0
03/16/2022 06:57:33 PM Request Issued
03/16/2022 06:57:33 PM Blocked
03/16/2022 07:27:33 PM Starting new HTTPS connection (1): www.instagram.com:443
03/16/2022 07:27:34 PM https://www.instagram.com:443 "GET /p/s9J7x5LqLY/ HTTP/1.1" 302 0
03/16/2022 07:27:34 PM Request Issued
03/16/2022 07:27:34 PM Blocked
03/16/2022 07:57:34 PM Starting new HTTPS connection (1): www.instagram.com:443
03/16/2022 07:57:34 PM https://www.instagram.com:443 "GET /p/s9J7x5LqLY/ HTTP/1.1" 302 0
03/16/2022 07:57:34 PM Request Issued
03/16/2022 07:57:34 PM Blocked
03/16/2022 08:27:34 PM Starting new HTTPS connection (1): www.instagram.com:443
03/16/2022 08:27:34 PM https://www.instagram.com:443 "GET /p/s9J7x5LqLY/ HTTP/1.1" 302 0
03/16/2022 08:27:34 PM Request Issued
03/16/2022 08:27:34 PM Blocked
03/16/2022 08:57:34 PM Starting new HTTPS connection (1): www.instagram.com:443
03/16/2022 08:57:35 PM https://www.instagram.com:443 "GET /p/s9J7x5LqLY/ HTTP/1.1" 302 0
03/16/2022 08:57:35 PM Request Issued
03/16/2022 08:57:35 PM Blocked
03/16/2022 09:27:35 PM Starting new HTTPS connection (1): www.instagram.com:443
03/16/2022 09:27:35 PM https://www.instagram.com:443 "GET /p/s9J7x5LqLY/ HTTP/1.1" 302 0
03/16/2022 09:27:35 PM Request Issued
03/16/2022 09:27:35 PM Blocked
03/16/2022 09:57:35 PM Starting new HTTPS connection (1): www.instagram.com:443
03/16/2022 09:57:35 PM https://www.instagram.com:443 "GET /p/s9J7x5LqLY/ HTTP/1.1" 302 0
03/16/2022 09:57:35 PM Request Issued
03/16/2022 09:57:35 PM Blocked
03/16/2022 10:27:35 PM Starting new HTTPS connection (1): www.instagram.com:443
03/16/2022 10:27:36 PM https://www.instagram.com:443 "GET /p/s9J7x5LqLY/ HTTP/1.1" 302 0
03/16/2022 10:27:36 PM Request Issued
03/16/2022 10:27:36 PM Blocked
03/16/2022 10:57:36 PM Starting new HTTPS connection (1): www.instagram.com:443
03/16/2022 10:57:36 PM https://www.instagram.com:443 "GET /p/s9J7x5LqLY/ HTTP/1.1" 302 0
03/16/2022 10:57:36 PM Request Issued
03/16/2022 10:57:36 PM Blocked
03/16/2022 11:27:36 PM Starting new HTTPS connection (1): www.instagram.com:443
03/16/2022 11:27:36 PM https://www.instagram.com:443 "GET /p/s9J7x5LqLY/ HTTP/1.1" 302 0
03/16/2022 11:27:36 PM Request Issued
03/16/2022 11:27:36 PM Blocked
03/16/2022 11:57:36 PM Starting new HTTPS connection (1): www.instagram.com:443
03/16/2022 11:57:37 PM https://www.instagram.com:443 "GET /p/s9J7x5LqLY/ HTTP/1.1" 302 0
03/16/2022 11:57:37 PM Request Issued
03/16/2022 11:57:37 PM Blocked
03/17/2022 12:27:37 AM Starting new HTTPS connection (1): www.instagram.com:443
03/17/2022 12:27:37 AM https://www.instagram.com:443 "GET /p/s9J7x5LqLY/ HTTP/1.1" 302 0
03/17/2022 12:27:37 AM Request Issued
03/17/2022 12:27:37 AM Blocked
03/17/2022 12:57:37 AM Starting new HTTPS connection (1): www.instagram.com:443
03/17/2022 12:57:37 AM https://www.instagram.com:443 "GET /p/s9J7x5LqLY/ HTTP/1.1" 302 0
03/17/2022 12:57:37 AM Request Issued
03/17/2022 12:57:37 AM Blocked
03/17/2022 01:27:37 AM Starting new HTTPS connection (1): www.instagram.com:443
03/17/2022 01:27:38 AM https://www.instagram.com:443 "GET /p/s9J7x5LqLY/ HTTP/1.1" 302 0
03/17/2022 01:27:38 AM Request Issued
03/17/2022 01:27:38 AM Blocked
03/17/2022 01:57:38 AM Starting new HTTPS connection (1): www.instagram.com:443
03/17/2022 01:57:38 AM https://www.instagram.com:443 "GET /p/s9J7x5LqLY/ HTTP/1.1" 302 0
03/17/2022 01:57:38 AM Request Issued
03/17/2022 01:57:38 AM Blocked
03/17/2022 02:27:38 AM Starting new HTTPS connection (1): www.instagram.com:443
03/17/2022 02:27:39 AM https://www.instagram.com:443 "GET /p/s9J7x5LqLY/ HTTP/1.1" 404 91045
03/17/2022 02:27:39 AM Request Issued
03/17/2022 02:27:39 AM Block ID: 7, Block period: 84336 seconds
03/17/2022 02:27:39 AM Blocked = False, Block period ended
03/17/2022 02:32:39 AM Starting new HTTPS connection (1): www.instagram.com:443
03/17/2022 02:32:40 AM https://www.instagram.com:443 "GET /p/s9QbVbiom5/ HTTP/1.1" 200 33532
03/17/2022 02:32:40 AM Request Issued
03/17/2022 02:32:40 AM Blocked = False, Response recieved
03/17/2022 02:37:41 AM Starting new HTTPS connection (1): www.instagram.com:443
03/17/2022 02:37:41 AM https://www.instagram.com:443 "GET /p/saAIv7mUiB/ HTTP/1.1" 302 0
03/17/2022 02:37:41 AM Request Issued
03/17/2022 02:37:41 AM Blocked
03/17/2022 02:37:41 AM Blocked = True, Entering the block period
03/17/2022 03:10:49 AM Starting new HTTPS connection (1): www.instagram.com:443
03/17/2022 03:10:49 AM https://www.instagram.com:443 "GET /p/saAIv7mUiB/ HTTP/1.1" 302 0
03/17/2022 03:10:49 AM Request Issued
03/17/2022 03:10:49 AM Blocked
03/17/2022 03:40:49 AM Starting new HTTPS connection (1): www.instagram.com:443
03/17/2022 03:40:50 AM https://www.instagram.com:443 "GET /p/saAIv7mUiB/ HTTP/1.1" 302 0
03/17/2022 03:40:50 AM Request Issued
03/17/2022 03:40:50 AM Blocked
03/17/2022 04:10:50 AM Starting new HTTPS connection (1): www.instagram.com:443
03/17/2022 04:10:50 AM https://www.instagram.com:443 "GET /p/saAIv7mUiB/ HTTP/1.1" 302 0
03/17/2022 04:10:50 AM Request Issued
03/17/2022 04:10:50 AM Blocked
03/17/2022 04:40:50 AM Starting new HTTPS connection (1): www.instagram.com:443
03/17/2022 04:40:50 AM https://www.instagram.com:443 "GET /p/saAIv7mUiB/ HTTP/1.1" 302 0
03/17/2022 04:40:50 AM Request Issued
03/17/2022 04:40:50 AM Blocked
03/17/2022 05:10:50 AM Starting new HTTPS connection (1): www.instagram.com:443
03/17/2022 05:10:51 AM https://www.instagram.com:443 "GET /p/saAIv7mUiB/ HTTP/1.1" 302 0
03/17/2022 05:10:51 AM Request Issued
03/17/2022 05:10:51 AM Blocked
03/17/2022 05:40:51 AM Starting new HTTPS connection (1): www.instagram.com:443
03/17/2022 05:40:51 AM https://www.instagram.com:443 "GET /p/saAIv7mUiB/ HTTP/1.1" 302 0
03/17/2022 05:40:51 AM Request Issued
03/17/2022 05:40:51 AM Blocked
03/17/2022 06:10:51 AM Starting new HTTPS connection (1): www.instagram.com:443
03/17/2022 06:10:51 AM https://www.instagram.com:443 "GET /p/saAIv7mUiB/ HTTP/1.1" 302 0
03/17/2022 06:10:51 AM Request Issued
03/17/2022 06:10:51 AM Blocked
03/17/2022 06:40:51 AM Starting new HTTPS connection (1): www.instagram.com:443
03/17/2022 06:40:52 AM https://www.instagram.com:443 "GET /p/saAIv7mUiB/ HTTP/1.1" 302 0
03/17/2022 06:40:52 AM Request Issued
03/17/2022 06:40:52 AM Blocked
03/17/2022 07:10:52 AM Starting new HTTPS connection (1): www.instagram.com:443
03/17/2022 07:10:52 AM https://www.instagram.com:443 "GET /p/saAIv7mUiB/ HTTP/1.1" 302 0
03/17/2022 07:10:52 AM Request Issued
03/17/2022 07:10:52 AM Blocked
03/17/2022 07:40:52 AM Starting new HTTPS connection (1): www.instagram.com:443
03/17/2022 07:40:52 AM https://www.instagram.com:443 "GET /p/saAIv7mUiB/ HTTP/1.1" 302 0
03/17/2022 07:40:52 AM Request Issued
03/17/2022 07:40:52 AM Blocked
03/17/2022 08:10:53 AM Starting new HTTPS connection (1): www.instagram.com:443
03/17/2022 08:10:53 AM https://www.instagram.com:443 "GET /p/saAIv7mUiB/ HTTP/1.1" 302 0
03/17/2022 08:10:53 AM Request Issued
03/17/2022 08:10:53 AM Blocked
03/17/2022 08:40:53 AM Starting new HTTPS connection (1): www.instagram.com:443
03/17/2022 08:40:53 AM https://www.instagram.com:443 "GET /p/saAIv7mUiB/ HTTP/1.1" 302 0
03/17/2022 08:40:53 AM Request Issued
03/17/2022 08:40:53 AM Blocked
03/17/2022 09:10:53 AM Starting new HTTPS connection (1): www.instagram.com:443
03/17/2022 09:10:53 AM https://www.instagram.com:443 "GET /p/saAIv7mUiB/ HTTP/1.1" 302 0
03/17/2022 09:10:53 AM Request Issued
03/17/2022 09:10:53 AM Blocked
03/17/2022 09:40:54 AM Starting new HTTPS connection (1): www.instagram.com:443
03/17/2022 09:40:54 AM https://www.instagram.com:443 "GET /p/saAIv7mUiB/ HTTP/1.1" 302 0
03/17/2022 09:40:54 AM Request Issued
03/17/2022 09:40:54 AM Blocked
03/17/2022 10:10:54 AM Starting new HTTPS connection (1): www.instagram.com:443
03/17/2022 10:10:54 AM https://www.instagram.com:443 "GET /p/saAIv7mUiB/ HTTP/1.1" 302 0
03/17/2022 10:10:54 AM Request Issued
03/17/2022 10:10:54 AM Blocked
03/17/2022 10:40:54 AM Starting new HTTPS connection (1): www.instagram.com:443
03/17/2022 10:40:55 AM https://www.instagram.com:443 "GET /p/saAIv7mUiB/ HTTP/1.1" 302 0
03/17/2022 10:40:55 AM Request Issued
03/17/2022 10:40:55 AM Blocked
03/17/2022 11:10:55 AM Starting new HTTPS connection (1): www.instagram.com:443
03/17/2022 11:10:55 AM https://www.instagram.com:443 "GET /p/saAIv7mUiB/ HTTP/1.1" 302 0
03/17/2022 11:10:55 AM Request Issued
03/17/2022 11:10:55 AM Blocked
03/17/2022 11:40:55 AM Starting new HTTPS connection (1): www.instagram.com:443
03/17/2022 11:40:56 AM https://www.instagram.com:443 "GET /p/saAIv7mUiB/ HTTP/1.1" 302 0
03/17/2022 11:40:56 AM Request Issued
03/17/2022 11:40:56 AM Blocked
03/17/2022 12:10:56 PM Starting new HTTPS connection (1): www.instagram.com:443
03/17/2022 12:10:56 PM https://www.instagram.com:443 "GET /p/saAIv7mUiB/ HTTP/1.1" 302 0
03/17/2022 12:10:56 PM Request Issued
03/17/2022 12:10:56 PM Blocked
03/17/2022 12:40:56 PM Starting new HTTPS connection (1): www.instagram.com:443
03/17/2022 12:40:57 PM https://www.instagram.com:443 "GET /p/saAIv7mUiB/ HTTP/1.1" 302 0
03/17/2022 12:40:57 PM Request Issued
03/17/2022 12:40:57 PM Blocked
03/17/2022 01:10:57 PM Starting new HTTPS connection (1): www.instagram.com:443
03/17/2022 01:10:57 PM https://www.instagram.com:443 "GET /p/saAIv7mUiB/ HTTP/1.1" 302 0
03/17/2022 01:10:57 PM Request Issued
03/17/2022 01:10:57 PM Blocked
03/17/2022 01:40:57 PM Starting new HTTPS connection (1): www.instagram.com:443
03/17/2022 01:40:57 PM https://www.instagram.com:443 "GET /p/saAIv7mUiB/ HTTP/1.1" 302 0
03/17/2022 01:40:57 PM Request Issued
03/17/2022 01:40:57 PM Blocked
03/17/2022 02:10:57 PM Starting new HTTPS connection (1): www.instagram.com:443
03/17/2022 02:10:58 PM https://www.instagram.com:443 "GET /p/saAIv7mUiB/ HTTP/1.1" 302 0
03/17/2022 02:10:58 PM Request Issued
03/17/2022 02:10:58 PM Blocked
03/17/2022 02:40:58 PM Starting new HTTPS connection (1): www.instagram.com:443
03/17/2022 02:40:58 PM https://www.instagram.com:443 "GET /p/saAIv7mUiB/ HTTP/1.1" 302 0
03/17/2022 02:40:58 PM Request Issued
03/17/2022 02:40:58 PM Blocked
03/18/2022 03:48:54 PM Starting new HTTPS connection (1): www.instagram.com:443
03/18/2022 03:48:54 PM https://www.instagram.com:443 "GET /p/saAIv7mUiB/ HTTP/1.1" 404 91361
03/18/2022 03:48:54 PM Request Issued
03/18/2022 03:48:54 PM Block ID: 8, Block period: 47473 seconds
03/18/2022 03:48:54 PM Blocked = False, Block period ended
03/18/2022 03:53:55 PM Starting new HTTPS connection (1): www.instagram.com:443
03/18/2022 03:53:56 PM https://www.instagram.com:443 "GET /p/sACs38QC96/ HTTP/1.1" 200 33049
03/18/2022 03:53:56 PM Request Issued
03/18/2022 03:53:56 PM Blocked = False, Response recieved
03/18/2022 03:58:56 PM Starting new HTTPS connection (1): www.instagram.com:443
03/18/2022 03:58:56 PM https://www.instagram.com:443 "GET /p/saH6piADTa/ HTTP/1.1" 302 0
03/18/2022 03:58:56 PM Request Issued
03/18/2022 03:58:56 PM Blocked
03/18/2022 03:58:56 PM Blocked = True, Entering the block period
03/18/2022 04:28:57 PM Starting new HTTPS connection (1): www.instagram.com:443
03/18/2022 04:28:57 PM https://www.instagram.com:443 "GET /p/saH6piADTa/ HTTP/1.1" 302 0
03/18/2022 04:28:57 PM Request Issued
03/18/2022 04:28:57 PM Blocked
03/19/2022 02:10:24 AM Starting new HTTPS connection (1): www.instagram.com:443
03/19/2022 02:10:25 AM https://www.instagram.com:443 "GET /p/saH6piADTa/ HTTP/1.1" 302 0
03/19/2022 02:10:25 AM Request Issued
03/19/2022 02:10:25 AM Blocked
03/19/2022 02:40:25 AM Starting new HTTPS connection (1): www.instagram.com:443
03/19/2022 02:40:26 AM https://www.instagram.com:443 "GET /p/saH6piADTa/ HTTP/1.1" 302 0
03/19/2022 02:40:26 AM Request Issued
03/19/2022 02:40:26 AM Blocked
03/19/2022 03:10:26 AM Starting new HTTPS connection (1): www.instagram.com:443
03/19/2022 03:10:26 AM https://www.instagram.com:443 "GET /p/saH6piADTa/ HTTP/1.1" 302 0
03/19/2022 03:10:26 AM Request Issued
03/19/2022 03:10:26 AM Blocked
03/19/2022 03:40:27 AM Starting new HTTPS connection (1): www.instagram.com:443
03/19/2022 03:40:27 AM https://www.instagram.com:443 "GET /p/saH6piADTa/ HTTP/1.1" 302 0
03/19/2022 03:40:27 AM Request Issued
03/19/2022 03:40:27 AM Blocked
03/19/2022 04:10:28 AM Starting new HTTPS connection (1): www.instagram.com:443
03/19/2022 04:10:28 AM https://www.instagram.com:443 "GET /p/saH6piADTa/ HTTP/1.1" 302 0
03/19/2022 04:10:28 AM Request Issued
03/19/2022 04:10:28 AM Blocked
03/19/2022 04:40:28 AM Starting new HTTPS connection (1): www.instagram.com:443
03/19/2022 04:40:28 AM https://www.instagram.com:443 "GET /p/saH6piADTa/ HTTP/1.1" 302 0
03/19/2022 04:40:28 AM Request Issued
03/19/2022 04:40:28 AM Blocked
03/19/2022 05:10:29 AM Starting new HTTPS connection (1): www.instagram.com:443
03/19/2022 05:10:29 AM https://www.instagram.com:443 "GET /p/saH6piADTa/ HTTP/1.1" 302 0
03/19/2022 05:10:29 AM Request Issued
03/19/2022 05:10:29 AM Blocked
03/19/2022 05:40:30 AM Starting new HTTPS connection (1): www.instagram.com:443
03/19/2022 05:40:32 AM https://www.instagram.com:443 "GET /p/saH6piADTa/ HTTP/1.1" 302 0
03/19/2022 05:40:32 AM Request Issued
03/19/2022 05:40:32 AM Blocked
03/19/2022 06:10:32 AM Starting new HTTPS connection (1): www.instagram.com:443
03/19/2022 06:10:33 AM https://www.instagram.com:443 "GET /p/saH6piADTa/ HTTP/1.1" 302 0
03/19/2022 06:10:33 AM Request Issued
03/19/2022 06:10:33 AM Blocked
03/19/2022 06:40:34 AM Starting new HTTPS connection (1): www.instagram.com:443
03/19/2022 06:40:35 AM https://www.instagram.com:443 "GET /p/saH6piADTa/ HTTP/1.1" 302 0
03/19/2022 06:40:35 AM Request Issued
03/19/2022 06:40:35 AM Blocked
03/19/2022 07:10:35 AM Starting new HTTPS connection (1): www.instagram.com:443
03/19/2022 07:10:35 AM https://www.instagram.com:443 "GET /p/saH6piADTa/ HTTP/1.1" 302 0
03/19/2022 07:10:35 AM Request Issued
03/19/2022 07:10:35 AM Blocked
03/19/2022 07:40:35 AM Starting new HTTPS connection (1): www.instagram.com:443
03/19/2022 07:40:36 AM https://www.instagram.com:443 "GET /p/saH6piADTa/ HTTP/1.1" 302 0
03/19/2022 07:40:36 AM Request Issued
03/19/2022 07:40:36 AM Blocked
03/19/2022 08:10:36 AM Starting new HTTPS connection (1): www.instagram.com:443
03/19/2022 08:10:36 AM https://www.instagram.com:443 "GET /p/saH6piADTa/ HTTP/1.1" 302 0
03/19/2022 08:10:36 AM Request Issued
03/19/2022 08:10:36 AM Blocked
03/19/2022 08:40:36 AM Starting new HTTPS connection (1): www.instagram.com:443
03/19/2022 08:40:37 AM https://www.instagram.com:443 "GET /p/saH6piADTa/ HTTP/1.1" 302 0
03/19/2022 08:40:37 AM Request Issued
03/19/2022 08:40:37 AM Blocked
03/19/2022 09:10:37 AM Starting new HTTPS connection (1): www.instagram.com:443
03/19/2022 09:10:37 AM https://www.instagram.com:443 "GET /p/saH6piADTa/ HTTP/1.1" 302 0
03/19/2022 09:10:37 AM Request Issued
03/19/2022 09:10:37 AM Blocked
03/19/2022 09:40:38 AM Starting new HTTPS connection (1): www.instagram.com:443
03/19/2022 09:40:38 AM https://www.instagram.com:443 "GET /p/saH6piADTa/ HTTP/1.1" 302 0
03/19/2022 09:40:38 AM Request Issued
03/19/2022 09:40:38 AM Blocked
03/19/2022 10:10:38 AM Starting new HTTPS connection (1): www.instagram.com:443
03/19/2022 10:10:38 AM https://www.instagram.com:443 "GET /p/saH6piADTa/ HTTP/1.1" 302 0
03/19/2022 10:10:38 AM Request Issued
03/19/2022 10:10:38 AM Blocked
03/19/2022 10:40:39 AM Starting new HTTPS connection (1): www.instagram.com:443
03/19/2022 10:40:39 AM https://www.instagram.com:443 "GET /p/saH6piADTa/ HTTP/1.1" 302 0
03/19/2022 10:40:39 AM Request Issued
03/19/2022 10:40:39 AM Blocked
03/19/2022 11:10:39 AM Starting new HTTPS connection (1): www.instagram.com:443
03/19/2022 11:10:39 AM https://www.instagram.com:443 "GET /p/saH6piADTa/ HTTP/1.1" 302 0
03/19/2022 11:10:39 AM Request Issued
03/19/2022 11:10:39 AM Blocked
03/19/2022 11:40:40 AM Starting new HTTPS connection (1): www.instagram.com:443
03/19/2022 11:40:40 AM https://www.instagram.com:443 "GET /p/saH6piADTa/ HTTP/1.1" 302 0
03/19/2022 11:40:40 AM Request Issued
03/19/2022 11:40:40 AM Blocked
03/19/2022 12:10:40 PM Starting new HTTPS connection (1): www.instagram.com:443
03/19/2022 12:10:41 PM https://www.instagram.com:443 "GET /p/saH6piADTa/ HTTP/1.1" 302 0
03/19/2022 12:10:41 PM Request Issued
03/19/2022 12:10:41 PM Blocked
03/19/2022 12:40:41 PM Starting new HTTPS connection (1): www.instagram.com:443
03/19/2022 12:40:41 PM https://www.instagram.com:443 "GET /p/saH6piADTa/ HTTP/1.1" 302 0
03/19/2022 12:40:41 PM Request Issued
03/19/2022 12:40:41 PM Blocked
03/19/2022 01:10:42 PM Starting new HTTPS connection (1): www.instagram.com:443
03/19/2022 01:10:42 PM https://www.instagram.com:443 "GET /p/saH6piADTa/ HTTP/1.1" 302 0
03/19/2022 01:10:42 PM Request Issued
03/19/2022 01:10:42 PM Blocked
03/19/2022 01:40:42 PM Starting new HTTPS connection (1): www.instagram.com:443
03/19/2022 01:40:42 PM https://www.instagram.com:443 "GET /p/saH6piADTa/ HTTP/1.1" 302 0
03/19/2022 01:40:42 PM Request Issued
03/19/2022 01:40:42 PM Blocked
03/19/2022 02:10:43 PM Starting new HTTPS connection (1): www.instagram.com:443
03/19/2022 02:10:43 PM https://www.instagram.com:443 "GET /p/saH6piADTa/ HTTP/1.1" 302 0
03/19/2022 02:10:43 PM Request Issued
03/19/2022 02:10:43 PM Blocked
03/19/2022 02:40:43 PM Starting new HTTPS connection (1): www.instagram.com:443
03/19/2022 02:40:43 PM https://www.instagram.com:443 "GET /p/saH6piADTa/ HTTP/1.1" 404 91349
03/19/2022 02:40:43 PM Request Issued
03/19/2022 02:40:43 PM Block ID: 9, Block period: 81706 seconds
03/19/2022 02:40:43 PM Blocked = False, Block period ended
03/19/2022 02:45:44 PM Starting new HTTPS connection (1): www.instagram.com:443
03/19/2022 02:45:45 PM https://www.instagram.com:443 "GET /p/sALRnGkZXd/ HTTP/1.1" 200 34086
03/19/2022 02:45:45 PM Request Issued
03/19/2022 02:45:45 PM Blocked = False, Response recieved
03/19/2022 02:50:46 PM Starting new HTTPS connection (1): www.instagram.com:443
03/19/2022 02:50:46 PM https://www.instagram.com:443 "GET /p/sAoCuPvytM/ HTTP/1.1" 404 91348
03/19/2022 02:50:46 PM Request Issued
03/19/2022 02:55:47 PM Starting new HTTPS connection (1): www.instagram.com:443
03/19/2022 02:55:47 PM https://www.instagram.com:443 "GET /p/sAxokWDtPe/ HTTP/1.1" 302 0
03/19/2022 02:55:47 PM Request Issued
03/19/2022 02:55:47 PM Blocked
03/19/2022 02:55:47 PM Blocked = True, Entering the block period
03/21/2022 06:25:29 PM Starting new HTTPS connection (1): www.instagram.com:443
03/21/2022 06:25:30 PM https://www.instagram.com:443 "GET /p/sAxokWDtPe/ HTTP/1.1" 302 0
03/21/2022 06:25:30 PM Request Issued
03/21/2022 06:25:30 PM Blocked
03/21/2022 06:55:30 PM Starting new HTTPS connection (1): www.instagram.com:443
03/21/2022 06:55:30 PM https://www.instagram.com:443 "GET /p/sAxokWDtPe/ HTTP/1.1" 302 0
03/21/2022 06:55:30 PM Request Issued
03/21/2022 06:55:30 PM Blocked
03/21/2022 07:25:30 PM Starting new HTTPS connection (1): www.instagram.com:443
03/21/2022 07:25:30 PM https://www.instagram.com:443 "GET /p/sAxokWDtPe/ HTTP/1.1" 302 0
03/21/2022 07:25:30 PM Request Issued
03/21/2022 07:25:30 PM Blocked
03/21/2022 07:55:56 PM Starting new HTTPS connection (1): www.instagram.com:443
03/21/2022 07:55:56 PM https://www.instagram.com:443 "GET /p/sAxokWDtPe/ HTTP/1.1" 302 0
03/21/2022 07:55:56 PM Request Issued
03/21/2022 07:55:56 PM Blocked
03/21/2022 08:25:56 PM Starting new HTTPS connection (1): www.instagram.com:443
03/21/2022 08:25:56 PM https://www.instagram.com:443 "GET /p/sAxokWDtPe/ HTTP/1.1" 302 0
03/21/2022 08:25:56 PM Request Issued
03/21/2022 08:25:56 PM Blocked
03/21/2022 08:55:56 PM Starting new HTTPS connection (1): www.instagram.com:443
03/21/2022 08:55:57 PM https://www.instagram.com:443 "GET /p/sAxokWDtPe/ HTTP/1.1" 302 0
03/21/2022 08:55:57 PM Request Issued
03/21/2022 08:55:57 PM Blocked
03/21/2022 09:25:57 PM Starting new HTTPS connection (1): www.instagram.com:443
03/21/2022 09:25:57 PM https://www.instagram.com:443 "GET /p/sAxokWDtPe/ HTTP/1.1" 302 0
03/21/2022 09:25:57 PM Request Issued
03/21/2022 09:25:57 PM Blocked
03/21/2022 09:55:57 PM Starting new HTTPS connection (1): www.instagram.com:443
03/21/2022 09:55:57 PM https://www.instagram.com:443 "GET /p/sAxokWDtPe/ HTTP/1.1" 302 0
03/21/2022 09:55:57 PM Request Issued
03/21/2022 09:55:57 PM Blocked
03/21/2022 10:25:57 PM Starting new HTTPS connection (1): www.instagram.com:443
03/21/2022 10:25:58 PM https://www.instagram.com:443 "GET /p/sAxokWDtPe/ HTTP/1.1" 404 91349
03/21/2022 10:25:58 PM Request Issued
03/21/2022 10:25:58 PM Block ID: 10, Block period: 27010 seconds
03/21/2022 10:25:58 PM Blocked = False, Block period ended
03/21/2022 10:30:59 PM Starting new HTTPS connection (1): www.instagram.com:443
03/21/2022 10:30:59 PM https://www.instagram.com:443 "GET /p/sblzJpAc2p/ HTTP/1.1" 302 0
03/21/2022 10:30:59 PM Request Issued
03/21/2022 10:30:59 PM Blocked
03/21/2022 10:30:59 PM Blocked = True, Entering the block period
03/21/2022 11:00:59 PM Starting new HTTPS connection (1): www.instagram.com:443
03/21/2022 11:00:59 PM https://www.instagram.com:443 "GET /p/sblzJpAc2p/ HTTP/1.1" 302 0
03/21/2022 11:00:59 PM Request Issued
03/21/2022 11:00:59 PM Blocked
03/21/2022 11:30:59 PM Starting new HTTPS connection (1): www.instagram.com:443
03/21/2022 11:30:59 PM https://www.instagram.com:443 "GET /p/sblzJpAc2p/ HTTP/1.1" 302 0
03/21/2022 11:30:59 PM Request Issued
03/21/2022 11:30:59 PM Blocked
03/22/2022 12:00:59 AM Starting new HTTPS connection (1): www.instagram.com:443
03/22/2022 12:01:00 AM https://www.instagram.com:443 "GET /p/sblzJpAc2p/ HTTP/1.1" 302 0
03/22/2022 12:01:00 AM Request Issued
03/22/2022 12:01:00 AM Blocked
03/22/2022 12:31:00 AM Starting new HTTPS connection (1): www.instagram.com:443
03/22/2022 12:31:00 AM https://www.instagram.com:443 "GET /p/sblzJpAc2p/ HTTP/1.1" 302 0
03/22/2022 12:31:00 AM Request Issued
03/22/2022 12:31:00 AM Blocked
03/22/2022 01:01:00 AM Starting new HTTPS connection (1): www.instagram.com:443
03/22/2022 01:01:00 AM https://www.instagram.com:443 "GET /p/sblzJpAc2p/ HTTP/1.1" 200 30675
03/22/2022 01:01:01 AM Request Issued
03/22/2022 01:01:01 AM Block ID: 11, Block period: 9001 seconds
03/22/2022 01:01:01 AM Blocked = False, Block period ended
03/22/2022 01:06:01 AM Starting new HTTPS connection (1): www.instagram.com:443
03/22/2022 01:06:02 AM https://www.instagram.com:443 "GET /p/sBso3XJfeo/ HTTP/1.1" 200 33996
03/22/2022 01:06:02 AM Request Issued
03/22/2022 01:06:02 AM Blocked = False, Response recieved
03/22/2022 01:11:02 AM Starting new HTTPS connection (1): www.instagram.com:443
03/22/2022 01:11:02 AM https://www.instagram.com:443 "GET /p/sBw79KkLeM/ HTTP/1.1" 302 0
03/22/2022 01:11:02 AM Request Issued
03/22/2022 01:11:02 AM Blocked
03/22/2022 01:11:02 AM Blocked = True, Entering the block period
03/22/2022 01:41:02 AM Starting new HTTPS connection (1): www.instagram.com:443
03/22/2022 01:41:03 AM https://www.instagram.com:443 "GET /p/sBw79KkLeM/ HTTP/1.1" 302 0
03/22/2022 01:41:03 AM Request Issued
03/22/2022 01:41:03 AM Blocked
03/22/2022 02:11:55 AM Starting new HTTPS connection (1): www.instagram.com:443
03/22/2022 02:11:56 AM https://www.instagram.com:443 "GET /p/sBw79KkLeM/ HTTP/1.1" 200 31929
03/22/2022 02:11:56 AM Request Issued
03/22/2022 02:11:56 AM Block ID: 12, Block period: 3654 seconds
03/22/2022 02:11:56 AM Blocked = False, Block period ended
03/22/2022 02:16:57 AM Starting new HTTPS connection (1): www.instagram.com:443
03/22/2022 02:17:03 AM https://www.instagram.com:443 "GET /p/sBZT5ZMwge/ HTTP/1.1" 404 91274
03/22/2022 02:17:03 AM Request Issued
03/22/2022 02:22:03 AM Starting new HTTPS connection (1): www.instagram.com:443
03/22/2022 02:22:04 AM https://www.instagram.com:443 "GET /p/sc3kfaNL5D/ HTTP/1.1" 302 0
03/22/2022 02:22:04 AM Request Issued
03/22/2022 02:22:04 AM Blocked
03/22/2022 02:22:04 AM Blocked = True, Entering the block period
03/22/2022 10:25:47 AM Starting new HTTPS connection (1): www.instagram.com:443
03/22/2022 10:25:48 AM https://www.instagram.com:443 "GET /p/sc3kfaNL5D/ HTTP/1.1" 302 0
03/22/2022 10:25:48 AM Request Issued
03/22/2022 10:25:48 AM Blocked
03/22/2022 10:55:48 AM Starting new HTTPS connection (1): www.instagram.com:443
03/22/2022 10:55:48 AM https://www.instagram.com:443 "GET /p/sc3kfaNL5D/ HTTP/1.1" 302 0
03/22/2022 10:55:48 AM Request Issued
03/22/2022 10:55:48 AM Blocked
03/22/2022 11:25:48 AM Starting new HTTPS connection (1): www.instagram.com:443
03/22/2022 11:25:48 AM https://www.instagram.com:443 "GET /p/sc3kfaNL5D/ HTTP/1.1" 302 0
03/22/2022 11:25:48 AM Request Issued
03/22/2022 11:25:48 AM Blocked
03/22/2022 11:55:48 AM Starting new HTTPS connection (1): www.instagram.com:443
03/22/2022 11:55:49 AM https://www.instagram.com:443 "GET /p/sc3kfaNL5D/ HTTP/1.1" 302 0
03/22/2022 11:55:49 AM Request Issued
03/22/2022 11:55:49 AM Blocked
03/22/2022 12:25:49 PM Starting new HTTPS connection (1): www.instagram.com:443
03/22/2022 12:25:49 PM https://www.instagram.com:443 "GET /p/sc3kfaNL5D/ HTTP/1.1" 302 0
03/22/2022 12:25:49 PM Request Issued
03/22/2022 12:25:49 PM Blocked
03/22/2022 12:55:49 PM Starting new HTTPS connection (1): www.instagram.com:443
03/22/2022 12:55:49 PM https://www.instagram.com:443 "GET /p/sc3kfaNL5D/ HTTP/1.1" 302 0
03/22/2022 12:55:49 PM Request Issued
03/22/2022 12:55:49 PM Blocked
03/22/2022 01:25:49 PM Starting new HTTPS connection (1): www.instagram.com:443
03/22/2022 01:25:50 PM https://www.instagram.com:443 "GET /p/sc3kfaNL5D/ HTTP/1.1" 302 0
03/22/2022 01:25:50 PM Request Issued
03/22/2022 01:25:50 PM Blocked
03/22/2022 01:55:50 PM Starting new HTTPS connection (1): www.instagram.com:443
03/22/2022 01:55:50 PM https://www.instagram.com:443 "GET /p/sc3kfaNL5D/ HTTP/1.1" 302 0
03/22/2022 01:55:50 PM Request Issued
03/22/2022 01:55:50 PM Blocked
03/22/2022 02:25:50 PM Starting new HTTPS connection (1): www.instagram.com:443
03/22/2022 02:25:51 PM https://www.instagram.com:443 "GET /p/sc3kfaNL5D/ HTTP/1.1" 302 0
03/22/2022 02:25:51 PM Request Issued
03/22/2022 02:25:51 PM Blocked
03/22/2022 02:55:51 PM Starting new HTTPS connection (1): www.instagram.com:443
03/22/2022 02:55:51 PM https://www.instagram.com:443 "GET /p/sc3kfaNL5D/ HTTP/1.1" 404 91584
03/22/2022 02:55:51 PM Request Issued
03/22/2022 02:55:51 PM Block ID: 13, Block period: 45227 seconds
03/22/2022 02:55:51 PM Blocked = False, Block period ended
