03/06/2022 05:49:55 PM Started
03/06/2022 05:49:55 PM Shortcode list obtained
03/06/2022 05:49:55 PM Starting new HTTPS connection (1): www.instagram.com:443
03/06/2022 05:49:56 PM https://www.instagram.com:443 "GET /p/4uToWqiNHh/ HTTP/1.1" 200 34203
03/06/2022 05:49:56 PM Request Issued
03/06/2022 05:49:56 PM Blocked = False, Response recieved
03/06/2022 05:54:57 PM Starting new HTTPS connection (1): www.instagram.com:443
03/06/2022 05:54:58 PM https://www.instagram.com:443 "GET /p/4WjTrunImc/ HTTP/1.1" 404 90856
03/06/2022 05:54:58 PM Request Issued
03/06/2022 05:59:58 PM Starting new HTTPS connection (1): www.instagram.com:443
03/06/2022 05:59:59 PM https://www.instagram.com:443 "GET /p/4X8g7STPh2/ HTTP/1.1" 302 0
03/06/2022 05:59:59 PM Request Issued
03/06/2022 05:59:59 PM Blocked
03/06/2022 05:59:59 PM Blocked = True, Entering the block period
03/06/2022 06:29:59 PM Starting new HTTPS connection (1): www.instagram.com:443
03/06/2022 06:29:59 PM https://www.instagram.com:443 "GET /p/4X8g7STPh2/ HTTP/1.1" 302 0
03/06/2022 06:29:59 PM Request Issued
03/06/2022 06:29:59 PM Blocked
03/06/2022 06:59:59 PM Starting new HTTPS connection (1): www.instagram.com:443
03/06/2022 06:59:59 PM https://www.instagram.com:443 "GET /p/4X8g7STPh2/ HTTP/1.1" 404 90781
03/06/2022 06:59:59 PM Request Issued
03/06/2022 06:59:59 PM Block ID: 1, Block period: 3600 seconds
03/06/2022 06:59:59 PM Blocked = False, Block period ended
03/06/2022 07:04:59 PM Starting new HTTPS connection (1): www.instagram.com:443
03/06/2022 07:05:00 PM https://www.instagram.com:443 "GET /p/4XEEVAKQIG/ HTTP/1.1" 200 34112
03/06/2022 07:05:00 PM Request Issued
03/06/2022 07:05:00 PM Blocked = False, Response recieved
03/06/2022 07:10:01 PM Starting new HTTPS connection (1): www.instagram.com:443
03/06/2022 07:10:01 PM https://www.instagram.com:443 "GET /p/4ZeU49oDxS/ HTTP/1.1" 302 0
03/06/2022 07:10:01 PM Request Issued
03/06/2022 07:10:01 PM Blocked
03/06/2022 07:10:01 PM Blocked = True, Entering the block period
03/06/2022 07:40:01 PM Starting new HTTPS connection (1): www.instagram.com:443
03/06/2022 07:40:01 PM https://www.instagram.com:443 "GET /p/4ZeU49oDxS/ HTTP/1.1" 302 0
03/06/2022 07:40:01 PM Request Issued
03/06/2022 07:40:02 PM Blocked
03/06/2022 08:10:02 PM Starting new HTTPS connection (1): www.instagram.com:443
03/06/2022 08:10:02 PM https://www.instagram.com:443 "GET /p/4ZeU49oDxS/ HTTP/1.1" 302 0
03/06/2022 08:10:02 PM Request Issued
03/06/2022 08:10:02 PM Blocked
03/06/2022 08:40:02 PM Starting new HTTPS connection (1): www.instagram.com:443
03/06/2022 08:40:02 PM https://www.instagram.com:443 "GET /p/4ZeU49oDxS/ HTTP/1.1" 302 0
03/06/2022 08:40:02 PM Request Issued
03/06/2022 08:40:02 PM Blocked
03/06/2022 09:10:02 PM Starting new HTTPS connection (1): www.instagram.com:443
03/06/2022 09:10:02 PM https://www.instagram.com:443 "GET /p/4ZeU49oDxS/ HTTP/1.1" 302 0
03/06/2022 09:10:02 PM Request Issued
03/06/2022 09:10:02 PM Blocked
03/06/2022 09:40:02 PM Starting new HTTPS connection (1): www.instagram.com:443
03/06/2022 09:40:02 PM https://www.instagram.com:443 "GET /p/4ZeU49oDxS/ HTTP/1.1" 302 0
03/06/2022 09:40:02 PM Request Issued
03/06/2022 09:40:02 PM Blocked
03/06/2022 10:10:02 PM Starting new HTTPS connection (1): www.instagram.com:443
03/06/2022 10:10:03 PM https://www.instagram.com:443 "GET /p/4ZeU49oDxS/ HTTP/1.1" 302 0
03/06/2022 10:10:03 PM Request Issued
03/06/2022 10:10:03 PM Blocked
03/06/2022 10:40:03 PM Starting new HTTPS connection (1): www.instagram.com:443
03/06/2022 10:40:03 PM https://www.instagram.com:443 "GET /p/4ZeU49oDxS/ HTTP/1.1" 302 0
03/06/2022 10:40:03 PM Request Issued
03/06/2022 10:40:03 PM Blocked
03/06/2022 11:10:03 PM Starting new HTTPS connection (1): www.instagram.com:443
03/06/2022 11:10:03 PM https://www.instagram.com:443 "GET /p/4ZeU49oDxS/ HTTP/1.1" 302 0
03/06/2022 11:10:03 PM Request Issued
03/06/2022 11:10:03 PM Blocked
03/06/2022 11:40:03 PM Starting new HTTPS connection (1): www.instagram.com:443
03/06/2022 11:40:03 PM https://www.instagram.com:443 "GET /p/4ZeU49oDxS/ HTTP/1.1" 302 0
03/06/2022 11:40:03 PM Request Issued
03/06/2022 11:40:03 PM Blocked
03/07/2022 12:10:03 AM Starting new HTTPS connection (1): www.instagram.com:443
03/07/2022 12:10:04 AM https://www.instagram.com:443 "GET /p/4ZeU49oDxS/ HTTP/1.1" 302 0
03/07/2022 12:10:04 AM Request Issued
03/07/2022 12:10:04 AM Blocked
03/07/2022 12:40:04 AM Starting new HTTPS connection (1): www.instagram.com:443
03/07/2022 12:40:04 AM https://www.instagram.com:443 "GET /p/4ZeU49oDxS/ HTTP/1.1" 302 0
03/07/2022 12:40:04 AM Request Issued
03/07/2022 12:40:04 AM Blocked
03/07/2022 01:10:04 AM Starting new HTTPS connection (1): www.instagram.com:443
03/07/2022 01:10:04 AM https://www.instagram.com:443 "GET /p/4ZeU49oDxS/ HTTP/1.1" 302 0
03/07/2022 01:10:04 AM Request Issued
03/07/2022 01:10:04 AM Blocked
03/07/2022 01:40:04 AM Starting new HTTPS connection (1): www.instagram.com:443
03/07/2022 01:40:04 AM https://www.instagram.com:443 "GET /p/4ZeU49oDxS/ HTTP/1.1" 302 0
03/07/2022 01:40:04 AM Request Issued
03/07/2022 01:40:04 AM Blocked
03/07/2022 02:10:04 AM Starting new HTTPS connection (1): www.instagram.com:443
03/07/2022 02:10:04 AM https://www.instagram.com:443 "GET /p/4ZeU49oDxS/ HTTP/1.1" 302 0
03/07/2022 02:10:04 AM Request Issued
03/07/2022 02:10:04 AM Blocked
03/07/2022 02:40:04 AM Starting new HTTPS connection (1): www.instagram.com:443
03/07/2022 02:40:05 AM https://www.instagram.com:443 "GET /p/4ZeU49oDxS/ HTTP/1.1" 302 0
03/07/2022 02:40:05 AM Request Issued
03/07/2022 02:40:05 AM Blocked
03/07/2022 03:10:05 AM Starting new HTTPS connection (1): www.instagram.com:443
03/07/2022 03:10:05 AM https://www.instagram.com:443 "GET /p/4ZeU49oDxS/ HTTP/1.1" 302 0
03/07/2022 03:10:05 AM Request Issued
03/07/2022 03:10:05 AM Blocked
03/07/2022 03:40:05 AM Starting new HTTPS connection (1): www.instagram.com:443
03/07/2022 03:40:05 AM https://www.instagram.com:443 "GET /p/4ZeU49oDxS/ HTTP/1.1" 302 0
03/07/2022 03:40:05 AM Request Issued
03/07/2022 03:40:05 AM Blocked
03/07/2022 04:10:05 AM Starting new HTTPS connection (1): www.instagram.com:443
03/07/2022 04:10:05 AM https://www.instagram.com:443 "GET /p/4ZeU49oDxS/ HTTP/1.1" 302 0
03/07/2022 04:10:05 AM Request Issued
03/07/2022 04:10:05 AM Blocked
03/07/2022 04:40:05 AM Starting new HTTPS connection (1): www.instagram.com:443
03/07/2022 04:40:06 AM https://www.instagram.com:443 "GET /p/4ZeU49oDxS/ HTTP/1.1" 302 0
03/07/2022 04:40:06 AM Request Issued
03/07/2022 04:40:06 AM Blocked
03/07/2022 05:10:06 AM Starting new HTTPS connection (1): www.instagram.com:443
03/07/2022 05:10:06 AM https://www.instagram.com:443 "GET /p/4ZeU49oDxS/ HTTP/1.1" 302 0
03/07/2022 05:10:06 AM Request Issued
03/07/2022 05:10:06 AM Blocked
03/07/2022 05:40:06 AM Starting new HTTPS connection (1): www.instagram.com:443
03/07/2022 05:40:06 AM https://www.instagram.com:443 "GET /p/4ZeU49oDxS/ HTTP/1.1" 302 0
03/07/2022 05:40:06 AM Request Issued
03/07/2022 05:40:06 AM Blocked
03/07/2022 06:10:06 AM Starting new HTTPS connection (1): www.instagram.com:443
03/07/2022 06:10:06 AM https://www.instagram.com:443 "GET /p/4ZeU49oDxS/ HTTP/1.1" 302 0
03/07/2022 06:10:06 AM Request Issued
03/07/2022 06:10:06 AM Blocked
03/07/2022 06:40:06 AM Starting new HTTPS connection (1): www.instagram.com:443
03/07/2022 06:40:07 AM https://www.instagram.com:443 "GET /p/4ZeU49oDxS/ HTTP/1.1" 302 0
03/07/2022 06:40:07 AM Request Issued
03/07/2022 06:40:07 AM Blocked
03/07/2022 07:10:07 AM Starting new HTTPS connection (1): www.instagram.com:443
03/07/2022 07:10:07 AM https://www.instagram.com:443 "GET /p/4ZeU49oDxS/ HTTP/1.1" 302 0
03/07/2022 07:10:07 AM Request Issued
03/07/2022 07:10:07 AM Blocked
03/07/2022 07:40:07 AM Starting new HTTPS connection (1): www.instagram.com:443
03/07/2022 07:40:07 AM https://www.instagram.com:443 "GET /p/4ZeU49oDxS/ HTTP/1.1" 302 0
03/07/2022 07:40:07 AM Request Issued
03/07/2022 07:40:07 AM Blocked
03/07/2022 08:10:07 AM Starting new HTTPS connection (1): www.instagram.com:443
03/07/2022 08:10:07 AM https://www.instagram.com:443 "GET /p/4ZeU49oDxS/ HTTP/1.1" 302 0
03/07/2022 08:10:07 AM Request Issued
03/07/2022 08:10:07 AM Blocked
03/07/2022 08:40:07 AM Starting new HTTPS connection (1): www.instagram.com:443
03/07/2022 08:40:08 AM https://www.instagram.com:443 "GET /p/4ZeU49oDxS/ HTTP/1.1" 302 0
03/07/2022 08:40:08 AM Request Issued
03/07/2022 08:40:08 AM Blocked
03/07/2022 09:10:08 AM Starting new HTTPS connection (1): www.instagram.com:443
03/07/2022 09:10:08 AM https://www.instagram.com:443 "GET /p/4ZeU49oDxS/ HTTP/1.1" 302 0
03/07/2022 09:10:08 AM Request Issued
03/07/2022 09:10:08 AM Blocked
03/07/2022 09:40:08 AM Starting new HTTPS connection (1): www.instagram.com:443
03/07/2022 09:40:08 AM https://www.instagram.com:443 "GET /p/4ZeU49oDxS/ HTTP/1.1" 302 0
03/07/2022 09:40:08 AM Request Issued
03/07/2022 09:40:08 AM Blocked
03/07/2022 10:10:08 AM Starting new HTTPS connection (1): www.instagram.com:443
03/07/2022 10:10:08 AM https://www.instagram.com:443 "GET /p/4ZeU49oDxS/ HTTP/1.1" 404 90781
03/07/2022 10:10:08 AM Request Issued
03/07/2022 10:10:09 AM Block ID: 2, Block period: 54007 seconds
03/07/2022 10:10:09 AM Blocked = False, Block period ended
03/07/2022 10:15:09 AM Starting new HTTPS connection (1): www.instagram.com:443
03/07/2022 10:15:10 AM https://www.instagram.com:443 "GET /p/4ZtNH8swHM/ HTTP/1.1" 302 0
03/07/2022 10:15:10 AM Request Issued
03/07/2022 10:15:10 AM Blocked
03/07/2022 10:15:10 AM Blocked = True, Entering the block period
03/07/2022 10:45:10 AM Starting new HTTPS connection (1): www.instagram.com:443
03/07/2022 10:45:10 AM https://www.instagram.com:443 "GET /p/4ZtNH8swHM/ HTTP/1.1" 302 0
03/07/2022 10:45:10 AM Request Issued
03/07/2022 10:45:10 AM Blocked
03/07/2022 11:15:10 AM Starting new HTTPS connection (1): www.instagram.com:443
03/07/2022 11:15:10 AM https://www.instagram.com:443 "GET /p/4ZtNH8swHM/ HTTP/1.1" 200 30431
03/07/2022 11:15:11 AM Request Issued
03/07/2022 11:15:11 AM Block ID: 3, Block period: 3600 seconds
03/07/2022 11:15:11 AM Blocked = False, Block period ended
03/07/2022 11:20:11 AM Starting new HTTPS connection (1): www.instagram.com:443
03/07/2022 11:20:11 AM https://www.instagram.com:443 "GET /p/4ZVkk8KcS7/ HTTP/1.1" 302 0
03/07/2022 11:20:11 AM Request Issued
03/07/2022 11:20:11 AM Blocked
03/07/2022 11:20:11 AM Blocked = True, Entering the block period
03/07/2022 11:50:11 AM Starting new HTTPS connection (1): www.instagram.com:443
03/07/2022 11:50:12 AM https://www.instagram.com:443 "GET /p/4ZVkk8KcS7/ HTTP/1.1" 302 0
03/07/2022 11:50:12 AM Request Issued
03/07/2022 11:50:12 AM Blocked
03/07/2022 12:20:12 PM Starting new HTTPS connection (1): www.instagram.com:443
03/07/2022 12:20:12 PM https://www.instagram.com:443 "GET /p/4ZVkk8KcS7/ HTTP/1.1" 200 32417
03/07/2022 12:20:12 PM Request Issued
03/07/2022 12:20:12 PM Block ID: 4, Block period: 3600 seconds
03/07/2022 12:20:12 PM Blocked = False, Block period ended
03/07/2022 12:25:13 PM Starting new HTTPS connection (1): www.instagram.com:443
03/07/2022 12:25:27 PM https://www.instagram.com:443 "GET /p/502OzgOP0j/ HTTP/1.1" 560 0
03/07/2022 12:25:27 PM Request Issued
03/07/2022 12:30:28 PM Starting new HTTPS connection (1): www.instagram.com:443
03/07/2022 12:30:29 PM https://www.instagram.com:443 "GET /p/51x8s0SycC/ HTTP/1.1" 200 31702
03/07/2022 12:30:29 PM Request Issued
03/07/2022 12:30:29 PM Blocked = False, Response recieved
03/07/2022 12:35:29 PM Starting new HTTPS connection (1): www.instagram.com:443
03/07/2022 12:35:29 PM https://www.instagram.com:443 "GET /p/52v9jPRacp/ HTTP/1.1" 302 0
03/07/2022 12:35:29 PM Request Issued
03/07/2022 12:35:29 PM Blocked
03/07/2022 12:35:29 PM Blocked = True, Entering the block period
03/07/2022 01:05:29 PM Starting new HTTPS connection (1): www.instagram.com:443
03/07/2022 01:05:30 PM https://www.instagram.com:443 "GET /p/52v9jPRacp/ HTTP/1.1" 302 0
03/07/2022 01:05:30 PM Request Issued
03/07/2022 01:05:30 PM Blocked
03/07/2022 01:35:30 PM Starting new HTTPS connection (1): www.instagram.com:443
03/07/2022 01:35:30 PM https://www.instagram.com:443 "GET /p/52v9jPRacp/ HTTP/1.1" 302 0
03/07/2022 01:35:30 PM Request Issued
03/07/2022 01:35:30 PM Blocked
03/07/2022 02:05:30 PM Starting new HTTPS connection (1): www.instagram.com:443
03/07/2022 02:05:30 PM https://www.instagram.com:443 "GET /p/52v9jPRacp/ HTTP/1.1" 302 0
03/07/2022 02:05:30 PM Request Issued
03/07/2022 02:05:30 PM Blocked
03/07/2022 02:35:30 PM Starting new HTTPS connection (1): www.instagram.com:443
03/07/2022 02:35:30 PM https://www.instagram.com:443 "GET /p/52v9jPRacp/ HTTP/1.1" 302 0
03/07/2022 02:35:30 PM Request Issued
03/07/2022 02:35:30 PM Blocked
03/07/2022 03:05:30 PM Starting new HTTPS connection (1): www.instagram.com:443
03/07/2022 03:05:31 PM https://www.instagram.com:443 "GET /p/52v9jPRacp/ HTTP/1.1" 302 0
03/07/2022 03:05:31 PM Request Issued
03/07/2022 03:05:31 PM Blocked
03/07/2022 03:35:31 PM Starting new HTTPS connection (1): www.instagram.com:443
03/07/2022 03:35:31 PM https://www.instagram.com:443 "GET /p/52v9jPRacp/ HTTP/1.1" 302 0
03/07/2022 03:35:31 PM Request Issued
03/07/2022 03:35:31 PM Blocked
03/07/2022 04:05:31 PM Starting new HTTPS connection (1): www.instagram.com:443
03/07/2022 04:05:31 PM https://www.instagram.com:443 "GET /p/52v9jPRacp/ HTTP/1.1" 302 0
03/07/2022 04:05:31 PM Request Issued
03/07/2022 04:05:31 PM Blocked
03/07/2022 04:35:31 PM Starting new HTTPS connection (1): www.instagram.com:443
03/07/2022 04:35:32 PM https://www.instagram.com:443 "GET /p/52v9jPRacp/ HTTP/1.1" 302 0
03/07/2022 04:35:32 PM Request Issued
03/07/2022 04:35:32 PM Blocked
03/07/2022 05:05:32 PM Starting new HTTPS connection (1): www.instagram.com:443
03/07/2022 05:05:32 PM https://www.instagram.com:443 "GET /p/52v9jPRacp/ HTTP/1.1" 302 0
03/07/2022 05:05:32 PM Request Issued
03/07/2022 05:05:32 PM Blocked
03/07/2022 05:35:32 PM Starting new HTTPS connection (1): www.instagram.com:443
03/07/2022 05:35:32 PM https://www.instagram.com:443 "GET /p/52v9jPRacp/ HTTP/1.1" 302 0
03/07/2022 05:35:32 PM Request Issued
03/07/2022 05:35:32 PM Blocked
03/07/2022 06:05:32 PM Starting new HTTPS connection (1): www.instagram.com:443
03/07/2022 06:05:32 PM https://www.instagram.com:443 "GET /p/52v9jPRacp/ HTTP/1.1" 302 0
03/07/2022 06:05:32 PM Request Issued
03/07/2022 06:05:32 PM Blocked
03/07/2022 06:35:32 PM Starting new HTTPS connection (1): www.instagram.com:443
03/07/2022 06:35:32 PM https://www.instagram.com:443 "GET /p/52v9jPRacp/ HTTP/1.1" 302 0
03/07/2022 06:35:32 PM Request Issued
03/07/2022 06:35:32 PM Blocked
03/07/2022 07:05:33 PM Starting new HTTPS connection (1): www.instagram.com:443
03/07/2022 07:05:33 PM https://www.instagram.com:443 "GET /p/52v9jPRacp/ HTTP/1.1" 302 0
03/07/2022 07:05:33 PM Request Issued
03/07/2022 07:05:33 PM Blocked
03/07/2022 07:35:33 PM Starting new HTTPS connection (1): www.instagram.com:443
03/07/2022 07:35:33 PM https://www.instagram.com:443 "GET /p/52v9jPRacp/ HTTP/1.1" 302 0
03/07/2022 07:35:33 PM Request Issued
03/07/2022 07:35:33 PM Blocked
03/07/2022 08:05:33 PM Starting new HTTPS connection (1): www.instagram.com:443
03/07/2022 08:05:33 PM https://www.instagram.com:443 "GET /p/52v9jPRacp/ HTTP/1.1" 302 0
03/07/2022 08:05:33 PM Request Issued
03/07/2022 08:05:33 PM Blocked
03/07/2022 08:35:33 PM Starting new HTTPS connection (1): www.instagram.com:443
03/07/2022 08:35:34 PM https://www.instagram.com:443 "GET /p/52v9jPRacp/ HTTP/1.1" 302 0
03/07/2022 08:35:34 PM Request Issued
03/07/2022 08:35:34 PM Blocked
03/07/2022 09:05:34 PM Starting new HTTPS connection (1): www.instagram.com:443
03/07/2022 09:05:34 PM https://www.instagram.com:443 "GET /p/52v9jPRacp/ HTTP/1.1" 302 0
03/07/2022 09:05:34 PM Request Issued
03/07/2022 09:05:34 PM Blocked
03/07/2022 09:35:34 PM Starting new HTTPS connection (1): www.instagram.com:443
03/07/2022 09:35:35 PM https://www.instagram.com:443 "GET /p/52v9jPRacp/ HTTP/1.1" 200 30725
03/07/2022 09:35:35 PM Request Issued
03/07/2022 09:35:35 PM Block ID: 5, Block period: 32405 seconds
03/07/2022 09:35:35 PM Blocked = False, Block period ended
03/07/2022 09:40:35 PM Starting new HTTPS connection (1): www.instagram.com:443
03/07/2022 09:40:35 PM https://www.instagram.com:443 "GET /p/54InVjPdSH/ HTTP/1.1" 200 30881
03/07/2022 09:40:35 PM Request Issued
03/07/2022 09:40:35 PM Blocked = False, Response recieved
03/07/2022 09:45:36 PM Starting new HTTPS connection (1): www.instagram.com:443
03/07/2022 09:45:36 PM https://www.instagram.com:443 "GET /p/58SPMTBMwr/ HTTP/1.1" 302 0
03/07/2022 09:45:36 PM Request Issued
03/07/2022 09:45:36 PM Blocked
03/07/2022 09:45:36 PM Blocked = True, Entering the block period
03/07/2022 10:15:36 PM Starting new HTTPS connection (1): www.instagram.com:443
03/07/2022 10:15:36 PM https://www.instagram.com:443 "GET /p/58SPMTBMwr/ HTTP/1.1" 302 0
03/07/2022 10:15:36 PM Request Issued
03/07/2022 10:15:36 PM Blocked
03/07/2022 10:45:36 PM Starting new HTTPS connection (1): www.instagram.com:443
03/07/2022 10:45:36 PM https://www.instagram.com:443 "GET /p/58SPMTBMwr/ HTTP/1.1" 302 0
03/07/2022 10:45:36 PM Request Issued
03/07/2022 10:45:36 PM Blocked
03/07/2022 11:15:36 PM Starting new HTTPS connection (1): www.instagram.com:443
03/07/2022 11:15:37 PM https://www.instagram.com:443 "GET /p/58SPMTBMwr/ HTTP/1.1" 302 0
03/07/2022 11:15:37 PM Request Issued
03/07/2022 11:15:37 PM Blocked
03/07/2022 11:45:37 PM Starting new HTTPS connection (1): www.instagram.com:443
03/07/2022 11:45:37 PM https://www.instagram.com:443 "GET /p/58SPMTBMwr/ HTTP/1.1" 302 0
03/07/2022 11:45:37 PM Request Issued
03/07/2022 11:45:37 PM Blocked
03/08/2022 12:15:37 AM Starting new HTTPS connection (1): www.instagram.com:443
03/08/2022 12:15:37 AM https://www.instagram.com:443 "GET /p/58SPMTBMwr/ HTTP/1.1" 302 0
03/08/2022 12:15:37 AM Request Issued
03/08/2022 12:15:37 AM Blocked
03/08/2022 12:45:37 AM Starting new HTTPS connection (1): www.instagram.com:443
03/08/2022 12:45:37 AM https://www.instagram.com:443 "GET /p/58SPMTBMwr/ HTTP/1.1" 302 0
03/08/2022 12:45:37 AM Request Issued
03/08/2022 12:45:37 AM Blocked
03/08/2022 01:15:37 AM Starting new HTTPS connection (1): www.instagram.com:443
03/08/2022 01:15:37 AM https://www.instagram.com:443 "GET /p/58SPMTBMwr/ HTTP/1.1" 302 0
03/08/2022 01:15:37 AM Request Issued
03/08/2022 01:15:37 AM Blocked
03/08/2022 01:45:38 AM Starting new HTTPS connection (1): www.instagram.com:443
03/08/2022 01:45:38 AM https://www.instagram.com:443 "GET /p/58SPMTBMwr/ HTTP/1.1" 302 0
03/08/2022 01:45:38 AM Request Issued
03/08/2022 01:45:38 AM Blocked
03/08/2022 02:15:38 AM Starting new HTTPS connection (1): www.instagram.com:443
03/08/2022 02:15:38 AM https://www.instagram.com:443 "GET /p/58SPMTBMwr/ HTTP/1.1" 302 0
03/08/2022 02:15:38 AM Request Issued
03/08/2022 02:15:38 AM Blocked
03/08/2022 02:45:38 AM Starting new HTTPS connection (1): www.instagram.com:443
03/08/2022 02:45:39 AM https://www.instagram.com:443 "GET /p/58SPMTBMwr/ HTTP/1.1" 302 0
03/08/2022 02:45:39 AM Request Issued
03/08/2022 02:45:39 AM Blocked
03/08/2022 03:15:39 AM Starting new HTTPS connection (1): www.instagram.com:443
03/08/2022 03:15:39 AM https://www.instagram.com:443 "GET /p/58SPMTBMwr/ HTTP/1.1" 302 0
03/08/2022 03:15:39 AM Request Issued
03/08/2022 03:15:39 AM Blocked
03/08/2022 03:45:39 AM Starting new HTTPS connection (1): www.instagram.com:443
03/08/2022 03:45:40 AM https://www.instagram.com:443 "GET /p/58SPMTBMwr/ HTTP/1.1" 302 0
03/08/2022 03:45:40 AM Request Issued
03/08/2022 03:45:40 AM Blocked
03/08/2022 04:15:40 AM Starting new HTTPS connection (1): www.instagram.com:443
03/08/2022 04:15:40 AM https://www.instagram.com:443 "GET /p/58SPMTBMwr/ HTTP/1.1" 302 0
03/08/2022 04:15:40 AM Request Issued
03/08/2022 04:15:40 AM Blocked
03/08/2022 04:45:40 AM Starting new HTTPS connection (1): www.instagram.com:443
03/08/2022 04:45:40 AM https://www.instagram.com:443 "GET /p/58SPMTBMwr/ HTTP/1.1" 302 0
03/08/2022 04:45:40 AM Request Issued
03/08/2022 04:45:40 AM Blocked
03/08/2022 05:15:40 AM Starting new HTTPS connection (1): www.instagram.com:443
03/08/2022 05:15:41 AM https://www.instagram.com:443 "GET /p/58SPMTBMwr/ HTTP/1.1" 302 0
03/08/2022 05:15:41 AM Request Issued
03/08/2022 05:15:41 AM Blocked
03/08/2022 05:45:41 AM Starting new HTTPS connection (1): www.instagram.com:443
03/08/2022 05:45:41 AM https://www.instagram.com:443 "GET /p/58SPMTBMwr/ HTTP/1.1" 302 0
03/08/2022 05:45:41 AM Request Issued
03/08/2022 05:45:41 AM Blocked
03/08/2022 06:15:41 AM Starting new HTTPS connection (1): www.instagram.com:443
03/08/2022 06:15:41 AM https://www.instagram.com:443 "GET /p/58SPMTBMwr/ HTTP/1.1" 302 0
03/08/2022 06:15:41 AM Request Issued
03/08/2022 06:15:41 AM Blocked
03/08/2022 06:45:41 AM Starting new HTTPS connection (1): www.instagram.com:443
03/08/2022 06:45:41 AM https://www.instagram.com:443 "GET /p/58SPMTBMwr/ HTTP/1.1" 302 0
03/08/2022 06:45:41 AM Request Issued
03/08/2022 06:45:41 AM Blocked
03/08/2022 07:15:42 AM Starting new HTTPS connection (1): www.instagram.com:443
03/08/2022 07:15:43 AM https://www.instagram.com:443 "GET /p/58SPMTBMwr/ HTTP/1.1" 302 0
03/08/2022 07:15:43 AM Request Issued
03/08/2022 07:15:43 AM Blocked
03/08/2022 07:45:43 AM Starting new HTTPS connection (1): www.instagram.com:443
03/08/2022 07:45:43 AM https://www.instagram.com:443 "GET /p/58SPMTBMwr/ HTTP/1.1" 302 0
03/08/2022 07:45:43 AM Request Issued
03/08/2022 07:45:43 AM Blocked
03/08/2022 08:15:43 AM Starting new HTTPS connection (1): www.instagram.com:443
03/08/2022 08:15:43 AM https://www.instagram.com:443 "GET /p/58SPMTBMwr/ HTTP/1.1" 302 0
03/08/2022 08:15:43 AM Request Issued
03/08/2022 08:15:43 AM Blocked
03/08/2022 08:45:43 AM Starting new HTTPS connection (1): www.instagram.com:443
03/08/2022 08:45:43 AM https://www.instagram.com:443 "GET /p/58SPMTBMwr/ HTTP/1.1" 302 0
03/08/2022 08:45:43 AM Request Issued
03/08/2022 08:45:43 AM Blocked
03/08/2022 09:15:43 AM Starting new HTTPS connection (1): www.instagram.com:443
03/08/2022 09:15:44 AM https://www.instagram.com:443 "GET /p/58SPMTBMwr/ HTTP/1.1" 302 0
03/08/2022 09:15:44 AM Request Issued
03/08/2022 09:15:44 AM Blocked
03/08/2022 09:45:44 AM Starting new HTTPS connection (1): www.instagram.com:443
03/08/2022 09:45:44 AM https://www.instagram.com:443 "GET /p/58SPMTBMwr/ HTTP/1.1" 302 0
03/08/2022 09:45:44 AM Request Issued
03/08/2022 09:45:44 AM Blocked
03/08/2022 10:15:44 AM Starting new HTTPS connection (1): www.instagram.com:443
03/08/2022 10:15:44 AM https://www.instagram.com:443 "GET /p/58SPMTBMwr/ HTTP/1.1" 302 0
03/08/2022 10:15:44 AM Request Issued
03/08/2022 10:15:44 AM Blocked
03/08/2022 10:45:44 AM Starting new HTTPS connection (1): www.instagram.com:443
03/08/2022 10:45:44 AM https://www.instagram.com:443 "GET /p/58SPMTBMwr/ HTTP/1.1" 302 0
03/08/2022 10:45:44 AM Request Issued
03/08/2022 10:45:44 AM Blocked
03/08/2022 11:15:44 AM Starting new HTTPS connection (1): www.instagram.com:443
03/08/2022 11:15:45 AM https://www.instagram.com:443 "GET /p/58SPMTBMwr/ HTTP/1.1" 302 0
03/08/2022 11:15:45 AM Request Issued
03/08/2022 11:15:45 AM Blocked
03/08/2022 11:45:45 AM Starting new HTTPS connection (1): www.instagram.com:443
03/08/2022 11:45:45 AM https://www.instagram.com:443 "GET /p/58SPMTBMwr/ HTTP/1.1" 302 0
03/08/2022 11:45:45 AM Request Issued
03/08/2022 11:45:45 AM Blocked
03/08/2022 12:15:45 PM Starting new HTTPS connection (1): www.instagram.com:443
03/08/2022 12:15:45 PM https://www.instagram.com:443 "GET /p/58SPMTBMwr/ HTTP/1.1" 302 0
03/08/2022 12:15:45 PM Request Issued
03/08/2022 12:15:45 PM Blocked
03/08/2022 12:45:45 PM Starting new HTTPS connection (1): www.instagram.com:443
03/08/2022 12:45:45 PM https://www.instagram.com:443 "GET /p/58SPMTBMwr/ HTTP/1.1" 302 0
03/08/2022 12:45:45 PM Request Issued
03/08/2022 12:45:45 PM Blocked
03/08/2022 01:15:45 PM Starting new HTTPS connection (1): www.instagram.com:443
03/08/2022 01:15:46 PM https://www.instagram.com:443 "GET /p/58SPMTBMwr/ HTTP/1.1" 302 0
03/08/2022 01:15:46 PM Request Issued
03/08/2022 01:15:46 PM Blocked
03/08/2022 01:45:46 PM Starting new HTTPS connection (1): www.instagram.com:443
03/08/2022 01:45:46 PM https://www.instagram.com:443 "GET /p/58SPMTBMwr/ HTTP/1.1" 302 0
03/08/2022 01:45:46 PM Request Issued
03/08/2022 01:45:46 PM Blocked
03/08/2022 02:15:46 PM Starting new HTTPS connection (1): www.instagram.com:443
03/08/2022 02:15:46 PM https://www.instagram.com:443 "GET /p/58SPMTBMwr/ HTTP/1.1" 302 0
03/08/2022 02:15:46 PM Request Issued
03/08/2022 02:15:46 PM Blocked
03/08/2022 02:45:46 PM Starting new HTTPS connection (1): www.instagram.com:443
03/08/2022 02:45:47 PM https://www.instagram.com:443 "GET /p/58SPMTBMwr/ HTTP/1.1" 200 33559
03/08/2022 02:45:47 PM Request Issued
03/08/2022 02:45:47 PM Block ID: 6, Block period: 61210 seconds
03/08/2022 02:45:47 PM Blocked = False, Block period ended
03/08/2022 02:50:47 PM Starting new HTTPS connection (1): www.instagram.com:443
03/08/2022 02:50:47 PM https://www.instagram.com:443 "GET /p/5aJfRxuSwV/ HTTP/1.1" 302 0
03/08/2022 02:50:47 PM Request Issued
03/08/2022 02:50:47 PM Blocked
03/08/2022 02:50:47 PM Blocked = True, Entering the block period
03/08/2022 03:20:47 PM Starting new HTTPS connection (1): www.instagram.com:443
03/08/2022 03:20:47 PM https://www.instagram.com:443 "GET /p/5aJfRxuSwV/ HTTP/1.1" 302 0
03/08/2022 03:20:47 PM Request Issued
03/08/2022 03:20:47 PM Blocked
03/08/2022 03:50:48 PM Starting new HTTPS connection (1): www.instagram.com:443
03/08/2022 03:50:48 PM https://www.instagram.com:443 "GET /p/5aJfRxuSwV/ HTTP/1.1" 302 0
03/08/2022 03:50:48 PM Request Issued
03/08/2022 03:50:48 PM Blocked
03/08/2022 04:20:48 PM Starting new HTTPS connection (1): www.instagram.com:443
03/08/2022 04:20:48 PM https://www.instagram.com:443 "GET /p/5aJfRxuSwV/ HTTP/1.1" 302 0
03/08/2022 04:20:48 PM Request Issued
03/08/2022 04:20:48 PM Blocked
03/08/2022 04:50:48 PM Starting new HTTPS connection (1): www.instagram.com:443
03/08/2022 04:50:48 PM https://www.instagram.com:443 "GET /p/5aJfRxuSwV/ HTTP/1.1" 302 0
03/08/2022 04:50:48 PM Request Issued
03/08/2022 04:50:48 PM Blocked
03/08/2022 05:20:48 PM Starting new HTTPS connection (1): www.instagram.com:443
03/08/2022 05:20:48 PM https://www.instagram.com:443 "GET /p/5aJfRxuSwV/ HTTP/1.1" 302 0
03/08/2022 05:20:48 PM Request Issued
03/08/2022 05:20:48 PM Blocked
03/08/2022 05:50:48 PM Starting new HTTPS connection (1): www.instagram.com:443
03/08/2022 05:50:48 PM https://www.instagram.com:443 "GET /p/5aJfRxuSwV/ HTTP/1.1" 302 0
03/08/2022 05:50:48 PM Request Issued
03/08/2022 05:50:48 PM Blocked
03/08/2022 06:20:48 PM Starting new HTTPS connection (1): www.instagram.com:443
03/08/2022 06:20:49 PM https://www.instagram.com:443 "GET /p/5aJfRxuSwV/ HTTP/1.1" 302 0
03/08/2022 06:20:49 PM Request Issued
03/08/2022 06:20:49 PM Blocked
03/08/2022 06:50:49 PM Starting new HTTPS connection (1): www.instagram.com:443
03/08/2022 06:50:49 PM https://www.instagram.com:443 "GET /p/5aJfRxuSwV/ HTTP/1.1" 302 0
03/08/2022 06:50:49 PM Request Issued
03/08/2022 06:50:49 PM Blocked
03/08/2022 07:20:49 PM Starting new HTTPS connection (1): www.instagram.com:443
03/08/2022 07:20:49 PM https://www.instagram.com:443 "GET /p/5aJfRxuSwV/ HTTP/1.1" 302 0
03/08/2022 07:20:49 PM Request Issued
03/08/2022 07:20:49 PM Blocked
03/08/2022 07:50:49 PM Starting new HTTPS connection (1): www.instagram.com:443
03/08/2022 07:50:50 PM https://www.instagram.com:443 "GET /p/5aJfRxuSwV/ HTTP/1.1" 302 0
03/08/2022 07:50:50 PM Request Issued
03/08/2022 07:50:50 PM Blocked
03/08/2022 08:20:50 PM Starting new HTTPS connection (1): www.instagram.com:443
03/08/2022 08:20:50 PM https://www.instagram.com:443 "GET /p/5aJfRxuSwV/ HTTP/1.1" 200 33762
03/08/2022 08:20:50 PM Request Issued
03/08/2022 08:20:50 PM Block ID: 7, Block period: 19803 seconds
03/08/2022 08:20:50 PM Blocked = False, Block period ended
03/08/2022 08:25:51 PM Starting new HTTPS connection (1): www.instagram.com:443
03/08/2022 08:25:51 PM https://www.instagram.com:443 "GET /p/5ASTavExZF/ HTTP/1.1" 302 0
03/08/2022 08:25:51 PM Request Issued
03/08/2022 08:25:51 PM Blocked
03/08/2022 08:25:51 PM Blocked = True, Entering the block period
03/08/2022 08:55:51 PM Starting new HTTPS connection (1): www.instagram.com:443
03/08/2022 08:55:52 PM https://www.instagram.com:443 "GET /p/5ASTavExZF/ HTTP/1.1" 302 0
03/08/2022 08:55:52 PM Request Issued
03/08/2022 08:55:52 PM Blocked
03/08/2022 09:25:52 PM Starting new HTTPS connection (1): www.instagram.com:443
03/08/2022 09:25:52 PM https://www.instagram.com:443 "GET /p/5ASTavExZF/ HTTP/1.1" 404 90762
03/08/2022 09:25:52 PM Request Issued
03/08/2022 09:25:52 PM Block ID: 8, Block period: 3600 seconds
03/08/2022 09:25:52 PM Blocked = False, Block period ended
03/08/2022 09:30:53 PM Starting new HTTPS connection (1): www.instagram.com:443
03/08/2022 09:30:53 PM https://www.instagram.com:443 "GET /p/5azmCTojUs/ HTTP/1.1" 302 0
03/08/2022 09:30:53 PM Request Issued
03/08/2022 09:30:53 PM Blocked
03/08/2022 09:30:53 PM Blocked = True, Entering the block period
03/08/2022 10:00:53 PM Starting new HTTPS connection (1): www.instagram.com:443
03/08/2022 10:00:54 PM https://www.instagram.com:443 "GET /p/5azmCTojUs/ HTTP/1.1" 200 34442
03/08/2022 10:00:54 PM Request Issued
03/08/2022 10:00:54 PM Block ID: 9, Block period: 1800 seconds
03/08/2022 10:00:54 PM Blocked = False, Block period ended
03/08/2022 10:05:54 PM Starting new HTTPS connection (1): www.instagram.com:443
03/08/2022 10:05:54 PM https://www.instagram.com:443 "GET /p/5B8jnAoi5x/ HTTP/1.1" 302 0
03/08/2022 10:05:54 PM Request Issued
03/08/2022 10:05:54 PM Blocked
03/08/2022 10:05:54 PM Blocked = True, Entering the block period
03/08/2022 10:35:54 PM Starting new HTTPS connection (1): www.instagram.com:443
03/08/2022 10:35:55 PM https://www.instagram.com:443 "GET /p/5B8jnAoi5x/ HTTP/1.1" 302 0
03/08/2022 10:35:55 PM Request Issued
03/08/2022 10:35:55 PM Blocked
03/08/2022 11:05:55 PM Starting new HTTPS connection (1): www.instagram.com:443
03/08/2022 11:05:55 PM https://www.instagram.com:443 "GET /p/5B8jnAoi5x/ HTTP/1.1" 302 0
03/08/2022 11:05:55 PM Request Issued
03/08/2022 11:05:55 PM Blocked
03/08/2022 11:35:55 PM Starting new HTTPS connection (1): www.instagram.com:443
03/08/2022 11:35:55 PM https://www.instagram.com:443 "GET /p/5B8jnAoi5x/ HTTP/1.1" 302 0
03/08/2022 11:35:55 PM Request Issued
03/08/2022 11:35:55 PM Blocked
03/09/2022 12:05:55 AM Starting new HTTPS connection (1): www.instagram.com:443
03/09/2022 12:05:55 AM https://www.instagram.com:443 "GET /p/5B8jnAoi5x/ HTTP/1.1" 302 0
03/09/2022 12:05:55 AM Request Issued
03/09/2022 12:05:55 AM Blocked
03/09/2022 12:35:55 AM Starting new HTTPS connection (1): www.instagram.com:443
03/09/2022 12:35:56 AM https://www.instagram.com:443 "GET /p/5B8jnAoi5x/ HTTP/1.1" 302 0
03/09/2022 12:35:56 AM Request Issued
03/09/2022 12:35:56 AM Blocked
03/09/2022 01:05:56 AM Starting new HTTPS connection (1): www.instagram.com:443
03/09/2022 01:05:56 AM https://www.instagram.com:443 "GET /p/5B8jnAoi5x/ HTTP/1.1" 302 0
03/09/2022 01:05:56 AM Request Issued
03/09/2022 01:05:56 AM Blocked
03/09/2022 01:35:56 AM Starting new HTTPS connection (1): www.instagram.com:443
03/09/2022 01:35:56 AM https://www.instagram.com:443 "GET /p/5B8jnAoi5x/ HTTP/1.1" 302 0
03/09/2022 01:35:56 AM Request Issued
03/09/2022 01:35:56 AM Blocked
03/09/2022 02:05:56 AM Starting new HTTPS connection (1): www.instagram.com:443
03/09/2022 02:05:56 AM https://www.instagram.com:443 "GET /p/5B8jnAoi5x/ HTTP/1.1" 302 0
03/09/2022 02:05:56 AM Request Issued
03/09/2022 02:05:56 AM Blocked
03/09/2022 02:35:56 AM Starting new HTTPS connection (1): www.instagram.com:443
03/09/2022 02:35:57 AM https://www.instagram.com:443 "GET /p/5B8jnAoi5x/ HTTP/1.1" 302 0
03/09/2022 02:35:57 AM Request Issued
03/09/2022 02:35:57 AM Blocked
03/09/2022 03:05:57 AM Starting new HTTPS connection (1): www.instagram.com:443
03/09/2022 03:05:57 AM https://www.instagram.com:443 "GET /p/5B8jnAoi5x/ HTTP/1.1" 302 0
03/09/2022 03:05:57 AM Request Issued
03/09/2022 03:05:57 AM Blocked
03/09/2022 03:35:57 AM Starting new HTTPS connection (1): www.instagram.com:443
03/09/2022 03:35:57 AM https://www.instagram.com:443 "GET /p/5B8jnAoi5x/ HTTP/1.1" 302 0
03/09/2022 03:35:57 AM Request Issued
03/09/2022 03:35:57 AM Blocked
03/09/2022 04:05:57 AM Starting new HTTPS connection (1): www.instagram.com:443
03/09/2022 04:05:57 AM https://www.instagram.com:443 "GET /p/5B8jnAoi5x/ HTTP/1.1" 302 0
03/09/2022 04:05:57 AM Request Issued
03/09/2022 04:05:57 AM Blocked
03/09/2022 04:35:57 AM Starting new HTTPS connection (1): www.instagram.com:443
03/09/2022 04:35:57 AM https://www.instagram.com:443 "GET /p/5B8jnAoi5x/ HTTP/1.1" 302 0
03/09/2022 04:35:58 AM Request Issued
03/09/2022 04:35:58 AM Blocked
03/09/2022 05:05:58 AM Starting new HTTPS connection (1): www.instagram.com:443
03/09/2022 05:05:58 AM https://www.instagram.com:443 "GET /p/5B8jnAoi5x/ HTTP/1.1" 302 0
03/09/2022 05:05:58 AM Request Issued
03/09/2022 05:05:58 AM Blocked
03/09/2022 05:35:58 AM Starting new HTTPS connection (1): www.instagram.com:443
03/09/2022 05:35:58 AM https://www.instagram.com:443 "GET /p/5B8jnAoi5x/ HTTP/1.1" 302 0
03/09/2022 05:35:58 AM Request Issued
03/09/2022 05:35:58 AM Blocked
03/09/2022 06:05:58 AM Starting new HTTPS connection (1): www.instagram.com:443
03/09/2022 06:05:58 AM https://www.instagram.com:443 "GET /p/5B8jnAoi5x/ HTTP/1.1" 302 0
03/09/2022 06:05:58 AM Request Issued
03/09/2022 06:05:58 AM Blocked
03/09/2022 06:35:58 AM Starting new HTTPS connection (1): www.instagram.com:443
03/09/2022 06:35:59 AM https://www.instagram.com:443 "GET /p/5B8jnAoi5x/ HTTP/1.1" 302 0
03/09/2022 06:35:59 AM Request Issued
03/09/2022 06:35:59 AM Blocked
03/09/2022 07:05:59 AM Starting new HTTPS connection (1): www.instagram.com:443
03/09/2022 07:05:59 AM https://www.instagram.com:443 "GET /p/5B8jnAoi5x/ HTTP/1.1" 302 0
03/09/2022 07:05:59 AM Request Issued
03/09/2022 07:05:59 AM Blocked
03/09/2022 07:35:59 AM Starting new HTTPS connection (1): www.instagram.com:443
03/09/2022 07:35:59 AM https://www.instagram.com:443 "GET /p/5B8jnAoi5x/ HTTP/1.1" 302 0
03/09/2022 07:35:59 AM Request Issued
03/09/2022 07:35:59 AM Blocked
03/09/2022 08:05:59 AM Starting new HTTPS connection (1): www.instagram.com:443
03/09/2022 08:05:59 AM https://www.instagram.com:443 "GET /p/5B8jnAoi5x/ HTTP/1.1" 302 0
03/09/2022 08:05:59 AM Request Issued
03/09/2022 08:05:59 AM Blocked
03/09/2022 08:35:59 AM Starting new HTTPS connection (1): www.instagram.com:443
03/09/2022 08:36:00 AM https://www.instagram.com:443 "GET /p/5B8jnAoi5x/ HTTP/1.1" 302 0
03/09/2022 08:36:00 AM Request Issued
03/09/2022 08:36:00 AM Blocked
03/09/2022 09:06:00 AM Starting new HTTPS connection (1): www.instagram.com:443
03/09/2022 09:06:00 AM https://www.instagram.com:443 "GET /p/5B8jnAoi5x/ HTTP/1.1" 302 0
03/09/2022 09:06:00 AM Request Issued
03/09/2022 09:06:00 AM Blocked
03/09/2022 09:36:00 AM Starting new HTTPS connection (1): www.instagram.com:443
03/09/2022 09:36:00 AM https://www.instagram.com:443 "GET /p/5B8jnAoi5x/ HTTP/1.1" 302 0
03/09/2022 09:36:00 AM Request Issued
03/09/2022 09:36:00 AM Blocked
03/09/2022 10:06:00 AM Starting new HTTPS connection (1): www.instagram.com:443
03/09/2022 10:06:00 AM https://www.instagram.com:443 "GET /p/5B8jnAoi5x/ HTTP/1.1" 302 0
03/09/2022 10:06:00 AM Request Issued
03/09/2022 10:06:00 AM Blocked
03/09/2022 10:36:00 AM Starting new HTTPS connection (1): www.instagram.com:443
03/09/2022 10:36:01 AM https://www.instagram.com:443 "GET /p/5B8jnAoi5x/ HTTP/1.1" 302 0
03/09/2022 10:36:01 AM Request Issued
03/09/2022 10:36:01 AM Blocked
03/09/2022 11:06:01 AM Starting new HTTPS connection (1): www.instagram.com:443
03/09/2022 11:06:01 AM https://www.instagram.com:443 "GET /p/5B8jnAoi5x/ HTTP/1.1" 302 0
03/09/2022 11:06:01 AM Request Issued
03/09/2022 11:06:01 AM Blocked
03/09/2022 11:36:01 AM Starting new HTTPS connection (1): www.instagram.com:443
03/09/2022 11:36:01 AM https://www.instagram.com:443 "GET /p/5B8jnAoi5x/ HTTP/1.1" 302 0
03/09/2022 11:36:01 AM Request Issued
03/09/2022 11:36:01 AM Blocked
03/09/2022 12:06:01 PM Starting new HTTPS connection (1): www.instagram.com:443
03/09/2022 12:06:01 PM https://www.instagram.com:443 "GET /p/5B8jnAoi5x/ HTTP/1.1" 302 0
03/09/2022 12:06:01 PM Request Issued
03/09/2022 12:06:01 PM Blocked
03/09/2022 12:36:01 PM Starting new HTTPS connection (1): www.instagram.com:443
03/09/2022 12:36:02 PM https://www.instagram.com:443 "GET /p/5B8jnAoi5x/ HTTP/1.1" 302 0
03/09/2022 12:36:02 PM Request Issued
03/09/2022 12:36:02 PM Blocked
03/09/2022 01:06:02 PM Starting new HTTPS connection (1): www.instagram.com:443
03/09/2022 01:06:21 PM https://www.instagram.com:443 "GET /p/5B8jnAoi5x/ HTTP/1.1" 500 0
03/09/2022 01:06:21 PM Request Issued
03/09/2022 01:06:21 PM Block ID: 10, Block period: 54026 seconds
03/09/2022 01:06:21 PM Blocked = False, Block period ended
03/09/2022 01:11:21 PM Starting new HTTPS connection (1): www.instagram.com:443
03/09/2022 01:11:21 PM https://www.instagram.com:443 "GET /p/5Bh7yPJlsX/ HTTP/1.1" 302 0
03/09/2022 01:11:21 PM Request Issued
03/09/2022 01:11:21 PM Blocked
03/09/2022 01:11:21 PM Blocked = True, Entering the block period
03/09/2022 01:41:21 PM Starting new HTTPS connection (1): www.instagram.com:443
03/09/2022 01:41:21 PM https://www.instagram.com:443 "GET /p/5Bh7yPJlsX/ HTTP/1.1" 302 0
03/09/2022 01:41:21 PM Request Issued
03/09/2022 01:41:21 PM Blocked
03/09/2022 02:11:21 PM Starting new HTTPS connection (1): www.instagram.com:443
03/09/2022 02:11:21 PM https://www.instagram.com:443 "GET /p/5Bh7yPJlsX/ HTTP/1.1" 302 0
03/09/2022 02:11:21 PM Request Issued
03/09/2022 02:11:21 PM Blocked
03/09/2022 02:41:21 PM Starting new HTTPS connection (1): www.instagram.com:443
03/09/2022 02:41:22 PM https://www.instagram.com:443 "GET /p/5Bh7yPJlsX/ HTTP/1.1" 302 0
03/09/2022 02:41:22 PM Request Issued
03/09/2022 02:41:22 PM Blocked
03/09/2022 03:11:22 PM Starting new HTTPS connection (1): www.instagram.com:443
03/09/2022 03:11:22 PM https://www.instagram.com:443 "GET /p/5Bh7yPJlsX/ HTTP/1.1" 302 0
03/09/2022 03:11:22 PM Request Issued
03/09/2022 03:11:22 PM Blocked
03/09/2022 03:41:22 PM Starting new HTTPS connection (1): www.instagram.com:443
03/09/2022 03:41:22 PM https://www.instagram.com:443 "GET /p/5Bh7yPJlsX/ HTTP/1.1" 302 0
03/09/2022 03:41:22 PM Request Issued
03/09/2022 03:41:22 PM Blocked
03/09/2022 04:11:22 PM Starting new HTTPS connection (1): www.instagram.com:443
03/09/2022 04:11:22 PM https://www.instagram.com:443 "GET /p/5Bh7yPJlsX/ HTTP/1.1" 302 0
03/09/2022 04:11:22 PM Request Issued
03/09/2022 04:11:22 PM Blocked
03/09/2022 04:41:22 PM Starting new HTTPS connection (1): www.instagram.com:443
03/09/2022 04:41:23 PM https://www.instagram.com:443 "GET /p/5Bh7yPJlsX/ HTTP/1.1" 404 90176
03/09/2022 04:41:23 PM Request Issued
03/09/2022 04:41:23 PM Block ID: 11, Block period: 12602 seconds
03/09/2022 04:41:23 PM Blocked = False, Block period ended
03/09/2022 04:46:24 PM Starting new HTTPS connection (1): www.instagram.com:443
03/09/2022 04:46:24 PM https://www.instagram.com:443 "GET /p/5BoJNNDePH/ HTTP/1.1" 302 0
03/09/2022 04:46:24 PM Request Issued
03/09/2022 04:46:24 PM Blocked
03/09/2022 04:46:24 PM Blocked = True, Entering the block period
03/09/2022 05:16:24 PM Starting new HTTPS connection (1): www.instagram.com:443
03/09/2022 05:16:25 PM https://www.instagram.com:443 "GET /p/5BoJNNDePH/ HTTP/1.1" 302 0
03/09/2022 05:16:25 PM Request Issued
03/09/2022 05:16:25 PM Blocked
03/09/2022 05:46:25 PM Starting new HTTPS connection (1): www.instagram.com:443
03/09/2022 05:46:25 PM https://www.instagram.com:443 "GET /p/5BoJNNDePH/ HTTP/1.1" 302 0
03/09/2022 05:46:25 PM Request Issued
03/09/2022 05:46:25 PM Blocked
03/09/2022 06:16:25 PM Starting new HTTPS connection (1): www.instagram.com:443
03/09/2022 06:16:25 PM https://www.instagram.com:443 "GET /p/5BoJNNDePH/ HTTP/1.1" 302 0
03/09/2022 06:16:25 PM Request Issued
03/09/2022 06:16:25 PM Blocked
03/09/2022 06:46:25 PM Starting new HTTPS connection (1): www.instagram.com:443
03/09/2022 06:46:25 PM https://www.instagram.com:443 "GET /p/5BoJNNDePH/ HTTP/1.1" 302 0
03/09/2022 06:46:25 PM Request Issued
03/09/2022 06:46:25 PM Blocked
03/09/2022 07:16:25 PM Starting new HTTPS connection (1): www.instagram.com:443
03/09/2022 07:16:26 PM https://www.instagram.com:443 "GET /p/5BoJNNDePH/ HTTP/1.1" 302 0
03/09/2022 07:16:26 PM Request Issued
03/09/2022 07:16:26 PM Blocked
03/09/2022 07:46:26 PM Starting new HTTPS connection (1): www.instagram.com:443
03/09/2022 07:46:26 PM https://www.instagram.com:443 "GET /p/5BoJNNDePH/ HTTP/1.1" 302 0
03/09/2022 07:46:26 PM Request Issued
03/09/2022 07:46:26 PM Blocked
03/09/2022 08:16:26 PM Starting new HTTPS connection (1): www.instagram.com:443
03/09/2022 08:16:26 PM https://www.instagram.com:443 "GET /p/5BoJNNDePH/ HTTP/1.1" 302 0
03/09/2022 08:16:26 PM Request Issued
03/09/2022 08:16:26 PM Blocked
03/09/2022 08:46:26 PM Starting new HTTPS connection (1): www.instagram.com:443
03/09/2022 08:46:26 PM https://www.instagram.com:443 "GET /p/5BoJNNDePH/ HTTP/1.1" 302 0
03/09/2022 08:46:26 PM Request Issued
03/09/2022 08:46:26 PM Blocked
03/09/2022 09:16:26 PM Starting new HTTPS connection (1): www.instagram.com:443
03/09/2022 09:16:27 PM https://www.instagram.com:443 "GET /p/5BoJNNDePH/ HTTP/1.1" 302 0
03/09/2022 09:16:27 PM Request Issued
03/09/2022 09:16:27 PM Blocked
03/09/2022 09:46:27 PM Starting new HTTPS connection (1): www.instagram.com:443
03/09/2022 09:46:27 PM https://www.instagram.com:443 "GET /p/5BoJNNDePH/ HTTP/1.1" 302 0
03/09/2022 09:46:27 PM Request Issued
03/09/2022 09:46:27 PM Blocked
03/09/2022 10:16:27 PM Starting new HTTPS connection (1): www.instagram.com:443
03/09/2022 10:16:27 PM https://www.instagram.com:443 "GET /p/5BoJNNDePH/ HTTP/1.1" 302 0
03/09/2022 10:16:27 PM Request Issued
03/09/2022 10:16:27 PM Blocked
03/09/2022 10:46:27 PM Starting new HTTPS connection (1): www.instagram.com:443
03/09/2022 10:46:27 PM https://www.instagram.com:443 "GET /p/5BoJNNDePH/ HTTP/1.1" 302 0
03/09/2022 10:46:27 PM Request Issued
03/09/2022 10:46:27 PM Blocked
03/09/2022 11:16:27 PM Starting new HTTPS connection (1): www.instagram.com:443
03/09/2022 11:16:27 PM https://www.instagram.com:443 "GET /p/5BoJNNDePH/ HTTP/1.1" 302 0
03/09/2022 11:16:27 PM Request Issued
03/09/2022 11:16:27 PM Blocked
03/09/2022 11:46:27 PM Starting new HTTPS connection (1): www.instagram.com:443
03/09/2022 11:46:28 PM https://www.instagram.com:443 "GET /p/5BoJNNDePH/ HTTP/1.1" 302 0
03/09/2022 11:46:28 PM Request Issued
03/09/2022 11:46:28 PM Blocked
03/10/2022 12:16:28 AM Starting new HTTPS connection (1): www.instagram.com:443
03/10/2022 12:16:28 AM https://www.instagram.com:443 "GET /p/5BoJNNDePH/ HTTP/1.1" 302 0
03/10/2022 12:16:28 AM Request Issued
03/10/2022 12:16:28 AM Blocked
03/10/2022 12:46:28 AM Starting new HTTPS connection (1): www.instagram.com:443
03/10/2022 12:46:28 AM https://www.instagram.com:443 "GET /p/5BoJNNDePH/ HTTP/1.1" 302 0
03/10/2022 12:46:28 AM Request Issued
03/10/2022 12:46:28 AM Blocked
03/10/2022 01:16:28 AM Starting new HTTPS connection (1): www.instagram.com:443
03/10/2022 01:16:28 AM https://www.instagram.com:443 "GET /p/5BoJNNDePH/ HTTP/1.1" 302 0
03/10/2022 01:16:28 AM Request Issued
03/10/2022 01:16:28 AM Blocked
03/10/2022 01:46:28 AM Starting new HTTPS connection (1): www.instagram.com:443
03/10/2022 01:46:29 AM https://www.instagram.com:443 "GET /p/5BoJNNDePH/ HTTP/1.1" 302 0
03/10/2022 01:46:29 AM Request Issued
03/10/2022 01:46:29 AM Blocked
03/10/2022 02:16:29 AM Starting new HTTPS connection (1): www.instagram.com:443
03/10/2022 02:16:29 AM https://www.instagram.com:443 "GET /p/5BoJNNDePH/ HTTP/1.1" 302 0
03/10/2022 02:16:29 AM Request Issued
03/10/2022 02:16:29 AM Blocked
03/10/2022 02:46:29 AM Starting new HTTPS connection (1): www.instagram.com:443
03/10/2022 02:46:29 AM https://www.instagram.com:443 "GET /p/5BoJNNDePH/ HTTP/1.1" 302 0
03/10/2022 02:46:29 AM Request Issued
03/10/2022 02:46:29 AM Blocked
03/10/2022 03:16:29 AM Starting new HTTPS connection (1): www.instagram.com:443
03/10/2022 03:16:29 AM https://www.instagram.com:443 "GET /p/5BoJNNDePH/ HTTP/1.1" 302 0
03/10/2022 03:16:29 AM Request Issued
03/10/2022 03:16:29 AM Blocked
03/10/2022 03:46:29 AM Starting new HTTPS connection (1): www.instagram.com:443
03/10/2022 03:46:30 AM https://www.instagram.com:443 "GET /p/5BoJNNDePH/ HTTP/1.1" 302 0
03/10/2022 03:46:30 AM Request Issued
03/10/2022 03:46:30 AM Blocked
03/10/2022 04:16:30 AM Starting new HTTPS connection (1): www.instagram.com:443
03/10/2022 04:16:30 AM https://www.instagram.com:443 "GET /p/5BoJNNDePH/ HTTP/1.1" 302 0
03/10/2022 04:16:30 AM Request Issued
03/10/2022 04:16:30 AM Blocked
03/10/2022 04:46:30 AM Starting new HTTPS connection (1): www.instagram.com:443
03/10/2022 04:46:30 AM https://www.instagram.com:443 "GET /p/5BoJNNDePH/ HTTP/1.1" 302 0
03/10/2022 04:46:30 AM Request Issued
03/10/2022 04:46:30 AM Blocked
03/10/2022 05:16:30 AM Starting new HTTPS connection (1): www.instagram.com:443
03/10/2022 05:16:30 AM https://www.instagram.com:443 "GET /p/5BoJNNDePH/ HTTP/1.1" 302 0
03/10/2022 05:16:30 AM Request Issued
03/10/2022 05:16:30 AM Blocked
03/10/2022 05:46:30 AM Starting new HTTPS connection (1): www.instagram.com:443
03/10/2022 05:46:30 AM https://www.instagram.com:443 "GET /p/5BoJNNDePH/ HTTP/1.1" 302 0
03/10/2022 05:46:30 AM Request Issued
03/10/2022 05:46:30 AM Blocked
03/10/2022 06:16:30 AM Starting new HTTPS connection (1): www.instagram.com:443
03/10/2022 06:16:31 AM https://www.instagram.com:443 "GET /p/5BoJNNDePH/ HTTP/1.1" 302 0
03/10/2022 06:16:31 AM Request Issued
03/10/2022 06:16:31 AM Blocked
03/10/2022 06:46:31 AM Starting new HTTPS connection (1): www.instagram.com:443
03/10/2022 06:46:31 AM https://www.instagram.com:443 "GET /p/5BoJNNDePH/ HTTP/1.1" 302 0
03/10/2022 06:46:31 AM Request Issued
03/10/2022 06:46:31 AM Blocked
03/10/2022 07:16:31 AM Starting new HTTPS connection (1): www.instagram.com:443
03/10/2022 07:16:31 AM https://www.instagram.com:443 "GET /p/5BoJNNDePH/ HTTP/1.1" 302 0
03/10/2022 07:16:31 AM Request Issued
03/10/2022 07:16:31 AM Blocked
03/10/2022 07:46:31 AM Starting new HTTPS connection (1): www.instagram.com:443
03/10/2022 07:46:31 AM https://www.instagram.com:443 "GET /p/5BoJNNDePH/ HTTP/1.1" 302 0
03/10/2022 07:46:31 AM Request Issued
03/10/2022 07:46:31 AM Blocked
03/10/2022 08:16:31 AM Starting new HTTPS connection (1): www.instagram.com:443
03/10/2022 08:16:31 AM https://www.instagram.com:443 "GET /p/5BoJNNDePH/ HTTP/1.1" 302 0
03/10/2022 08:16:31 AM Request Issued
03/10/2022 08:16:31 AM Blocked
03/10/2022 08:46:32 AM Starting new HTTPS connection (1): www.instagram.com:443
03/10/2022 08:46:32 AM https://www.instagram.com:443 "GET /p/5BoJNNDePH/ HTTP/1.1" 302 0
03/10/2022 08:46:32 AM Request Issued
03/10/2022 08:46:32 AM Blocked
03/10/2022 09:16:32 AM Starting new HTTPS connection (1): www.instagram.com:443
03/10/2022 09:16:32 AM https://www.instagram.com:443 "GET /p/5BoJNNDePH/ HTTP/1.1" 302 0
03/10/2022 09:16:32 AM Request Issued
03/10/2022 09:16:32 AM Blocked
03/10/2022 09:46:32 AM Starting new HTTPS connection (1): www.instagram.com:443
03/10/2022 09:46:32 AM https://www.instagram.com:443 "GET /p/5BoJNNDePH/ HTTP/1.1" 302 0
03/10/2022 09:46:32 AM Request Issued
03/10/2022 09:46:32 AM Blocked
03/10/2022 10:16:32 AM Starting new HTTPS connection (1): www.instagram.com:443
03/10/2022 10:16:32 AM https://www.instagram.com:443 "GET /p/5BoJNNDePH/ HTTP/1.1" 302 0
03/10/2022 10:16:32 AM Request Issued
03/10/2022 10:16:32 AM Blocked
03/10/2022 10:46:32 AM Starting new HTTPS connection (1): www.instagram.com:443
03/10/2022 10:46:33 AM https://www.instagram.com:443 "GET /p/5BoJNNDePH/ HTTP/1.1" 302 0
03/10/2022 10:46:33 AM Request Issued
03/10/2022 10:46:33 AM Blocked
03/10/2022 11:16:33 AM Starting new HTTPS connection (1): www.instagram.com:443
03/10/2022 11:16:33 AM https://www.instagram.com:443 "GET /p/5BoJNNDePH/ HTTP/1.1" 302 0
03/10/2022 11:16:33 AM Request Issued
03/10/2022 11:16:33 AM Blocked
03/10/2022 11:46:33 AM Starting new HTTPS connection (1): www.instagram.com:443
03/10/2022 11:46:33 AM https://www.instagram.com:443 "GET /p/5BoJNNDePH/ HTTP/1.1" 302 0
03/10/2022 11:46:33 AM Request Issued
03/10/2022 11:46:33 AM Blocked
03/10/2022 12:16:33 PM Starting new HTTPS connection (1): www.instagram.com:443
03/10/2022 12:16:33 PM https://www.instagram.com:443 "GET /p/5BoJNNDePH/ HTTP/1.1" 302 0
03/10/2022 12:16:33 PM Request Issued
03/10/2022 12:16:33 PM Blocked
03/10/2022 12:46:34 PM Starting new HTTPS connection (1): www.instagram.com:443
03/10/2022 12:46:34 PM https://www.instagram.com:443 "GET /p/5BoJNNDePH/ HTTP/1.1" 302 0
03/10/2022 12:46:34 PM Request Issued
03/10/2022 12:46:34 PM Blocked
03/10/2022 01:16:34 PM Starting new HTTPS connection (1): www.instagram.com:443
03/10/2022 01:16:34 PM https://www.instagram.com:443 "GET /p/5BoJNNDePH/ HTTP/1.1" 302 0
03/10/2022 01:16:34 PM Request Issued
03/10/2022 01:16:34 PM Blocked
03/10/2022 01:46:34 PM Starting new HTTPS connection (1): www.instagram.com:443
03/10/2022 01:46:34 PM https://www.instagram.com:443 "GET /p/5BoJNNDePH/ HTTP/1.1" 302 0
03/10/2022 01:46:34 PM Request Issued
03/10/2022 01:46:34 PM Blocked
03/10/2022 02:16:34 PM Starting new HTTPS connection (1): www.instagram.com:443
03/10/2022 02:16:35 PM https://www.instagram.com:443 "GET /p/5BoJNNDePH/ HTTP/1.1" 302 0
03/10/2022 02:16:35 PM Request Issued
03/10/2022 02:16:35 PM Blocked
03/10/2022 02:46:35 PM Starting new HTTPS connection (1): www.instagram.com:443
03/10/2022 02:46:35 PM https://www.instagram.com:443 "GET /p/5BoJNNDePH/ HTTP/1.1" 302 0
03/10/2022 02:46:35 PM Request Issued
03/10/2022 02:46:35 PM Blocked
03/10/2022 03:16:35 PM Starting new HTTPS connection (1): www.instagram.com:443
03/10/2022 03:16:35 PM https://www.instagram.com:443 "GET /p/5BoJNNDePH/ HTTP/1.1" 302 0
03/10/2022 03:16:35 PM Request Issued
03/10/2022 03:16:35 PM Blocked
03/10/2022 03:46:35 PM Starting new HTTPS connection (1): www.instagram.com:443
03/10/2022 03:46:35 PM https://www.instagram.com:443 "GET /p/5BoJNNDePH/ HTTP/1.1" 302 0
03/10/2022 03:46:35 PM Request Issued
03/10/2022 03:46:35 PM Blocked
03/10/2022 04:16:35 PM Starting new HTTPS connection (1): www.instagram.com:443
03/10/2022 04:16:36 PM https://www.instagram.com:443 "GET /p/5BoJNNDePH/ HTTP/1.1" 302 0
03/10/2022 04:16:36 PM Request Issued
03/10/2022 04:16:36 PM Blocked
03/10/2022 04:46:36 PM Starting new HTTPS connection (1): www.instagram.com:443
03/10/2022 04:46:36 PM https://www.instagram.com:443 "GET /p/5BoJNNDePH/ HTTP/1.1" 302 0
03/10/2022 04:46:36 PM Request Issued
03/10/2022 04:46:36 PM Blocked
03/10/2022 05:16:36 PM Starting new HTTPS connection (1): www.instagram.com:443
03/10/2022 05:16:36 PM https://www.instagram.com:443 "GET /p/5BoJNNDePH/ HTTP/1.1" 302 0
03/10/2022 05:16:36 PM Request Issued
03/10/2022 05:16:36 PM Blocked
03/10/2022 05:46:36 PM Starting new HTTPS connection (1): www.instagram.com:443
03/10/2022 05:46:36 PM https://www.instagram.com:443 "GET /p/5BoJNNDePH/ HTTP/1.1" 302 0
03/10/2022 05:46:36 PM Request Issued
03/10/2022 05:46:36 PM Blocked
03/10/2022 06:16:36 PM Starting new HTTPS connection (1): www.instagram.com:443
03/10/2022 06:16:37 PM https://www.instagram.com:443 "GET /p/5BoJNNDePH/ HTTP/1.1" 302 0
03/10/2022 06:16:37 PM Request Issued
03/10/2022 06:16:37 PM Blocked
03/10/2022 06:46:37 PM Starting new HTTPS connection (1): www.instagram.com:443
03/10/2022 06:46:37 PM https://www.instagram.com:443 "GET /p/5BoJNNDePH/ HTTP/1.1" 302 0
03/10/2022 06:46:37 PM Request Issued
03/10/2022 06:46:37 PM Blocked
03/10/2022 07:16:37 PM Starting new HTTPS connection (1): www.instagram.com:443
03/10/2022 07:16:37 PM https://www.instagram.com:443 "GET /p/5BoJNNDePH/ HTTP/1.1" 302 0
03/10/2022 07:16:37 PM Request Issued
03/10/2022 07:16:37 PM Blocked
03/10/2022 07:46:37 PM Starting new HTTPS connection (1): www.instagram.com:443
03/10/2022 07:46:37 PM https://www.instagram.com:443 "GET /p/5BoJNNDePH/ HTTP/1.1" 302 0
03/10/2022 07:46:37 PM Request Issued
03/10/2022 07:46:37 PM Blocked
03/10/2022 08:16:37 PM Starting new HTTPS connection (1): www.instagram.com:443
03/10/2022 08:16:38 PM https://www.instagram.com:443 "GET /p/5BoJNNDePH/ HTTP/1.1" 302 0
03/10/2022 08:16:38 PM Request Issued
03/10/2022 08:16:38 PM Blocked
03/10/2022 08:46:38 PM Starting new HTTPS connection (1): www.instagram.com:443
03/10/2022 08:46:38 PM https://www.instagram.com:443 "GET /p/5BoJNNDePH/ HTTP/1.1" 302 0
03/10/2022 08:46:38 PM Request Issued
03/10/2022 08:46:38 PM Blocked
03/10/2022 09:16:38 PM Starting new HTTPS connection (1): www.instagram.com:443
03/10/2022 09:16:38 PM https://www.instagram.com:443 "GET /p/5BoJNNDePH/ HTTP/1.1" 302 0
03/10/2022 09:16:38 PM Request Issued
03/10/2022 09:16:38 PM Blocked
03/10/2022 09:46:38 PM Starting new HTTPS connection (1): www.instagram.com:443
03/10/2022 09:46:38 PM https://www.instagram.com:443 "GET /p/5BoJNNDePH/ HTTP/1.1" 302 0
03/10/2022 09:46:38 PM Request Issued
03/10/2022 09:46:38 PM Blocked
03/10/2022 10:16:38 PM Starting new HTTPS connection (1): www.instagram.com:443
03/10/2022 10:16:39 PM https://www.instagram.com:443 "GET /p/5BoJNNDePH/ HTTP/1.1" 302 0
03/10/2022 10:16:39 PM Request Issued
03/10/2022 10:16:39 PM Blocked
03/10/2022 10:46:39 PM Starting new HTTPS connection (1): www.instagram.com:443
03/10/2022 10:46:39 PM https://www.instagram.com:443 "GET /p/5BoJNNDePH/ HTTP/1.1" 302 0
03/10/2022 10:46:39 PM Request Issued
03/10/2022 10:46:39 PM Blocked
03/10/2022 11:16:39 PM Starting new HTTPS connection (1): www.instagram.com:443
03/10/2022 11:16:39 PM https://www.instagram.com:443 "GET /p/5BoJNNDePH/ HTTP/1.1" 404 90067
03/10/2022 11:16:39 PM Request Issued
03/10/2022 11:16:39 PM Block ID: 12, Block period: 23414 seconds
03/10/2022 11:16:39 PM Blocked = False, Block period ended
03/10/2022 11:21:40 PM Starting new HTTPS connection (1): www.instagram.com:443
03/10/2022 11:21:40 PM https://www.instagram.com:443 "GET /p/5c9pEOsZZk/ HTTP/1.1" 302 0
03/10/2022 11:21:40 PM Request Issued
03/10/2022 11:21:40 PM Blocked
03/10/2022 11:21:40 PM Blocked = True, Entering the block period
03/10/2022 11:51:40 PM Starting new HTTPS connection (1): www.instagram.com:443
03/10/2022 11:51:41 PM https://www.instagram.com:443 "GET /p/5c9pEOsZZk/ HTTP/1.1" 302 0
03/10/2022 11:51:41 PM Request Issued
03/10/2022 11:51:41 PM Blocked
03/11/2022 12:21:41 AM Starting new HTTPS connection (1): www.instagram.com:443
03/11/2022 12:21:41 AM https://www.instagram.com:443 "GET /p/5c9pEOsZZk/ HTTP/1.1" 302 0
03/11/2022 12:21:41 AM Request Issued
03/11/2022 12:21:41 AM Blocked
03/11/2022 12:51:41 AM Starting new HTTPS connection (1): www.instagram.com:443
03/11/2022 12:51:41 AM https://www.instagram.com:443 "GET /p/5c9pEOsZZk/ HTTP/1.1" 302 0
03/11/2022 12:51:41 AM Request Issued
03/11/2022 12:51:41 AM Blocked
03/11/2022 01:21:41 AM Starting new HTTPS connection (1): www.instagram.com:443
03/11/2022 01:21:41 AM https://www.instagram.com:443 "GET /p/5c9pEOsZZk/ HTTP/1.1" 302 0
03/11/2022 01:21:41 AM Request Issued
03/11/2022 01:21:41 AM Blocked
03/11/2022 01:51:41 AM Starting new HTTPS connection (1): www.instagram.com:443
03/11/2022 01:51:42 AM https://www.instagram.com:443 "GET /p/5c9pEOsZZk/ HTTP/1.1" 302 0
03/11/2022 01:51:42 AM Request Issued
03/11/2022 01:51:42 AM Blocked
03/11/2022 02:21:42 AM Starting new HTTPS connection (1): www.instagram.com:443
03/11/2022 02:21:42 AM https://www.instagram.com:443 "GET /p/5c9pEOsZZk/ HTTP/1.1" 302 0
03/11/2022 02:21:42 AM Request Issued
03/11/2022 02:21:42 AM Blocked
03/11/2022 02:51:42 AM Starting new HTTPS connection (1): www.instagram.com:443
03/11/2022 02:51:42 AM https://www.instagram.com:443 "GET /p/5c9pEOsZZk/ HTTP/1.1" 302 0
03/11/2022 02:51:42 AM Request Issued
03/11/2022 02:51:42 AM Blocked
03/11/2022 03:21:42 AM Starting new HTTPS connection (1): www.instagram.com:443
03/11/2022 03:21:42 AM https://www.instagram.com:443 "GET /p/5c9pEOsZZk/ HTTP/1.1" 302 0
03/11/2022 03:21:42 AM Request Issued
03/11/2022 03:21:42 AM Blocked
03/11/2022 03:51:43 AM Starting new HTTPS connection (1): www.instagram.com:443
03/11/2022 03:51:43 AM https://www.instagram.com:443 "GET /p/5c9pEOsZZk/ HTTP/1.1" 302 0
03/11/2022 03:51:43 AM Request Issued
03/11/2022 03:51:43 AM Blocked
03/11/2022 04:21:43 AM Starting new HTTPS connection (1): www.instagram.com:443
03/11/2022 04:21:43 AM https://www.instagram.com:443 "GET /p/5c9pEOsZZk/ HTTP/1.1" 302 0
03/11/2022 04:21:43 AM Request Issued
03/11/2022 04:21:43 AM Blocked
03/11/2022 04:51:43 AM Starting new HTTPS connection (1): www.instagram.com:443
03/11/2022 04:51:43 AM https://www.instagram.com:443 "GET /p/5c9pEOsZZk/ HTTP/1.1" 302 0
03/11/2022 04:51:43 AM Request Issued
03/11/2022 04:51:43 AM Blocked
03/11/2022 05:21:43 AM Starting new HTTPS connection (1): www.instagram.com:443
03/11/2022 05:21:43 AM https://www.instagram.com:443 "GET /p/5c9pEOsZZk/ HTTP/1.1" 302 0
03/11/2022 05:21:43 AM Request Issued
03/11/2022 05:21:43 AM Blocked
03/11/2022 05:51:43 AM Starting new HTTPS connection (1): www.instagram.com:443
03/11/2022 05:51:44 AM https://www.instagram.com:443 "GET /p/5c9pEOsZZk/ HTTP/1.1" 302 0
03/11/2022 05:51:44 AM Request Issued
03/11/2022 05:51:44 AM Blocked
03/11/2022 06:21:44 AM Starting new HTTPS connection (1): www.instagram.com:443
03/11/2022 06:21:44 AM https://www.instagram.com:443 "GET /p/5c9pEOsZZk/ HTTP/1.1" 302 0
03/11/2022 06:21:44 AM Request Issued
03/11/2022 06:21:44 AM Blocked
03/11/2022 06:51:44 AM Starting new HTTPS connection (1): www.instagram.com:443
03/11/2022 06:51:44 AM https://www.instagram.com:443 "GET /p/5c9pEOsZZk/ HTTP/1.1" 302 0
03/11/2022 06:51:44 AM Request Issued
03/11/2022 06:51:44 AM Blocked
03/11/2022 07:21:44 AM Starting new HTTPS connection (1): www.instagram.com:443
03/11/2022 07:21:44 AM https://www.instagram.com:443 "GET /p/5c9pEOsZZk/ HTTP/1.1" 302 0
03/11/2022 07:21:44 AM Request Issued
03/11/2022 07:21:44 AM Blocked
03/11/2022 07:51:45 AM Starting new HTTPS connection (1): www.instagram.com:443
03/11/2022 07:51:45 AM https://www.instagram.com:443 "GET /p/5c9pEOsZZk/ HTTP/1.1" 302 0
03/11/2022 07:51:45 AM Request Issued
03/11/2022 07:51:45 AM Blocked
03/11/2022 08:21:45 AM Starting new HTTPS connection (1): www.instagram.com:443
03/11/2022 08:21:45 AM https://www.instagram.com:443 "GET /p/5c9pEOsZZk/ HTTP/1.1" 302 0
03/11/2022 08:21:45 AM Request Issued
03/11/2022 08:21:45 AM Blocked
03/11/2022 08:51:45 AM Starting new HTTPS connection (1): www.instagram.com:443
03/11/2022 08:51:45 AM https://www.instagram.com:443 "GET /p/5c9pEOsZZk/ HTTP/1.1" 302 0
03/11/2022 08:51:45 AM Request Issued
03/11/2022 08:51:45 AM Blocked
03/11/2022 09:21:45 AM Starting new HTTPS connection (1): www.instagram.com:443
03/11/2022 09:21:46 AM https://www.instagram.com:443 "GET /p/5c9pEOsZZk/ HTTP/1.1" 302 0
03/11/2022 09:21:46 AM Request Issued
03/11/2022 09:21:46 AM Blocked
03/11/2022 09:51:46 AM Starting new HTTPS connection (1): www.instagram.com:443
03/11/2022 09:51:46 AM https://www.instagram.com:443 "GET /p/5c9pEOsZZk/ HTTP/1.1" 302 0
03/11/2022 09:51:46 AM Request Issued
03/11/2022 09:51:46 AM Blocked
03/11/2022 10:21:46 AM Starting new HTTPS connection (1): www.instagram.com:443
03/11/2022 10:21:46 AM https://www.instagram.com:443 "GET /p/5c9pEOsZZk/ HTTP/1.1" 302 0
03/11/2022 10:21:46 AM Request Issued
03/11/2022 10:21:46 AM Blocked
03/11/2022 10:51:46 AM Starting new HTTPS connection (1): www.instagram.com:443
03/11/2022 10:51:46 AM https://www.instagram.com:443 "GET /p/5c9pEOsZZk/ HTTP/1.1" 302 0
03/11/2022 10:51:46 AM Request Issued
03/11/2022 10:51:46 AM Blocked
03/11/2022 11:21:46 AM Starting new HTTPS connection (1): www.instagram.com:443
03/11/2022 11:21:46 AM https://www.instagram.com:443 "GET /p/5c9pEOsZZk/ HTTP/1.1" 302 0
03/11/2022 11:21:47 AM Request Issued
03/11/2022 11:21:47 AM Blocked
03/11/2022 11:51:47 AM Starting new HTTPS connection (1): www.instagram.com:443
03/11/2022 11:51:47 AM https://www.instagram.com:443 "GET /p/5c9pEOsZZk/ HTTP/1.1" 302 0
03/11/2022 11:51:47 AM Request Issued
03/11/2022 11:51:47 AM Blocked
03/11/2022 12:21:47 PM Starting new HTTPS connection (1): www.instagram.com:443
03/11/2022 12:21:47 PM https://www.instagram.com:443 "GET /p/5c9pEOsZZk/ HTTP/1.1" 302 0
03/11/2022 12:21:47 PM Request Issued
03/11/2022 12:21:47 PM Blocked
03/11/2022 12:51:47 PM Starting new HTTPS connection (1): www.instagram.com:443
03/11/2022 12:51:48 PM https://www.instagram.com:443 "GET /p/5c9pEOsZZk/ HTTP/1.1" 302 0
03/11/2022 12:51:48 PM Request Issued
03/11/2022 12:51:48 PM Blocked
03/11/2022 01:21:48 PM Starting new HTTPS connection (1): www.instagram.com:443
03/11/2022 01:21:48 PM https://www.instagram.com:443 "GET /p/5c9pEOsZZk/ HTTP/1.1" 302 0
03/11/2022 01:21:48 PM Request Issued
03/11/2022 01:21:48 PM Blocked
03/11/2022 01:51:48 PM Starting new HTTPS connection (1): www.instagram.com:443
03/11/2022 01:51:49 PM https://www.instagram.com:443 "GET /p/5c9pEOsZZk/ HTTP/1.1" 302 0
03/11/2022 01:51:49 PM Request Issued
03/11/2022 01:51:49 PM Blocked
03/11/2022 02:21:49 PM Starting new HTTPS connection (1): www.instagram.com:443
03/11/2022 02:21:49 PM https://www.instagram.com:443 "GET /p/5c9pEOsZZk/ HTTP/1.1" 302 0
03/11/2022 02:21:49 PM Request Issued
03/11/2022 02:21:49 PM Blocked
03/11/2022 02:51:49 PM Starting new HTTPS connection (1): www.instagram.com:443
03/11/2022 02:51:50 PM https://www.instagram.com:443 "GET /p/5c9pEOsZZk/ HTTP/1.1" 302 0
03/11/2022 02:51:50 PM Request Issued
03/11/2022 02:51:50 PM Blocked
03/11/2022 03:21:50 PM Starting new HTTPS connection (1): www.instagram.com:443
03/11/2022 03:21:50 PM https://www.instagram.com:443 "GET /p/5c9pEOsZZk/ HTTP/1.1" 302 0
03/11/2022 03:21:50 PM Request Issued
03/11/2022 03:21:50 PM Blocked
03/11/2022 03:51:50 PM Starting new HTTPS connection (1): www.instagram.com:443
03/11/2022 03:51:50 PM https://www.instagram.com:443 "GET /p/5c9pEOsZZk/ HTTP/1.1" 302 0
03/11/2022 03:51:50 PM Request Issued
03/11/2022 03:51:50 PM Blocked
03/11/2022 04:21:50 PM Starting new HTTPS connection (1): www.instagram.com:443
03/11/2022 04:21:50 PM https://www.instagram.com:443 "GET /p/5c9pEOsZZk/ HTTP/1.1" 302 0
03/11/2022 04:21:50 PM Request Issued
03/11/2022 04:21:50 PM Blocked
03/11/2022 04:51:50 PM Starting new HTTPS connection (1): www.instagram.com:443
03/11/2022 04:51:51 PM https://www.instagram.com:443 "GET /p/5c9pEOsZZk/ HTTP/1.1" 302 0
03/11/2022 04:51:51 PM Request Issued
03/11/2022 04:51:51 PM Blocked
03/11/2022 05:21:51 PM Starting new HTTPS connection (1): www.instagram.com:443
03/11/2022 05:21:51 PM https://www.instagram.com:443 "GET /p/5c9pEOsZZk/ HTTP/1.1" 302 0
03/11/2022 05:21:51 PM Request Issued
03/11/2022 05:21:51 PM Blocked
03/11/2022 05:51:51 PM Starting new HTTPS connection (1): www.instagram.com:443
03/11/2022 05:51:51 PM https://www.instagram.com:443 "GET /p/5c9pEOsZZk/ HTTP/1.1" 302 0
03/11/2022 05:51:51 PM Request Issued
03/11/2022 05:51:51 PM Blocked
03/11/2022 06:21:51 PM Starting new HTTPS connection (1): www.instagram.com:443
03/11/2022 06:21:51 PM https://www.instagram.com:443 "GET /p/5c9pEOsZZk/ HTTP/1.1" 302 0
03/11/2022 06:21:51 PM Request Issued
03/11/2022 06:21:51 PM Blocked
03/11/2022 06:51:51 PM Starting new HTTPS connection (1): www.instagram.com:443
03/11/2022 06:51:52 PM https://www.instagram.com:443 "GET /p/5c9pEOsZZk/ HTTP/1.1" 404 89902
03/11/2022 06:51:52 PM Request Issued
03/11/2022 06:51:52 PM Block ID: 13, Block period: 70211 seconds
03/11/2022 06:51:52 PM Blocked = False, Block period ended
03/11/2022 06:56:52 PM Starting new HTTPS connection (1): www.instagram.com:443
03/11/2022 06:56:53 PM https://www.instagram.com:443 "GET /p/5CF1rGtFy2/ HTTP/1.1" 200 29833
03/11/2022 06:56:53 PM Request Issued
03/11/2022 06:56:53 PM Blocked = False, Response recieved
03/11/2022 07:01:54 PM Starting new HTTPS connection (1): www.instagram.com:443
03/11/2022 07:01:54 PM https://www.instagram.com:443 "GET /p/5DiggbIbCj/ HTTP/1.1" 302 0
03/11/2022 07:01:54 PM Request Issued
03/11/2022 07:01:54 PM Blocked
03/11/2022 07:01:54 PM Blocked = True, Entering the block period
03/11/2022 07:31:54 PM Starting new HTTPS connection (1): www.instagram.com:443
03/11/2022 07:31:54 PM https://www.instagram.com:443 "GET /p/5DiggbIbCj/ HTTP/1.1" 302 0
03/11/2022 07:31:54 PM Request Issued
03/11/2022 07:31:54 PM Blocked
03/11/2022 08:01:54 PM Starting new HTTPS connection (1): www.instagram.com:443
03/11/2022 08:01:54 PM https://www.instagram.com:443 "GET /p/5DiggbIbCj/ HTTP/1.1" 302 0
03/11/2022 08:01:54 PM Request Issued
03/11/2022 08:01:54 PM Blocked
03/11/2022 08:31:55 PM Starting new HTTPS connection (1): www.instagram.com:443
03/11/2022 08:31:55 PM https://www.instagram.com:443 "GET /p/5DiggbIbCj/ HTTP/1.1" 302 0
03/11/2022 08:31:55 PM Request Issued
03/11/2022 08:31:55 PM Blocked
03/11/2022 09:01:55 PM Starting new HTTPS connection (1): www.instagram.com:443
03/11/2022 09:01:55 PM https://www.instagram.com:443 "GET /p/5DiggbIbCj/ HTTP/1.1" 302 0
03/11/2022 09:01:55 PM Request Issued
03/11/2022 09:01:55 PM Blocked
03/11/2022 09:31:55 PM Starting new HTTPS connection (1): www.instagram.com:443
03/11/2022 09:31:55 PM https://www.instagram.com:443 "GET /p/5DiggbIbCj/ HTTP/1.1" 302 0
03/11/2022 09:31:56 PM Request Issued
03/11/2022 09:31:56 PM Blocked
03/11/2022 10:01:56 PM Starting new HTTPS connection (1): www.instagram.com:443
03/11/2022 10:01:56 PM https://www.instagram.com:443 "GET /p/5DiggbIbCj/ HTTP/1.1" 302 0
03/11/2022 10:01:56 PM Request Issued
03/11/2022 10:01:56 PM Blocked
03/11/2022 10:31:56 PM Starting new HTTPS connection (1): www.instagram.com:443
03/11/2022 10:31:56 PM https://www.instagram.com:443 "GET /p/5DiggbIbCj/ HTTP/1.1" 302 0
03/11/2022 10:31:56 PM Request Issued
03/11/2022 10:31:56 PM Blocked
03/11/2022 11:01:56 PM Starting new HTTPS connection (1): www.instagram.com:443
03/11/2022 11:01:56 PM https://www.instagram.com:443 "GET /p/5DiggbIbCj/ HTTP/1.1" 302 0
03/11/2022 11:01:56 PM Request Issued
03/11/2022 11:01:56 PM Blocked
03/11/2022 11:31:56 PM Starting new HTTPS connection (1): www.instagram.com:443
03/11/2022 11:31:56 PM https://www.instagram.com:443 "GET /p/5DiggbIbCj/ HTTP/1.1" 302 0
03/11/2022 11:31:56 PM Request Issued
03/11/2022 11:31:56 PM Blocked
03/12/2022 12:01:56 AM Starting new HTTPS connection (1): www.instagram.com:443
03/12/2022 12:01:57 AM https://www.instagram.com:443 "GET /p/5DiggbIbCj/ HTTP/1.1" 302 0
03/12/2022 12:01:57 AM Request Issued
03/12/2022 12:01:57 AM Blocked
03/12/2022 12:31:57 AM Starting new HTTPS connection (1): www.instagram.com:443
03/12/2022 12:31:57 AM https://www.instagram.com:443 "GET /p/5DiggbIbCj/ HTTP/1.1" 302 0
03/12/2022 12:31:57 AM Request Issued
03/12/2022 12:31:57 AM Blocked
03/12/2022 01:01:57 AM Starting new HTTPS connection (1): www.instagram.com:443
03/12/2022 01:01:57 AM https://www.instagram.com:443 "GET /p/5DiggbIbCj/ HTTP/1.1" 302 0
03/12/2022 01:01:57 AM Request Issued
03/12/2022 01:01:57 AM Blocked
03/12/2022 01:31:57 AM Starting new HTTPS connection (1): www.instagram.com:443
03/12/2022 01:31:57 AM https://www.instagram.com:443 "GET /p/5DiggbIbCj/ HTTP/1.1" 302 0
03/12/2022 01:31:57 AM Request Issued
03/12/2022 01:31:57 AM Blocked
03/12/2022 02:01:58 AM Starting new HTTPS connection (1): www.instagram.com:443
03/12/2022 02:01:58 AM https://www.instagram.com:443 "GET /p/5DiggbIbCj/ HTTP/1.1" 302 0
03/12/2022 02:01:58 AM Request Issued
03/12/2022 02:01:58 AM Blocked
03/12/2022 02:31:58 AM Starting new HTTPS connection (1): www.instagram.com:443
03/12/2022 02:31:58 AM https://www.instagram.com:443 "GET /p/5DiggbIbCj/ HTTP/1.1" 302 0
03/12/2022 02:31:58 AM Request Issued
03/12/2022 02:31:58 AM Blocked
03/12/2022 03:01:58 AM Starting new HTTPS connection (1): www.instagram.com:443
03/12/2022 03:01:58 AM https://www.instagram.com:443 "GET /p/5DiggbIbCj/ HTTP/1.1" 302 0
03/12/2022 03:01:58 AM Request Issued
03/12/2022 03:01:58 AM Blocked
03/12/2022 03:31:58 AM Starting new HTTPS connection (1): www.instagram.com:443
03/12/2022 03:31:58 AM https://www.instagram.com:443 "GET /p/5DiggbIbCj/ HTTP/1.1" 302 0
03/12/2022 03:31:58 AM Request Issued
03/12/2022 03:31:58 AM Blocked
03/12/2022 04:01:58 AM Starting new HTTPS connection (1): www.instagram.com:443
03/12/2022 04:01:59 AM https://www.instagram.com:443 "GET /p/5DiggbIbCj/ HTTP/1.1" 302 0
03/12/2022 04:01:59 AM Request Issued
03/12/2022 04:01:59 AM Blocked
03/12/2022 04:31:59 AM Starting new HTTPS connection (1): www.instagram.com:443
03/12/2022 04:31:59 AM https://www.instagram.com:443 "GET /p/5DiggbIbCj/ HTTP/1.1" 302 0
03/12/2022 04:31:59 AM Request Issued
03/12/2022 04:31:59 AM Blocked
03/12/2022 05:01:59 AM Starting new HTTPS connection (1): www.instagram.com:443
03/12/2022 05:01:59 AM https://www.instagram.com:443 "GET /p/5DiggbIbCj/ HTTP/1.1" 302 0
03/12/2022 05:01:59 AM Request Issued
03/12/2022 05:01:59 AM Blocked
03/12/2022 05:31:59 AM Starting new HTTPS connection (1): www.instagram.com:443
03/12/2022 05:31:59 AM https://www.instagram.com:443 "GET /p/5DiggbIbCj/ HTTP/1.1" 302 0
03/12/2022 05:31:59 AM Request Issued
03/12/2022 05:31:59 AM Blocked
03/12/2022 06:01:59 AM Starting new HTTPS connection (1): www.instagram.com:443
03/12/2022 06:02:00 AM https://www.instagram.com:443 "GET /p/5DiggbIbCj/ HTTP/1.1" 302 0
03/12/2022 06:02:00 AM Request Issued
03/12/2022 06:02:00 AM Blocked
03/12/2022 06:32:00 AM Starting new HTTPS connection (1): www.instagram.com:443
03/12/2022 06:32:00 AM https://www.instagram.com:443 "GET /p/5DiggbIbCj/ HTTP/1.1" 302 0
03/12/2022 06:32:00 AM Request Issued
03/12/2022 06:32:00 AM Blocked
03/12/2022 07:02:00 AM Starting new HTTPS connection (1): www.instagram.com:443
03/12/2022 07:02:00 AM https://www.instagram.com:443 "GET /p/5DiggbIbCj/ HTTP/1.1" 302 0
03/12/2022 07:02:00 AM Request Issued
03/12/2022 07:02:00 AM Blocked
03/12/2022 07:32:00 AM Starting new HTTPS connection (1): www.instagram.com:443
03/12/2022 07:32:00 AM https://www.instagram.com:443 "GET /p/5DiggbIbCj/ HTTP/1.1" 302 0
03/12/2022 07:32:00 AM Request Issued
03/12/2022 07:32:00 AM Blocked
03/12/2022 08:02:00 AM Starting new HTTPS connection (1): www.instagram.com:443
03/12/2022 08:02:01 AM https://www.instagram.com:443 "GET /p/5DiggbIbCj/ HTTP/1.1" 302 0
03/12/2022 08:02:01 AM Request Issued
03/12/2022 08:02:01 AM Blocked
03/12/2022 08:32:01 AM Starting new HTTPS connection (1): www.instagram.com:443
03/12/2022 08:32:01 AM https://www.instagram.com:443 "GET /p/5DiggbIbCj/ HTTP/1.1" 302 0
03/12/2022 08:32:01 AM Request Issued
03/12/2022 08:32:01 AM Blocked
03/12/2022 09:02:01 AM Starting new HTTPS connection (1): www.instagram.com:443
03/12/2022 09:02:01 AM https://www.instagram.com:443 "GET /p/5DiggbIbCj/ HTTP/1.1" 302 0
03/12/2022 09:02:01 AM Request Issued
03/12/2022 09:02:01 AM Blocked
03/12/2022 09:32:01 AM Starting new HTTPS connection (1): www.instagram.com:443
03/12/2022 09:32:01 AM https://www.instagram.com:443 "GET /p/5DiggbIbCj/ HTTP/1.1" 302 0
03/12/2022 09:32:01 AM Request Issued
03/12/2022 09:32:01 AM Blocked
03/12/2022 10:02:01 AM Starting new HTTPS connection (1): www.instagram.com:443
03/12/2022 10:02:01 AM https://www.instagram.com:443 "GET /p/5DiggbIbCj/ HTTP/1.1" 302 0
03/12/2022 10:02:01 AM Request Issued
03/12/2022 10:02:01 AM Blocked
03/12/2022 10:32:02 AM Starting new HTTPS connection (1): www.instagram.com:443
03/12/2022 10:32:02 AM https://www.instagram.com:443 "GET /p/5DiggbIbCj/ HTTP/1.1" 302 0
03/12/2022 10:32:02 AM Request Issued
03/12/2022 10:32:02 AM Blocked
03/12/2022 11:02:02 AM Starting new HTTPS connection (1): www.instagram.com:443
03/12/2022 11:02:02 AM https://www.instagram.com:443 "GET /p/5DiggbIbCj/ HTTP/1.1" 302 0
03/12/2022 11:02:02 AM Request Issued
03/12/2022 11:02:02 AM Blocked
03/12/2022 11:32:02 AM Starting new HTTPS connection (1): www.instagram.com:443
03/12/2022 11:32:02 AM https://www.instagram.com:443 "GET /p/5DiggbIbCj/ HTTP/1.1" 302 0
03/12/2022 11:32:02 AM Request Issued
03/12/2022 11:32:02 AM Blocked
03/12/2022 12:02:02 PM Starting new HTTPS connection (1): www.instagram.com:443
03/12/2022 12:02:02 PM https://www.instagram.com:443 "GET /p/5DiggbIbCj/ HTTP/1.1" 302 0
03/12/2022 12:02:02 PM Request Issued
03/12/2022 12:02:02 PM Blocked
03/12/2022 12:32:02 PM Starting new HTTPS connection (1): www.instagram.com:443
03/12/2022 12:32:15 PM https://www.instagram.com:443 "GET /p/5DiggbIbCj/ HTTP/1.1" 560 0
03/12/2022 12:32:15 PM Request Issued
03/12/2022 12:32:15 PM Block ID: 14, Block period: 63020 seconds
03/12/2022 12:32:15 PM Blocked = False, Block period ended
03/12/2022 12:37:15 PM Starting new HTTPS connection (1): www.instagram.com:443
03/12/2022 12:37:23 PM https://www.instagram.com:443 "GET /p/5e5PnAIOxI/ HTTP/1.1" 200 32971
03/12/2022 12:37:23 PM Request Issued
03/12/2022 12:37:23 PM Blocked = False, Response recieved
03/12/2022 12:42:23 PM Starting new HTTPS connection (1): www.instagram.com:443
03/12/2022 12:42:24 PM https://www.instagram.com:443 "GET /p/5EKgBagjKp/ HTTP/1.1" 404 89901
03/12/2022 12:42:24 PM Request Issued
03/12/2022 12:47:24 PM Starting new HTTPS connection (1): www.instagram.com:443
03/12/2022 12:47:25 PM https://www.instagram.com:443 "GET /p/5EReZyscT7/ HTTP/1.1" 404 89903
03/12/2022 12:47:25 PM Request Issued
03/12/2022 12:52:26 PM Starting new HTTPS connection (1): www.instagram.com:443
03/12/2022 12:52:26 PM https://www.instagram.com:443 "GET /p/5FL947JFJd/ HTTP/1.1" 302 0
03/12/2022 12:52:26 PM Request Issued
03/12/2022 12:52:26 PM Blocked
03/12/2022 12:52:26 PM Blocked = True, Entering the block period
03/12/2022 01:22:26 PM Starting new HTTPS connection (1): www.instagram.com:443
03/12/2022 01:22:26 PM https://www.instagram.com:443 "GET /p/5FL947JFJd/ HTTP/1.1" 302 0
03/12/2022 01:22:26 PM Request Issued
03/12/2022 01:22:26 PM Blocked
03/12/2022 01:52:26 PM Starting new HTTPS connection (1): www.instagram.com:443
03/12/2022 01:52:27 PM https://www.instagram.com:443 "GET /p/5FL947JFJd/ HTTP/1.1" 200 33588
03/12/2022 01:52:27 PM Request Issued
03/12/2022 01:52:27 PM Block ID: 15, Block period: 3601 seconds
03/12/2022 01:52:27 PM Blocked = False, Block period ended
