03/26/2022 08:11:51 PM Started
03/26/2022 08:11:51 PM Shortcode list obtained
03/26/2022 08:11:51 PM Starting new HTTPS connection (1): www.instagram.com:443
03/26/2022 08:11:52 PM https://www.instagram.com:443 "GET /p/pNsnmqgwbI/ HTTP/1.1" 200 31588
03/26/2022 08:11:52 PM Request Issued
03/26/2022 08:11:52 PM Blocked = False, Response recieved
03/26/2022 08:12:03 PM Starting new HTTPS connection (1): www.instagram.com:443
03/26/2022 08:12:03 PM https://www.instagram.com:443 "GET /p/pnwpN1NnMy/ HTTP/1.1" 302 0
03/26/2022 08:12:03 PM Request Issued
03/26/2022 08:12:03 PM Blocked
03/26/2022 08:12:03 PM Blocked = True, Entering the block period
03/26/2022 08:13:07 PM Started
03/26/2022 08:13:07 PM Shortcode list obtained
03/26/2022 08:13:07 PM Starting new HTTPS connection (1): www.instagram.com:443
03/26/2022 08:13:08 PM https://www.instagram.com:443 "GET /p/pnwpN1NnMy/ HTTP/1.1" 404 92225
03/26/2022 08:13:08 PM Request Issued
03/26/2022 08:13:18 PM Starting new HTTPS connection (1): www.instagram.com:443
03/26/2022 08:13:18 PM https://www.instagram.com:443 "GET /p/pPBE1JPjZb/ HTTP/1.1" 404 92183
03/26/2022 08:13:19 PM Request Issued
03/26/2022 08:13:29 PM Starting new HTTPS connection (1): www.instagram.com:443
03/26/2022 08:13:31 PM https://www.instagram.com:443 "GET /p/ppdIcOuGBh/ HTTP/1.1" 200 34370
03/26/2022 08:13:31 PM Request Issued
03/26/2022 08:13:31 PM Blocked = False, Response recieved
03/26/2022 08:13:41 PM Starting new HTTPS connection (1): www.instagram.com:443
03/26/2022 08:13:42 PM https://www.instagram.com:443 "GET /p/ppMUpwssdJ/ HTTP/1.1" 302 0
03/26/2022 08:13:42 PM Request Issued
03/26/2022 08:13:42 PM Blocked
03/26/2022 08:13:42 PM Blocked = True, Entering the block period
03/26/2022 08:14:44 PM Started
03/26/2022 08:14:44 PM Shortcode list obtained
03/26/2022 08:14:44 PM Starting new HTTPS connection (1): www.instagram.com:443
03/26/2022 08:14:44 PM https://www.instagram.com:443 "GET /p/ppMUpwssdJ/ HTTP/1.1" 404 92108
03/26/2022 08:14:44 PM Request Issued
03/26/2022 08:14:55 PM Starting new HTTPS connection (1): www.instagram.com:443
03/26/2022 08:14:56 PM https://www.instagram.com:443 "GET /p/ppRqakIe4c/ HTTP/1.1" 200 34446
03/26/2022 08:14:56 PM Request Issued
03/26/2022 08:14:56 PM Blocked = False, Response recieved
03/26/2022 08:15:06 PM Starting new HTTPS connection (1): www.instagram.com:443
03/26/2022 08:15:06 PM https://www.instagram.com:443 "GET /p/pPWArdIvnQ/ HTTP/1.1" 404 92106
03/26/2022 08:15:07 PM Request Issued
03/26/2022 08:15:17 PM Starting new HTTPS connection (1): www.instagram.com:443
03/26/2022 08:15:17 PM https://www.instagram.com:443 "GET /p/pQWDw2vXEu/ HTTP/1.1" 302 0
03/26/2022 08:15:17 PM Request Issued
03/26/2022 08:15:17 PM Blocked
03/26/2022 08:15:17 PM Blocked = True, Entering the block period
03/26/2022 08:15:32 PM Started
03/26/2022 08:15:32 PM Shortcode list obtained
03/26/2022 08:15:32 PM Starting new HTTPS connection (1): www.instagram.com:443
03/26/2022 08:15:33 PM https://www.instagram.com:443 "GET /p/pQWDw2vXEu/ HTTP/1.1" 404 92107
03/26/2022 08:15:33 PM Request Issued
03/26/2022 08:15:44 PM Starting new HTTPS connection (1): www.instagram.com:443
03/26/2022 08:15:45 PM https://www.instagram.com:443 "GET /p/pR0MiurOnE/ HTTP/1.1" 404 92185
03/26/2022 08:15:45 PM Request Issued
03/26/2022 08:15:55 PM Starting new HTTPS connection (1): www.instagram.com:443
03/26/2022 08:15:56 PM https://www.instagram.com:443 "GET /p/PR5ruWDpl3/ HTTP/1.1" 404 92106
03/26/2022 08:15:56 PM Request Issued
03/26/2022 08:16:07 PM Starting new HTTPS connection (1): www.instagram.com:443
03/26/2022 08:16:08 PM https://www.instagram.com:443 "GET /p/pSmMaahujb/ HTTP/1.1" 302 0
03/26/2022 08:16:08 PM Request Issued
03/26/2022 08:16:08 PM Blocked
03/26/2022 08:16:08 PM Blocked = True, Entering the block period
03/26/2022 08:16:36 PM Started
03/26/2022 08:16:36 PM Shortcode list obtained
03/26/2022 08:16:36 PM Starting new HTTPS connection (1): www.instagram.com:443
03/26/2022 08:16:36 PM https://www.instagram.com:443 "GET /p/pSmMaahujb/ HTTP/1.1" 302 0
03/26/2022 08:16:36 PM Request Issued
03/26/2022 08:16:36 PM Blocked
03/26/2022 08:16:36 PM Blocked = True, Entering the block period
03/26/2022 08:17:08 PM Started
03/26/2022 08:17:08 PM Shortcode list obtained
03/26/2022 08:17:08 PM Starting new HTTPS connection (1): www.instagram.com:443
03/26/2022 08:17:08 PM https://www.instagram.com:443 "GET /p/pSmMaahujb/ HTTP/1.1" 404 92108
03/26/2022 08:17:08 PM Request Issued
03/26/2022 08:17:18 PM Starting new HTTPS connection (1): www.instagram.com:443
03/26/2022 08:17:19 PM https://www.instagram.com:443 "GET /p/pSPdfkKD6h/ HTTP/1.1" 200 31721
03/26/2022 08:17:19 PM Request Issued
03/26/2022 08:17:19 PM Blocked = False, Response recieved
03/26/2022 08:17:29 PM Starting new HTTPS connection (1): www.instagram.com:443
03/26/2022 08:17:29 PM https://www.instagram.com:443 "GET /p/pSVczmjo7G/ HTTP/1.1" 404 92184
03/26/2022 08:17:30 PM Request Issued
03/26/2022 08:17:40 PM Starting new HTTPS connection (1): www.instagram.com:443
03/26/2022 08:17:40 PM https://www.instagram.com:443 "GET /p/ptALpWFVhu/ HTTP/1.1" 302 0
03/26/2022 08:17:40 PM Request Issued
03/26/2022 08:17:40 PM Blocked
03/26/2022 08:17:40 PM Blocked = True, Entering the block period
03/26/2022 08:17:49 PM Started
03/26/2022 08:17:49 PM Shortcode list obtained
03/26/2022 08:17:49 PM Starting new HTTPS connection (1): www.instagram.com:443
03/26/2022 08:17:54 PM https://www.instagram.com:443 "GET /p/ptALpWFVhu/ HTTP/1.1" 404 92107
03/26/2022 08:17:55 PM Request Issued
03/26/2022 08:18:05 PM Starting new HTTPS connection (1): www.instagram.com:443
03/26/2022 08:18:06 PM https://www.instagram.com:443 "GET /p/pteAsFQHSQ/ HTTP/1.1" 404 92185
03/26/2022 08:18:06 PM Request Issued
03/26/2022 08:18:17 PM Starting new HTTPS connection (1): www.instagram.com:443
03/26/2022 08:18:18 PM https://www.instagram.com:443 "GET /p/ptOA2MuvtP/ HTTP/1.1" 200 31852
03/26/2022 08:18:18 PM Request Issued
03/26/2022 08:18:18 PM Blocked = False, Response recieved
03/26/2022 08:18:28 PM Starting new HTTPS connection (1): www.instagram.com:443
03/26/2022 08:18:28 PM https://www.instagram.com:443 "GET /p/pTtYjAtwqi/ HTTP/1.1" 302 0
03/26/2022 08:18:28 PM Request Issued
03/26/2022 08:18:28 PM Blocked
03/26/2022 08:18:28 PM Blocked = True, Entering the block period
03/26/2022 08:18:37 PM Started
03/26/2022 08:18:37 PM Shortcode list obtained
03/26/2022 08:18:37 PM Starting new HTTPS connection (1): www.instagram.com:443
03/26/2022 08:18:44 PM https://www.instagram.com:443 "GET /p/pTtYjAtwqi/ HTTP/1.1" 200 34660
03/26/2022 08:18:44 PM Request Issued
03/26/2022 08:18:44 PM Blocked = False, Response recieved
03/26/2022 08:18:55 PM Starting new HTTPS connection (1): www.instagram.com:443
03/26/2022 08:18:55 PM https://www.instagram.com:443 "GET /p/PuaRmNiMtc/ HTTP/1.1" 200 30044
03/26/2022 08:18:55 PM Request Issued
03/26/2022 08:18:55 PM Blocked = False, Response recieved
03/26/2022 08:19:06 PM Starting new HTTPS connection (1): www.instagram.com:443
03/26/2022 08:19:07 PM https://www.instagram.com:443 "GET /p/pUjjxxQ26D/ HTTP/1.1" 404 92107
03/26/2022 08:19:07 PM Request Issued
03/26/2022 08:19:18 PM Starting new HTTPS connection (1): www.instagram.com:443
03/26/2022 08:19:18 PM https://www.instagram.com:443 "GET /p/puTK7lOwua/ HTTP/1.1" 302 0
03/26/2022 08:19:18 PM Request Issued
03/26/2022 08:19:18 PM Blocked
03/26/2022 08:19:18 PM Blocked = True, Entering the block period
03/26/2022 08:19:40 PM Started
03/26/2022 08:19:40 PM Shortcode list obtained
03/26/2022 08:19:40 PM Starting new HTTPS connection (1): www.instagram.com:443
03/26/2022 08:19:50 PM https://www.instagram.com:443 "GET /p/puTK7lOwua/ HTTP/1.1" 404 92103
03/26/2022 08:19:50 PM Request Issued
03/26/2022 08:20:01 PM Starting new HTTPS connection (1): www.instagram.com:443
03/26/2022 08:20:02 PM https://www.instagram.com:443 "GET /p/pv7WmnTG8w/ HTTP/1.1" 200 34180
03/26/2022 08:20:02 PM Request Issued
03/26/2022 08:20:02 PM Blocked = False, Response recieved
03/26/2022 08:20:12 PM Starting new HTTPS connection (1): www.instagram.com:443
03/26/2022 08:20:13 PM https://www.instagram.com:443 "GET /p/pvxrGlGR6C/ HTTP/1.1" 200 33619
03/26/2022 08:20:13 PM Request Issued
03/26/2022 08:20:13 PM Blocked = False, Response recieved
03/26/2022 08:20:24 PM Starting new HTTPS connection (1): www.instagram.com:443
03/26/2022 08:20:24 PM https://www.instagram.com:443 "GET /p/pW6TqbjpJx/ HTTP/1.1" 302 0
03/26/2022 08:20:24 PM Request Issued
03/26/2022 08:20:24 PM Blocked
03/26/2022 08:20:24 PM Blocked = True, Entering the block period
03/26/2022 08:20:53 PM Started
03/26/2022 08:20:53 PM Shortcode list obtained
03/26/2022 08:20:53 PM Starting new HTTPS connection (1): www.instagram.com:443
03/26/2022 08:20:59 PM https://www.instagram.com:443 "GET /p/pW6TqbjpJx/ HTTP/1.1" 200 31256
03/26/2022 08:20:59 PM Request Issued
03/26/2022 08:20:59 PM Blocked = False, Response recieved
03/26/2022 08:21:09 PM Starting new HTTPS connection (1): www.instagram.com:443
03/26/2022 08:21:10 PM https://www.instagram.com:443 "GET /p/pWhYCFKDHD/ HTTP/1.1" 200 31500
03/26/2022 08:21:10 PM Request Issued
03/26/2022 08:21:10 PM Blocked = False, Response recieved
03/26/2022 08:21:21 PM Starting new HTTPS connection (1): www.instagram.com:443
03/26/2022 08:21:22 PM https://www.instagram.com:443 "GET /p/pwQuOrs2bO/ HTTP/1.1" 200 30270
03/26/2022 08:21:22 PM Request Issued
03/26/2022 08:21:22 PM Blocked = False, Response recieved
