03/09/2022 04:58:18 AM Started
03/09/2022 04:58:18 AM Shortcode list obtained
03/09/2022 04:58:18 AM Starting new HTTPS connection (1): www.instagram.com:443
03/09/2022 04:58:18 AM https://www.instagram.com:443 "GET /p/rnfdkFnHkq/ HTTP/1.1" 302 0
03/09/2022 04:58:18 AM Request Issued
03/09/2022 04:58:18 AM Blocked
03/09/2022 04:58:18 AM Blocked = True, Entering the block period
03/09/2022 05:28:18 AM Starting new HTTPS connection (1): www.instagram.com:443
03/09/2022 05:28:19 AM https://www.instagram.com:443 "GET /p/rnfdkFnHkq/ HTTP/1.1" 302 0
03/09/2022 05:28:19 AM Request Issued
03/09/2022 05:28:19 AM Blocked
03/09/2022 05:58:19 AM Starting new HTTPS connection (1): www.instagram.com:443
03/09/2022 05:58:19 AM https://www.instagram.com:443 "GET /p/rnfdkFnHkq/ HTTP/1.1" 302 0
03/09/2022 05:58:19 AM Request Issued
03/09/2022 05:58:19 AM Blocked
03/09/2022 06:28:19 AM Starting new HTTPS connection (1): www.instagram.com:443
03/09/2022 06:28:19 AM https://www.instagram.com:443 "GET /p/rnfdkFnHkq/ HTTP/1.1" 302 0
03/09/2022 06:28:19 AM Request Issued
03/09/2022 06:28:19 AM Blocked
03/09/2022 06:58:20 AM Starting new HTTPS connection (1): www.instagram.com:443
03/09/2022 06:58:20 AM https://www.instagram.com:443 "GET /p/rnfdkFnHkq/ HTTP/1.1" 302 0
03/09/2022 06:58:20 AM Request Issued
03/09/2022 06:58:20 AM Blocked
03/09/2022 07:28:20 AM Starting new HTTPS connection (1): www.instagram.com:443
03/09/2022 07:28:20 AM https://www.instagram.com:443 "GET /p/rnfdkFnHkq/ HTTP/1.1" 302 0
03/09/2022 07:28:20 AM Request Issued
03/09/2022 07:28:20 AM Blocked
03/09/2022 07:58:20 AM Starting new HTTPS connection (1): www.instagram.com:443
03/09/2022 07:58:21 AM https://www.instagram.com:443 "GET /p/rnfdkFnHkq/ HTTP/1.1" 302 0
03/09/2022 07:58:21 AM Request Issued
03/09/2022 07:58:21 AM Blocked
03/09/2022 08:28:21 AM Starting new HTTPS connection (1): www.instagram.com:443
03/09/2022 08:28:22 AM https://www.instagram.com:443 "GET /p/rnfdkFnHkq/ HTTP/1.1" 302 0
03/09/2022 08:28:22 AM Request Issued
03/09/2022 08:28:22 AM Blocked
03/09/2022 08:58:22 AM Starting new HTTPS connection (1): www.instagram.com:443
03/09/2022 08:58:23 AM https://www.instagram.com:443 "GET /p/rnfdkFnHkq/ HTTP/1.1" 302 0
03/09/2022 08:58:23 AM Request Issued
03/09/2022 08:58:23 AM Blocked
03/09/2022 09:28:23 AM Starting new HTTPS connection (1): www.instagram.com:443
03/09/2022 09:28:25 AM https://www.instagram.com:443 "GET /p/rnfdkFnHkq/ HTTP/1.1" 302 0
03/09/2022 09:28:25 AM Request Issued
03/09/2022 09:28:25 AM Blocked
03/09/2022 09:58:25 AM Starting new HTTPS connection (1): www.instagram.com:443
03/09/2022 09:58:26 AM https://www.instagram.com:443 "GET /p/rnfdkFnHkq/ HTTP/1.1" 302 0
03/09/2022 09:58:26 AM Request Issued
03/09/2022 09:58:26 AM Blocked
03/09/2022 10:28:26 AM Starting new HTTPS connection (1): www.instagram.com:443
03/09/2022 10:28:26 AM https://www.instagram.com:443 "GET /p/rnfdkFnHkq/ HTTP/1.1" 302 0
03/09/2022 10:28:26 AM Request Issued
03/09/2022 10:28:26 AM Blocked
03/09/2022 11:22:41 AM Starting new HTTPS connection (1): www.instagram.com:443
03/09/2022 11:22:41 AM https://www.instagram.com:443 "GET /p/rnfdkFnHkq/ HTTP/1.1" 302 0
03/09/2022 11:22:41 AM Request Issued
03/09/2022 11:22:41 AM Blocked
03/09/2022 12:40:48 PM Starting new HTTPS connection (1): www.instagram.com:443
03/09/2022 12:40:48 PM https://www.instagram.com:443 "GET /p/rnfdkFnHkq/ HTTP/1.1" 404 90050
03/09/2022 12:40:49 PM Request Issued
03/09/2022 12:40:49 PM Block ID: 1, Block period: 27750 seconds
03/09/2022 12:40:49 PM Blocked = False, Block period ended
03/09/2022 12:45:50 PM Starting new HTTPS connection (1): www.instagram.com:443
03/09/2022 12:45:50 PM https://www.instagram.com:443 "GET /p/rNHnnrgryT/ HTTP/1.1" 404 90125
03/09/2022 12:45:50 PM Request Issued
03/09/2022 12:50:52 PM Starting new HTTPS connection (1): www.instagram.com:443
03/09/2022 12:50:52 PM https://www.instagram.com:443 "GET /p/rnojplpQYa/ HTTP/1.1" 302 0
03/09/2022 12:50:52 PM Request Issued
03/09/2022 12:50:52 PM Blocked
03/09/2022 12:50:52 PM Blocked = True, Entering the block period
03/10/2022 03:50:32 AM Starting new HTTPS connection (1): www.instagram.com:443
03/10/2022 03:50:32 AM https://www.instagram.com:443 "GET /p/rnojplpQYa/ HTTP/1.1" 302 0
03/10/2022 03:50:32 AM Request Issued
03/10/2022 03:50:32 AM Blocked
03/10/2022 04:20:33 AM Starting new HTTPS connection (1): www.instagram.com:443
03/10/2022 04:20:33 AM https://www.instagram.com:443 "GET /p/rnojplpQYa/ HTTP/1.1" 302 0
03/10/2022 04:20:33 AM Request Issued
03/10/2022 04:20:33 AM Blocked
03/10/2022 04:50:33 AM Starting new HTTPS connection (1): www.instagram.com:443
03/10/2022 04:50:33 AM https://www.instagram.com:443 "GET /p/rnojplpQYa/ HTTP/1.1" 302 0
03/10/2022 04:50:33 AM Request Issued
03/10/2022 04:50:33 AM Blocked
03/10/2022 05:20:33 AM Starting new HTTPS connection (1): www.instagram.com:443
03/10/2022 05:20:34 AM https://www.instagram.com:443 "GET /p/rnojplpQYa/ HTTP/1.1" 302 0
03/10/2022 05:20:34 AM Request Issued
03/10/2022 05:20:34 AM Blocked
03/10/2022 05:50:34 AM Starting new HTTPS connection (1): www.instagram.com:443
03/10/2022 05:50:34 AM https://www.instagram.com:443 "GET /p/rnojplpQYa/ HTTP/1.1" 302 0
03/10/2022 05:50:34 AM Request Issued
03/10/2022 05:50:34 AM Blocked
03/10/2022 07:10:43 AM Starting new HTTPS connection (1): www.instagram.com:443
03/10/2022 07:10:43 AM https://www.instagram.com:443 "GET /p/rnojplpQYa/ HTTP/1.1" 302 0
03/10/2022 07:10:43 AM Request Issued
03/10/2022 07:10:43 AM Blocked
03/10/2022 07:40:44 AM Starting new HTTPS connection (1): www.instagram.com:443
03/10/2022 07:40:44 AM https://www.instagram.com:443 "GET /p/rnojplpQYa/ HTTP/1.1" 302 0
03/10/2022 07:40:44 AM Request Issued
03/10/2022 07:40:44 AM Blocked
03/10/2022 08:10:44 AM Starting new HTTPS connection (1): www.instagram.com:443
03/10/2022 08:10:44 AM https://www.instagram.com:443 "GET /p/rnojplpQYa/ HTTP/1.1" 302 0
03/10/2022 08:10:44 AM Request Issued
03/10/2022 08:10:44 AM Blocked
03/10/2022 08:40:44 AM Starting new HTTPS connection (1): www.instagram.com:443
03/10/2022 08:40:45 AM https://www.instagram.com:443 "GET /p/rnojplpQYa/ HTTP/1.1" 302 0
03/10/2022 08:40:45 AM Request Issued
03/10/2022 08:40:45 AM Blocked
03/10/2022 09:10:45 AM Starting new HTTPS connection (1): www.instagram.com:443
03/10/2022 09:10:45 AM https://www.instagram.com:443 "GET /p/rnojplpQYa/ HTTP/1.1" 302 0
03/10/2022 09:10:45 AM Request Issued
03/10/2022 09:10:45 AM Blocked
03/10/2022 09:46:47 AM Starting new HTTPS connection (1): www.instagram.com:443
03/10/2022 09:46:47 AM https://www.instagram.com:443 "GET /p/rnojplpQYa/ HTTP/1.1" 302 0
03/10/2022 09:46:47 AM Request Issued
03/10/2022 09:46:47 AM Blocked
03/10/2022 10:16:47 AM Starting new HTTPS connection (1): www.instagram.com:443
03/10/2022 10:16:47 AM https://www.instagram.com:443 "GET /p/rnojplpQYa/ HTTP/1.1" 302 0
03/10/2022 10:16:47 AM Request Issued
03/10/2022 10:16:47 AM Blocked
03/10/2022 10:46:47 AM Starting new HTTPS connection (1): www.instagram.com:443
03/10/2022 10:46:47 AM https://www.instagram.com:443 "GET /p/rnojplpQYa/ HTTP/1.1" 302 0
03/10/2022 10:46:47 AM Request Issued
03/10/2022 10:46:47 AM Blocked
03/10/2022 11:16:48 AM Starting new HTTPS connection (1): www.instagram.com:443
03/10/2022 11:16:48 AM https://www.instagram.com:443 "GET /p/rnojplpQYa/ HTTP/1.1" 302 0
03/10/2022 11:16:48 AM Request Issued
03/10/2022 11:16:48 AM Blocked
03/10/2022 11:46:48 AM Starting new HTTPS connection (1): www.instagram.com:443
03/10/2022 11:46:48 AM https://www.instagram.com:443 "GET /p/rnojplpQYa/ HTTP/1.1" 302 0
03/10/2022 11:46:48 AM Request Issued
03/10/2022 11:46:48 AM Blocked
03/10/2022 12:16:48 PM Starting new HTTPS connection (1): www.instagram.com:443
03/10/2022 12:16:48 PM https://www.instagram.com:443 "GET /p/rnojplpQYa/ HTTP/1.1" 302 0
03/10/2022 12:16:48 PM Request Issued
03/10/2022 12:16:48 PM Blocked
03/10/2022 12:46:49 PM Starting new HTTPS connection (1): www.instagram.com:443
03/10/2022 12:46:49 PM https://www.instagram.com:443 "GET /p/rnojplpQYa/ HTTP/1.1" 302 0
03/10/2022 12:46:49 PM Request Issued
03/10/2022 12:46:49 PM Blocked
03/10/2022 01:16:49 PM Starting new HTTPS connection (1): www.instagram.com:443
03/10/2022 01:16:49 PM https://www.instagram.com:443 "GET /p/rnojplpQYa/ HTTP/1.1" 302 0
03/10/2022 01:16:49 PM Request Issued
03/10/2022 01:16:49 PM Blocked
03/10/2022 01:46:49 PM Starting new HTTPS connection (1): www.instagram.com:443
03/10/2022 01:46:49 PM https://www.instagram.com:443 "GET /p/rnojplpQYa/ HTTP/1.1" 302 0
03/10/2022 01:46:49 PM Request Issued
03/10/2022 01:46:49 PM Blocked
03/10/2022 02:16:50 PM Starting new HTTPS connection (1): www.instagram.com:443
03/10/2022 02:16:50 PM https://www.instagram.com:443 "GET /p/rnojplpQYa/ HTTP/1.1" 200 30909
03/10/2022 02:16:50 PM Request Issued
03/10/2022 02:16:50 PM Block ID: 2, Block period: 5158 seconds
03/10/2022 02:16:50 PM Blocked = False, Block period ended
03/10/2022 02:21:51 PM Starting new HTTPS connection (1): www.instagram.com:443
03/10/2022 02:21:51 PM https://www.instagram.com:443 "GET /p/roh0kmk14U/ HTTP/1.1" 302 0
03/10/2022 02:21:51 PM Request Issued
03/10/2022 02:21:51 PM Blocked
03/10/2022 02:21:51 PM Blocked = True, Entering the block period
03/10/2022 02:51:51 PM Starting new HTTPS connection (1): www.instagram.com:443
03/10/2022 02:51:51 PM https://www.instagram.com:443 "GET /p/roh0kmk14U/ HTTP/1.1" 302 0
03/10/2022 02:51:51 PM Request Issued
03/10/2022 02:51:51 PM Blocked
03/10/2022 03:21:51 PM Starting new HTTPS connection (1): www.instagram.com:443
03/10/2022 03:21:51 PM https://www.instagram.com:443 "GET /p/roh0kmk14U/ HTTP/1.1" 302 0
03/10/2022 03:21:51 PM Request Issued
03/10/2022 03:21:51 PM Blocked
03/10/2022 03:51:52 PM Starting new HTTPS connection (1): www.instagram.com:443
03/10/2022 03:51:52 PM https://www.instagram.com:443 "GET /p/roh0kmk14U/ HTTP/1.1" 302 0
03/10/2022 03:51:52 PM Request Issued
03/10/2022 03:51:52 PM Blocked
03/10/2022 04:21:52 PM Starting new HTTPS connection (1): www.instagram.com:443
03/10/2022 04:21:53 PM https://www.instagram.com:443 "GET /p/roh0kmk14U/ HTTP/1.1" 302 0
03/10/2022 04:21:53 PM Request Issued
03/10/2022 04:21:53 PM Blocked
03/10/2022 04:51:53 PM Starting new HTTPS connection (1): www.instagram.com:443
03/10/2022 04:51:53 PM https://www.instagram.com:443 "GET /p/roh0kmk14U/ HTTP/1.1" 302 0
03/10/2022 04:51:53 PM Request Issued
03/10/2022 04:51:53 PM Blocked
03/10/2022 05:21:53 PM Starting new HTTPS connection (1): www.instagram.com:443
03/10/2022 05:21:53 PM https://www.instagram.com:443 "GET /p/roh0kmk14U/ HTTP/1.1" 302 0
03/10/2022 05:21:53 PM Request Issued
03/10/2022 05:21:53 PM Blocked
03/10/2022 05:51:54 PM Starting new HTTPS connection (1): www.instagram.com:443
03/10/2022 05:51:54 PM https://www.instagram.com:443 "GET /p/roh0kmk14U/ HTTP/1.1" 302 0
03/10/2022 05:51:54 PM Request Issued
03/10/2022 05:51:54 PM Blocked
03/10/2022 06:21:54 PM Starting new HTTPS connection (1): www.instagram.com:443
03/10/2022 06:21:54 PM https://www.instagram.com:443 "GET /p/roh0kmk14U/ HTTP/1.1" 302 0
03/10/2022 06:21:54 PM Request Issued
03/10/2022 06:21:54 PM Blocked
03/10/2022 06:51:54 PM Starting new HTTPS connection (1): www.instagram.com:443
03/10/2022 06:51:54 PM https://www.instagram.com:443 "GET /p/roh0kmk14U/ HTTP/1.1" 302 0
03/10/2022 06:51:54 PM Request Issued
03/10/2022 06:51:54 PM Blocked
03/10/2022 07:21:55 PM Starting new HTTPS connection (1): www.instagram.com:443
03/10/2022 07:21:55 PM https://www.instagram.com:443 "GET /p/roh0kmk14U/ HTTP/1.1" 302 0
03/10/2022 07:21:55 PM Request Issued
03/10/2022 07:21:55 PM Blocked
03/10/2022 07:51:55 PM Starting new HTTPS connection (1): www.instagram.com:443
03/10/2022 07:51:55 PM https://www.instagram.com:443 "GET /p/roh0kmk14U/ HTTP/1.1" 302 0
03/10/2022 07:51:55 PM Request Issued
03/10/2022 07:51:55 PM Blocked
03/10/2022 08:21:55 PM Starting new HTTPS connection (1): www.instagram.com:443
03/10/2022 08:21:55 PM https://www.instagram.com:443 "GET /p/roh0kmk14U/ HTTP/1.1" 302 0
03/10/2022 08:21:55 PM Request Issued
03/10/2022 08:21:55 PM Blocked
03/10/2022 08:51:56 PM Starting new HTTPS connection (1): www.instagram.com:443
03/10/2022 08:51:56 PM https://www.instagram.com:443 "GET /p/roh0kmk14U/ HTTP/1.1" 404 89989
03/10/2022 08:51:56 PM Request Issued
03/10/2022 08:51:56 PM Block ID: 3, Block period: 23405 seconds
03/10/2022 08:51:56 PM Blocked = False, Block period ended
03/10/2022 08:56:57 PM Starting new HTTPS connection (1): www.instagram.com:443
03/10/2022 08:56:57 PM https://www.instagram.com:443 "GET /p/ROqAdTHwN2/ HTTP/1.1" 302 0
03/10/2022 08:56:57 PM Request Issued
03/10/2022 08:56:57 PM Blocked
03/10/2022 08:56:57 PM Blocked = True, Entering the block period
03/10/2022 09:26:57 PM Starting new HTTPS connection (1): www.instagram.com:443
03/10/2022 09:26:57 PM https://www.instagram.com:443 "GET /p/ROqAdTHwN2/ HTTP/1.1" 302 0
03/10/2022 09:26:57 PM Request Issued
03/10/2022 09:26:57 PM Blocked
03/10/2022 09:56:58 PM Starting new HTTPS connection (1): www.instagram.com:443
03/10/2022 09:56:58 PM https://www.instagram.com:443 "GET /p/ROqAdTHwN2/ HTTP/1.1" 302 0
03/10/2022 09:56:58 PM Request Issued
03/10/2022 09:56:58 PM Blocked
03/10/2022 10:26:58 PM Starting new HTTPS connection (1): www.instagram.com:443
03/10/2022 10:26:58 PM https://www.instagram.com:443 "GET /p/ROqAdTHwN2/ HTTP/1.1" 302 0
03/10/2022 10:26:58 PM Request Issued
03/10/2022 10:26:58 PM Blocked
03/10/2022 10:56:58 PM Starting new HTTPS connection (1): www.instagram.com:443
03/10/2022 10:56:58 PM https://www.instagram.com:443 "GET /p/ROqAdTHwN2/ HTTP/1.1" 302 0
03/10/2022 10:56:58 PM Request Issued
03/10/2022 10:56:58 PM Blocked
03/10/2022 11:26:59 PM Starting new HTTPS connection (1): www.instagram.com:443
03/10/2022 11:26:59 PM https://www.instagram.com:443 "GET /p/ROqAdTHwN2/ HTTP/1.1" 302 0
03/10/2022 11:26:59 PM Request Issued
03/10/2022 11:26:59 PM Blocked
03/10/2022 11:56:59 PM Starting new HTTPS connection (1): www.instagram.com:443
03/10/2022 11:57:00 PM https://www.instagram.com:443 "GET /p/ROqAdTHwN2/ HTTP/1.1" 404 90067
03/10/2022 11:57:00 PM Request Issued
03/10/2022 11:57:00 PM Block ID: 4, Block period: 10802 seconds
03/10/2022 11:57:00 PM Blocked = False, Block period ended
03/11/2022 12:02:01 AM Starting new HTTPS connection (1): www.instagram.com:443
03/11/2022 12:02:01 AM https://www.instagram.com:443 "GET /p/roU3xcI3cL/ HTTP/1.1" 302 0
03/11/2022 12:02:01 AM Request Issued
03/11/2022 12:02:01 AM Blocked
03/11/2022 12:02:01 AM Blocked = True, Entering the block period
03/11/2022 12:32:01 AM Starting new HTTPS connection (1): www.instagram.com:443
03/11/2022 12:32:01 AM https://www.instagram.com:443 "GET /p/roU3xcI3cL/ HTTP/1.1" 302 0
03/11/2022 12:32:01 AM Request Issued
03/11/2022 12:32:01 AM Blocked
03/11/2022 01:02:01 AM Starting new HTTPS connection (1): www.instagram.com:443
03/11/2022 01:02:02 AM https://www.instagram.com:443 "GET /p/roU3xcI3cL/ HTTP/1.1" 302 0
03/11/2022 01:02:02 AM Request Issued
03/11/2022 01:02:02 AM Blocked
03/11/2022 01:38:44 AM Starting new HTTPS connection (1): www.instagram.com:443
03/11/2022 01:38:44 AM https://www.instagram.com:443 "GET /p/roU3xcI3cL/ HTTP/1.1" 302 0
03/11/2022 01:38:44 AM Request Issued
03/11/2022 01:38:44 AM Blocked
03/11/2022 02:08:45 AM Starting new HTTPS connection (1): www.instagram.com:443
03/11/2022 02:08:45 AM https://www.instagram.com:443 "GET /p/roU3xcI3cL/ HTTP/1.1" 302 0
03/11/2022 02:08:45 AM Request Issued
03/11/2022 02:08:45 AM Blocked
03/11/2022 02:38:45 AM Starting new HTTPS connection (1): www.instagram.com:443
03/11/2022 02:38:45 AM https://www.instagram.com:443 "GET /p/roU3xcI3cL/ HTTP/1.1" 302 0
03/11/2022 02:38:45 AM Request Issued
03/11/2022 02:38:45 AM Blocked
03/11/2022 03:08:45 AM Starting new HTTPS connection (1): www.instagram.com:443
03/11/2022 03:08:46 AM https://www.instagram.com:443 "GET /p/roU3xcI3cL/ HTTP/1.1" 302 0
03/11/2022 03:08:46 AM Request Issued
03/11/2022 03:08:46 AM Blocked
03/11/2022 03:38:46 AM Starting new HTTPS connection (1): www.instagram.com:443
03/11/2022 03:38:47 AM https://www.instagram.com:443 "GET /p/roU3xcI3cL/ HTTP/1.1" 302 0
03/11/2022 03:38:47 AM Request Issued
03/11/2022 03:38:47 AM Blocked
03/11/2022 04:08:47 AM Starting new HTTPS connection (1): www.instagram.com:443
03/11/2022 04:08:47 AM https://www.instagram.com:443 "GET /p/roU3xcI3cL/ HTTP/1.1" 302 0
03/11/2022 04:08:47 AM Request Issued
03/11/2022 04:08:47 AM Blocked
03/11/2022 04:38:47 AM Starting new HTTPS connection (1): www.instagram.com:443
03/11/2022 04:38:47 AM https://www.instagram.com:443 "GET /p/roU3xcI3cL/ HTTP/1.1" 302 0
03/11/2022 04:38:47 AM Request Issued
03/11/2022 04:38:47 AM Blocked
03/11/2022 05:08:47 AM Starting new HTTPS connection (1): www.instagram.com:443
03/11/2022 05:08:47 AM https://www.instagram.com:443 "GET /p/roU3xcI3cL/ HTTP/1.1" 302 0
03/11/2022 05:08:47 AM Request Issued
03/11/2022 05:08:47 AM Blocked
03/11/2022 05:38:48 AM Starting new HTTPS connection (1): www.instagram.com:443
03/11/2022 05:38:48 AM https://www.instagram.com:443 "GET /p/roU3xcI3cL/ HTTP/1.1" 302 0
03/11/2022 05:38:48 AM Request Issued
03/11/2022 05:38:48 AM Blocked
03/11/2022 06:08:48 AM Starting new HTTPS connection (1): www.instagram.com:443
03/11/2022 06:08:48 AM https://www.instagram.com:443 "GET /p/roU3xcI3cL/ HTTP/1.1" 302 0
03/11/2022 06:08:48 AM Request Issued
03/11/2022 06:08:48 AM Blocked
03/11/2022 06:38:48 AM Starting new HTTPS connection (1): www.instagram.com:443
03/11/2022 06:38:49 AM https://www.instagram.com:443 "GET /p/roU3xcI3cL/ HTTP/1.1" 302 0
03/11/2022 06:38:49 AM Request Issued
03/11/2022 06:38:49 AM Blocked
03/11/2022 07:08:49 AM Starting new HTTPS connection (1): www.instagram.com:443
03/11/2022 07:08:49 AM https://www.instagram.com:443 "GET /p/roU3xcI3cL/ HTTP/1.1" 302 0
03/11/2022 07:08:49 AM Request Issued
03/11/2022 07:08:49 AM Blocked
03/11/2022 07:38:49 AM Starting new HTTPS connection (1): www.instagram.com:443
03/11/2022 07:38:49 AM https://www.instagram.com:443 "GET /p/roU3xcI3cL/ HTTP/1.1" 302 0
03/11/2022 07:38:49 AM Request Issued
03/11/2022 07:38:49 AM Blocked
03/11/2022 08:08:50 AM Starting new HTTPS connection (1): www.instagram.com:443
03/11/2022 08:08:50 AM https://www.instagram.com:443 "GET /p/roU3xcI3cL/ HTTP/1.1" 302 0
03/11/2022 08:08:50 AM Request Issued
03/11/2022 08:08:50 AM Blocked
03/11/2022 08:38:50 AM Starting new HTTPS connection (1): www.instagram.com:443
03/11/2022 08:38:50 AM https://www.instagram.com:443 "GET /p/roU3xcI3cL/ HTTP/1.1" 302 0
03/11/2022 08:38:50 AM Request Issued
03/11/2022 08:38:50 AM Blocked
03/11/2022 09:08:50 AM Starting new HTTPS connection (1): www.instagram.com:443
03/11/2022 09:08:51 AM https://www.instagram.com:443 "GET /p/roU3xcI3cL/ HTTP/1.1" 302 0
03/11/2022 09:08:51 AM Request Issued
03/11/2022 09:08:51 AM Blocked
03/11/2022 09:38:51 AM Starting new HTTPS connection (1): www.instagram.com:443
03/11/2022 09:38:51 AM https://www.instagram.com:443 "GET /p/roU3xcI3cL/ HTTP/1.1" 302 0
03/11/2022 09:38:51 AM Request Issued
03/11/2022 09:38:51 AM Blocked
03/11/2022 10:08:51 AM Starting new HTTPS connection (1): www.instagram.com:443
03/11/2022 10:08:51 AM https://www.instagram.com:443 "GET /p/roU3xcI3cL/ HTTP/1.1" 302 0
03/11/2022 10:08:51 AM Request Issued
03/11/2022 10:08:51 AM Blocked
03/11/2022 10:38:51 AM Starting new HTTPS connection (1): www.instagram.com:443
03/11/2022 10:38:52 AM https://www.instagram.com:443 "GET /p/roU3xcI3cL/ HTTP/1.1" 302 0
03/11/2022 10:38:52 AM Request Issued
03/11/2022 10:38:52 AM Blocked
03/11/2022 11:08:52 AM Starting new HTTPS connection (1): www.instagram.com:443
03/11/2022 11:08:52 AM https://www.instagram.com:443 "GET /p/roU3xcI3cL/ HTTP/1.1" 302 0
03/11/2022 11:08:52 AM Request Issued
03/11/2022 11:08:52 AM Blocked
03/11/2022 11:38:52 AM Starting new HTTPS connection (1): www.instagram.com:443
03/11/2022 11:38:52 AM https://www.instagram.com:443 "GET /p/roU3xcI3cL/ HTTP/1.1" 302 0
03/11/2022 11:38:52 AM Request Issued
03/11/2022 11:38:52 AM Blocked
03/11/2022 12:08:53 PM Starting new HTTPS connection (1): www.instagram.com:443
03/11/2022 12:08:53 PM https://www.instagram.com:443 "GET /p/roU3xcI3cL/ HTTP/1.1" 302 0
03/11/2022 12:08:53 PM Request Issued
03/11/2022 12:08:53 PM Blocked
03/11/2022 12:38:53 PM Starting new HTTPS connection (1): www.instagram.com:443
03/11/2022 12:38:53 PM https://www.instagram.com:443 "GET /p/roU3xcI3cL/ HTTP/1.1" 302 0
03/11/2022 12:38:53 PM Request Issued
03/11/2022 12:38:53 PM Blocked
03/11/2022 01:08:53 PM Starting new HTTPS connection (1): www.instagram.com:443
03/11/2022 01:08:54 PM https://www.instagram.com:443 "GET /p/roU3xcI3cL/ HTTP/1.1" 302 0
03/11/2022 01:08:54 PM Request Issued
03/11/2022 01:08:54 PM Blocked
03/11/2022 01:38:54 PM Starting new HTTPS connection (1): www.instagram.com:443
03/11/2022 01:38:54 PM https://www.instagram.com:443 "GET /p/roU3xcI3cL/ HTTP/1.1" 302 0
03/11/2022 01:38:54 PM Request Issued
03/11/2022 01:38:54 PM Blocked
03/11/2022 02:08:54 PM Starting new HTTPS connection (1): www.instagram.com:443
03/11/2022 02:08:54 PM https://www.instagram.com:443 "GET /p/roU3xcI3cL/ HTTP/1.1" 302 0
03/11/2022 02:08:54 PM Request Issued
03/11/2022 02:08:54 PM Blocked
03/12/2022 10:01:14 PM Starting new HTTPS connection (1): www.instagram.com:443
03/12/2022 10:01:14 PM https://www.instagram.com:443 "GET /p/roU3xcI3cL/ HTTP/1.1" 302 0
03/12/2022 10:01:14 PM Request Issued
03/12/2022 10:01:14 PM Blocked
03/12/2022 10:31:14 PM Starting new HTTPS connection (1): www.instagram.com:443
03/12/2022 10:31:14 PM https://www.instagram.com:443 "GET /p/roU3xcI3cL/ HTTP/1.1" 302 0
03/12/2022 10:31:14 PM Request Issued
03/12/2022 10:31:14 PM Blocked
03/12/2022 11:01:15 PM Starting new HTTPS connection (1): www.instagram.com:443
03/12/2022 11:01:15 PM https://www.instagram.com:443 "GET /p/roU3xcI3cL/ HTTP/1.1" 302 0
03/12/2022 11:01:15 PM Request Issued
03/12/2022 11:01:15 PM Blocked
03/12/2022 11:31:15 PM Starting new HTTPS connection (1): www.instagram.com:443
03/12/2022 11:31:15 PM https://www.instagram.com:443 "GET /p/roU3xcI3cL/ HTTP/1.1" 302 0
03/12/2022 11:31:15 PM Request Issued
03/12/2022 11:31:15 PM Blocked
03/13/2022 12:01:16 AM Starting new HTTPS connection (1): www.instagram.com:443
03/13/2022 12:01:16 AM https://www.instagram.com:443 "GET /p/roU3xcI3cL/ HTTP/1.1" 302 0
03/13/2022 12:01:16 AM Request Issued
03/13/2022 12:01:16 AM Blocked
03/13/2022 12:31:16 AM Starting new HTTPS connection (1): www.instagram.com:443
03/13/2022 12:31:17 AM https://www.instagram.com:443 "GET /p/roU3xcI3cL/ HTTP/1.1" 302 0
03/13/2022 12:31:17 AM Request Issued
03/13/2022 12:31:17 AM Blocked
03/13/2022 01:01:17 AM Starting new HTTPS connection (1): www.instagram.com:443
03/13/2022 01:01:17 AM https://www.instagram.com:443 "GET /p/roU3xcI3cL/ HTTP/1.1" 302 0
03/13/2022 01:01:17 AM Request Issued
03/13/2022 01:01:17 AM Blocked
03/13/2022 01:31:17 AM Starting new HTTPS connection (1): www.instagram.com:443
03/13/2022 01:31:17 AM https://www.instagram.com:443 "GET /p/roU3xcI3cL/ HTTP/1.1" 302 0
03/13/2022 01:31:17 AM Request Issued
03/13/2022 01:31:17 AM Blocked
03/13/2022 03:01:18 AM Starting new HTTPS connection (1): www.instagram.com:443
03/13/2022 03:01:18 AM https://www.instagram.com:443 "GET /p/roU3xcI3cL/ HTTP/1.1" 200 30449
03/13/2022 03:01:18 AM Request Issued
03/13/2022 03:01:18 AM Block ID: 5, Block period: 10757 seconds
03/13/2022 03:01:18 AM Blocked = False, Block period ended
03/13/2022 03:06:19 AM Starting new HTTPS connection (1): www.instagram.com:443
03/13/2022 03:06:19 AM https://www.instagram.com:443 "GET /p/rOXqhfKFu7/ HTTP/1.1" 302 0
03/13/2022 03:06:19 AM Request Issued
03/13/2022 03:06:19 AM Blocked
03/13/2022 03:06:19 AM Blocked = True, Entering the block period
03/13/2022 03:36:19 AM Starting new HTTPS connection (1): www.instagram.com:443
03/13/2022 03:36:19 AM https://www.instagram.com:443 "GET /p/rOXqhfKFu7/ HTTP/1.1" 302 0
03/13/2022 03:36:19 AM Request Issued
03/13/2022 03:36:19 AM Blocked
03/13/2022 04:06:21 AM Starting new HTTPS connection (1): www.instagram.com:443
03/13/2022 04:06:21 AM https://www.instagram.com:443 "GET /p/rOXqhfKFu7/ HTTP/1.1" 302 0
03/13/2022 04:06:21 AM Request Issued
03/13/2022 04:06:21 AM Blocked
03/13/2022 04:36:22 AM Starting new HTTPS connection (1): www.instagram.com:443
03/13/2022 04:36:22 AM https://www.instagram.com:443 "GET /p/rOXqhfKFu7/ HTTP/1.1" 302 0
03/13/2022 04:36:22 AM Request Issued
03/13/2022 04:36:22 AM Blocked
03/13/2022 05:06:22 AM Starting new HTTPS connection (1): www.instagram.com:443
03/13/2022 05:06:22 AM https://www.instagram.com:443 "GET /p/rOXqhfKFu7/ HTTP/1.1" 302 0
03/13/2022 05:06:22 AM Request Issued
03/13/2022 05:06:22 AM Blocked
03/13/2022 05:36:22 AM Starting new HTTPS connection (1): www.instagram.com:443
03/13/2022 05:36:23 AM https://www.instagram.com:443 "GET /p/rOXqhfKFu7/ HTTP/1.1" 302 0
03/13/2022 05:36:23 AM Request Issued
03/13/2022 05:36:23 AM Blocked
03/13/2022 06:06:23 AM Starting new HTTPS connection (1): www.instagram.com:443
03/13/2022 06:06:23 AM https://www.instagram.com:443 "GET /p/rOXqhfKFu7/ HTTP/1.1" 302 0
03/13/2022 06:06:23 AM Request Issued
03/13/2022 06:06:23 AM Blocked
03/13/2022 06:36:23 AM Starting new HTTPS connection (1): www.instagram.com:443
03/13/2022 06:36:23 AM https://www.instagram.com:443 "GET /p/rOXqhfKFu7/ HTTP/1.1" 302 0
03/13/2022 06:36:23 AM Request Issued
03/13/2022 06:36:23 AM Blocked
03/13/2022 07:06:23 AM Starting new HTTPS connection (1): www.instagram.com:443
03/13/2022 07:06:23 AM https://www.instagram.com:443 "GET /p/rOXqhfKFu7/ HTTP/1.1" 302 0
03/13/2022 07:06:23 AM Request Issued
03/13/2022 07:06:23 AM Blocked
03/13/2022 07:36:24 AM Starting new HTTPS connection (1): www.instagram.com:443
03/13/2022 07:36:24 AM https://www.instagram.com:443 "GET /p/rOXqhfKFu7/ HTTP/1.1" 302 0
03/13/2022 07:36:24 AM Request Issued
03/13/2022 07:36:24 AM Blocked
03/13/2022 08:06:24 AM Starting new HTTPS connection (1): www.instagram.com:443
03/13/2022 08:06:24 AM https://www.instagram.com:443 "GET /p/rOXqhfKFu7/ HTTP/1.1" 302 0
03/13/2022 08:06:24 AM Request Issued
03/13/2022 08:06:24 AM Blocked
03/13/2022 08:36:24 AM Starting new HTTPS connection (1): www.instagram.com:443
03/13/2022 08:36:24 AM https://www.instagram.com:443 "GET /p/rOXqhfKFu7/ HTTP/1.1" 302 0
03/13/2022 08:36:24 AM Request Issued
03/13/2022 08:36:24 AM Blocked
03/13/2022 09:06:24 AM Starting new HTTPS connection (1): www.instagram.com:443
03/13/2022 09:06:25 AM https://www.instagram.com:443 "GET /p/rOXqhfKFu7/ HTTP/1.1" 200 33374
03/13/2022 09:06:26 AM Request Issued
03/13/2022 09:06:26 AM Block ID: 6, Block period: 21606 seconds
03/13/2022 09:06:26 AM Blocked = False, Block period ended
03/13/2022 09:11:26 AM Starting new HTTPS connection (1): www.instagram.com:443
03/13/2022 09:11:27 AM https://www.instagram.com:443 "GET /p/rp0N8ZGcAm/ HTTP/1.1" 200 29417
03/13/2022 09:11:27 AM Request Issued
03/13/2022 09:11:27 AM Blocked = False, Response recieved
03/13/2022 09:16:28 AM Starting new HTTPS connection (1): www.instagram.com:443
03/13/2022 09:16:30 AM https://www.instagram.com:443 "GET /p/rp4UwqpX1m/ HTTP/1.1" 404 89901
03/13/2022 09:16:30 AM Request Issued
03/13/2022 09:21:30 AM Starting new HTTPS connection (1): www.instagram.com:443
03/13/2022 09:21:31 AM https://www.instagram.com:443 "GET /p/rph5WmBKsK/ HTTP/1.1" 302 0
03/13/2022 09:21:31 AM Request Issued
03/13/2022 09:21:31 AM Blocked
03/13/2022 09:21:31 AM Blocked = True, Entering the block period
03/13/2022 09:51:31 AM Starting new HTTPS connection (1): www.instagram.com:443
03/13/2022 09:51:31 AM https://www.instagram.com:443 "GET /p/rph5WmBKsK/ HTTP/1.1" 302 0
03/13/2022 09:51:31 AM Request Issued
03/13/2022 09:51:31 AM Blocked
03/13/2022 10:21:31 AM Starting new HTTPS connection (1): www.instagram.com:443
03/13/2022 10:21:31 AM https://www.instagram.com:443 "GET /p/rph5WmBKsK/ HTTP/1.1" 302 0
03/13/2022 10:21:31 AM Request Issued
03/13/2022 10:21:31 AM Blocked
03/13/2022 10:51:32 AM Starting new HTTPS connection (1): www.instagram.com:443
03/13/2022 10:51:32 AM https://www.instagram.com:443 "GET /p/rph5WmBKsK/ HTTP/1.1" 302 0
03/13/2022 10:51:32 AM Request Issued
03/13/2022 10:51:32 AM Blocked
03/13/2022 11:21:32 AM Starting new HTTPS connection (1): www.instagram.com:443
03/13/2022 11:21:32 AM https://www.instagram.com:443 "GET /p/rph5WmBKsK/ HTTP/1.1" 302 0
03/13/2022 11:21:32 AM Request Issued
03/13/2022 11:21:32 AM Blocked
03/13/2022 11:51:32 AM Starting new HTTPS connection (1): www.instagram.com:443
03/13/2022 11:51:32 AM https://www.instagram.com:443 "GET /p/rph5WmBKsK/ HTTP/1.1" 302 0
03/13/2022 11:51:32 AM Request Issued
03/13/2022 11:51:32 AM Blocked
03/13/2022 10:02:18 PM Starting new HTTPS connection (1): www.instagram.com:443
03/13/2022 10:02:18 PM https://www.instagram.com:443 "GET /p/rph5WmBKsK/ HTTP/1.1" 302 0
03/13/2022 10:02:18 PM Request Issued
03/13/2022 10:02:18 PM Blocked
03/13/2022 10:32:19 PM Starting new HTTPS connection (1): www.instagram.com:443
03/13/2022 10:32:19 PM https://www.instagram.com:443 "GET /p/rph5WmBKsK/ HTTP/1.1" 302 0
03/13/2022 10:32:19 PM Request Issued
03/13/2022 10:32:19 PM Blocked
03/13/2022 11:02:19 PM Starting new HTTPS connection (1): www.instagram.com:443
03/13/2022 11:02:20 PM https://www.instagram.com:443 "GET /p/rph5WmBKsK/ HTTP/1.1" 302 0
03/13/2022 11:02:20 PM Request Issued
03/13/2022 11:02:20 PM Blocked
03/13/2022 11:32:20 PM Starting new HTTPS connection (1): www.instagram.com:443
03/13/2022 11:32:20 PM https://www.instagram.com:443 "GET /p/rph5WmBKsK/ HTTP/1.1" 302 0
03/13/2022 11:32:20 PM Request Issued
03/13/2022 11:32:20 PM Blocked
03/14/2022 12:02:20 AM Starting new HTTPS connection (1): www.instagram.com:443
03/14/2022 12:02:20 AM https://www.instagram.com:443 "GET /p/rph5WmBKsK/ HTTP/1.1" 302 0
03/14/2022 12:02:20 AM Request Issued
03/14/2022 12:02:20 AM Blocked
03/14/2022 12:32:21 AM Starting new HTTPS connection (1): www.instagram.com:443
03/14/2022 12:32:21 AM https://www.instagram.com:443 "GET /p/rph5WmBKsK/ HTTP/1.1" 302 0
03/14/2022 12:32:21 AM Request Issued
03/14/2022 12:32:21 AM Blocked
03/14/2022 01:02:21 AM Starting new HTTPS connection (1): www.instagram.com:443
03/14/2022 01:02:22 AM https://www.instagram.com:443 "GET /p/rph5WmBKsK/ HTTP/1.1" 302 0
03/14/2022 01:02:22 AM Request Issued
03/14/2022 01:02:22 AM Blocked
03/14/2022 01:32:22 AM Starting new HTTPS connection (1): www.instagram.com:443
03/14/2022 01:32:22 AM https://www.instagram.com:443 "GET /p/rph5WmBKsK/ HTTP/1.1" 302 0
03/14/2022 01:32:22 AM Request Issued
03/14/2022 01:32:22 AM Blocked
03/14/2022 02:02:22 AM Starting new HTTPS connection (1): www.instagram.com:443
03/14/2022 02:02:23 AM https://www.instagram.com:443 "GET /p/rph5WmBKsK/ HTTP/1.1" 302 0
03/14/2022 02:02:23 AM Request Issued
03/14/2022 02:02:23 AM Blocked
03/14/2022 02:32:23 AM Starting new HTTPS connection (1): www.instagram.com:443
03/14/2022 02:32:23 AM https://www.instagram.com:443 "GET /p/rph5WmBKsK/ HTTP/1.1" 302 0
03/14/2022 02:32:23 AM Request Issued
03/14/2022 02:32:23 AM Blocked
03/14/2022 03:02:23 AM Starting new HTTPS connection (1): www.instagram.com:443
03/14/2022 03:02:24 AM https://www.instagram.com:443 "GET /p/rph5WmBKsK/ HTTP/1.1" 302 0
03/14/2022 03:02:24 AM Request Issued
03/14/2022 03:02:24 AM Blocked
03/14/2022 03:32:24 AM Starting new HTTPS connection (1): www.instagram.com:443
03/14/2022 03:32:24 AM https://www.instagram.com:443 "GET /p/rph5WmBKsK/ HTTP/1.1" 302 0
03/14/2022 03:32:24 AM Request Issued
03/14/2022 03:32:24 AM Blocked
03/14/2022 04:02:25 AM Starting new HTTPS connection (1): www.instagram.com:443
03/14/2022 04:02:25 AM https://www.instagram.com:443 "GET /p/rph5WmBKsK/ HTTP/1.1" 302 0
03/14/2022 04:02:25 AM Request Issued
03/14/2022 04:02:25 AM Blocked
03/15/2022 09:11:43 PM Starting new HTTPS connection (1): www.instagram.com:443
03/15/2022 09:11:44 PM https://www.instagram.com:443 "GET /p/rph5WmBKsK/ HTTP/1.1" 302 0
03/15/2022 09:11:44 PM Request Issued
03/15/2022 09:11:44 PM Blocked
03/15/2022 09:41:44 PM Starting new HTTPS connection (1): www.instagram.com:443
03/15/2022 09:41:44 PM https://www.instagram.com:443 "GET /p/rph5WmBKsK/ HTTP/1.1" 302 0
03/15/2022 09:41:44 PM Request Issued
03/15/2022 09:41:44 PM Blocked
03/15/2022 10:11:44 PM Starting new HTTPS connection (1): www.instagram.com:443
03/15/2022 10:11:45 PM https://www.instagram.com:443 "GET /p/rph5WmBKsK/ HTTP/1.1" 302 0
03/15/2022 10:11:45 PM Request Issued
03/15/2022 10:11:45 PM Blocked
03/15/2022 10:41:45 PM Starting new HTTPS connection (1): www.instagram.com:443
03/15/2022 10:41:45 PM https://www.instagram.com:443 "GET /p/rph5WmBKsK/ HTTP/1.1" 302 0
03/15/2022 10:41:45 PM Request Issued
03/15/2022 10:41:45 PM Blocked
03/15/2022 11:11:45 PM Starting new HTTPS connection (1): www.instagram.com:443
03/15/2022 11:11:46 PM https://www.instagram.com:443 "GET /p/rph5WmBKsK/ HTTP/1.1" 302 0
03/15/2022 11:11:46 PM Request Issued
03/15/2022 11:11:46 PM Blocked
03/15/2022 11:41:46 PM Starting new HTTPS connection (1): www.instagram.com:443
03/15/2022 11:41:46 PM https://www.instagram.com:443 "GET /p/rph5WmBKsK/ HTTP/1.1" 302 0
03/15/2022 11:41:46 PM Request Issued
03/15/2022 11:41:46 PM Blocked
03/16/2022 12:11:46 AM Starting new HTTPS connection (1): www.instagram.com:443
03/16/2022 12:11:46 AM https://www.instagram.com:443 "GET /p/rph5WmBKsK/ HTTP/1.1" 302 0
03/16/2022 12:11:46 AM Request Issued
03/16/2022 12:11:46 AM Blocked
03/16/2022 12:41:47 AM Starting new HTTPS connection (1): www.instagram.com:443
03/16/2022 12:41:47 AM https://www.instagram.com:443 "GET /p/rph5WmBKsK/ HTTP/1.1" 302 0
03/16/2022 12:41:47 AM Request Issued
03/16/2022 12:41:47 AM Blocked
03/16/2022 01:11:47 AM Starting new HTTPS connection (1): www.instagram.com:443
03/16/2022 01:11:48 AM https://www.instagram.com:443 "GET /p/rph5WmBKsK/ HTTP/1.1" 404 90991
03/16/2022 01:11:48 AM Request Issued
03/16/2022 01:11:48 AM Block ID: 7, Block period: 57017 seconds
03/16/2022 01:11:48 AM Blocked = False, Block period ended
03/16/2022 01:16:48 AM Starting new HTTPS connection (1): www.instagram.com:443
03/16/2022 01:16:49 AM https://www.instagram.com:443 "GET /p/rpjZtVkno8/ HTTP/1.1" 200 29795
03/16/2022 01:16:49 AM Request Issued
03/16/2022 01:16:49 AM Blocked = False, Response recieved
03/16/2022 01:21:49 AM Starting new HTTPS connection (1): www.instagram.com:443
03/16/2022 01:21:50 AM https://www.instagram.com:443 "GET /p/rPs1o5vxxi/ HTTP/1.1" 302 0
03/16/2022 01:21:50 AM Request Issued
03/16/2022 01:21:50 AM Blocked
03/16/2022 01:21:50 AM Blocked = True, Entering the block period
03/16/2022 03:38:50 PM Starting new HTTPS connection (1): www.instagram.com:443
03/16/2022 03:38:51 PM https://www.instagram.com:443 "GET /p/rPs1o5vxxi/ HTTP/1.1" 302 0
03/16/2022 03:38:51 PM Request Issued
03/16/2022 03:38:51 PM Blocked
03/16/2022 05:18:22 PM Starting new HTTPS connection (1): www.instagram.com:443
03/16/2022 05:18:22 PM https://www.instagram.com:443 "GET /p/rPs1o5vxxi/ HTTP/1.1" 302 0
03/16/2022 05:18:22 PM Request Issued
03/16/2022 05:18:22 PM Blocked
03/16/2022 05:48:22 PM Starting new HTTPS connection (1): www.instagram.com:443
03/16/2022 05:48:23 PM https://www.instagram.com:443 "GET /p/rPs1o5vxxi/ HTTP/1.1" 302 0
03/16/2022 05:48:23 PM Request Issued
03/16/2022 05:48:23 PM Blocked
03/16/2022 06:18:23 PM Starting new HTTPS connection (1): www.instagram.com:443
03/16/2022 06:18:23 PM https://www.instagram.com:443 "GET /p/rPs1o5vxxi/ HTTP/1.1" 302 0
03/16/2022 06:18:23 PM Request Issued
03/16/2022 06:18:23 PM Blocked
03/16/2022 06:48:23 PM Starting new HTTPS connection (1): www.instagram.com:443
03/16/2022 06:48:23 PM https://www.instagram.com:443 "GET /p/rPs1o5vxxi/ HTTP/1.1" 302 0
03/16/2022 06:48:23 PM Request Issued
03/16/2022 06:48:23 PM Blocked
03/16/2022 07:18:24 PM Starting new HTTPS connection (1): www.instagram.com:443
03/16/2022 07:18:24 PM https://www.instagram.com:443 "GET /p/rPs1o5vxxi/ HTTP/1.1" 302 0
03/16/2022 07:18:24 PM Request Issued
03/16/2022 07:18:24 PM Blocked
03/16/2022 07:48:24 PM Starting new HTTPS connection (1): www.instagram.com:443
03/16/2022 07:48:24 PM https://www.instagram.com:443 "GET /p/rPs1o5vxxi/ HTTP/1.1" 302 0
03/16/2022 07:48:24 PM Request Issued
03/16/2022 07:48:24 PM Blocked
03/16/2022 08:18:24 PM Starting new HTTPS connection (1): www.instagram.com:443
03/16/2022 08:18:25 PM https://www.instagram.com:443 "GET /p/rPs1o5vxxi/ HTTP/1.1" 302 0
03/16/2022 08:18:25 PM Request Issued
03/16/2022 08:18:25 PM Blocked
03/16/2022 08:48:25 PM Starting new HTTPS connection (1): www.instagram.com:443
03/16/2022 08:48:25 PM https://www.instagram.com:443 "GET /p/rPs1o5vxxi/ HTTP/1.1" 302 0
03/16/2022 08:48:25 PM Request Issued
03/16/2022 08:48:25 PM Blocked
03/16/2022 09:18:25 PM Starting new HTTPS connection (1): www.instagram.com:443
03/16/2022 09:18:25 PM https://www.instagram.com:443 "GET /p/rPs1o5vxxi/ HTTP/1.1" 302 0
03/16/2022 09:18:25 PM Request Issued
03/16/2022 09:18:25 PM Blocked
03/16/2022 09:48:26 PM Starting new HTTPS connection (1): www.instagram.com:443
03/16/2022 09:48:26 PM https://www.instagram.com:443 "GET /p/rPs1o5vxxi/ HTTP/1.1" 302 0
03/16/2022 09:48:26 PM Request Issued
03/16/2022 09:48:26 PM Blocked
03/16/2022 10:18:26 PM Starting new HTTPS connection (1): www.instagram.com:443
03/16/2022 10:18:26 PM https://www.instagram.com:443 "GET /p/rPs1o5vxxi/ HTTP/1.1" 302 0
03/16/2022 10:18:26 PM Request Issued
03/16/2022 10:18:26 PM Blocked
03/16/2022 10:48:26 PM Starting new HTTPS connection (1): www.instagram.com:443
03/16/2022 10:48:26 PM https://www.instagram.com:443 "GET /p/rPs1o5vxxi/ HTTP/1.1" 302 0
03/16/2022 10:48:26 PM Request Issued
03/16/2022 10:48:26 PM Blocked
03/16/2022 11:18:27 PM Starting new HTTPS connection (1): www.instagram.com:443
03/16/2022 11:18:27 PM https://www.instagram.com:443 "GET /p/rPs1o5vxxi/ HTTP/1.1" 302 0
03/16/2022 11:18:27 PM Request Issued
03/16/2022 11:18:27 PM Blocked
03/16/2022 11:48:27 PM Starting new HTTPS connection (1): www.instagram.com:443
03/16/2022 11:48:27 PM https://www.instagram.com:443 "GET /p/rPs1o5vxxi/ HTTP/1.1" 302 0
03/16/2022 11:48:27 PM Request Issued
03/16/2022 11:48:27 PM Blocked
03/17/2022 12:18:27 AM Starting new HTTPS connection (1): www.instagram.com:443
03/17/2022 12:18:28 AM https://www.instagram.com:443 "GET /p/rPs1o5vxxi/ HTTP/1.1" 302 0
03/17/2022 12:18:28 AM Request Issued
03/17/2022 12:18:28 AM Blocked
03/17/2022 12:48:28 AM Starting new HTTPS connection (1): www.instagram.com:443
03/17/2022 12:48:28 AM https://www.instagram.com:443 "GET /p/rPs1o5vxxi/ HTTP/1.1" 302 0
03/17/2022 12:48:28 AM Request Issued
03/17/2022 12:48:28 AM Blocked
03/17/2022 01:18:28 AM Starting new HTTPS connection (1): www.instagram.com:443
03/17/2022 01:18:28 AM https://www.instagram.com:443 "GET /p/rPs1o5vxxi/ HTTP/1.1" 302 0
03/17/2022 01:18:28 AM Request Issued
03/17/2022 01:18:28 AM Blocked
03/17/2022 01:48:29 AM Starting new HTTPS connection (1): www.instagram.com:443
03/17/2022 01:48:29 AM https://www.instagram.com:443 "GET /p/rPs1o5vxxi/ HTTP/1.1" 302 0
03/17/2022 01:48:29 AM Request Issued
03/17/2022 01:48:29 AM Blocked
03/17/2022 02:18:29 AM Starting new HTTPS connection (1): www.instagram.com:443
03/17/2022 02:18:29 AM https://www.instagram.com:443 "GET /p/rPs1o5vxxi/ HTTP/1.1" 302 0
03/17/2022 02:18:29 AM Request Issued
03/17/2022 02:18:29 AM Blocked
03/17/2022 02:48:30 AM Starting new HTTPS connection (1): www.instagram.com:443
03/17/2022 02:48:30 AM https://www.instagram.com:443 "GET /p/rPs1o5vxxi/ HTTP/1.1" 302 0
03/17/2022 02:48:30 AM Request Issued
03/17/2022 02:48:30 AM Blocked
03/18/2022 04:00:04 PM Starting new HTTPS connection (1): www.instagram.com:443
03/18/2022 04:00:05 PM https://www.instagram.com:443 "GET /p/rPs1o5vxxi/ HTTP/1.1" 302 0
03/18/2022 04:00:05 PM Request Issued
03/18/2022 04:00:05 PM Blocked
03/18/2022 04:30:05 PM Starting new HTTPS connection (1): www.instagram.com:443
03/18/2022 04:30:05 PM https://www.instagram.com:443 "GET /p/rPs1o5vxxi/ HTTP/1.1" 302 0
03/18/2022 04:30:05 PM Request Issued
03/18/2022 04:30:05 PM Blocked
03/19/2022 02:09:30 AM Starting new HTTPS connection (1): www.instagram.com:443
03/19/2022 02:09:31 AM https://www.instagram.com:443 "GET /p/rPs1o5vxxi/ HTTP/1.1" 302 0
03/19/2022 02:09:31 AM Request Issued
03/19/2022 02:09:31 AM Blocked
03/19/2022 02:39:31 AM Starting new HTTPS connection (1): www.instagram.com:443
03/19/2022 02:39:31 AM https://www.instagram.com:443 "GET /p/rPs1o5vxxi/ HTTP/1.1" 302 0
03/19/2022 02:39:31 AM Request Issued
03/19/2022 02:39:31 AM Blocked
03/19/2022 03:09:31 AM Starting new HTTPS connection (1): www.instagram.com:443
03/19/2022 03:09:32 AM https://www.instagram.com:443 "GET /p/rPs1o5vxxi/ HTTP/1.1" 302 0
03/19/2022 03:09:32 AM Request Issued
03/19/2022 03:09:32 AM Blocked
03/19/2022 03:39:32 AM Starting new HTTPS connection (1): www.instagram.com:443
03/19/2022 03:39:32 AM https://www.instagram.com:443 "GET /p/rPs1o5vxxi/ HTTP/1.1" 302 0
03/19/2022 03:39:32 AM Request Issued
03/19/2022 03:39:32 AM Blocked
03/19/2022 04:09:32 AM Starting new HTTPS connection (1): www.instagram.com:443
03/19/2022 04:09:33 AM https://www.instagram.com:443 "GET /p/rPs1o5vxxi/ HTTP/1.1" 302 0
03/19/2022 04:09:33 AM Request Issued
03/19/2022 04:09:33 AM Blocked
03/19/2022 04:39:33 AM Starting new HTTPS connection (1): www.instagram.com:443
03/19/2022 04:39:33 AM https://www.instagram.com:443 "GET /p/rPs1o5vxxi/ HTTP/1.1" 302 0
03/19/2022 04:39:34 AM Request Issued
03/19/2022 04:39:34 AM Blocked
03/19/2022 05:09:34 AM Starting new HTTPS connection (1): www.instagram.com:443
03/19/2022 05:09:34 AM https://www.instagram.com:443 "GET /p/rPs1o5vxxi/ HTTP/1.1" 302 0
03/19/2022 05:09:34 AM Request Issued
03/19/2022 05:09:34 AM Blocked
03/19/2022 05:39:34 AM Starting new HTTPS connection (1): www.instagram.com:443
03/19/2022 05:39:35 AM https://www.instagram.com:443 "GET /p/rPs1o5vxxi/ HTTP/1.1" 302 0
03/19/2022 05:39:35 AM Request Issued
03/19/2022 05:39:35 AM Blocked
03/19/2022 06:09:35 AM Starting new HTTPS connection (1): www.instagram.com:443
03/19/2022 06:09:35 AM https://www.instagram.com:443 "GET /p/rPs1o5vxxi/ HTTP/1.1" 302 0
03/19/2022 06:09:35 AM Request Issued
03/19/2022 06:09:35 AM Blocked
03/19/2022 06:39:36 AM Starting new HTTPS connection (1): www.instagram.com:443
03/19/2022 06:39:36 AM https://www.instagram.com:443 "GET /p/rPs1o5vxxi/ HTTP/1.1" 302 0
03/19/2022 06:39:36 AM Request Issued
03/19/2022 06:39:36 AM Blocked
03/19/2022 07:09:36 AM Starting new HTTPS connection (1): www.instagram.com:443
03/19/2022 07:09:36 AM https://www.instagram.com:443 "GET /p/rPs1o5vxxi/ HTTP/1.1" 302 0
03/19/2022 07:09:36 AM Request Issued
03/19/2022 07:09:36 AM Blocked
03/19/2022 07:39:37 AM Starting new HTTPS connection (1): www.instagram.com:443
03/19/2022 07:39:37 AM https://www.instagram.com:443 "GET /p/rPs1o5vxxi/ HTTP/1.1" 302 0
03/19/2022 07:39:37 AM Request Issued
03/19/2022 07:39:37 AM Blocked
03/19/2022 08:09:37 AM Starting new HTTPS connection (1): www.instagram.com:443
03/19/2022 08:09:38 AM https://www.instagram.com:443 "GET /p/rPs1o5vxxi/ HTTP/1.1" 302 0
03/19/2022 08:09:38 AM Request Issued
03/19/2022 08:09:38 AM Blocked
03/19/2022 08:39:38 AM Starting new HTTPS connection (1): www.instagram.com:443
03/19/2022 08:39:38 AM https://www.instagram.com:443 "GET /p/rPs1o5vxxi/ HTTP/1.1" 302 0
03/19/2022 08:39:38 AM Request Issued
03/19/2022 08:39:38 AM Blocked
03/19/2022 09:22:27 AM Starting new HTTPS connection (1): www.instagram.com:443
03/19/2022 09:22:27 AM https://www.instagram.com:443 "GET /p/rPs1o5vxxi/ HTTP/1.1" 302 0
03/19/2022 09:22:27 AM Request Issued
03/19/2022 09:22:27 AM Blocked
03/19/2022 09:52:27 AM Starting new HTTPS connection (1): www.instagram.com:443
03/19/2022 09:52:27 AM https://www.instagram.com:443 "GET /p/rPs1o5vxxi/ HTTP/1.1" 302 0
03/19/2022 09:52:27 AM Request Issued
03/19/2022 09:52:27 AM Blocked
03/19/2022 10:22:28 AM Starting new HTTPS connection (1): www.instagram.com:443
03/19/2022 10:22:28 AM https://www.instagram.com:443 "GET /p/rPs1o5vxxi/ HTTP/1.1" 302 0
03/19/2022 10:22:28 AM Request Issued
03/19/2022 10:22:28 AM Blocked
03/19/2022 10:52:28 AM Starting new HTTPS connection (1): www.instagram.com:443
03/19/2022 10:52:28 AM https://www.instagram.com:443 "GET /p/rPs1o5vxxi/ HTTP/1.1" 302 0
03/19/2022 10:52:28 AM Request Issued
03/19/2022 10:52:28 AM Blocked
03/19/2022 11:22:29 AM Starting new HTTPS connection (1): www.instagram.com:443
03/19/2022 11:22:29 AM https://www.instagram.com:443 "GET /p/rPs1o5vxxi/ HTTP/1.1" 302 0
03/19/2022 11:22:29 AM Request Issued
03/19/2022 11:22:29 AM Blocked
03/19/2022 11:52:29 AM Starting new HTTPS connection (1): www.instagram.com:443
03/19/2022 11:52:30 AM https://www.instagram.com:443 "GET /p/rPs1o5vxxi/ HTTP/1.1" 302 0
03/19/2022 11:52:30 AM Request Issued
03/19/2022 11:52:30 AM Blocked
03/19/2022 12:22:30 PM Starting new HTTPS connection (1): www.instagram.com:443
03/19/2022 12:22:30 PM https://www.instagram.com:443 "GET /p/rPs1o5vxxi/ HTTP/1.1" 302 0
03/19/2022 12:22:30 PM Request Issued
03/19/2022 12:22:30 PM Blocked
03/19/2022 12:52:30 PM Starting new HTTPS connection (1): www.instagram.com:443
03/19/2022 12:52:30 PM https://www.instagram.com:443 "GET /p/rPs1o5vxxi/ HTTP/1.1" 302 0
03/19/2022 12:52:31 PM Request Issued
03/19/2022 12:52:31 PM Blocked
03/19/2022 01:22:31 PM Starting new HTTPS connection (1): www.instagram.com:443
03/19/2022 01:22:31 PM https://www.instagram.com:443 "GET /p/rPs1o5vxxi/ HTTP/1.1" 302 0
03/19/2022 01:22:31 PM Request Issued
03/19/2022 01:22:31 PM Blocked
03/19/2022 01:52:31 PM Starting new HTTPS connection (1): www.instagram.com:443
03/19/2022 01:52:32 PM https://www.instagram.com:443 "GET /p/rPs1o5vxxi/ HTTP/1.1" 302 0
03/19/2022 01:52:32 PM Request Issued
03/19/2022 01:52:32 PM Blocked
03/19/2022 02:22:32 PM Starting new HTTPS connection (1): www.instagram.com:443
03/19/2022 02:22:32 PM https://www.instagram.com:443 "GET /p/rPs1o5vxxi/ HTTP/1.1" 302 0
03/19/2022 02:22:32 PM Request Issued
03/19/2022 02:22:32 PM Blocked
03/19/2022 02:52:33 PM Starting new HTTPS connection (1): www.instagram.com:443
03/19/2022 02:52:33 PM https://www.instagram.com:443 "GET /p/rPs1o5vxxi/ HTTP/1.1" 302 0
03/19/2022 02:52:33 PM Request Issued
03/19/2022 02:52:33 PM Blocked
03/21/2022 07:12:07 PM Starting new HTTPS connection (1): www.instagram.com:443
03/21/2022 07:12:07 PM https://www.instagram.com:443 "GET /p/rPs1o5vxxi/ HTTP/1.1" 302 0
03/21/2022 07:12:07 PM Request Issued
03/21/2022 07:12:07 PM Blocked
03/21/2022 07:42:07 PM Starting new HTTPS connection (1): www.instagram.com:443
03/21/2022 07:42:08 PM https://www.instagram.com:443 "GET /p/rPs1o5vxxi/ HTTP/1.1" 302 0
03/21/2022 07:42:08 PM Request Issued
03/21/2022 07:42:08 PM Blocked
03/21/2022 08:12:08 PM Starting new HTTPS connection (1): www.instagram.com:443
03/21/2022 08:12:08 PM https://www.instagram.com:443 "GET /p/rPs1o5vxxi/ HTTP/1.1" 302 0
03/21/2022 08:12:08 PM Request Issued
03/21/2022 08:12:08 PM Blocked
03/21/2022 08:42:08 PM Starting new HTTPS connection (1): www.instagram.com:443
03/21/2022 08:42:08 PM https://www.instagram.com:443 "GET /p/rPs1o5vxxi/ HTTP/1.1" 302 0
03/21/2022 08:42:08 PM Request Issued
03/21/2022 08:42:08 PM Blocked
03/21/2022 09:12:08 PM Starting new HTTPS connection (1): www.instagram.com:443
03/21/2022 09:12:09 PM https://www.instagram.com:443 "GET /p/rPs1o5vxxi/ HTTP/1.1" 302 0
03/21/2022 09:12:09 PM Request Issued
03/21/2022 09:12:09 PM Blocked
03/21/2022 09:42:09 PM Starting new HTTPS connection (1): www.instagram.com:443
03/21/2022 09:42:09 PM https://www.instagram.com:443 "GET /p/rPs1o5vxxi/ HTTP/1.1" 302 0
03/21/2022 09:42:09 PM Request Issued
03/21/2022 09:42:09 PM Blocked
03/21/2022 10:12:09 PM Starting new HTTPS connection (1): www.instagram.com:443
03/21/2022 10:12:10 PM https://www.instagram.com:443 "GET /p/rPs1o5vxxi/ HTTP/1.1" 200 31139
03/21/2022 10:12:10 PM Request Issued
03/21/2022 10:12:10 PM Block ID: 8, Block period: 75019 seconds
03/21/2022 10:12:10 PM Blocked = False, Block period ended
03/21/2022 10:17:10 PM Starting new HTTPS connection (1): www.instagram.com:443
03/21/2022 10:17:10 PM https://www.instagram.com:443 "GET /p/rQpQw0Iok6/ HTTP/1.1" 404 91270
03/21/2022 10:17:10 PM Request Issued
03/21/2022 10:22:11 PM Starting new HTTPS connection (1): www.instagram.com:443
03/21/2022 10:22:11 PM https://www.instagram.com:443 "GET /p/rR11hHCigS/ HTTP/1.1" 200 29840
03/21/2022 10:22:11 PM Request Issued
03/21/2022 10:22:11 PM Blocked = False, Response recieved
03/21/2022 10:27:12 PM Starting new HTTPS connection (1): www.instagram.com:443
03/21/2022 10:27:12 PM https://www.instagram.com:443 "GET /p/rroBNZIHAf/ HTTP/1.1" 302 0
03/21/2022 10:27:12 PM Request Issued
03/21/2022 10:27:12 PM Blocked
03/21/2022 10:27:12 PM Blocked = True, Entering the block period
03/21/2022 10:57:12 PM Starting new HTTPS connection (1): www.instagram.com:443
03/21/2022 10:57:12 PM https://www.instagram.com:443 "GET /p/rroBNZIHAf/ HTTP/1.1" 302 0
03/21/2022 10:57:12 PM Request Issued
03/21/2022 10:57:12 PM Blocked
03/21/2022 11:27:12 PM Starting new HTTPS connection (1): www.instagram.com:443
03/21/2022 11:27:13 PM https://www.instagram.com:443 "GET /p/rroBNZIHAf/ HTTP/1.1" 302 0
03/21/2022 11:27:13 PM Request Issued
03/21/2022 11:27:13 PM Blocked
03/21/2022 11:57:13 PM Starting new HTTPS connection (1): www.instagram.com:443
03/21/2022 11:57:13 PM https://www.instagram.com:443 "GET /p/rroBNZIHAf/ HTTP/1.1" 302 0
03/21/2022 11:57:13 PM Request Issued
03/21/2022 11:57:13 PM Blocked
03/22/2022 12:27:13 AM Starting new HTTPS connection (1): www.instagram.com:443
03/22/2022 12:27:13 AM https://www.instagram.com:443 "GET /p/rroBNZIHAf/ HTTP/1.1" 302 0
03/22/2022 12:27:13 AM Request Issued
03/22/2022 12:27:13 AM Blocked
03/22/2022 12:57:13 AM Starting new HTTPS connection (1): www.instagram.com:443
03/22/2022 12:57:14 AM https://www.instagram.com:443 "GET /p/rroBNZIHAf/ HTTP/1.1" 200 34444
03/22/2022 12:57:14 AM Request Issued
03/22/2022 12:57:14 AM Block ID: 9, Block period: 9001 seconds
03/22/2022 12:57:14 AM Blocked = False, Block period ended
03/22/2022 01:02:15 AM Starting new HTTPS connection (1): www.instagram.com:443
03/22/2022 01:02:15 AM https://www.instagram.com:443 "GET /p/rTAtsHNfwi/ HTTP/1.1" 200 29799
03/22/2022 01:02:15 AM Request Issued
03/22/2022 01:02:15 AM Blocked = False, Response recieved
03/22/2022 01:07:16 AM Starting new HTTPS connection (1): www.instagram.com:443
03/22/2022 01:07:16 AM https://www.instagram.com:443 "GET /p/rtK6EnirCI/ HTTP/1.1" 404 91274
03/22/2022 01:07:16 AM Request Issued
03/22/2022 01:12:17 AM Starting new HTTPS connection (1): www.instagram.com:443
03/22/2022 01:12:17 AM https://www.instagram.com:443 "GET /p/rTRbFmmqFK/ HTTP/1.1" 302 0
03/22/2022 01:12:17 AM Request Issued
03/22/2022 01:12:17 AM Blocked
03/22/2022 01:12:17 AM Blocked = True, Entering the block period
03/22/2022 01:43:10 AM Starting new HTTPS connection (1): www.instagram.com:443
03/22/2022 01:43:10 AM https://www.instagram.com:443 "GET /p/rTRbFmmqFK/ HTTP/1.1" 302 0
03/22/2022 01:43:10 AM Request Issued
03/22/2022 01:43:10 AM Blocked
03/22/2022 02:13:10 AM Starting new HTTPS connection (1): www.instagram.com:443
03/22/2022 02:13:11 AM https://www.instagram.com:443 "GET /p/rTRbFmmqFK/ HTTP/1.1" 404 91350
03/22/2022 02:13:11 AM Request Issued
03/22/2022 02:13:11 AM Block ID: 10, Block period: 3653 seconds
03/22/2022 02:13:11 AM Blocked = False, Block period ended
03/22/2022 02:18:11 AM Starting new HTTPS connection (1): www.instagram.com:443
03/22/2022 02:18:11 AM https://www.instagram.com:443 "GET /p/rU214QrHfk/ HTTP/1.1" 404 91271
03/22/2022 02:18:11 AM Request Issued
03/22/2022 02:23:12 AM Starting new HTTPS connection (1): www.instagram.com:443
03/22/2022 02:23:12 AM https://www.instagram.com:443 "GET /p/rU6rmvEc6Z/ HTTP/1.1" 302 0
03/22/2022 02:23:12 AM Request Issued
03/22/2022 02:23:12 AM Blocked
03/22/2022 02:23:12 AM Blocked = True, Entering the block period
03/22/2022 10:55:49 AM Starting new HTTPS connection (1): www.instagram.com:443
03/22/2022 10:55:50 AM https://www.instagram.com:443 "GET /p/rU6rmvEc6Z/ HTTP/1.1" 302 0
03/22/2022 10:55:50 AM Request Issued
03/22/2022 10:55:50 AM Blocked
03/22/2022 11:25:50 AM Starting new HTTPS connection (1): www.instagram.com:443
03/22/2022 11:25:50 AM https://www.instagram.com:443 "GET /p/rU6rmvEc6Z/ HTTP/1.1" 302 0
03/22/2022 11:25:50 AM Request Issued
03/22/2022 11:25:50 AM Blocked
03/22/2022 11:55:50 AM Starting new HTTPS connection (1): www.instagram.com:443
03/22/2022 11:55:50 AM https://www.instagram.com:443 "GET /p/rU6rmvEc6Z/ HTTP/1.1" 302 0
03/22/2022 11:55:50 AM Request Issued
03/22/2022 11:55:50 AM Blocked
03/22/2022 12:25:50 PM Starting new HTTPS connection (1): www.instagram.com:443
03/22/2022 12:25:50 PM https://www.instagram.com:443 "GET /p/rU6rmvEc6Z/ HTTP/1.1" 302 0
03/22/2022 12:25:50 PM Request Issued
03/22/2022 12:25:50 PM Blocked
03/22/2022 12:55:51 PM Starting new HTTPS connection (1): www.instagram.com:443
03/22/2022 12:55:51 PM https://www.instagram.com:443 "GET /p/rU6rmvEc6Z/ HTTP/1.1" 302 0
03/22/2022 12:55:51 PM Request Issued
03/22/2022 12:55:51 PM Blocked
03/22/2022 01:25:51 PM Starting new HTTPS connection (1): www.instagram.com:443
03/22/2022 01:25:51 PM https://www.instagram.com:443 "GET /p/rU6rmvEc6Z/ HTTP/1.1" 302 0
03/22/2022 01:25:51 PM Request Issued
03/22/2022 01:25:51 PM Blocked
03/22/2022 01:55:51 PM Starting new HTTPS connection (1): www.instagram.com:443
03/22/2022 01:55:51 PM https://www.instagram.com:443 "GET /p/rU6rmvEc6Z/ HTTP/1.1" 302 0
03/22/2022 01:55:51 PM Request Issued
03/22/2022 01:55:51 PM Blocked
03/22/2022 02:25:51 PM Starting new HTTPS connection (1): www.instagram.com:443
03/22/2022 02:25:52 PM https://www.instagram.com:443 "GET /p/rU6rmvEc6Z/ HTTP/1.1" 302 0
03/22/2022 02:25:52 PM Request Issued
03/22/2022 02:25:52 PM Blocked
03/22/2022 02:55:52 PM Starting new HTTPS connection (1): www.instagram.com:443
03/22/2022 02:55:53 PM https://www.instagram.com:443 "GET /p/rU6rmvEc6Z/ HTTP/1.1" 200 33515
03/22/2022 02:55:53 PM Request Issued
03/22/2022 02:55:53 PM Block ID: 11, Block period: 45160 seconds
03/22/2022 02:55:53 PM Blocked = False, Block period ended
03/22/2022 03:00:53 PM Starting new HTTPS connection (1): www.instagram.com:443
03/22/2022 03:00:54 PM https://www.instagram.com:443 "GET /p/ruand7LEW6/ HTTP/1.1" 302 0
03/22/2022 03:00:54 PM Request Issued
03/22/2022 03:00:54 PM Blocked
03/22/2022 03:00:54 PM Blocked = True, Entering the block period
03/22/2022 03:30:54 PM Starting new HTTPS connection (1): www.instagram.com:443
03/22/2022 03:30:55 PM https://www.instagram.com:443 "GET /p/ruand7LEW6/ HTTP/1.1" 200 33862
03/22/2022 03:30:55 PM Request Issued
03/22/2022 03:30:55 PM Block ID: 12, Block period: 1801 seconds
03/22/2022 03:30:55 PM Blocked = False, Block period ended
03/22/2022 03:35:55 PM Starting new HTTPS connection (1): www.instagram.com:443
03/22/2022 03:35:56 PM https://www.instagram.com:443 "GET /p/rUF31Gwlns/ HTTP/1.1" 200 30557
03/22/2022 03:35:56 PM Request Issued
03/22/2022 03:35:56 PM Blocked = False, Response recieved
03/22/2022 03:40:56 PM Starting new HTTPS connection (1): www.instagram.com:443
03/22/2022 03:40:57 PM https://www.instagram.com:443 "GET /p/rVAIykJjd3/ HTTP/1.1" 200 33953
03/22/2022 03:40:57 PM Request Issued
03/22/2022 03:40:57 PM Blocked = False, Response recieved
03/22/2022 03:45:58 PM Starting new HTTPS connection (1): www.instagram.com:443
03/22/2022 03:45:59 PM https://www.instagram.com:443 "GET /p/rvf4MayS5p/ HTTP/1.1" 200 34276
03/22/2022 03:45:59 PM Request Issued
03/22/2022 03:45:59 PM Blocked = False, Response recieved
03/22/2022 03:50:59 PM Starting new HTTPS connection (1): www.instagram.com:443
03/22/2022 03:51:00 PM https://www.instagram.com:443 "GET /p/rvGyA5FzqC/ HTTP/1.1" 200 34022
03/22/2022 03:51:00 PM Request Issued
03/22/2022 03:51:00 PM Blocked = False, Response recieved
