03/09/2022 10:41:31 AM Started
03/09/2022 10:41:31 AM Shortcode list obtained
03/09/2022 10:41:31 AM Starting new HTTPS connection (1): www.instagram.com:443
03/09/2022 10:41:32 AM https://www.instagram.com:443 "GET /p/CBvbTgcjd5o/ HTTP/1.1" 200 31390
03/09/2022 10:41:32 AM Request Issued
03/09/2022 10:41:32 AM Blocked = False, Response recieved
03/09/2022 10:41:43 AM Starting new HTTPS connection (1): www.instagram.com:443
03/09/2022 10:41:44 AM https://www.instagram.com:443 "GET /p/CBw4yUQneyL/ HTTP/1.1" 200 33547
03/09/2022 10:41:44 AM Request Issued
03/09/2022 10:41:44 AM Blocked = False, Response recieved
03/09/2022 10:41:55 AM Starting new HTTPS connection (1): www.instagram.com:443
03/09/2022 10:41:56 AM https://www.instagram.com:443 "GET /p/CBykNeNpJxT/ HTTP/1.1" 200 34211
03/09/2022 10:41:56 AM Request Issued
03/09/2022 10:41:56 AM Blocked = False, Response recieved
03/09/2022 10:42:07 AM Starting new HTTPS connection (1): www.instagram.com:443
03/09/2022 10:42:12 AM https://www.instagram.com:443 "GET /p/CC0nFeWniJr/ HTTP/1.1" 560 0
03/09/2022 10:42:12 AM Request Issued
03/09/2022 10:42:23 AM Starting new HTTPS connection (1): www.instagram.com:443
03/09/2022 10:42:23 AM https://www.instagram.com:443 "GET /p/CC1geSnJjRJ/ HTTP/1.1" 200 35706
03/09/2022 10:42:24 AM Request Issued
03/09/2022 10:42:24 AM Blocked = False, Response recieved
03/09/2022 10:42:34 AM Starting new HTTPS connection (1): www.instagram.com:443
03/09/2022 10:42:35 AM https://www.instagram.com:443 "GET /p/CC6cjImHWhX/ HTTP/1.1" 200 31740
03/09/2022 10:42:35 AM Request Issued
03/09/2022 10:42:35 AM Blocked = False, Response recieved
03/09/2022 10:42:45 AM Starting new HTTPS connection (1): www.instagram.com:443
03/09/2022 10:42:47 AM https://www.instagram.com:443 "GET /p/CC9LhEiF8em/ HTTP/1.1" 200 30665
03/09/2022 10:42:47 AM Request Issued
03/09/2022 10:42:47 AM Blocked = False, Response recieved
03/09/2022 10:42:58 AM Starting new HTTPS connection (1): www.instagram.com:443
03/09/2022 10:42:59 AM https://www.instagram.com:443 "GET /p/CC9T1oQsUwy/ HTTP/1.1" 200 35465
03/09/2022 10:42:59 AM Request Issued
03/09/2022 10:42:59 AM Blocked = False, Response recieved
03/09/2022 10:43:10 AM Starting new HTTPS connection (1): www.instagram.com:443
03/09/2022 10:43:11 AM https://www.instagram.com:443 "GET /p/CCBTvpclCVA/ HTTP/1.1" 200 37757
03/09/2022 10:43:11 AM Request Issued
03/09/2022 10:43:11 AM Blocked = False, Response recieved
03/09/2022 10:43:22 AM Starting new HTTPS connection (1): www.instagram.com:443
03/09/2022 10:43:23 AM https://www.instagram.com:443 "GET /p/CCBV2RWgOjI/ HTTP/1.1" 200 34706
03/09/2022 10:43:23 AM Request Issued
03/09/2022 10:43:23 AM Blocked = False, Response recieved
03/09/2022 10:43:33 AM Starting new HTTPS connection (1): www.instagram.com:443
03/09/2022 10:43:35 AM https://www.instagram.com:443 "GET /p/CCcpzQeBRbU/ HTTP/1.1" 200 35442
03/09/2022 10:43:35 AM Request Issued
03/09/2022 10:43:35 AM Blocked = False, Response recieved
03/09/2022 10:43:45 AM Starting new HTTPS connection (1): www.instagram.com:443
03/09/2022 10:43:47 AM https://www.instagram.com:443 "GET /p/CCCxAsuHONN/ HTTP/1.1" 200 31387
03/09/2022 10:43:47 AM Request Issued
03/09/2022 10:43:47 AM Blocked = False, Response recieved
03/09/2022 10:43:57 AM Starting new HTTPS connection (1): www.instagram.com:443
03/09/2022 10:43:57 AM https://www.instagram.com:443 "GET /p/CCefQe8nj8f/ HTTP/1.1" 302 0
03/09/2022 10:43:57 AM Request Issued
03/09/2022 10:44:08 AM Starting new HTTPS connection (1): www.instagram.com:443
03/09/2022 10:44:09 AM https://www.instagram.com:443 "GET /p/CCFT3s6AQlc/ HTTP/1.1" 200 33158
03/09/2022 10:44:09 AM Request Issued
03/09/2022 10:44:09 AM Blocked = False, Response recieved
03/09/2022 10:44:19 AM Starting new HTTPS connection (1): www.instagram.com:443
03/09/2022 10:44:20 AM https://www.instagram.com:443 "GET /p/CCG0DYunrpo/ HTTP/1.1" 200 36355
03/09/2022 10:44:20 AM Request Issued
03/09/2022 10:44:20 AM Blocked = False, Response recieved
03/09/2022 10:44:31 AM Starting new HTTPS connection (1): www.instagram.com:443
03/09/2022 10:44:32 AM https://www.instagram.com:443 "GET /p/CCgSM0ep7ZM/ HTTP/1.1" 200 30759
03/09/2022 10:44:32 AM Request Issued
03/09/2022 10:44:32 AM Blocked = False, Response recieved
03/09/2022 10:44:42 AM Starting new HTTPS connection (1): www.instagram.com:443
03/09/2022 10:44:43 AM https://www.instagram.com:443 "GET /p/CCh0T1CJCHJ/ HTTP/1.1" 200 31572
03/09/2022 10:44:43 AM Request Issued
03/09/2022 10:44:43 AM Blocked = False, Response recieved
03/09/2022 10:44:54 AM Starting new HTTPS connection (1): www.instagram.com:443
03/09/2022 10:44:55 AM https://www.instagram.com:443 "GET /p/CChlO9bJuYA/ HTTP/1.1" 200 39948
03/09/2022 10:44:55 AM Request Issued
03/09/2022 10:44:55 AM Blocked = False, Response recieved
03/09/2022 10:45:06 AM Starting new HTTPS connection (1): www.instagram.com:443
03/09/2022 10:45:07 AM https://www.instagram.com:443 "GET /p/CCK5xbRBxXq/ HTTP/1.1" 200 35617
03/09/2022 10:45:07 AM Request Issued
03/09/2022 10:45:07 AM Blocked = False, Response recieved
03/09/2022 10:45:17 AM Starting new HTTPS connection (1): www.instagram.com:443
03/09/2022 10:45:40 AM https://www.instagram.com:443 "GET /p/CClpMdhlUS6/ HTTP/1.1" 560 0
03/09/2022 10:45:40 AM Request Issued
03/09/2022 10:45:50 AM Starting new HTTPS connection (1): www.instagram.com:443
03/09/2022 10:45:51 AM https://www.instagram.com:443 "GET /p/CCQ034WFwBf/ HTTP/1.1" 200 35115
03/09/2022 10:45:51 AM Request Issued
03/09/2022 10:45:51 AM Blocked = False, Response recieved
03/09/2022 10:46:02 AM Starting new HTTPS connection (1): www.instagram.com:443
03/09/2022 10:46:02 AM https://www.instagram.com:443 "GET /p/CCq2hacJbcT/ HTTP/1.1" 200 30434
03/09/2022 10:46:02 AM Request Issued
03/09/2022 10:46:02 AM Blocked = False, Response recieved
03/09/2022 10:46:13 AM Starting new HTTPS connection (1): www.instagram.com:443
03/09/2022 10:46:14 AM https://www.instagram.com:443 "GET /p/CCRLtsGnrDW/ HTTP/1.1" 200 34677
03/09/2022 10:46:14 AM Request Issued
03/09/2022 10:46:14 AM Blocked = False, Response recieved
03/09/2022 10:46:24 AM Starting new HTTPS connection (1): www.instagram.com:443
03/09/2022 10:46:25 AM https://www.instagram.com:443 "GET /p/CCTwH4yHhIF/ HTTP/1.1" 200 34824
03/09/2022 10:46:25 AM Request Issued
03/09/2022 10:46:25 AM Blocked = False, Response recieved
03/09/2022 10:46:36 AM Starting new HTTPS connection (1): www.instagram.com:443
03/09/2022 10:46:37 AM https://www.instagram.com:443 "GET /p/CCY0qv6lntY/ HTTP/1.1" 200 35769
03/09/2022 10:46:37 AM Request Issued
03/09/2022 10:46:37 AM Blocked = False, Response recieved
