03/09/2022 10:59:21 AM Started
03/09/2022 10:59:21 AM Shortcode list obtained
03/09/2022 10:59:21 AM Starting new HTTPS connection (1): www.instagram.com:443
03/09/2022 10:59:22 AM https://www.instagram.com:443 "GET /p/CGa9vw6HggH/ HTTP/1.1" 404 90836
03/09/2022 10:59:22 AM Request Issued
03/09/2022 10:59:32 AM Starting new HTTPS connection (1): www.instagram.com:443
03/09/2022 10:59:33 AM https://www.instagram.com:443 "GET /p/CGbtfSpBFGh/ HTTP/1.1" 404 90833
03/09/2022 10:59:33 AM Request Issued
03/09/2022 10:59:44 AM Starting new HTTPS connection (1): www.instagram.com:443
03/09/2022 11:00:01 AM https://www.instagram.com:443 "GET /p/CGg2FJXhD8k/ HTTP/1.1" 560 0
03/09/2022 11:00:01 AM Request Issued
03/09/2022 11:00:12 AM Starting new HTTPS connection (1): www.instagram.com:443
03/09/2022 11:00:20 AM https://www.instagram.com:443 "GET /p/CGg7WH1ldF0/ HTTP/1.1" 200 31029
03/09/2022 11:00:21 AM Request Issued
03/09/2022 11:00:21 AM Blocked = False, Response recieved
03/09/2022 11:00:31 AM Starting new HTTPS connection (1): www.instagram.com:443
03/09/2022 11:00:32 AM https://www.instagram.com:443 "GET /p/CGH8ZHcBlQj/ HTTP/1.1" 200 35826
03/09/2022 11:00:32 AM Request Issued
03/09/2022 11:00:32 AM Blocked = False, Response recieved
03/09/2022 11:00:43 AM Starting new HTTPS connection (1): www.instagram.com:443
03/09/2022 11:00:44 AM https://www.instagram.com:443 "GET /p/CGOSMVOFEmy/ HTTP/1.1" 404 90833
03/09/2022 11:00:44 AM Request Issued
03/09/2022 11:00:55 AM Starting new HTTPS connection (1): www.instagram.com:443
03/09/2022 11:00:57 AM https://www.instagram.com:443 "GET /p/CGqekZWheJf/ HTTP/1.1" 200 31054
03/09/2022 11:00:57 AM Request Issued
03/09/2022 11:00:57 AM Blocked = False, Response recieved
03/09/2022 11:01:07 AM Starting new HTTPS connection (1): www.instagram.com:443
03/09/2022 11:01:08 AM https://www.instagram.com:443 "GET /p/CGqLrP7AxBd/ HTTP/1.1" 200 30915
03/09/2022 11:01:08 AM Request Issued
03/09/2022 11:01:08 AM Blocked = False, Response recieved
03/09/2022 11:01:18 AM Starting new HTTPS connection (1): www.instagram.com:443
03/09/2022 11:01:19 AM https://www.instagram.com:443 "GET /p/CGRMq8YgKW2/ HTTP/1.1" 200 32431
03/09/2022 11:01:19 AM Request Issued
03/09/2022 11:01:19 AM Blocked = False, Response recieved
03/09/2022 11:01:30 AM Starting new HTTPS connection (1): www.instagram.com:443
03/09/2022 11:01:41 AM https://www.instagram.com:443 "GET /p/CGSTyR5FwLg/ HTTP/1.1" 560 0
03/09/2022 11:01:41 AM Request Issued
03/09/2022 11:01:52 AM Starting new HTTPS connection (1): www.instagram.com:443
03/09/2022 11:01:54 AM https://www.instagram.com:443 "GET /p/CGU7TjnjO2F/ HTTP/1.1" 200 32396
03/09/2022 11:01:54 AM Request Issued
03/09/2022 11:01:54 AM Blocked = False, Response recieved
03/09/2022 11:02:05 AM Starting new HTTPS connection (1): www.instagram.com:443
03/09/2022 11:02:06 AM https://www.instagram.com:443 "GET /p/CGUagsSJ63Q/ HTTP/1.1" 200 33468
03/09/2022 11:02:06 AM Request Issued
03/09/2022 11:02:06 AM Blocked = False, Response recieved
03/09/2022 11:02:17 AM Starting new HTTPS connection (1): www.instagram.com:443
03/09/2022 11:02:17 AM https://www.instagram.com:443 "GET /p/CGVxsWtH2ZB/ HTTP/1.1" 200 31313
03/09/2022 11:02:18 AM Request Issued
03/09/2022 11:02:18 AM Blocked = False, Response recieved
03/09/2022 11:02:28 AM Starting new HTTPS connection (1): www.instagram.com:443
03/09/2022 11:02:29 AM https://www.instagram.com:443 "GET /p/CGXD0ZpBZVn/ HTTP/1.1" 404 90910
03/09/2022 11:02:30 AM Request Issued
03/09/2022 11:02:40 AM Starting new HTTPS connection (1): www.instagram.com:443
03/09/2022 11:02:41 AM https://www.instagram.com:443 "GET /p/CGZPrGfhq9G/ HTTP/1.1" 200 32842
03/09/2022 11:02:41 AM Request Issued
03/09/2022 11:02:41 AM Blocked = False, Response recieved
03/09/2022 11:02:52 AM Starting new HTTPS connection (1): www.instagram.com:443
03/09/2022 11:02:53 AM https://www.instagram.com:443 "GET /p/CH0ArYKgJf0/ HTTP/1.1" 200 34794
03/09/2022 11:02:53 AM Request Issued
03/09/2022 11:02:53 AM Blocked = False, Response recieved
03/09/2022 11:03:03 AM Starting new HTTPS connection (1): www.instagram.com:443
03/09/2022 11:03:04 AM https://www.instagram.com:443 "GET /p/CH0K1xdIkrD/ HTTP/1.1" 200 31528
03/09/2022 11:03:04 AM Request Issued
03/09/2022 11:03:04 AM Blocked = False, Response recieved
03/09/2022 11:03:14 AM Starting new HTTPS connection (1): www.instagram.com:443
03/09/2022 11:03:15 AM https://www.instagram.com:443 "GET /p/CHh4X9lAxgq/ HTTP/1.1" 200 36595
03/09/2022 11:03:15 AM Request Issued
03/09/2022 11:03:15 AM Blocked = False, Response recieved
03/09/2022 11:03:25 AM Starting new HTTPS connection (1): www.instagram.com:443
03/09/2022 11:03:26 AM https://www.instagram.com:443 "GET /p/CHiP39UlJpm/ HTTP/1.1" 200 32907
03/09/2022 11:03:26 AM Request Issued
03/09/2022 11:03:26 AM Blocked = False, Response recieved
03/09/2022 11:03:37 AM Starting new HTTPS connection (1): www.instagram.com:443
03/09/2022 11:03:38 AM https://www.instagram.com:443 "GET /p/CHkXJGRAUOF/ HTTP/1.1" 200 33009
03/09/2022 11:03:38 AM Request Issued
03/09/2022 11:03:38 AM Blocked = False, Response recieved
03/09/2022 11:03:49 AM Starting new HTTPS connection (1): www.instagram.com:443
03/09/2022 11:03:50 AM https://www.instagram.com:443 "GET /p/CHsqJe0nQGq/ HTTP/1.1" 200 34596
03/09/2022 11:03:50 AM Request Issued
03/09/2022 11:03:50 AM Blocked = False, Response recieved
03/09/2022 11:04:00 AM Starting new HTTPS connection (1): www.instagram.com:443
03/09/2022 11:04:01 AM https://www.instagram.com:443 "GET /p/CHX7GwknpHp/ HTTP/1.1" 200 36634
03/09/2022 11:04:01 AM Request Issued
03/09/2022 11:04:01 AM Blocked = False, Response recieved
03/09/2022 11:04:12 AM Starting new HTTPS connection (1): www.instagram.com:443
03/09/2022 11:04:13 AM https://www.instagram.com:443 "GET /p/CHzuhyPHcJ8/ HTTP/1.1" 200 31959
03/09/2022 11:04:13 AM Request Issued
03/09/2022 11:04:13 AM Blocked = False, Response recieved
03/09/2022 11:04:23 AM Starting new HTTPS connection (1): www.instagram.com:443
03/09/2022 11:04:24 AM https://www.instagram.com:443 "GET /p/CI1f5KHFeKl/ HTTP/1.1" 200 30172
03/09/2022 11:04:24 AM Request Issued
03/09/2022 11:04:24 AM Blocked = False, Response recieved
03/09/2022 11:04:34 AM Starting new HTTPS connection (1): www.instagram.com:443
03/09/2022 11:04:36 AM https://www.instagram.com:443 "GET /p/CI1lYjRhRBw/ HTTP/1.1" 200 34059
03/09/2022 11:04:36 AM Request Issued
03/09/2022 11:04:36 AM Blocked = False, Response recieved
