03/26/2022 09:51:01 PM Started
03/26/2022 09:51:01 PM Shortcode list obtained
03/26/2022 09:51:01 PM Starting new HTTPS connection (1): www.instagram.com:443
03/26/2022 09:51:01 PM https://www.instagram.com:443 "GET /p/qpNX88nGtL/ HTTP/1.1" 302 0
03/26/2022 09:51:01 PM Request Issued
03/26/2022 09:51:01 PM Blocked
03/26/2022 09:51:01 PM Blocked = True, Entering the block period
03/26/2022 09:51:30 PM Started
03/26/2022 09:51:30 PM Shortcode list obtained
03/26/2022 09:51:30 PM Starting new HTTPS connection (1): www.instagram.com:443
03/26/2022 09:51:31 PM https://www.instagram.com:443 "GET /p/qpNX88nGtL/ HTTP/1.1" 200 34250
03/26/2022 09:51:32 PM Request Issued
03/26/2022 09:51:32 PM Blocked = False, Response recieved
03/26/2022 09:51:42 PM Starting new HTTPS connection (1): www.instagram.com:443
03/26/2022 09:51:42 PM https://www.instagram.com:443 "GET /p/qPrHKgp7vQ/ HTTP/1.1" 200 30270
03/26/2022 09:51:42 PM Request Issued
03/26/2022 09:51:42 PM Blocked = False, Response recieved
03/26/2022 09:51:53 PM Starting new HTTPS connection (1): www.instagram.com:443
03/26/2022 09:51:54 PM https://www.instagram.com:443 "GET /p/qpTqJ3x3fk/ HTTP/1.1" 404 92176
03/26/2022 09:51:54 PM Request Issued
03/26/2022 09:52:05 PM Starting new HTTPS connection (1): www.instagram.com:443
03/26/2022 09:52:06 PM https://www.instagram.com:443 "GET /p/qQ3Xbwqbei/ HTTP/1.1" 302 0
03/26/2022 09:52:06 PM Request Issued
03/26/2022 09:52:06 PM Blocked
03/26/2022 09:52:06 PM Blocked = True, Entering the block period
03/26/2022 09:52:31 PM Started
03/26/2022 09:52:31 PM Shortcode list obtained
03/26/2022 09:52:31 PM Starting new HTTPS connection (1): www.instagram.com:443
03/26/2022 09:54:42 PM https://www.instagram.com:443 "GET /p/qQ3Xbwqbei/ HTTP/1.1" 200 31461
03/26/2022 09:54:42 PM Request Issued
03/26/2022 09:54:42 PM Blocked = False, Response recieved
03/26/2022 09:54:53 PM Starting new HTTPS connection (1): www.instagram.com:443
03/26/2022 09:54:54 PM https://www.instagram.com:443 "GET /p/qQHl5tgFJv/ HTTP/1.1" 404 92107
03/26/2022 09:54:54 PM Request Issued
03/26/2022 09:55:05 PM Starting new HTTPS connection (1): www.instagram.com:443
03/26/2022 09:55:05 PM https://www.instagram.com:443 "GET /p/qR7b6boSWn/ HTTP/1.1" 404 92107
03/26/2022 09:55:06 PM Request Issued
03/26/2022 09:55:17 PM Starting new HTTPS connection (1): www.instagram.com:443
03/26/2022 09:55:17 PM https://www.instagram.com:443 "GET /p/qRiYnMF3c6/ HTTP/1.1" 200 34320
03/26/2022 09:55:18 PM Request Issued
03/26/2022 09:55:18 PM Blocked = False, Response recieved
03/26/2022 09:55:28 PM Starting new HTTPS connection (1): www.instagram.com:443
03/26/2022 09:55:28 PM https://www.instagram.com:443 "GET /p/qrpM0KBP5s/ HTTP/1.1" 302 0
03/26/2022 09:55:28 PM Request Issued
03/26/2022 09:55:28 PM Blocked
03/26/2022 09:55:28 PM Blocked = True, Entering the block period
03/26/2022 09:56:02 PM Started
03/26/2022 09:56:02 PM Shortcode list obtained
03/26/2022 09:56:02 PM Starting new HTTPS connection (1): www.instagram.com:443
03/26/2022 09:56:03 PM https://www.instagram.com:443 "GET /p/qrpM0KBP5s/ HTTP/1.1" 404 92102
03/26/2022 09:56:04 PM Request Issued
03/26/2022 09:56:14 PM Starting new HTTPS connection (1): www.instagram.com:443
03/26/2022 09:56:14 PM https://www.instagram.com:443 "GET /p/qs6pNbSKFt/ HTTP/1.1" 404 92107
03/26/2022 09:56:14 PM Request Issued
03/26/2022 09:56:25 PM Starting new HTTPS connection (1): www.instagram.com:443
03/26/2022 09:56:25 PM https://www.instagram.com:443 "GET /p/QsnuXHHEoI/ HTTP/1.1" 404 92107
03/26/2022 09:56:26 PM Request Issued
03/26/2022 09:56:36 PM Starting new HTTPS connection (1): www.instagram.com:443
03/26/2022 09:56:37 PM https://www.instagram.com:443 "GET /p/qSUtGrwj25/ HTTP/1.1" 404 92100
03/26/2022 09:56:37 PM Request Issued
03/26/2022 09:56:47 PM Starting new HTTPS connection (1): www.instagram.com:443
03/26/2022 09:56:48 PM https://www.instagram.com:443 "GET /p/qSyFnXlHRX/ HTTP/1.1" 302 0
03/26/2022 09:56:48 PM Request Issued
03/26/2022 09:56:48 PM Blocked
03/26/2022 09:56:48 PM Blocked = True, Entering the block period
03/26/2022 10:01:15 PM Started
03/26/2022 10:01:15 PM Shortcode list obtained
03/26/2022 10:01:15 PM Starting new HTTPS connection (1): www.instagram.com:443
03/26/2022 10:01:16 PM https://www.instagram.com:443 "GET /p/qSyFnXlHRX/ HTTP/1.1" 404 92108
03/26/2022 10:01:17 PM Request Issued
03/26/2022 10:01:27 PM Starting new HTTPS connection (1): www.instagram.com:443
03/26/2022 10:01:28 PM https://www.instagram.com:443 "GET /p/qTZYA2RZ6z/ HTTP/1.1" 200 31736
03/26/2022 10:01:28 PM Request Issued
03/26/2022 10:01:28 PM Blocked = False, Response recieved
03/26/2022 10:01:39 PM Starting new HTTPS connection (1): www.instagram.com:443
03/26/2022 10:01:40 PM https://www.instagram.com:443 "GET /p/qUPYg1ydXX/ HTTP/1.1" 200 31043
03/26/2022 10:01:40 PM Request Issued
03/26/2022 10:01:40 PM Blocked = False, Response recieved
03/26/2022 10:01:50 PM Starting new HTTPS connection (1): www.instagram.com:443
03/26/2022 10:01:51 PM https://www.instagram.com:443 "GET /p/qVkqwJBMqz/ HTTP/1.1" 302 0
03/26/2022 10:01:51 PM Request Issued
03/26/2022 10:01:51 PM Blocked
03/26/2022 10:01:51 PM Blocked = True, Entering the block period
03/26/2022 10:02:10 PM Started
03/26/2022 10:02:10 PM Shortcode list obtained
03/26/2022 10:02:10 PM Starting new HTTPS connection (1): www.instagram.com:443
03/26/2022 10:02:10 PM https://www.instagram.com:443 "GET /p/qVkqwJBMqz/ HTTP/1.1" 200 30700
03/26/2022 10:02:10 PM Request Issued
03/26/2022 10:02:10 PM Blocked = False, Response recieved
03/26/2022 10:02:21 PM Starting new HTTPS connection (1): www.instagram.com:443
03/26/2022 10:02:24 PM https://www.instagram.com:443 "GET /p/qVRshSmqKM/ HTTP/1.1" 404 92107
03/26/2022 10:02:24 PM Request Issued
03/26/2022 10:02:35 PM Starting new HTTPS connection (1): www.instagram.com:443
03/26/2022 10:02:36 PM https://www.instagram.com:443 "GET /p/qw2mNwzMJu/ HTTP/1.1" 404 92107
03/26/2022 10:02:36 PM Request Issued
03/26/2022 10:02:46 PM Starting new HTTPS connection (1): www.instagram.com:443
03/26/2022 10:02:47 PM https://www.instagram.com:443 "GET /p/qWsmH3HtN0/ HTTP/1.1" 302 0
03/26/2022 10:02:47 PM Request Issued
03/26/2022 10:02:47 PM Blocked
03/26/2022 10:02:47 PM Blocked = True, Entering the block period
03/26/2022 10:03:03 PM Started
03/26/2022 10:03:03 PM Shortcode list obtained
03/26/2022 10:03:03 PM Starting new HTTPS connection (1): www.instagram.com:443
03/26/2022 10:04:34 PM Started
03/26/2022 10:04:34 PM Shortcode list obtained
03/26/2022 10:04:34 PM Starting new HTTPS connection (1): www.instagram.com:443
03/26/2022 10:04:35 PM https://www.instagram.com:443 "GET /p/qWsmH3HtN0/ HTTP/1.1" 404 92100
03/26/2022 10:04:36 PM Request Issued
03/26/2022 10:04:47 PM Starting new HTTPS connection (1): www.instagram.com:443
03/26/2022 10:04:48 PM https://www.instagram.com:443 "GET /p/qwWCsgPw7N/ HTTP/1.1" 200 35173
03/26/2022 10:04:49 PM Request Issued
03/26/2022 10:04:49 PM Blocked = False, Response recieved
03/26/2022 10:04:59 PM Starting new HTTPS connection (1): www.instagram.com:443
03/26/2022 10:05:00 PM https://www.instagram.com:443 "GET /p/qX59bHinKk/ HTTP/1.1" 200 30745
03/26/2022 10:05:00 PM Request Issued
03/26/2022 10:05:00 PM Blocked = False, Response recieved
03/26/2022 10:05:11 PM Starting new HTTPS connection (1): www.instagram.com:443
03/26/2022 10:05:11 PM https://www.instagram.com:443 "GET /p/qxEDLHG4GA/ HTTP/1.1" 302 0
03/26/2022 10:05:11 PM Request Issued
03/26/2022 10:05:11 PM Blocked
03/26/2022 10:05:11 PM Blocked = True, Entering the block period
03/26/2022 10:05:24 PM Started
03/26/2022 10:05:24 PM Shortcode list obtained
03/26/2022 10:05:24 PM Starting new HTTPS connection (1): www.instagram.com:443
03/26/2022 10:05:25 PM https://www.instagram.com:443 "GET /p/qxEDLHG4GA/ HTTP/1.1" 404 92103
03/26/2022 10:05:26 PM Request Issued
03/26/2022 10:05:36 PM Starting new HTTPS connection (1): www.instagram.com:443
03/26/2022 10:05:37 PM https://www.instagram.com:443 "GET /p/qXk5o2tD48/ HTTP/1.1" 200 33624
03/26/2022 10:05:37 PM Request Issued
03/26/2022 10:05:37 PM Blocked = False, Response recieved
03/26/2022 10:05:48 PM Starting new HTTPS connection (1): www.instagram.com:443
03/26/2022 10:05:48 PM https://www.instagram.com:443 "GET /p/qXV7WsTOWy/ HTTP/1.1" 404 92186
03/26/2022 10:05:49 PM Request Issued
03/26/2022 10:05:59 PM Starting new HTTPS connection (1): www.instagram.com:443
03/26/2022 10:05:59 PM https://www.instagram.com:443 "GET /p/qyaxheMr6W/ HTTP/1.1" 302 0
03/26/2022 10:05:59 PM Request Issued
03/26/2022 10:05:59 PM Blocked
03/26/2022 10:05:59 PM Blocked = True, Entering the block period
03/26/2022 10:06:15 PM Started
03/26/2022 10:06:15 PM Shortcode list obtained
03/26/2022 10:06:15 PM Starting new HTTPS connection (1): www.instagram.com:443
03/26/2022 10:06:16 PM https://www.instagram.com:443 "GET /p/qyaxheMr6W/ HTTP/1.1" 200 30150
03/26/2022 10:06:16 PM Request Issued
03/26/2022 10:06:16 PM Blocked = False, Response recieved
03/26/2022 10:06:27 PM Starting new HTTPS connection (1): www.instagram.com:443
03/26/2022 10:06:27 PM https://www.instagram.com:443 "GET /p/qyGTBDkaij/ HTTP/1.1" 404 92108
03/26/2022 10:06:27 PM Request Issued
