03/15/2022 04:49:59 PM Started
03/15/2022 04:49:59 PM Shortcode list obtained
03/15/2022 04:49:59 PM Starting new HTTPS connection (1): www.instagram.com:443
03/15/2022 04:50:00 PM https://www.instagram.com:443 "GET /p/lMxvZSOmGA/ HTTP/1.1" 200 29769
03/15/2022 04:50:00 PM Request Issued
03/15/2022 04:50:00 PM Blocked = False, Response recieved
03/15/2022 04:55:00 PM Starting new HTTPS connection (1): www.instagram.com:443
03/15/2022 04:55:00 PM https://www.instagram.com:443 "GET /p/lnrAkSv92T/ HTTP/1.1" 200 30868
03/15/2022 04:55:01 PM Request Issued
03/15/2022 04:55:01 PM Blocked = False, Response recieved
03/15/2022 05:00:01 PM Starting new HTTPS connection (1): www.instagram.com:443
03/15/2022 05:00:02 PM https://www.instagram.com:443 "GET /p/loZOW8tY5n/ HTTP/1.1" 200 30756
03/15/2022 05:00:02 PM Request Issued
03/15/2022 05:00:02 PM Blocked = False, Response recieved
03/15/2022 05:05:03 PM Starting new HTTPS connection (1): www.instagram.com:443
03/15/2022 05:05:04 PM https://www.instagram.com:443 "GET /p/lPtlf/ HTTP/1.1" 404 90537
03/15/2022 05:05:04 PM Request Issued
03/15/2022 05:10:04 PM Starting new HTTPS connection (1): www.instagram.com:443
03/15/2022 05:10:05 PM https://www.instagram.com:443 "GET /p/lQK5CTIH5O/ HTTP/1.1" 200 31983
03/15/2022 05:10:05 PM Request Issued
03/15/2022 05:10:05 PM Blocked = False, Response recieved
03/15/2022 05:15:05 PM Starting new HTTPS connection (1): www.instagram.com:443
03/15/2022 05:15:05 PM https://www.instagram.com:443 "GET /p/lqttzHH5P2/ HTTP/1.1" 404 90904
03/15/2022 05:15:05 PM Request Issued
03/15/2022 05:20:06 PM Starting new HTTPS connection (1): www.instagram.com:443
03/15/2022 05:20:06 PM https://www.instagram.com:443 "GET /p/lrpBDEQFgS/ HTTP/1.1" 200 33594
03/15/2022 05:20:06 PM Request Issued
03/15/2022 05:20:06 PM Blocked = False, Response recieved
03/15/2022 05:25:07 PM Starting new HTTPS connection (1): www.instagram.com:443
03/15/2022 05:25:08 PM https://www.instagram.com:443 "GET /p/ls7LXGPi4d/ HTTP/1.1" 200 30573
03/15/2022 05:25:08 PM Request Issued
03/15/2022 05:25:08 PM Blocked = False, Response recieved
03/15/2022 05:30:08 PM Starting new HTTPS connection (1): www.instagram.com:443
03/15/2022 05:30:09 PM https://www.instagram.com:443 "GET /p/lu7Np1xIIQ/ HTTP/1.1" 200 31814
03/15/2022 05:30:09 PM Request Issued
03/15/2022 05:30:09 PM Blocked = False, Response recieved
03/15/2022 05:35:09 PM Starting new HTTPS connection (1): www.instagram.com:443
03/15/2022 05:35:10 PM https://www.instagram.com:443 "GET /p/lUZUwSusoD/ HTTP/1.1" 200 34310
03/15/2022 05:35:10 PM Request Issued
03/15/2022 05:35:10 PM Blocked = False, Response recieved
03/15/2022 05:40:11 PM Starting new HTTPS connection (1): www.instagram.com:443
03/15/2022 05:40:11 PM https://www.instagram.com:443 "GET /p/lV9HgZDMh1/ HTTP/1.1" 200 29599
03/15/2022 05:40:11 PM Request Issued
03/15/2022 05:40:11 PM Blocked = False, Response recieved
03/15/2022 05:45:12 PM Starting new HTTPS connection (1): www.instagram.com:443
03/15/2022 05:45:13 PM https://www.instagram.com:443 "GET /p/lVoc8ByGHW/ HTTP/1.1" 200 32803
03/15/2022 05:45:13 PM Request Issued
03/15/2022 05:45:13 PM Blocked = False, Response recieved
03/15/2022 05:50:13 PM Starting new HTTPS connection (1): www.instagram.com:443
03/15/2022 05:50:14 PM https://www.instagram.com:443 "GET /p/lx8fhuoLa2/ HTTP/1.1" 200 30478
03/15/2022 05:50:14 PM Request Issued
03/15/2022 05:50:14 PM Blocked = False, Response recieved
03/15/2022 05:55:15 PM Starting new HTTPS connection (1): www.instagram.com:443
03/15/2022 05:55:15 PM https://www.instagram.com:443 "GET /p/lxJDTFH2GU/ HTTP/1.1" 200 30215
03/15/2022 05:55:15 PM Request Issued
03/15/2022 05:55:15 PM Blocked = False, Response recieved
03/15/2022 06:00:16 PM Starting new HTTPS connection (1): www.instagram.com:443
03/15/2022 06:00:17 PM https://www.instagram.com:443 "GET /p/LykFQNNWAN/ HTTP/1.1" 200 34008
03/15/2022 06:00:17 PM Request Issued
03/15/2022 06:00:17 PM Blocked = False, Response recieved
03/15/2022 06:05:18 PM Starting new HTTPS connection (1): www.instagram.com:443
03/15/2022 06:05:19 PM https://www.instagram.com:443 "GET /p/lzp7UisXCm/ HTTP/1.1" 404 90902
03/15/2022 06:05:19 PM Request Issued
03/15/2022 06:10:19 PM Starting new HTTPS connection (1): www.instagram.com:443
03/15/2022 06:10:24 PM https://www.instagram.com:443 "GET /p/m0BsUjBP6E/ HTTP/1.1" 200 30526
03/15/2022 06:10:24 PM Request Issued
03/15/2022 06:10:24 PM Blocked = False, Response recieved
03/15/2022 06:15:24 PM Starting new HTTPS connection (1): www.instagram.com:443
03/15/2022 06:15:25 PM https://www.instagram.com:443 "GET /p/M0qKytl0ji/ HTTP/1.1" 200 32239
03/15/2022 06:15:25 PM Request Issued
03/15/2022 06:15:25 PM Blocked = False, Response recieved
03/15/2022 06:20:26 PM Starting new HTTPS connection (1): www.instagram.com:443
03/15/2022 06:20:27 PM https://www.instagram.com:443 "GET /p/m264zNlwTT/ HTTP/1.1" 200 35008
03/15/2022 06:20:27 PM Request Issued
03/15/2022 06:20:27 PM Blocked = False, Response recieved
03/15/2022 06:25:27 PM Starting new HTTPS connection (1): www.instagram.com:443
03/15/2022 06:25:27 PM https://www.instagram.com:443 "GET /p/M2HeVBMhFd/ HTTP/1.1" 404 90904
03/15/2022 06:25:27 PM Request Issued
03/15/2022 06:30:28 PM Starting new HTTPS connection (1): www.instagram.com:443
03/15/2022 06:30:28 PM https://www.instagram.com:443 "GET /p/m3DrgbDFr9/ HTTP/1.1" 404 90980
03/15/2022 06:30:28 PM Request Issued
03/15/2022 06:35:29 PM Starting new HTTPS connection (1): www.instagram.com:443
03/15/2022 06:35:29 PM https://www.instagram.com:443 "GET /p/m3kCdgAHUO/ HTTP/1.1" 404 90902
03/15/2022 06:35:29 PM Request Issued
03/15/2022 06:40:30 PM Starting new HTTPS connection (1): www.instagram.com:443
03/15/2022 06:40:31 PM https://www.instagram.com:443 "GET /p/m3rICPh1Go/ HTTP/1.1" 200 30546
03/15/2022 06:40:31 PM Request Issued
03/15/2022 06:40:31 PM Blocked = False, Response recieved
03/15/2022 06:45:32 PM Starting new HTTPS connection (1): www.instagram.com:443
03/15/2022 06:45:32 PM https://www.instagram.com:443 "GET /p/m3yg0vFMWO/ HTTP/1.1" 404 90903
03/15/2022 06:45:32 PM Request Issued
03/15/2022 06:50:33 PM Starting new HTTPS connection (1): www.instagram.com:443
03/15/2022 06:50:34 PM https://www.instagram.com:443 "GET /p/m4SjW0DViQ/ HTTP/1.1" 404 90904
03/15/2022 06:50:34 PM Request Issued
