03/09/2022 10:50:13 AM Started
03/09/2022 10:50:13 AM Shortcode list obtained
03/09/2022 10:50:13 AM Starting new HTTPS connection (1): www.instagram.com:443
03/09/2022 10:50:15 AM https://www.instagram.com:443 "GET /p/CDrZ8gRHVbV/ HTTP/1.1" 200 30393
03/09/2022 10:50:15 AM Request Issued
03/09/2022 10:50:15 AM Blocked = False, Response recieved
03/09/2022 10:50:26 AM Starting new HTTPS connection (1): www.instagram.com:443
03/09/2022 10:50:26 AM https://www.instagram.com:443 "GET /p/CDTNBwRoKOv/ HTTP/1.1" 200 36239
03/09/2022 10:50:26 AM Request Issued
03/09/2022 10:50:26 AM Blocked = False, Response recieved
03/09/2022 10:50:37 AM Starting new HTTPS connection (1): www.instagram.com:443
03/09/2022 10:50:38 AM https://www.instagram.com:443 "GET /p/CDYtkJOov1d/ HTTP/1.1" 200 34916
03/09/2022 10:50:38 AM Request Issued
03/09/2022 10:50:38 AM Blocked = False, Response recieved
03/09/2022 10:50:48 AM Starting new HTTPS connection (1): www.instagram.com:443
03/09/2022 10:50:49 AM https://www.instagram.com:443 "GET /p/CDzGpTBBuof/ HTTP/1.1" 200 30788
03/09/2022 10:50:49 AM Request Issued
03/09/2022 10:50:49 AM Blocked = False, Response recieved
03/09/2022 10:51:00 AM Starting new HTTPS connection (1): www.instagram.com:443
03/09/2022 10:51:01 AM https://www.instagram.com:443 "GET /p/CDztOvYMLQ6/ HTTP/1.1" 200 30276
03/09/2022 10:51:01 AM Request Issued
03/09/2022 10:51:01 AM Blocked = False, Response recieved
03/09/2022 10:51:12 AM Starting new HTTPS connection (1): www.instagram.com:443
03/09/2022 10:51:12 AM https://www.instagram.com:443 "GET /p/CEewpAYIJmA/ HTTP/1.1" 200 33605
03/09/2022 10:51:13 AM Request Issued
03/09/2022 10:51:13 AM Blocked = False, Response recieved
03/09/2022 10:51:23 AM Starting new HTTPS connection (1): www.instagram.com:443
03/09/2022 10:51:23 AM https://www.instagram.com:443 "GET /p/CEhsDIDg3Au/ HTTP/1.1" 404 90833
03/09/2022 10:51:23 AM Request Issued
03/09/2022 10:51:34 AM Starting new HTTPS connection (1): www.instagram.com:443
03/09/2022 10:51:35 AM https://www.instagram.com:443 "GET /p/CEjPSQsI5FU/ HTTP/1.1" 404 90908
03/09/2022 10:51:35 AM Request Issued
03/09/2022 10:51:46 AM Starting new HTTPS connection (1): www.instagram.com:443
03/09/2022 10:51:46 AM https://www.instagram.com:443 "GET /p/CEOeX7qDJRz/ HTTP/1.1" 200 34107
03/09/2022 10:51:47 AM Request Issued
03/09/2022 10:51:47 AM Blocked = False, Response recieved
03/09/2022 10:51:57 AM Starting new HTTPS connection (1): www.instagram.com:443
03/09/2022 10:51:58 AM https://www.instagram.com:443 "GET /p/CERtXLggTz6/ HTTP/1.1" 200 36440
03/09/2022 10:51:58 AM Request Issued
03/09/2022 10:51:58 AM Blocked = False, Response recieved
03/09/2022 10:52:08 AM Starting new HTTPS connection (1): www.instagram.com:443
03/09/2022 10:52:09 AM https://www.instagram.com:443 "GET /p/CErwAhxD8Ru/ HTTP/1.1" 200 30360
03/09/2022 10:52:10 AM Request Issued
03/09/2022 10:52:10 AM Blocked = False, Response recieved
03/09/2022 10:52:20 AM Starting new HTTPS connection (1): www.instagram.com:443
03/09/2022 10:52:21 AM https://www.instagram.com:443 "GET /p/CEy9xuLHUEf/ HTTP/1.1" 200 34732
03/09/2022 10:52:21 AM Request Issued
03/09/2022 10:52:21 AM Blocked = False, Response recieved
03/09/2022 10:52:31 AM Starting new HTTPS connection (1): www.instagram.com:443
03/09/2022 10:52:32 AM https://www.instagram.com:443 "GET /p/CF7ZItMhLHV/ HTTP/1.1" 200 33894
03/09/2022 10:52:32 AM Request Issued
03/09/2022 10:52:32 AM Blocked = False, Response recieved
03/09/2022 10:52:43 AM Starting new HTTPS connection (1): www.instagram.com:443
03/09/2022 10:52:44 AM https://www.instagram.com:443 "GET /p/CF8LLpZD8jh/ HTTP/1.1" 200 34673
03/09/2022 10:52:45 AM Request Issued
03/09/2022 10:52:45 AM Blocked = False, Response recieved
03/09/2022 10:52:55 AM Starting new HTTPS connection (1): www.instagram.com:443
03/09/2022 10:52:58 AM https://www.instagram.com:443 "GET /p/CF9nlvZJYDT/ HTTP/1.1" 200 34917
03/09/2022 10:52:58 AM Request Issued
03/09/2022 10:52:58 AM Blocked = False, Response recieved
03/09/2022 10:53:08 AM Starting new HTTPS connection (1): www.instagram.com:443
03/09/2022 10:53:09 AM https://www.instagram.com:443 "GET /p/CFfQ1MxKtJt/ HTTP/1.1" 404 90835
03/09/2022 10:53:09 AM Request Issued
03/09/2022 10:53:20 AM Starting new HTTPS connection (1): www.instagram.com:443
03/09/2022 10:53:20 AM https://www.instagram.com:443 "GET /p/CFgP88Ml0NF/ HTTP/1.1" 200 34409
03/09/2022 10:53:20 AM Request Issued
03/09/2022 10:53:20 AM Blocked = False, Response recieved
03/09/2022 10:53:30 AM Starting new HTTPS connection (1): www.instagram.com:443
03/09/2022 10:53:31 AM https://www.instagram.com:443 "GET /p/CFI39nchpU6/ HTTP/1.1" 200 31438
03/09/2022 10:53:31 AM Request Issued
03/09/2022 10:53:31 AM Blocked = False, Response recieved
03/09/2022 10:53:42 AM Starting new HTTPS connection (1): www.instagram.com:443
03/09/2022 10:53:43 AM https://www.instagram.com:443 "GET /p/CFpQIYNg9DQ/ HTTP/1.1" 200 30660
03/09/2022 10:53:43 AM Request Issued
03/09/2022 10:53:43 AM Blocked = False, Response recieved
03/09/2022 10:53:54 AM Starting new HTTPS connection (1): www.instagram.com:443
03/09/2022 10:53:54 AM https://www.instagram.com:443 "GET /p/CFsgWNin2B6/ HTTP/1.1" 404 90122
03/09/2022 10:53:55 AM Request Issued
03/09/2022 10:54:05 AM Starting new HTTPS connection (1): www.instagram.com:443
03/09/2022 10:54:20 AM https://www.instagram.com:443 "GET /p/CFUGxWrDKXA/ HTTP/1.1" 560 0
03/09/2022 10:54:20 AM Request Issued
03/09/2022 10:54:30 AM Starting new HTTPS connection (1): www.instagram.com:443
03/09/2022 10:54:31 AM https://www.instagram.com:443 "GET /p/CFy8c82hj20/ HTTP/1.1" 200 36618
03/09/2022 10:54:31 AM Request Issued
03/09/2022 10:54:31 AM Blocked = False, Response recieved
03/09/2022 10:54:41 AM Starting new HTTPS connection (1): www.instagram.com:443
03/09/2022 10:54:42 AM https://www.instagram.com:443 "GET /p/CFZYOtTAgB7/ HTTP/1.1" 200 34887
03/09/2022 10:54:42 AM Request Issued
03/09/2022 10:54:42 AM Blocked = False, Response recieved
03/09/2022 10:54:52 AM Starting new HTTPS connection (1): www.instagram.com:443
03/09/2022 10:54:53 AM https://www.instagram.com:443 "GET /p/CG7zDvbAg1M/ HTTP/1.1" 200 31379
03/09/2022 10:54:53 AM Request Issued
03/09/2022 10:54:53 AM Blocked = False, Response recieved
03/09/2022 10:55:04 AM Starting new HTTPS connection (1): www.instagram.com:443
03/09/2022 10:55:05 AM https://www.instagram.com:443 "GET /p/CGa1XGJnngl/ HTTP/1.1" 404 90835
03/09/2022 10:55:05 AM Request Issued
