03/11/2022 11:54:44 AM Started
03/11/2022 11:54:44 AM Shortcode list obtained
03/11/2022 11:54:44 AM Starting new HTTPS connection (1): www.instagram.com:443
03/11/2022 11:54:46 AM https://www.instagram.com:443 "GET /p/BFv9CZAIJdN/ HTTP/1.1" 200 31124
03/11/2022 11:54:46 AM Request Issued
03/11/2022 11:54:46 AM Blocked = False, Response recieved
03/11/2022 11:59:46 AM Starting new HTTPS connection (1): www.instagram.com:443
03/11/2022 11:59:47 AM https://www.instagram.com:443 "GET /p/BG2uDNxinC2/ HTTP/1.1" 200 30258
03/11/2022 11:59:47 AM Request Issued
03/11/2022 11:59:47 AM Blocked = False, Response recieved
03/11/2022 12:04:48 PM Starting new HTTPS connection (1): www.instagram.com:443
03/11/2022 12:04:49 PM https://www.instagram.com:443 "GET /p/Bg9AoNAn0B5/ HTTP/1.1" 200 37493
03/11/2022 12:04:49 PM Request Issued
03/11/2022 12:04:49 PM Blocked = False, Response recieved
03/11/2022 12:09:49 PM Starting new HTTPS connection (1): www.instagram.com:443
03/11/2022 12:09:50 PM https://www.instagram.com:443 "GET /p/BGdrOfQDKIE/ HTTP/1.1" 200 34058
03/11/2022 12:09:50 PM Request Issued
03/11/2022 12:09:50 PM Blocked = False, Response recieved
03/11/2022 12:14:50 PM Starting new HTTPS connection (1): www.instagram.com:443
03/11/2022 12:14:50 PM https://www.instagram.com:443 "GET /p/BGElQLsjccm/ HTTP/1.1" 200 35685
03/11/2022 12:14:50 PM Request Issued
03/11/2022 12:14:50 PM Blocked = False, Response recieved
03/11/2022 12:49:44 PM Starting new HTTPS connection (1): www.instagram.com:443
03/11/2022 12:49:45 PM https://www.instagram.com:443 "GET /p/BGf7tLXThPc/ HTTP/1.1" 200 34168
03/11/2022 12:49:45 PM Request Issued
03/11/2022 12:49:45 PM Blocked = False, Response recieved
03/11/2022 01:44:46 PM Starting new HTTPS connection (1): www.instagram.com:443
03/11/2022 01:44:47 PM https://www.instagram.com:443 "GET /p/BGgj7IQTbFg/ HTTP/1.1" 404 89971
03/11/2022 01:44:47 PM Request Issued
03/11/2022 04:00:13 PM Starting new HTTPS connection (1): www.instagram.com:443
03/11/2022 04:00:14 PM https://www.instagram.com:443 "GET /p/BgjVCNeBVyL/ HTTP/1.1" 200 31225
03/11/2022 04:00:14 PM Request Issued
03/11/2022 04:00:14 PM Blocked = False, Response recieved
03/11/2022 06:46:56 PM Starting new HTTPS connection (1): www.instagram.com:443
03/11/2022 06:47:06 PM https://www.instagram.com:443 "GET /p/bGlBP5BPrZ/ HTTP/1.1" 560 0
03/11/2022 06:47:06 PM Request Issued
03/11/2022 11:20:10 PM Starting new HTTPS connection (1): www.instagram.com:443
03/11/2022 11:20:10 PM https://www.instagram.com:443 "GET /p/BGm4uDBQLAe/ HTTP/1.1" 200 33785
03/11/2022 11:20:10 PM Request Issued
03/11/2022 11:20:10 PM Blocked = False, Response recieved
03/12/2022 04:44:45 AM Starting new HTTPS connection (1): www.instagram.com:443
03/12/2022 04:44:46 AM https://www.instagram.com:443 "GET /p/BgO5PMphQMC/ HTTP/1.1" 200 30781
03/12/2022 04:44:46 AM Request Issued
03/12/2022 04:44:46 AM Blocked = False, Response recieved
03/12/2022 08:42:18 AM Starting new HTTPS connection (1): www.instagram.com:443
03/12/2022 08:42:19 AM https://www.instagram.com:443 "GET /p/BGUopi1Q2gR/ HTTP/1.1" 404 90050
03/12/2022 08:42:20 AM Request Issued
03/12/2022 12:09:20 PM Starting new HTTPS connection (1): www.instagram.com:443
03/12/2022 12:09:21 PM https://www.instagram.com:443 "GET /p/BGuvGnZAudY/ HTTP/1.1" 200 31659
03/12/2022 12:09:21 PM Request Issued
03/12/2022 12:09:21 PM Blocked = False, Response recieved
03/12/2022 05:33:55 PM Starting new HTTPS connection (1): www.instagram.com:443
03/12/2022 05:33:56 PM https://www.instagram.com:443 "GET /p/BH0ssmdBU7e/ HTTP/1.1" 200 34399
03/12/2022 05:33:56 PM Request Issued
03/12/2022 05:33:56 PM Blocked = False, Response recieved
03/12/2022 10:05:15 PM Starting new HTTPS connection (1): www.instagram.com:443
03/12/2022 10:05:15 PM https://www.instagram.com:443 "GET /p/Bh2WBLKgbaX/ HTTP/1.1" 200 38912
03/12/2022 10:05:15 PM Request Issued
03/12/2022 10:05:15 PM Blocked = False, Response recieved
03/13/2022 04:29:50 AM Starting new HTTPS connection (1): www.instagram.com:443
03/13/2022 04:29:50 AM https://www.instagram.com:443 "GET /p/BHAvOpnzUc8/ HTTP/1.1" 404 89975
03/13/2022 04:29:50 AM Request Issued
03/13/2022 09:01:19 AM Starting new HTTPS connection (1): www.instagram.com:443
03/13/2022 09:01:20 AM https://www.instagram.com:443 "GET /p/BHbC34SB42Q/ HTTP/1.1" 200 33873
03/13/2022 09:01:20 AM Request Issued
03/13/2022 09:01:20 AM Blocked = False, Response recieved
03/13/2022 02:10:41 PM Starting new HTTPS connection (1): www.instagram.com:443
03/13/2022 02:10:41 PM https://www.instagram.com:443 "GET /p/BHBGX91hjUE/ HTTP/1.1" 404 89974
03/13/2022 02:10:41 PM Request Issued
03/13/2022 07:35:19 PM Starting new HTTPS connection (1): www.instagram.com:443
03/13/2022 07:35:20 PM https://www.instagram.com:443 "GET /p/BhCPNuilhPv/ HTTP/1.1" 200 36386
03/13/2022 07:35:20 PM Request Issued
03/13/2022 07:35:20 PM Blocked = False, Response recieved
03/13/2022 11:13:20 PM Starting new HTTPS connection (1): www.instagram.com:443
03/13/2022 11:13:21 PM https://www.instagram.com:443 "GET /p/BHEz5sTBs0I/ HTTP/1.1" 404 90053
03/13/2022 11:13:21 PM Request Issued
03/14/2022 02:49:20 AM Starting new HTTPS connection (1): www.instagram.com:443
03/14/2022 02:49:20 AM https://www.instagram.com:443 "GET /p/BHjQ8HcAq3z/ HTTP/1.1" 404 90050
03/14/2022 02:49:20 AM Request Issued
03/14/2022 08:13:59 AM Starting new HTTPS connection (1): www.instagram.com:443
03/14/2022 08:14:00 AM https://www.instagram.com:443 "GET /p/BHlNCbQAllt/ HTTP/1.1" 200 30270
03/14/2022 08:14:00 AM Request Issued
03/14/2022 08:14:00 AM Blocked = False, Response recieved
03/14/2022 09:26:59 AM Starting new HTTPS connection (1): www.instagram.com:443
03/14/2022 09:26:59 AM https://www.instagram.com:443 "GET /p/BHmeKeOjfdD/ HTTP/1.1" 404 89975
03/14/2022 09:26:59 AM Request Issued
03/14/2022 09:32:00 AM Starting new HTTPS connection (1): www.instagram.com:443
03/14/2022 09:32:01 AM https://www.instagram.com:443 "GET /p/BhSF5OBnu0i/ HTTP/1.1" 200 34512
03/14/2022 09:32:01 AM Request Issued
03/14/2022 09:32:01 AM Blocked = False, Response recieved
03/14/2022 09:37:02 AM Starting new HTTPS connection (1): www.instagram.com:443
03/14/2022 09:37:03 AM https://www.instagram.com:443 "GET /p/BhtSGnEAOzQ/ HTTP/1.1" 200 29901
03/14/2022 09:37:03 AM Request Issued
03/14/2022 09:37:03 AM Blocked = False, Response recieved
