04/13/2022 11:17:05 AM Started
04/13/2022 11:17:05 AM Shortcode list obtained
04/13/2022 11:17:05 AM Starting new HTTPS connection (1): www.instagram.com:443
04/13/2022 11:17:05 AM https://www.instagram.com:443 "GET /p/vI707gQlaH/ HTTP/1.1" 302 0
04/13/2022 11:17:05 AM Request Issued
04/13/2022 11:17:05 AM Blocked
04/13/2022 11:17:05 AM Blocked = True, Entering the block period
04/13/2022 11:17:27 AM Started
04/13/2022 11:17:27 AM Shortcode list obtained
04/13/2022 11:17:27 AM Starting new HTTPS connection (1): www.instagram.com:443
04/13/2022 11:17:32 AM Started
04/13/2022 11:17:32 AM Shortcode list obtained
04/13/2022 11:17:32 AM Starting new HTTPS connection (1): www.instagram.com:443
04/13/2022 11:17:34 AM https://www.instagram.com:443 "GET /p/vI707gQlaH/ HTTP/1.1" 404 93008
04/13/2022 11:17:34 AM Request Issued
04/13/2022 11:17:45 AM Starting new HTTPS connection (1): www.instagram.com:443
04/13/2022 11:17:45 AM https://www.instagram.com:443 "GET /p/vIalTiqnL9/ HTTP/1.1" 200 34507
04/13/2022 11:17:46 AM Request Issued
04/13/2022 11:17:46 AM Blocked = False, Response recieved
04/13/2022 11:17:56 AM Starting new HTTPS connection (1): www.instagram.com:443
04/13/2022 11:17:57 AM https://www.instagram.com:443 "GET /p/vIiEvLkgEX/ HTTP/1.1" 404 93013
04/13/2022 11:17:57 AM Request Issued
04/13/2022 11:18:07 AM Starting new HTTPS connection (1): www.instagram.com:443
04/13/2022 11:18:08 AM https://www.instagram.com:443 "GET /p/VILFNpHMoD/ HTTP/1.1" 404 93124
04/13/2022 11:18:08 AM Request Issued
04/13/2022 11:18:19 AM Starting new HTTPS connection (1): www.instagram.com:443
04/13/2022 11:18:20 AM https://www.instagram.com:443 "GET /p/VITCiPSS5w/ HTTP/1.1" 302 0
04/13/2022 11:18:20 AM Request Issued
04/13/2022 11:18:20 AM Blocked
04/13/2022 11:18:20 AM Blocked = True, Entering the block period
04/13/2022 11:18:36 AM Started
04/13/2022 11:18:36 AM Shortcode list obtained
04/13/2022 11:18:36 AM Starting new HTTPS connection (1): www.instagram.com:443
04/13/2022 11:18:39 AM https://www.instagram.com:443 "GET /p/VITCiPSS5w/ HTTP/1.1" 200 34643
04/13/2022 11:18:40 AM Request Issued
04/13/2022 11:18:40 AM Blocked = False, Response recieved
04/13/2022 11:18:50 AM Starting new HTTPS connection (1): www.instagram.com:443
04/13/2022 11:18:52 AM https://www.instagram.com:443 "GET /p/viybGSyYsl/ HTTP/1.1" 200 33297
04/13/2022 11:18:52 AM Request Issued
04/13/2022 11:18:52 AM Blocked = False, Response recieved
04/13/2022 11:19:02 AM Starting new HTTPS connection (1): www.instagram.com:443
04/13/2022 11:19:04 AM https://www.instagram.com:443 "GET /p/vJeduuK9mz/ HTTP/1.1" 200 30825
04/13/2022 11:19:04 AM Request Issued
04/13/2022 11:19:04 AM Blocked = False, Response recieved
04/13/2022 11:19:15 AM Starting new HTTPS connection (1): www.instagram.com:443
04/13/2022 11:19:16 AM https://www.instagram.com:443 "GET /p/vjq6mchCtd/ HTTP/1.1" 200 33866
04/13/2022 11:19:16 AM Request Issued
04/13/2022 11:19:16 AM Blocked = False, Response recieved
04/13/2022 11:19:27 AM Starting new HTTPS connection (1): www.instagram.com:443
04/13/2022 11:19:27 AM https://www.instagram.com:443 "GET /p/vJTuaOreFx/ HTTP/1.1" 302 0
04/13/2022 11:19:27 AM Request Issued
04/13/2022 11:19:27 AM Blocked
04/13/2022 11:19:27 AM Blocked = True, Entering the block period
04/13/2022 11:20:12 AM Started
04/13/2022 11:20:12 AM Shortcode list obtained
04/13/2022 11:20:12 AM Starting new HTTPS connection (1): www.instagram.com:443
04/13/2022 11:22:23 AM https://www.instagram.com:443 "GET /p/vJTuaOreFx/ HTTP/1.1" 200 34840
04/13/2022 11:22:23 AM Request Issued
04/13/2022 11:22:23 AM Blocked = False, Response recieved
04/13/2022 11:22:33 AM Starting new HTTPS connection (1): www.instagram.com:443
04/13/2022 11:22:35 AM https://www.instagram.com:443 "GET /p/vkNE2ar2Hq/ HTTP/1.1" 200 31587
04/13/2022 11:22:35 AM Request Issued
04/13/2022 11:22:35 AM Blocked = False, Response recieved
04/13/2022 11:22:46 AM Starting new HTTPS connection (1): www.instagram.com:443
04/13/2022 11:22:47 AM https://www.instagram.com:443 "GET /p/VKXHhIgpBQ/ HTTP/1.1" 200 34287
04/13/2022 11:22:47 AM Request Issued
04/13/2022 11:22:47 AM Blocked = False, Response recieved
04/13/2022 11:22:57 AM Starting new HTTPS connection (1): www.instagram.com:443
04/13/2022 11:22:57 AM https://www.instagram.com:443 "GET /p/vl1PN2SXdR/ HTTP/1.1" 200 32252
04/13/2022 11:22:58 AM Request Issued
04/13/2022 11:22:58 AM Blocked = False, Response recieved
04/13/2022 11:23:08 AM Starting new HTTPS connection (1): www.instagram.com:443
04/13/2022 11:23:08 AM https://www.instagram.com:443 "GET /p/VL9pbOSRWH/ HTTP/1.1" 302 0
04/13/2022 11:23:08 AM Request Issued
04/13/2022 11:23:08 AM Blocked
04/13/2022 11:23:08 AM Blocked = True, Entering the block period
04/13/2022 11:23:41 AM Started
04/13/2022 11:23:41 AM Shortcode list obtained
04/13/2022 11:23:41 AM Starting new HTTPS connection (1): www.instagram.com:443
04/13/2022 11:25:52 AM https://www.instagram.com:443 "GET /p/VL9pbOSRWH/ HTTP/1.1" 200 31130
04/13/2022 11:25:52 AM Request Issued
04/13/2022 11:25:52 AM Blocked = False, Response recieved
04/13/2022 11:26:02 AM Starting new HTTPS connection (1): www.instagram.com:443
04/13/2022 11:26:04 AM https://www.instagram.com:443 "GET /p/VlcF4rmO6e/ HTTP/1.1" 200 30456
04/13/2022 11:26:04 AM Request Issued
04/13/2022 11:26:04 AM Blocked = False, Response recieved
04/13/2022 11:26:15 AM Starting new HTTPS connection (1): www.instagram.com:443
04/13/2022 11:26:16 AM https://www.instagram.com:443 "GET /p/vllwp6ppRl/ HTTP/1.1" 200 34690
04/13/2022 11:26:16 AM Request Issued
04/13/2022 11:26:16 AM Blocked = False, Response recieved
04/13/2022 11:26:27 AM Starting new HTTPS connection (1): www.instagram.com:443
04/13/2022 11:26:28 AM https://www.instagram.com:443 "GET /p/vLxXO6OOhw/ HTTP/1.1" 200 32083
04/13/2022 11:26:28 AM Request Issued
04/13/2022 11:26:28 AM Blocked = False, Response recieved
04/13/2022 11:26:38 AM Starting new HTTPS connection (1): www.instagram.com:443
04/13/2022 11:26:38 AM https://www.instagram.com:443 "GET /p/vmedOVnG5f/ HTTP/1.1" 302 0
04/13/2022 11:26:38 AM Request Issued
04/13/2022 11:26:38 AM Blocked
04/13/2022 11:26:38 AM Blocked = True, Entering the block period
04/13/2022 11:27:25 AM Started
04/13/2022 11:27:25 AM Shortcode list obtained
04/13/2022 11:27:25 AM Starting new HTTPS connection (1): www.instagram.com:443
04/13/2022 11:27:35 AM Started
04/13/2022 11:27:35 AM Shortcode list obtained
04/13/2022 11:27:35 AM Starting new HTTPS connection (1): www.instagram.com:443
04/13/2022 11:27:49 AM Started
04/13/2022 11:27:49 AM Shortcode list obtained
04/13/2022 11:27:49 AM Starting new HTTPS connection (1): www.instagram.com:443
04/13/2022 11:27:51 AM https://www.instagram.com:443 "GET /p/vmedOVnG5f/ HTTP/1.1" 404 93013
04/13/2022 11:27:51 AM Request Issued
04/13/2022 11:28:01 AM Starting new HTTPS connection (1): www.instagram.com:443
04/13/2022 11:28:03 AM https://www.instagram.com:443 "GET /p/vMTRuDFxyr/ HTTP/1.1" 200 34625
04/13/2022 11:28:03 AM Request Issued
04/13/2022 11:28:03 AM Blocked = False, Response recieved
04/13/2022 11:28:13 AM Starting new HTTPS connection (1): www.instagram.com:443
04/13/2022 11:28:14 AM https://www.instagram.com:443 "GET /p/vMvoPImWA6/ HTTP/1.1" 404 93011
04/13/2022 11:28:14 AM Request Issued
04/13/2022 11:28:24 AM Starting new HTTPS connection (1): www.instagram.com:443
04/13/2022 11:28:25 AM https://www.instagram.com:443 "GET /p/vNa1AHrO2D/ HTTP/1.1" 200 34857
04/13/2022 11:28:26 AM Request Issued
04/13/2022 11:28:26 AM Blocked = False, Response recieved
04/13/2022 11:28:36 AM Starting new HTTPS connection (1): www.instagram.com:443
04/13/2022 11:28:36 AM https://www.instagram.com:443 "GET /p/vNDktGisuo/ HTTP/1.1" 302 0
04/13/2022 11:28:36 AM Request Issued
04/13/2022 11:28:36 AM Blocked
04/13/2022 11:28:36 AM Blocked = True, Entering the block period
04/13/2022 11:29:09 AM Started
04/13/2022 11:29:09 AM Shortcode list obtained
04/13/2022 11:29:09 AM Starting new HTTPS connection (1): www.instagram.com:443
04/13/2022 11:29:10 AM https://www.instagram.com:443 "GET /p/vNDktGisuo/ HTTP/1.1" 302 0
04/13/2022 11:29:10 AM Request Issued
04/13/2022 11:29:10 AM Blocked
04/13/2022 11:29:10 AM Blocked = True, Entering the block period
04/13/2022 11:29:28 AM Started
04/13/2022 11:29:28 AM Shortcode list obtained
04/13/2022 11:29:28 AM Starting new HTTPS connection (1): www.instagram.com:443
04/13/2022 11:29:29 AM https://www.instagram.com:443 "GET /p/vNDktGisuo/ HTTP/1.1" 404 93013
04/13/2022 11:29:29 AM Request Issued
04/13/2022 11:29:39 AM Starting new HTTPS connection (1): www.instagram.com:443
04/13/2022 11:29:41 AM https://www.instagram.com:443 "GET /p/vNkF7jBrsZ/ HTTP/1.1" 200 34534
04/13/2022 11:29:41 AM Request Issued
04/13/2022 11:29:41 AM Blocked = False, Response recieved
04/13/2022 11:29:52 AM Starting new HTTPS connection (1): www.instagram.com:443
04/13/2022 11:29:53 AM https://www.instagram.com:443 "GET /p/vnQqnjFwUT/ HTTP/1.1" 404 93013
04/13/2022 11:29:53 AM Request Issued
04/13/2022 11:30:04 AM Starting new HTTPS connection (1): www.instagram.com:443
04/13/2022 11:30:05 AM https://www.instagram.com:443 "GET /p/voyuSyw2ZA/ HTTP/1.1" 200 34887
04/13/2022 11:30:05 AM Request Issued
04/13/2022 11:30:05 AM Blocked = False, Response recieved
04/13/2022 11:30:15 AM Starting new HTTPS connection (1): www.instagram.com:443
04/13/2022 11:30:15 AM https://www.instagram.com:443 "GET /p/vPFkJEoWM2/ HTTP/1.1" 302 0
04/13/2022 11:30:15 AM Request Issued
04/13/2022 11:30:15 AM Blocked
04/13/2022 11:30:15 AM Blocked = True, Entering the block period
04/13/2022 04:47:57 PM Started
04/13/2022 04:47:57 PM Shortcode list obtained
04/13/2022 04:47:57 PM Starting new HTTPS connection (1): www.instagram.com:443
04/13/2022 04:47:58 PM https://www.instagram.com:443 "GET /p/vPFkJEoWM2/ HTTP/1.1" 302 0
04/13/2022 04:47:58 PM Request Issued
04/13/2022 04:47:58 PM Blocked
04/13/2022 04:47:58 PM Blocked = True, Entering the block period
04/13/2022 04:48:53 PM Started
04/13/2022 04:48:53 PM Shortcode list obtained
04/13/2022 04:48:53 PM Starting new HTTPS connection (1): www.instagram.com:443
04/13/2022 04:48:54 PM https://www.instagram.com:443 "GET /p/vPFkJEoWM2/ HTTP/1.1" 200 34435
04/13/2022 04:48:54 PM Request Issued
04/13/2022 04:48:54 PM Blocked = False, Response recieved
