03/22/2022 09:16:26 PM Started
03/22/2022 09:16:26 PM Shortcode list obtained
03/22/2022 09:16:26 PM Starting new HTTPS connection (1): www.instagram.com:443
03/22/2022 09:16:26 PM https://www.instagram.com:443 "GET /p/ugz1RIKZh0/ HTTP/1.1" 302 0
03/22/2022 09:16:26 PM Request Issued
03/22/2022 09:16:26 PM Blocked
03/22/2022 09:16:26 PM Blocked = True, Entering the block period
03/22/2022 09:16:37 PM Started
03/22/2022 09:16:37 PM Shortcode list obtained
03/22/2022 09:16:37 PM Starting new HTTPS connection (1): www.instagram.com:443
03/22/2022 09:16:44 PM Started
03/22/2022 09:16:44 PM Shortcode list obtained
03/22/2022 09:16:44 PM Starting new HTTPS connection (1): www.instagram.com:443
03/22/2022 09:16:55 PM https://www.instagram.com:443 "GET /p/ugz1RIKZh0/ HTTP/1.1" 404 91461
03/22/2022 09:16:55 PM Request Issued
03/22/2022 09:17:06 PM Starting new HTTPS connection (1): www.instagram.com:443
03/22/2022 09:17:06 PM https://www.instagram.com:443 "GET /p/uHJHQoJvES/ HTTP/1.1" 200 31700
03/22/2022 09:17:07 PM Request Issued
03/22/2022 09:17:07 PM Blocked = False, Response recieved
03/22/2022 09:17:17 PM Starting new HTTPS connection (1): www.instagram.com:443
03/22/2022 09:17:19 PM https://www.instagram.com:443 "GET /p/uHlVRNv9Dx/ HTTP/1.1" 200 34178
03/22/2022 09:17:19 PM Request Issued
03/22/2022 09:17:19 PM Blocked = False, Response recieved
03/22/2022 09:17:29 PM Starting new HTTPS connection (1): www.instagram.com:443
03/22/2022 09:17:29 PM https://www.instagram.com:443 "GET /p/uhr9wIF3S8/ HTTP/1.1" 302 0
03/22/2022 09:17:29 PM Request Issued
03/22/2022 09:17:29 PM Blocked
03/22/2022 09:17:29 PM Blocked = True, Entering the block period
03/22/2022 09:17:54 PM Started
03/22/2022 09:17:54 PM Shortcode list obtained
03/22/2022 09:17:54 PM Starting new HTTPS connection (1): www.instagram.com:443
03/22/2022 09:17:56 PM https://www.instagram.com:443 "GET /p/uhr9wIF3S8/ HTTP/1.1" 404 91460
03/22/2022 09:17:56 PM Request Issued
03/22/2022 09:18:07 PM Starting new HTTPS connection (1): www.instagram.com:443
03/22/2022 09:18:08 PM https://www.instagram.com:443 "GET /p/uHWs91wNVQ/ HTTP/1.1" 404 91465
03/22/2022 09:18:08 PM Request Issued
03/22/2022 09:18:18 PM Starting new HTTPS connection (1): www.instagram.com:443
03/22/2022 09:18:20 PM https://www.instagram.com:443 "GET /p/uHZTzuCMij/ HTTP/1.1" 404 91545
03/22/2022 09:18:20 PM Request Issued
03/22/2022 09:18:30 PM Starting new HTTPS connection (1): www.instagram.com:443
03/22/2022 09:18:30 PM https://www.instagram.com:443 "GET /p/uI2oohpGdz/ HTTP/1.1" 302 0
03/22/2022 09:18:30 PM Request Issued
03/22/2022 09:18:30 PM Blocked
03/22/2022 09:18:30 PM Blocked = True, Entering the block period
03/22/2022 09:18:47 PM Started
03/22/2022 09:18:47 PM Shortcode list obtained
03/22/2022 09:18:47 PM Starting new HTTPS connection (1): www.instagram.com:443
03/22/2022 09:18:49 PM https://www.instagram.com:443 "GET /p/uI2oohpGdz/ HTTP/1.1" 200 34162
03/22/2022 09:18:50 PM Request Issued
03/22/2022 09:18:50 PM Blocked = False, Response recieved
03/22/2022 09:19:00 PM Starting new HTTPS connection (1): www.instagram.com:443
03/22/2022 09:21:11 PM https://www.instagram.com:443 "GET /p/uIc3oLkXeD/ HTTP/1.1" 200 29957
03/22/2022 09:21:11 PM Request Issued
03/22/2022 09:21:11 PM Blocked = False, Response recieved
03/22/2022 09:21:22 PM Starting new HTTPS connection (1): www.instagram.com:443
03/22/2022 09:21:22 PM https://www.instagram.com:443 "GET /p/uifOY6iK4J/ HTTP/1.1" 404 91539
03/22/2022 09:21:23 PM Request Issued
03/22/2022 09:21:33 PM Starting new HTTPS connection (1): www.instagram.com:443
03/22/2022 09:21:34 PM https://www.instagram.com:443 "GET /p/uil5TIIRb1/ HTTP/1.1" 200 34709
03/22/2022 09:21:34 PM Request Issued
03/22/2022 09:21:34 PM Blocked = False, Response recieved
03/22/2022 09:21:45 PM Starting new HTTPS connection (1): www.instagram.com:443
03/22/2022 09:21:46 PM https://www.instagram.com:443 "GET /p/ujFMAETVV6/ HTTP/1.1" 200 32196
03/22/2022 09:21:46 PM Request Issued
03/22/2022 09:21:46 PM Blocked = False, Response recieved
03/22/2022 09:21:57 PM Starting new HTTPS connection (1): www.instagram.com:443
03/22/2022 09:21:57 PM https://www.instagram.com:443 "GET /p/uJOREhv9L4/ HTTP/1.1" 302 0
03/22/2022 09:21:57 PM Request Issued
03/22/2022 09:21:57 PM Blocked
03/22/2022 09:21:57 PM Blocked = True, Entering the block period
03/22/2022 09:24:14 PM Started
03/22/2022 09:24:14 PM Shortcode list obtained
03/22/2022 09:24:14 PM Starting new HTTPS connection (1): www.instagram.com:443
03/22/2022 09:24:16 PM https://www.instagram.com:443 "GET /p/uJOREhv9L4/ HTTP/1.1" 200 33892
03/22/2022 09:24:16 PM Request Issued
03/22/2022 09:24:16 PM Blocked = False, Response recieved
03/22/2022 09:24:27 PM Starting new HTTPS connection (1): www.instagram.com:443
03/22/2022 09:24:27 PM https://www.instagram.com:443 "GET /p/ujsu95iDnJ/ HTTP/1.1" 404 91544
03/22/2022 09:24:27 PM Request Issued
03/22/2022 09:24:38 PM Starting new HTTPS connection (1): www.instagram.com:443
03/22/2022 09:24:38 PM https://www.instagram.com:443 "GET /p/uJVuFjnXZ4/ HTTP/1.1" 404 91585
03/22/2022 09:24:38 PM Request Issued
03/22/2022 09:24:49 PM Starting new HTTPS connection (1): www.instagram.com:443
03/22/2022 09:24:49 PM https://www.instagram.com:443 "GET /p/uJXxSCCyZv/ HTTP/1.1" 302 0
03/22/2022 09:24:49 PM Request Issued
03/22/2022 09:24:49 PM Blocked
03/22/2022 09:24:49 PM Blocked = True, Entering the block period
03/22/2022 09:25:06 PM Started
03/22/2022 09:25:06 PM Shortcode list obtained
03/22/2022 09:25:06 PM Starting new HTTPS connection (1): www.instagram.com:443
03/22/2022 09:25:07 PM https://www.instagram.com:443 "GET /p/uJXxSCCyZv/ HTTP/1.1" 404 91461
03/22/2022 09:25:08 PM Request Issued
03/22/2022 09:25:18 PM Starting new HTTPS connection (1): www.instagram.com:443
03/22/2022 09:25:19 PM https://www.instagram.com:443 "GET /p/uKaKSwv9A1/ HTTP/1.1" 404 91460
03/22/2022 09:25:19 PM Request Issued
03/22/2022 09:25:30 PM Starting new HTTPS connection (1): www.instagram.com:443
03/22/2022 09:25:30 PM https://www.instagram.com:443 "GET /p/uKeKCAP9D1/ HTTP/1.1" 404 91535
03/22/2022 09:25:31 PM Request Issued
03/22/2022 09:25:41 PM Starting new HTTPS connection (1): www.instagram.com:443
03/22/2022 09:25:42 PM https://www.instagram.com:443 "GET /p/uKHKcWhZWl/ HTTP/1.1" 200 34402
03/22/2022 09:25:42 PM Request Issued
03/22/2022 09:25:42 PM Blocked = False, Response recieved
03/22/2022 09:25:53 PM Starting new HTTPS connection (1): www.instagram.com:443
03/22/2022 09:25:53 PM https://www.instagram.com:443 "GET /p/ukX9RZxtwp/ HTTP/1.1" 302 0
03/22/2022 09:25:53 PM Request Issued
03/22/2022 09:25:53 PM Blocked
03/22/2022 09:25:53 PM Blocked = True, Entering the block period
03/22/2022 09:26:10 PM Started
03/22/2022 09:26:10 PM Shortcode list obtained
03/22/2022 09:26:10 PM Starting new HTTPS connection (1): www.instagram.com:443
03/22/2022 09:26:14 PM https://www.instagram.com:443 "GET /p/ukX9RZxtwp/ HTTP/1.1" 404 91466
03/22/2022 09:26:14 PM Request Issued
03/22/2022 09:26:25 PM Starting new HTTPS connection (1): www.instagram.com:443
03/22/2022 09:26:25 PM https://www.instagram.com:443 "GET /p/uL9OdGB0aP/ HTTP/1.1" 404 91540
03/22/2022 09:26:26 PM Request Issued
03/22/2022 09:26:36 PM Starting new HTTPS connection (1): www.instagram.com:443
03/22/2022 09:26:37 PM https://www.instagram.com:443 "GET /p/ulqhUej86R/ HTTP/1.1" 200 31551
03/22/2022 09:26:37 PM Request Issued
03/22/2022 09:26:37 PM Blocked = False, Response recieved
03/22/2022 09:26:47 PM Starting new HTTPS connection (1): www.instagram.com:443
03/22/2022 09:26:49 PM https://www.instagram.com:443 "GET /p/ulYupNvQ7A/ HTTP/1.1" 404 91459
03/22/2022 09:26:49 PM Request Issued
03/22/2022 09:26:59 PM Starting new HTTPS connection (1): www.instagram.com:443
03/22/2022 09:26:59 PM https://www.instagram.com:443 "GET /p/umDKP7gGVm/ HTTP/1.1" 302 0
03/22/2022 09:26:59 PM Request Issued
03/22/2022 09:26:59 PM Blocked
03/22/2022 09:26:59 PM Blocked = True, Entering the block period
03/22/2022 09:27:08 PM Started
03/22/2022 09:27:08 PM Shortcode list obtained
03/22/2022 09:27:08 PM Starting new HTTPS connection (1): www.instagram.com:443
03/22/2022 09:27:16 PM https://www.instagram.com:443 "GET /p/umDKP7gGVm/ HTTP/1.1" 200 34189
03/22/2022 09:27:16 PM Request Issued
03/22/2022 09:27:16 PM Blocked = False, Response recieved
03/22/2022 09:27:26 PM Starting new HTTPS connection (1): www.instagram.com:443
03/22/2022 09:27:27 PM https://www.instagram.com:443 "GET /p/uMhGE9NKue/ HTTP/1.1" 404 91462
03/22/2022 09:27:27 PM Request Issued
03/22/2022 09:27:37 PM Starting new HTTPS connection (1): www.instagram.com:443
03/22/2022 09:27:38 PM https://www.instagram.com:443 "GET /p/UMoMPUFJak/ HTTP/1.1" 404 91460
03/22/2022 09:27:38 PM Request Issued
