03/09/2022 05:36:57 AM Started
03/09/2022 05:36:57 AM Shortcode list obtained
03/09/2022 05:36:57 AM Starting new HTTPS connection (1): www.instagram.com:443
03/09/2022 05:36:58 AM https://www.instagram.com:443 "GET /p/rH0HRvMb2w/ HTTP/1.1" 302 0
03/09/2022 05:36:58 AM Request Issued
03/09/2022 05:36:58 AM Blocked
03/09/2022 05:36:58 AM Blocked = True, Entering the block period
03/09/2022 06:06:58 AM Starting new HTTPS connection (1): www.instagram.com:443
03/09/2022 06:06:58 AM https://www.instagram.com:443 "GET /p/rH0HRvMb2w/ HTTP/1.1" 302 0
03/09/2022 06:06:58 AM Request Issued
03/09/2022 06:06:58 AM Blocked
03/09/2022 06:36:58 AM Starting new HTTPS connection (1): www.instagram.com:443
03/09/2022 06:36:58 AM https://www.instagram.com:443 "GET /p/rH0HRvMb2w/ HTTP/1.1" 302 0
03/09/2022 06:36:58 AM Request Issued
03/09/2022 06:36:58 AM Blocked
03/09/2022 07:13:34 AM Started
03/09/2022 07:13:34 AM Shortcode list obtained
03/09/2022 07:13:34 AM Starting new HTTPS connection (1): www.instagram.com:443
03/09/2022 07:13:35 AM https://www.instagram.com:443 "GET /p/rH0HRvMb2w/ HTTP/1.1" 302 0
03/09/2022 07:13:35 AM Request Issued
03/09/2022 07:13:35 AM Blocked
03/09/2022 07:13:35 AM Blocked = True, Entering the block period
03/09/2022 07:43:35 AM Starting new HTTPS connection (1): www.instagram.com:443
03/09/2022 07:43:35 AM https://www.instagram.com:443 "GET /p/rH0HRvMb2w/ HTTP/1.1" 302 0
03/09/2022 07:43:35 AM Request Issued
03/09/2022 07:43:35 AM Blocked
03/09/2022 08:13:35 AM Starting new HTTPS connection (1): www.instagram.com:443
03/09/2022 08:13:35 AM https://www.instagram.com:443 "GET /p/rH0HRvMb2w/ HTTP/1.1" 302 0
03/09/2022 08:13:35 AM Request Issued
03/09/2022 08:13:35 AM Blocked
03/09/2022 08:43:35 AM Starting new HTTPS connection (1): www.instagram.com:443
03/09/2022 08:43:35 AM https://www.instagram.com:443 "GET /p/rH0HRvMb2w/ HTTP/1.1" 302 0
03/09/2022 08:43:35 AM Request Issued
03/09/2022 08:43:35 AM Blocked
03/09/2022 09:13:36 AM Starting new HTTPS connection (1): www.instagram.com:443
03/09/2022 09:13:36 AM https://www.instagram.com:443 "GET /p/rH0HRvMb2w/ HTTP/1.1" 302 0
03/09/2022 09:13:36 AM Request Issued
03/09/2022 09:13:36 AM Blocked
03/09/2022 09:43:36 AM Starting new HTTPS connection (1): www.instagram.com:443
03/09/2022 09:43:36 AM https://www.instagram.com:443 "GET /p/rH0HRvMb2w/ HTTP/1.1" 302 0
03/09/2022 09:43:36 AM Request Issued
03/09/2022 09:43:36 AM Blocked
03/09/2022 10:13:36 AM Starting new HTTPS connection (1): www.instagram.com:443
03/09/2022 10:13:36 AM https://www.instagram.com:443 "GET /p/rH0HRvMb2w/ HTTP/1.1" 302 0
03/09/2022 10:13:36 AM Request Issued
03/09/2022 10:13:36 AM Blocked
03/09/2022 10:43:36 AM Starting new HTTPS connection (1): www.instagram.com:443
03/09/2022 10:43:37 AM https://www.instagram.com:443 "GET /p/rH0HRvMb2w/ HTTP/1.1" 302 0
03/09/2022 10:43:37 AM Request Issued
03/09/2022 10:43:37 AM Blocked
03/09/2022 11:13:37 AM Starting new HTTPS connection (1): www.instagram.com:443
03/09/2022 11:13:37 AM https://www.instagram.com:443 "GET /p/rH0HRvMb2w/ HTTP/1.1" 302 0
03/09/2022 11:13:37 AM Request Issued
03/09/2022 11:13:37 AM Blocked
03/09/2022 11:43:37 AM Starting new HTTPS connection (1): www.instagram.com:443
03/09/2022 11:43:37 AM https://www.instagram.com:443 "GET /p/rH0HRvMb2w/ HTTP/1.1" 302 0
03/09/2022 11:43:37 AM Request Issued
03/09/2022 11:43:37 AM Blocked
03/09/2022 12:13:37 PM Starting new HTTPS connection (1): www.instagram.com:443
03/09/2022 12:13:37 PM https://www.instagram.com:443 "GET /p/rH0HRvMb2w/ HTTP/1.1" 302 0
03/09/2022 12:13:37 PM Request Issued
03/09/2022 12:13:37 PM Blocked
03/09/2022 12:43:38 PM Starting new HTTPS connection (1): www.instagram.com:443
03/09/2022 12:43:38 PM https://www.instagram.com:443 "GET /p/rH0HRvMb2w/ HTTP/1.1" 404 90050
03/09/2022 12:43:38 PM Request Issued
03/09/2022 12:43:38 PM Block ID: 1, Block period: 19803 seconds
03/09/2022 12:43:38 PM Blocked = False, Block period ended
03/09/2022 12:48:39 PM Starting new HTTPS connection (1): www.instagram.com:443
03/09/2022 12:48:39 PM https://www.instagram.com:443 "GET /p/RHTvwWuNPj/ HTTP/1.1" 302 0
03/09/2022 12:48:39 PM Request Issued
03/09/2022 12:48:39 PM Blocked
03/09/2022 12:48:39 PM Blocked = True, Entering the block period
03/09/2022 01:18:39 PM Starting new HTTPS connection (1): www.instagram.com:443
03/09/2022 01:18:39 PM https://www.instagram.com:443 "GET /p/RHTvwWuNPj/ HTTP/1.1" 302 0
03/09/2022 01:18:39 PM Request Issued
03/09/2022 01:18:39 PM Blocked
03/09/2022 01:48:39 PM Starting new HTTPS connection (1): www.instagram.com:443
03/09/2022 01:48:39 PM https://www.instagram.com:443 "GET /p/RHTvwWuNPj/ HTTP/1.1" 302 0
03/09/2022 01:48:39 PM Request Issued
03/09/2022 01:48:39 PM Blocked
03/10/2022 03:26:02 AM Starting new HTTPS connection (1): www.instagram.com:443
03/10/2022 03:26:02 AM https://www.instagram.com:443 "GET /p/RHTvwWuNPj/ HTTP/1.1" 302 0
03/10/2022 03:26:02 AM Request Issued
03/10/2022 03:26:02 AM Blocked
03/10/2022 03:56:02 AM Starting new HTTPS connection (1): www.instagram.com:443
03/10/2022 03:56:03 AM https://www.instagram.com:443 "GET /p/RHTvwWuNPj/ HTTP/1.1" 302 0
03/10/2022 03:56:03 AM Request Issued
03/10/2022 03:56:03 AM Blocked
03/10/2022 04:26:03 AM Starting new HTTPS connection (1): www.instagram.com:443
03/10/2022 04:26:03 AM https://www.instagram.com:443 "GET /p/RHTvwWuNPj/ HTTP/1.1" 302 0
03/10/2022 04:26:03 AM Request Issued
03/10/2022 04:26:03 AM Blocked
03/10/2022 04:56:03 AM Starting new HTTPS connection (1): www.instagram.com:443
03/10/2022 04:56:03 AM https://www.instagram.com:443 "GET /p/RHTvwWuNPj/ HTTP/1.1" 302 0
03/10/2022 04:56:03 AM Request Issued
03/10/2022 04:56:03 AM Blocked
03/10/2022 05:26:03 AM Starting new HTTPS connection (1): www.instagram.com:443
03/10/2022 05:26:03 AM https://www.instagram.com:443 "GET /p/RHTvwWuNPj/ HTTP/1.1" 302 0
03/10/2022 05:26:04 AM Request Issued
03/10/2022 05:26:04 AM Blocked
03/10/2022 05:56:04 AM Starting new HTTPS connection (1): www.instagram.com:443
03/10/2022 05:56:04 AM https://www.instagram.com:443 "GET /p/RHTvwWuNPj/ HTTP/1.1" 302 0
03/10/2022 05:56:04 AM Request Issued
03/10/2022 05:56:04 AM Blocked
03/10/2022 06:26:04 AM Starting new HTTPS connection (1): www.instagram.com:443
03/10/2022 06:26:04 AM https://www.instagram.com:443 "GET /p/RHTvwWuNPj/ HTTP/1.1" 302 0
03/10/2022 06:26:04 AM Request Issued
03/10/2022 06:26:04 AM Blocked
03/10/2022 06:56:04 AM Starting new HTTPS connection (1): www.instagram.com:443
03/10/2022 06:56:04 AM https://www.instagram.com:443 "GET /p/RHTvwWuNPj/ HTTP/1.1" 302 0
03/10/2022 06:56:04 AM Request Issued
03/10/2022 06:56:04 AM Blocked
03/10/2022 07:26:05 AM Starting new HTTPS connection (1): www.instagram.com:443
03/10/2022 07:26:05 AM https://www.instagram.com:443 "GET /p/RHTvwWuNPj/ HTTP/1.1" 302 0
03/10/2022 07:26:05 AM Request Issued
03/10/2022 07:26:05 AM Blocked
03/10/2022 07:56:05 AM Starting new HTTPS connection (1): www.instagram.com:443
03/10/2022 07:56:05 AM https://www.instagram.com:443 "GET /p/RHTvwWuNPj/ HTTP/1.1" 302 0
03/10/2022 07:56:05 AM Request Issued
03/10/2022 07:56:05 AM Blocked
03/10/2022 08:26:05 AM Starting new HTTPS connection (1): www.instagram.com:443
03/10/2022 08:26:05 AM https://www.instagram.com:443 "GET /p/RHTvwWuNPj/ HTTP/1.1" 302 0
03/10/2022 08:26:05 AM Request Issued
03/10/2022 08:26:05 AM Blocked
03/10/2022 08:56:05 AM Starting new HTTPS connection (1): www.instagram.com:443
03/10/2022 08:56:05 AM https://www.instagram.com:443 "GET /p/RHTvwWuNPj/ HTTP/1.1" 302 0
03/10/2022 08:56:05 AM Request Issued
03/10/2022 08:56:05 AM Blocked
03/10/2022 09:26:06 AM Starting new HTTPS connection (1): www.instagram.com:443
03/10/2022 09:26:06 AM https://www.instagram.com:443 "GET /p/RHTvwWuNPj/ HTTP/1.1" 302 0
03/10/2022 09:26:06 AM Request Issued
03/10/2022 09:26:06 AM Blocked
03/10/2022 09:56:06 AM Starting new HTTPS connection (1): www.instagram.com:443
03/10/2022 09:56:06 AM https://www.instagram.com:443 "GET /p/RHTvwWuNPj/ HTTP/1.1" 302 0
03/10/2022 09:56:06 AM Request Issued
03/10/2022 09:56:06 AM Blocked
03/10/2022 10:26:06 AM Starting new HTTPS connection (1): www.instagram.com:443
03/10/2022 10:26:06 AM https://www.instagram.com:443 "GET /p/RHTvwWuNPj/ HTTP/1.1" 302 0
03/10/2022 10:26:06 AM Request Issued
03/10/2022 10:26:06 AM Blocked
03/10/2022 10:56:06 AM Starting new HTTPS connection (1): www.instagram.com:443
03/10/2022 10:56:06 AM https://www.instagram.com:443 "GET /p/RHTvwWuNPj/ HTTP/1.1" 302 0
03/10/2022 10:56:06 AM Request Issued
03/10/2022 10:56:06 AM Blocked
03/10/2022 11:26:07 AM Starting new HTTPS connection (1): www.instagram.com:443
03/10/2022 11:26:07 AM https://www.instagram.com:443 "GET /p/RHTvwWuNPj/ HTTP/1.1" 302 0
03/10/2022 11:26:07 AM Request Issued
03/10/2022 11:26:07 AM Blocked
03/10/2022 11:56:07 AM Starting new HTTPS connection (1): www.instagram.com:443
03/10/2022 11:56:07 AM https://www.instagram.com:443 "GET /p/RHTvwWuNPj/ HTTP/1.1" 302 0
03/10/2022 11:56:07 AM Request Issued
03/10/2022 11:56:07 AM Blocked
03/10/2022 12:26:07 PM Starting new HTTPS connection (1): www.instagram.com:443
03/10/2022 12:26:07 PM https://www.instagram.com:443 "GET /p/RHTvwWuNPj/ HTTP/1.1" 302 0
03/10/2022 12:26:07 PM Request Issued
03/10/2022 12:26:07 PM Blocked
03/10/2022 12:56:07 PM Starting new HTTPS connection (1): www.instagram.com:443
03/10/2022 12:56:07 PM https://www.instagram.com:443 "GET /p/RHTvwWuNPj/ HTTP/1.1" 302 0
03/10/2022 12:56:07 PM Request Issued
03/10/2022 12:56:07 PM Blocked
03/10/2022 01:26:08 PM Starting new HTTPS connection (1): www.instagram.com:443
03/10/2022 01:26:08 PM https://www.instagram.com:443 "GET /p/RHTvwWuNPj/ HTTP/1.1" 302 0
03/10/2022 01:26:08 PM Request Issued
03/10/2022 01:26:08 PM Blocked
03/10/2022 01:56:08 PM Starting new HTTPS connection (1): www.instagram.com:443
03/10/2022 01:56:08 PM https://www.instagram.com:443 "GET /p/RHTvwWuNPj/ HTTP/1.1" 302 0
03/10/2022 01:56:08 PM Request Issued
03/10/2022 01:56:08 PM Blocked
03/10/2022 02:26:08 PM Starting new HTTPS connection (1): www.instagram.com:443
03/10/2022 02:26:08 PM https://www.instagram.com:443 "GET /p/RHTvwWuNPj/ HTTP/1.1" 302 0
03/10/2022 02:26:08 PM Request Issued
03/10/2022 02:26:08 PM Blocked
03/10/2022 02:56:08 PM Starting new HTTPS connection (1): www.instagram.com:443
03/10/2022 02:56:09 PM https://www.instagram.com:443 "GET /p/RHTvwWuNPj/ HTTP/1.1" 302 0
03/10/2022 02:56:09 PM Request Issued
03/10/2022 02:56:09 PM Blocked
03/10/2022 03:26:09 PM Starting new HTTPS connection (1): www.instagram.com:443
03/10/2022 03:26:09 PM https://www.instagram.com:443 "GET /p/RHTvwWuNPj/ HTTP/1.1" 302 0
03/10/2022 03:26:09 PM Request Issued
03/10/2022 03:26:09 PM Blocked
03/10/2022 03:56:09 PM Starting new HTTPS connection (1): www.instagram.com:443
03/10/2022 03:56:09 PM https://www.instagram.com:443 "GET /p/RHTvwWuNPj/ HTTP/1.1" 302 0
03/10/2022 03:56:09 PM Request Issued
03/10/2022 03:56:09 PM Blocked
03/10/2022 04:26:10 PM Starting new HTTPS connection (1): www.instagram.com:443
03/10/2022 04:26:10 PM https://www.instagram.com:443 "GET /p/RHTvwWuNPj/ HTTP/1.1" 302 0
03/10/2022 04:26:10 PM Request Issued
03/10/2022 04:26:10 PM Blocked
03/10/2022 04:56:10 PM Starting new HTTPS connection (1): www.instagram.com:443
03/10/2022 04:56:10 PM https://www.instagram.com:443 "GET /p/RHTvwWuNPj/ HTTP/1.1" 302 0
03/10/2022 04:56:10 PM Request Issued
03/10/2022 04:56:10 PM Blocked
03/10/2022 05:26:10 PM Starting new HTTPS connection (1): www.instagram.com:443
03/10/2022 05:26:10 PM https://www.instagram.com:443 "GET /p/RHTvwWuNPj/ HTTP/1.1" 302 0
03/10/2022 05:26:10 PM Request Issued
03/10/2022 05:26:10 PM Blocked
03/10/2022 05:56:10 PM Starting new HTTPS connection (1): www.instagram.com:443
03/10/2022 05:56:10 PM https://www.instagram.com:443 "GET /p/RHTvwWuNPj/ HTTP/1.1" 302 0
03/10/2022 05:56:10 PM Request Issued
03/10/2022 05:56:10 PM Blocked
03/10/2022 06:26:11 PM Starting new HTTPS connection (1): www.instagram.com:443
03/10/2022 06:26:11 PM https://www.instagram.com:443 "GET /p/RHTvwWuNPj/ HTTP/1.1" 302 0
03/10/2022 06:26:11 PM Request Issued
03/10/2022 06:26:11 PM Blocked
03/10/2022 06:56:11 PM Starting new HTTPS connection (1): www.instagram.com:443
03/10/2022 06:56:11 PM https://www.instagram.com:443 "GET /p/RHTvwWuNPj/ HTTP/1.1" 302 0
03/10/2022 06:56:11 PM Request Issued
03/10/2022 06:56:11 PM Blocked
03/10/2022 07:26:11 PM Starting new HTTPS connection (1): www.instagram.com:443
03/10/2022 07:26:11 PM https://www.instagram.com:443 "GET /p/RHTvwWuNPj/ HTTP/1.1" 302 0
03/10/2022 07:26:11 PM Request Issued
03/10/2022 07:26:11 PM Blocked
03/10/2022 07:56:11 PM Starting new HTTPS connection (1): www.instagram.com:443
03/10/2022 07:56:12 PM https://www.instagram.com:443 "GET /p/RHTvwWuNPj/ HTTP/1.1" 302 0
03/10/2022 07:56:12 PM Request Issued
03/10/2022 07:56:12 PM Blocked
03/10/2022 08:26:12 PM Starting new HTTPS connection (1): www.instagram.com:443
03/10/2022 08:26:12 PM https://www.instagram.com:443 "GET /p/RHTvwWuNPj/ HTTP/1.1" 302 0
03/10/2022 08:26:12 PM Request Issued
03/10/2022 08:26:12 PM Blocked
03/10/2022 08:56:12 PM Starting new HTTPS connection (1): www.instagram.com:443
03/10/2022 08:56:12 PM https://www.instagram.com:443 "GET /p/RHTvwWuNPj/ HTTP/1.1" 302 0
03/10/2022 08:56:12 PM Request Issued
03/10/2022 08:56:12 PM Blocked
03/10/2022 09:26:12 PM Starting new HTTPS connection (1): www.instagram.com:443
03/10/2022 09:26:12 PM https://www.instagram.com:443 "GET /p/RHTvwWuNPj/ HTTP/1.1" 302 0
03/10/2022 09:26:12 PM Request Issued
03/10/2022 09:26:12 PM Blocked
03/10/2022 09:56:12 PM Starting new HTTPS connection (1): www.instagram.com:443
03/10/2022 09:56:13 PM https://www.instagram.com:443 "GET /p/RHTvwWuNPj/ HTTP/1.1" 302 0
03/10/2022 09:56:13 PM Request Issued
03/10/2022 09:56:13 PM Blocked
03/10/2022 10:26:13 PM Starting new HTTPS connection (1): www.instagram.com:443
03/10/2022 10:26:13 PM https://www.instagram.com:443 "GET /p/RHTvwWuNPj/ HTTP/1.1" 302 0
03/10/2022 10:26:13 PM Request Issued
03/10/2022 10:26:13 PM Blocked
03/10/2022 10:56:13 PM Starting new HTTPS connection (1): www.instagram.com:443
03/10/2022 10:56:13 PM https://www.instagram.com:443 "GET /p/RHTvwWuNPj/ HTTP/1.1" 302 0
03/10/2022 10:56:13 PM Request Issued
03/10/2022 10:56:13 PM Blocked
03/10/2022 11:26:13 PM Starting new HTTPS connection (1): www.instagram.com:443
03/10/2022 11:26:13 PM https://www.instagram.com:443 "GET /p/RHTvwWuNPj/ HTTP/1.1" 302 0
03/10/2022 11:26:14 PM Request Issued
03/10/2022 11:26:14 PM Blocked
03/10/2022 11:56:14 PM Starting new HTTPS connection (1): www.instagram.com:443
03/10/2022 11:56:14 PM https://www.instagram.com:443 "GET /p/RHTvwWuNPj/ HTTP/1.1" 404 90066
03/10/2022 11:56:15 PM Request Issued
03/10/2022 11:56:15 PM Block ID: 2, Block period: 40055 seconds
03/10/2022 11:56:15 PM Blocked = False, Block period ended
03/11/2022 12:01:15 AM Starting new HTTPS connection (1): www.instagram.com:443
03/11/2022 12:01:15 AM https://www.instagram.com:443 "GET /p/rHvp0fAlT6/ HTTP/1.1" 302 0
03/11/2022 12:01:15 AM Request Issued
03/11/2022 12:01:15 AM Blocked
03/11/2022 12:01:15 AM Blocked = True, Entering the block period
03/11/2022 12:31:15 AM Starting new HTTPS connection (1): www.instagram.com:443
03/11/2022 12:31:16 AM https://www.instagram.com:443 "GET /p/rHvp0fAlT6/ HTTP/1.1" 302 0
03/11/2022 12:31:16 AM Request Issued
03/11/2022 12:31:16 AM Blocked
03/11/2022 01:01:16 AM Starting new HTTPS connection (1): www.instagram.com:443
03/11/2022 01:01:16 AM https://www.instagram.com:443 "GET /p/rHvp0fAlT6/ HTTP/1.1" 302 0
03/11/2022 01:01:16 AM Request Issued
03/11/2022 01:01:16 AM Blocked
03/11/2022 01:31:16 AM Starting new HTTPS connection (1): www.instagram.com:443
03/11/2022 01:31:16 AM https://www.instagram.com:443 "GET /p/rHvp0fAlT6/ HTTP/1.1" 302 0
03/11/2022 01:31:16 AM Request Issued
03/11/2022 01:31:16 AM Blocked
03/11/2022 02:01:16 AM Starting new HTTPS connection (1): www.instagram.com:443
03/11/2022 02:01:17 AM https://www.instagram.com:443 "GET /p/rHvp0fAlT6/ HTTP/1.1" 302 0
03/11/2022 02:01:17 AM Request Issued
03/11/2022 02:01:17 AM Blocked
03/11/2022 02:31:17 AM Starting new HTTPS connection (1): www.instagram.com:443
03/11/2022 02:31:17 AM https://www.instagram.com:443 "GET /p/rHvp0fAlT6/ HTTP/1.1" 302 0
03/11/2022 02:31:17 AM Request Issued
03/11/2022 02:31:17 AM Blocked
03/11/2022 03:01:17 AM Starting new HTTPS connection (1): www.instagram.com:443
03/11/2022 03:01:17 AM https://www.instagram.com:443 "GET /p/rHvp0fAlT6/ HTTP/1.1" 302 0
03/11/2022 03:01:17 AM Request Issued
03/11/2022 03:01:17 AM Blocked
03/11/2022 03:31:17 AM Starting new HTTPS connection (1): www.instagram.com:443
03/11/2022 03:31:17 AM https://www.instagram.com:443 "GET /p/rHvp0fAlT6/ HTTP/1.1" 302 0
03/11/2022 03:31:17 AM Request Issued
03/11/2022 03:31:17 AM Blocked
03/11/2022 04:01:18 AM Starting new HTTPS connection (1): www.instagram.com:443
03/11/2022 04:01:18 AM https://www.instagram.com:443 "GET /p/rHvp0fAlT6/ HTTP/1.1" 302 0
03/11/2022 04:01:18 AM Request Issued
03/11/2022 04:01:18 AM Blocked
03/11/2022 04:31:18 AM Starting new HTTPS connection (1): www.instagram.com:443
03/11/2022 04:31:18 AM https://www.instagram.com:443 "GET /p/rHvp0fAlT6/ HTTP/1.1" 302 0
03/11/2022 04:31:18 AM Request Issued
03/11/2022 04:31:18 AM Blocked
03/11/2022 05:01:18 AM Starting new HTTPS connection (1): www.instagram.com:443
03/11/2022 05:01:18 AM https://www.instagram.com:443 "GET /p/rHvp0fAlT6/ HTTP/1.1" 302 0
03/11/2022 05:01:18 AM Request Issued
03/11/2022 05:01:18 AM Blocked
03/11/2022 05:31:18 AM Starting new HTTPS connection (1): www.instagram.com:443
03/11/2022 05:31:19 AM https://www.instagram.com:443 "GET /p/rHvp0fAlT6/ HTTP/1.1" 302 0
03/11/2022 05:31:19 AM Request Issued
03/11/2022 05:31:19 AM Blocked
03/11/2022 06:01:19 AM Starting new HTTPS connection (1): www.instagram.com:443
03/11/2022 06:01:19 AM https://www.instagram.com:443 "GET /p/rHvp0fAlT6/ HTTP/1.1" 302 0
03/11/2022 06:01:19 AM Request Issued
03/11/2022 06:01:19 AM Blocked
03/11/2022 06:31:19 AM Starting new HTTPS connection (1): www.instagram.com:443
03/11/2022 06:31:19 AM https://www.instagram.com:443 "GET /p/rHvp0fAlT6/ HTTP/1.1" 302 0
03/11/2022 06:31:19 AM Request Issued
03/11/2022 06:31:19 AM Blocked
03/11/2022 07:01:19 AM Starting new HTTPS connection (1): www.instagram.com:443
03/11/2022 07:01:19 AM https://www.instagram.com:443 "GET /p/rHvp0fAlT6/ HTTP/1.1" 302 0
03/11/2022 07:01:19 AM Request Issued
03/11/2022 07:01:19 AM Blocked
03/11/2022 07:31:20 AM Starting new HTTPS connection (1): www.instagram.com:443
03/11/2022 07:31:20 AM https://www.instagram.com:443 "GET /p/rHvp0fAlT6/ HTTP/1.1" 302 0
03/11/2022 07:31:20 AM Request Issued
03/11/2022 07:31:20 AM Blocked
03/11/2022 08:01:20 AM Starting new HTTPS connection (1): www.instagram.com:443
03/11/2022 08:01:20 AM https://www.instagram.com:443 "GET /p/rHvp0fAlT6/ HTTP/1.1" 302 0
03/11/2022 08:01:20 AM Request Issued
03/11/2022 08:01:20 AM Blocked
03/11/2022 08:31:20 AM Starting new HTTPS connection (1): www.instagram.com:443
03/11/2022 08:31:20 AM https://www.instagram.com:443 "GET /p/rHvp0fAlT6/ HTTP/1.1" 302 0
03/11/2022 08:31:20 AM Request Issued
03/11/2022 08:31:20 AM Blocked
03/11/2022 09:01:20 AM Starting new HTTPS connection (1): www.instagram.com:443
03/11/2022 09:01:20 AM https://www.instagram.com:443 "GET /p/rHvp0fAlT6/ HTTP/1.1" 302 0
03/11/2022 09:01:21 AM Request Issued
03/11/2022 09:01:21 AM Blocked
03/11/2022 09:31:21 AM Starting new HTTPS connection (1): www.instagram.com:443
03/11/2022 09:31:21 AM https://www.instagram.com:443 "GET /p/rHvp0fAlT6/ HTTP/1.1" 302 0
03/11/2022 09:31:21 AM Request Issued
03/11/2022 09:31:21 AM Blocked
03/11/2022 10:01:21 AM Starting new HTTPS connection (1): www.instagram.com:443
03/11/2022 10:01:21 AM https://www.instagram.com:443 "GET /p/rHvp0fAlT6/ HTTP/1.1" 302 0
03/11/2022 10:01:21 AM Request Issued
03/11/2022 10:01:21 AM Blocked
03/11/2022 10:31:21 AM Starting new HTTPS connection (1): www.instagram.com:443
03/11/2022 10:31:21 AM https://www.instagram.com:443 "GET /p/rHvp0fAlT6/ HTTP/1.1" 302 0
03/11/2022 10:31:21 AM Request Issued
03/11/2022 10:31:21 AM Blocked
03/11/2022 11:01:22 AM Starting new HTTPS connection (1): www.instagram.com:443
03/11/2022 11:01:22 AM https://www.instagram.com:443 "GET /p/rHvp0fAlT6/ HTTP/1.1" 302 0
03/11/2022 11:01:22 AM Request Issued
03/11/2022 11:01:22 AM Blocked
03/11/2022 11:31:55 AM Starting new HTTPS connection (1): www.instagram.com:443
03/11/2022 11:31:56 AM https://www.instagram.com:443 "GET /p/rHvp0fAlT6/ HTTP/1.1" 302 0
03/11/2022 11:31:56 AM Request Issued
03/11/2022 11:31:56 AM Blocked
03/11/2022 12:01:56 PM Starting new HTTPS connection (1): www.instagram.com:443
03/11/2022 12:01:56 PM https://www.instagram.com:443 "GET /p/rHvp0fAlT6/ HTTP/1.1" 302 0
03/11/2022 12:01:56 PM Request Issued
03/11/2022 12:01:56 PM Blocked
03/11/2022 12:31:56 PM Starting new HTTPS connection (1): www.instagram.com:443
03/11/2022 12:31:56 PM https://www.instagram.com:443 "GET /p/rHvp0fAlT6/ HTTP/1.1" 302 0
03/11/2022 12:31:56 PM Request Issued
03/11/2022 12:31:56 PM Blocked
03/11/2022 01:01:56 PM Starting new HTTPS connection (1): www.instagram.com:443
03/11/2022 01:01:56 PM https://www.instagram.com:443 "GET /p/rHvp0fAlT6/ HTTP/1.1" 302 0
03/11/2022 01:01:56 PM Request Issued
03/11/2022 01:01:56 PM Blocked
03/11/2022 01:31:57 PM Starting new HTTPS connection (1): www.instagram.com:443
03/11/2022 01:31:57 PM https://www.instagram.com:443 "GET /p/rHvp0fAlT6/ HTTP/1.1" 302 0
03/11/2022 01:31:57 PM Request Issued
03/11/2022 01:31:57 PM Blocked
03/11/2022 02:01:57 PM Starting new HTTPS connection (1): www.instagram.com:443
03/11/2022 02:01:57 PM https://www.instagram.com:443 "GET /p/rHvp0fAlT6/ HTTP/1.1" 302 0
03/11/2022 02:01:57 PM Request Issued
03/11/2022 02:01:57 PM Blocked
03/11/2022 02:31:57 PM Starting new HTTPS connection (1): www.instagram.com:443
03/11/2022 02:31:57 PM https://www.instagram.com:443 "GET /p/rHvp0fAlT6/ HTTP/1.1" 302 0
03/11/2022 02:31:57 PM Request Issued
03/11/2022 02:31:57 PM Blocked
03/11/2022 03:01:58 PM Starting new HTTPS connection (1): www.instagram.com:443
03/11/2022 03:01:58 PM https://www.instagram.com:443 "GET /p/rHvp0fAlT6/ HTTP/1.1" 302 0
03/11/2022 03:01:58 PM Request Issued
03/11/2022 03:01:58 PM Blocked
03/11/2022 03:31:58 PM Starting new HTTPS connection (1): www.instagram.com:443
03/11/2022 03:31:58 PM https://www.instagram.com:443 "GET /p/rHvp0fAlT6/ HTTP/1.1" 302 0
03/11/2022 03:31:58 PM Request Issued
03/11/2022 03:31:58 PM Blocked
03/11/2022 04:01:58 PM Starting new HTTPS connection (1): www.instagram.com:443
03/11/2022 04:01:58 PM https://www.instagram.com:443 "GET /p/rHvp0fAlT6/ HTTP/1.1" 302 0
03/11/2022 04:01:58 PM Request Issued
03/11/2022 04:01:58 PM Blocked
03/11/2022 04:31:58 PM Starting new HTTPS connection (1): www.instagram.com:443
03/11/2022 04:31:59 PM https://www.instagram.com:443 "GET /p/rHvp0fAlT6/ HTTP/1.1" 302 0
03/11/2022 04:31:59 PM Request Issued
03/11/2022 04:31:59 PM Blocked
03/12/2022 10:19:24 PM Starting new HTTPS connection (1): www.instagram.com:443
03/12/2022 10:19:24 PM https://www.instagram.com:443 "GET /p/rHvp0fAlT6/ HTTP/1.1" 302 0
03/12/2022 10:19:24 PM Request Issued
03/12/2022 10:19:24 PM Blocked
03/12/2022 10:49:24 PM Starting new HTTPS connection (1): www.instagram.com:443
03/12/2022 10:49:24 PM https://www.instagram.com:443 "GET /p/rHvp0fAlT6/ HTTP/1.1" 302 0
03/12/2022 10:49:24 PM Request Issued
03/12/2022 10:49:24 PM Blocked
03/12/2022 11:19:25 PM Starting new HTTPS connection (1): www.instagram.com:443
03/12/2022 11:19:25 PM https://www.instagram.com:443 "GET /p/rHvp0fAlT6/ HTTP/1.1" 302 0
03/12/2022 11:19:25 PM Request Issued
03/12/2022 11:19:25 PM Blocked
03/12/2022 11:49:25 PM Starting new HTTPS connection (1): www.instagram.com:443
03/12/2022 11:49:25 PM https://www.instagram.com:443 "GET /p/rHvp0fAlT6/ HTTP/1.1" 302 0
03/12/2022 11:49:25 PM Request Issued
03/12/2022 11:49:25 PM Blocked
03/13/2022 12:19:25 AM Starting new HTTPS connection (1): www.instagram.com:443
03/13/2022 12:19:25 AM https://www.instagram.com:443 "GET /p/rHvp0fAlT6/ HTTP/1.1" 302 0
03/13/2022 12:19:25 AM Request Issued
03/13/2022 12:19:25 AM Blocked
03/13/2022 12:49:25 AM Starting new HTTPS connection (1): www.instagram.com:443
03/13/2022 12:49:26 AM https://www.instagram.com:443 "GET /p/rHvp0fAlT6/ HTTP/1.1" 404 89977
03/13/2022 12:49:26 AM Request Issued
03/13/2022 12:49:26 AM Block ID: 3, Block period: 2890 seconds
03/13/2022 12:49:26 AM Blocked = False, Block period ended
03/13/2022 12:54:26 AM Starting new HTTPS connection (1): www.instagram.com:443
03/13/2022 12:54:27 AM https://www.instagram.com:443 "GET /p/rHyt6iHtGy/ HTTP/1.1" 302 0
03/13/2022 12:54:27 AM Request Issued
03/13/2022 12:54:27 AM Blocked
03/13/2022 12:54:27 AM Blocked = True, Entering the block period
03/13/2022 01:24:27 AM Starting new HTTPS connection (1): www.instagram.com:443
03/13/2022 01:24:27 AM https://www.instagram.com:443 "GET /p/rHyt6iHtGy/ HTTP/1.1" 302 0
03/13/2022 01:24:27 AM Request Issued
03/13/2022 01:24:27 AM Blocked
03/13/2022 01:54:27 AM Starting new HTTPS connection (1): www.instagram.com:443
03/13/2022 01:54:28 AM https://www.instagram.com:443 "GET /p/rHyt6iHtGy/ HTTP/1.1" 200 33536
03/13/2022 01:54:28 AM Request Issued
03/13/2022 01:54:28 AM Block ID: 4, Block period: 3601 seconds
03/13/2022 01:54:28 AM Blocked = False, Block period ended
03/13/2022 01:59:28 AM Starting new HTTPS connection (1): www.instagram.com:443
03/13/2022 01:59:29 AM https://www.instagram.com:443 "GET /p/rI99gXEeGn/ HTTP/1.1" 200 33271
03/13/2022 01:59:29 AM Request Issued
03/13/2022 01:59:29 AM Blocked = False, Response recieved
03/13/2022 03:04:29 AM Starting new HTTPS connection (1): www.instagram.com:443
03/13/2022 03:04:29 AM https://www.instagram.com:443 "GET /p/riGT5yLZBA/ HTTP/1.1" 302 0
03/13/2022 03:04:29 AM Request Issued
03/13/2022 03:04:29 AM Blocked
03/13/2022 03:04:29 AM Blocked = True, Entering the block period
03/13/2022 03:34:30 AM Starting new HTTPS connection (1): www.instagram.com:443
03/13/2022 03:34:30 AM https://www.instagram.com:443 "GET /p/riGT5yLZBA/ HTTP/1.1" 302 0
03/13/2022 03:34:30 AM Request Issued
03/13/2022 03:34:30 AM Blocked
03/13/2022 04:04:30 AM Starting new HTTPS connection (1): www.instagram.com:443
03/13/2022 04:04:30 AM https://www.instagram.com:443 "GET /p/riGT5yLZBA/ HTTP/1.1" 302 0
03/13/2022 04:04:30 AM Request Issued
03/13/2022 04:04:30 AM Blocked
03/13/2022 04:34:30 AM Starting new HTTPS connection (1): www.instagram.com:443
03/13/2022 04:34:30 AM https://www.instagram.com:443 "GET /p/riGT5yLZBA/ HTTP/1.1" 302 0
03/13/2022 04:34:30 AM Request Issued
03/13/2022 04:34:30 AM Blocked
03/13/2022 05:04:30 AM Starting new HTTPS connection (1): www.instagram.com:443
03/13/2022 05:04:31 AM https://www.instagram.com:443 "GET /p/riGT5yLZBA/ HTTP/1.1" 302 0
03/13/2022 05:04:31 AM Request Issued
03/13/2022 05:04:31 AM Blocked
03/13/2022 05:34:31 AM Starting new HTTPS connection (1): www.instagram.com:443
03/13/2022 05:34:31 AM https://www.instagram.com:443 "GET /p/riGT5yLZBA/ HTTP/1.1" 302 0
03/13/2022 05:34:31 AM Request Issued
03/13/2022 05:34:31 AM Blocked
03/13/2022 06:04:31 AM Starting new HTTPS connection (1): www.instagram.com:443
03/13/2022 06:04:31 AM https://www.instagram.com:443 "GET /p/riGT5yLZBA/ HTTP/1.1" 302 0
03/13/2022 06:04:31 AM Request Issued
03/13/2022 06:04:31 AM Blocked
03/13/2022 06:34:31 AM Starting new HTTPS connection (1): www.instagram.com:443
03/13/2022 06:34:31 AM https://www.instagram.com:443 "GET /p/riGT5yLZBA/ HTTP/1.1" 302 0
03/13/2022 06:34:31 AM Request Issued
03/13/2022 06:34:31 AM Blocked
03/13/2022 07:04:31 AM Starting new HTTPS connection (1): www.instagram.com:443
03/13/2022 07:04:32 AM https://www.instagram.com:443 "GET /p/riGT5yLZBA/ HTTP/1.1" 302 0
03/13/2022 07:04:32 AM Request Issued
03/13/2022 07:04:32 AM Blocked
03/13/2022 07:34:32 AM Starting new HTTPS connection (1): www.instagram.com:443
03/13/2022 07:34:32 AM https://www.instagram.com:443 "GET /p/riGT5yLZBA/ HTTP/1.1" 302 0
03/13/2022 07:34:32 AM Request Issued
03/13/2022 07:34:32 AM Blocked
03/13/2022 08:04:32 AM Starting new HTTPS connection (1): www.instagram.com:443
03/13/2022 08:04:32 AM https://www.instagram.com:443 "GET /p/riGT5yLZBA/ HTTP/1.1" 302 0
03/13/2022 08:04:32 AM Request Issued
03/13/2022 08:04:32 AM Blocked
03/13/2022 08:34:32 AM Starting new HTTPS connection (1): www.instagram.com:443
03/13/2022 08:34:32 AM https://www.instagram.com:443 "GET /p/riGT5yLZBA/ HTTP/1.1" 302 0
03/13/2022 08:34:32 AM Request Issued
03/13/2022 08:34:32 AM Blocked
03/13/2022 09:04:33 AM Starting new HTTPS connection (1): www.instagram.com:443
03/13/2022 09:04:33 AM https://www.instagram.com:443 "GET /p/riGT5yLZBA/ HTTP/1.1" 302 0
03/13/2022 09:04:33 AM Request Issued
03/13/2022 09:04:33 AM Blocked
03/13/2022 09:34:33 AM Starting new HTTPS connection (1): www.instagram.com:443
03/13/2022 09:34:33 AM https://www.instagram.com:443 "GET /p/riGT5yLZBA/ HTTP/1.1" 302 0
03/13/2022 09:34:33 AM Request Issued
03/13/2022 09:34:33 AM Blocked
03/13/2022 10:04:33 AM Starting new HTTPS connection (1): www.instagram.com:443
03/13/2022 10:04:33 AM https://www.instagram.com:443 "GET /p/riGT5yLZBA/ HTTP/1.1" 302 0
03/13/2022 10:04:33 AM Request Issued
03/13/2022 10:04:33 AM Blocked
03/13/2022 10:34:33 AM Starting new HTTPS connection (1): www.instagram.com:443
03/13/2022 10:34:34 AM https://www.instagram.com:443 "GET /p/riGT5yLZBA/ HTTP/1.1" 302 0
03/13/2022 10:34:34 AM Request Issued
03/13/2022 10:34:34 AM Blocked
03/13/2022 11:04:34 AM Starting new HTTPS connection (1): www.instagram.com:443
03/13/2022 11:04:34 AM https://www.instagram.com:443 "GET /p/riGT5yLZBA/ HTTP/1.1" 302 0
03/13/2022 11:04:34 AM Request Issued
03/13/2022 11:04:34 AM Blocked
03/13/2022 11:34:34 AM Starting new HTTPS connection (1): www.instagram.com:443
03/13/2022 11:34:34 AM https://www.instagram.com:443 "GET /p/riGT5yLZBA/ HTTP/1.1" 302 0
03/13/2022 11:34:34 AM Request Issued
03/13/2022 11:34:34 AM Blocked
03/13/2022 12:04:34 PM Starting new HTTPS connection (1): www.instagram.com:443
03/13/2022 12:04:34 PM https://www.instagram.com:443 "GET /p/riGT5yLZBA/ HTTP/1.1" 302 0
03/13/2022 12:04:34 PM Request Issued
03/13/2022 12:04:34 PM Blocked
03/13/2022 09:49:51 PM Starting new HTTPS connection (1): www.instagram.com:443
03/13/2022 09:49:51 PM https://www.instagram.com:443 "GET /p/riGT5yLZBA/ HTTP/1.1" 302 0
03/13/2022 09:49:51 PM Request Issued
03/13/2022 09:49:51 PM Blocked
03/13/2022 10:19:51 PM Starting new HTTPS connection (1): www.instagram.com:443
03/13/2022 10:19:51 PM https://www.instagram.com:443 "GET /p/riGT5yLZBA/ HTTP/1.1" 302 0
03/13/2022 10:19:51 PM Request Issued
03/13/2022 10:19:51 PM Blocked
03/13/2022 10:49:51 PM Starting new HTTPS connection (1): www.instagram.com:443
03/13/2022 10:49:52 PM https://www.instagram.com:443 "GET /p/riGT5yLZBA/ HTTP/1.1" 302 0
03/13/2022 10:49:52 PM Request Issued
03/13/2022 10:49:52 PM Blocked
03/13/2022 11:19:52 PM Starting new HTTPS connection (1): www.instagram.com:443
03/13/2022 11:19:52 PM https://www.instagram.com:443 "GET /p/riGT5yLZBA/ HTTP/1.1" 302 0
03/13/2022 11:19:52 PM Request Issued
03/13/2022 11:19:52 PM Blocked
03/13/2022 11:49:52 PM Starting new HTTPS connection (1): www.instagram.com:443
03/13/2022 11:49:52 PM https://www.instagram.com:443 "GET /p/riGT5yLZBA/ HTTP/1.1" 302 0
03/13/2022 11:49:52 PM Request Issued
03/13/2022 11:49:52 PM Blocked
03/14/2022 12:19:52 AM Starting new HTTPS connection (1): www.instagram.com:443
03/14/2022 12:19:52 AM https://www.instagram.com:443 "GET /p/riGT5yLZBA/ HTTP/1.1" 302 0
03/14/2022 12:19:52 AM Request Issued
03/14/2022 12:19:52 AM Blocked
03/14/2022 12:49:52 AM Starting new HTTPS connection (1): www.instagram.com:443
03/14/2022 12:49:53 AM https://www.instagram.com:443 "GET /p/riGT5yLZBA/ HTTP/1.1" 302 0
03/14/2022 12:49:53 AM Request Issued
03/14/2022 12:49:53 AM Blocked
03/14/2022 01:19:53 AM Starting new HTTPS connection (1): www.instagram.com:443
03/14/2022 01:19:53 AM https://www.instagram.com:443 "GET /p/riGT5yLZBA/ HTTP/1.1" 302 0
03/14/2022 01:19:53 AM Request Issued
03/14/2022 01:19:53 AM Blocked
03/14/2022 01:49:53 AM Starting new HTTPS connection (1): www.instagram.com:443
03/14/2022 01:49:53 AM https://www.instagram.com:443 "GET /p/riGT5yLZBA/ HTTP/1.1" 302 0
03/14/2022 01:49:53 AM Request Issued
03/14/2022 01:49:53 AM Blocked
03/14/2022 02:19:53 AM Starting new HTTPS connection (1): www.instagram.com:443
03/14/2022 02:19:53 AM https://www.instagram.com:443 "GET /p/riGT5yLZBA/ HTTP/1.1" 302 0
03/14/2022 02:19:53 AM Request Issued
03/14/2022 02:19:53 AM Blocked
03/14/2022 02:49:54 AM Starting new HTTPS connection (1): www.instagram.com:443
03/14/2022 02:49:54 AM https://www.instagram.com:443 "GET /p/riGT5yLZBA/ HTTP/1.1" 302 0
03/14/2022 02:49:54 AM Request Issued
03/14/2022 02:49:54 AM Blocked
03/14/2022 03:19:54 AM Starting new HTTPS connection (1): www.instagram.com:443
03/14/2022 03:19:54 AM https://www.instagram.com:443 "GET /p/riGT5yLZBA/ HTTP/1.1" 302 0
03/14/2022 03:19:54 AM Request Issued
03/14/2022 03:19:54 AM Blocked
03/14/2022 03:49:54 AM Starting new HTTPS connection (1): www.instagram.com:443
03/14/2022 03:49:54 AM https://www.instagram.com:443 "GET /p/riGT5yLZBA/ HTTP/1.1" 302 0
03/14/2022 03:49:54 AM Request Issued
03/14/2022 03:49:54 AM Blocked
03/14/2022 07:08:32 PM Starting new HTTPS connection (1): www.instagram.com:443
03/14/2022 07:08:32 PM https://www.instagram.com:443 "GET /p/riGT5yLZBA/ HTTP/1.1" 302 0
03/14/2022 07:08:32 PM Request Issued
03/14/2022 07:08:32 PM Blocked
03/14/2022 07:38:32 PM Starting new HTTPS connection (1): www.instagram.com:443
03/14/2022 07:38:32 PM https://www.instagram.com:443 "GET /p/riGT5yLZBA/ HTTP/1.1" 302 0
03/14/2022 07:38:32 PM Request Issued
03/14/2022 07:38:32 PM Blocked
03/14/2022 08:08:32 PM Starting new HTTPS connection (1): www.instagram.com:443
03/14/2022 08:08:32 PM https://www.instagram.com:443 "GET /p/riGT5yLZBA/ HTTP/1.1" 302 0
03/14/2022 08:08:32 PM Request Issued
03/14/2022 08:08:32 PM Blocked
03/14/2022 08:38:32 PM Starting new HTTPS connection (1): www.instagram.com:443
03/14/2022 08:38:33 PM https://www.instagram.com:443 "GET /p/riGT5yLZBA/ HTTP/1.1" 302 0
03/14/2022 08:38:33 PM Request Issued
03/14/2022 08:38:33 PM Blocked
03/14/2022 09:08:33 PM Starting new HTTPS connection (1): www.instagram.com:443
03/14/2022 09:08:33 PM https://www.instagram.com:443 "GET /p/riGT5yLZBA/ HTTP/1.1" 302 0
03/14/2022 09:08:33 PM Request Issued
03/14/2022 09:08:33 PM Blocked
03/15/2022 12:47:03 PM Starting new HTTPS connection (1): www.instagram.com:443
03/15/2022 12:47:03 PM https://www.instagram.com:443 "GET /p/riGT5yLZBA/ HTTP/1.1" 302 0
03/15/2022 12:47:03 PM Request Issued
03/15/2022 12:47:03 PM Blocked
03/15/2022 01:17:03 PM Starting new HTTPS connection (1): www.instagram.com:443
03/15/2022 01:17:04 PM https://www.instagram.com:443 "GET /p/riGT5yLZBA/ HTTP/1.1" 302 0
03/15/2022 01:17:04 PM Request Issued
03/15/2022 01:17:04 PM Blocked
03/15/2022 01:47:04 PM Starting new HTTPS connection (1): www.instagram.com:443
03/15/2022 01:47:04 PM https://www.instagram.com:443 "GET /p/riGT5yLZBA/ HTTP/1.1" 302 0
03/15/2022 01:47:04 PM Request Issued
03/15/2022 01:47:04 PM Blocked
03/15/2022 02:17:04 PM Starting new HTTPS connection (1): www.instagram.com:443
03/15/2022 02:17:04 PM https://www.instagram.com:443 "GET /p/riGT5yLZBA/ HTTP/1.1" 302 0
03/15/2022 02:17:04 PM Request Issued
03/15/2022 02:17:04 PM Blocked
03/15/2022 02:47:04 PM Starting new HTTPS connection (1): www.instagram.com:443
03/15/2022 02:47:05 PM https://www.instagram.com:443 "GET /p/riGT5yLZBA/ HTTP/1.1" 302 0
03/15/2022 02:47:05 PM Request Issued
03/15/2022 02:47:05 PM Blocked
03/15/2022 03:17:05 PM Starting new HTTPS connection (1): www.instagram.com:443
03/15/2022 03:17:05 PM https://www.instagram.com:443 "GET /p/riGT5yLZBA/ HTTP/1.1" 302 0
03/15/2022 03:17:05 PM Request Issued
03/15/2022 03:17:05 PM Blocked
03/15/2022 03:47:05 PM Starting new HTTPS connection (1): www.instagram.com:443
03/15/2022 03:47:05 PM https://www.instagram.com:443 "GET /p/riGT5yLZBA/ HTTP/1.1" 302 0
03/15/2022 03:47:05 PM Request Issued
03/15/2022 03:47:05 PM Blocked
03/15/2022 04:17:05 PM Starting new HTTPS connection (1): www.instagram.com:443
03/15/2022 04:17:05 PM https://www.instagram.com:443 "GET /p/riGT5yLZBA/ HTTP/1.1" 302 0
03/15/2022 04:17:05 PM Request Issued
03/15/2022 04:17:05 PM Blocked
03/15/2022 04:47:06 PM Starting new HTTPS connection (1): www.instagram.com:443
03/15/2022 04:47:06 PM https://www.instagram.com:443 "GET /p/riGT5yLZBA/ HTTP/1.1" 302 0
03/15/2022 04:47:06 PM Request Issued
03/15/2022 04:47:06 PM Blocked
03/15/2022 05:17:06 PM Starting new HTTPS connection (1): www.instagram.com:443
03/15/2022 05:17:06 PM https://www.instagram.com:443 "GET /p/riGT5yLZBA/ HTTP/1.1" 302 0
03/15/2022 05:17:06 PM Request Issued
03/15/2022 05:17:06 PM Blocked
03/15/2022 05:47:06 PM Starting new HTTPS connection (1): www.instagram.com:443
03/15/2022 05:47:06 PM https://www.instagram.com:443 "GET /p/riGT5yLZBA/ HTTP/1.1" 302 0
03/15/2022 05:47:06 PM Request Issued
03/15/2022 05:47:06 PM Blocked
03/15/2022 06:17:07 PM Starting new HTTPS connection (1): www.instagram.com:443
03/15/2022 06:17:08 PM https://www.instagram.com:443 "GET /p/riGT5yLZBA/ HTTP/1.1" 302 0
03/15/2022 06:17:08 PM Request Issued
03/15/2022 06:17:08 PM Blocked
03/15/2022 06:47:08 PM Starting new HTTPS connection (1): www.instagram.com:443
03/15/2022 06:47:08 PM https://www.instagram.com:443 "GET /p/riGT5yLZBA/ HTTP/1.1" 302 0
03/15/2022 06:47:08 PM Request Issued
03/15/2022 06:47:08 PM Blocked
03/15/2022 07:17:08 PM Starting new HTTPS connection (1): www.instagram.com:443
03/15/2022 07:17:08 PM https://www.instagram.com:443 "GET /p/riGT5yLZBA/ HTTP/1.1" 302 0
03/15/2022 07:17:08 PM Request Issued
03/15/2022 07:17:08 PM Blocked
03/15/2022 07:47:09 PM Starting new HTTPS connection (1): www.instagram.com:443
03/15/2022 07:47:09 PM https://www.instagram.com:443 "GET /p/riGT5yLZBA/ HTTP/1.1" 302 0
03/15/2022 07:47:09 PM Request Issued
03/15/2022 07:47:09 PM Blocked
03/15/2022 08:17:09 PM Starting new HTTPS connection (1): www.instagram.com:443
03/15/2022 08:17:09 PM https://www.instagram.com:443 "GET /p/riGT5yLZBA/ HTTP/1.1" 302 0
03/15/2022 08:17:09 PM Request Issued
03/15/2022 08:17:09 PM Blocked
03/15/2022 08:47:09 PM Starting new HTTPS connection (1): www.instagram.com:443
03/15/2022 08:47:09 PM https://www.instagram.com:443 "GET /p/riGT5yLZBA/ HTTP/1.1" 302 0
03/15/2022 08:47:09 PM Request Issued
03/15/2022 08:47:09 PM Blocked
03/15/2022 09:17:09 PM Starting new HTTPS connection (1): www.instagram.com:443
03/15/2022 09:17:10 PM https://www.instagram.com:443 "GET /p/riGT5yLZBA/ HTTP/1.1" 302 0
03/15/2022 09:17:10 PM Request Issued
03/15/2022 09:17:10 PM Blocked
03/15/2022 09:47:10 PM Starting new HTTPS connection (1): www.instagram.com:443
03/15/2022 09:47:10 PM https://www.instagram.com:443 "GET /p/riGT5yLZBA/ HTTP/1.1" 302 0
03/15/2022 09:47:10 PM Request Issued
03/15/2022 09:47:10 PM Blocked
03/15/2022 10:17:10 PM Starting new HTTPS connection (1): www.instagram.com:443
03/15/2022 10:17:10 PM https://www.instagram.com:443 "GET /p/riGT5yLZBA/ HTTP/1.1" 302 0
03/15/2022 10:17:10 PM Request Issued
03/15/2022 10:17:10 PM Blocked
03/15/2022 10:47:10 PM Starting new HTTPS connection (1): www.instagram.com:443
03/15/2022 10:47:10 PM https://www.instagram.com:443 "GET /p/riGT5yLZBA/ HTTP/1.1" 302 0
03/15/2022 10:47:10 PM Request Issued
03/15/2022 10:47:10 PM Blocked
03/15/2022 11:17:10 PM Starting new HTTPS connection (1): www.instagram.com:443
03/15/2022 11:17:10 PM https://www.instagram.com:443 "GET /p/riGT5yLZBA/ HTTP/1.1" 302 0
03/15/2022 11:17:10 PM Request Issued
03/15/2022 11:17:10 PM Blocked
03/15/2022 11:47:11 PM Starting new HTTPS connection (1): www.instagram.com:443
03/15/2022 11:47:11 PM https://www.instagram.com:443 "GET /p/riGT5yLZBA/ HTTP/1.1" 302 0
03/15/2022 11:47:11 PM Request Issued
03/15/2022 11:47:11 PM Blocked
03/16/2022 12:17:11 AM Starting new HTTPS connection (1): www.instagram.com:443
03/16/2022 12:17:11 AM https://www.instagram.com:443 "GET /p/riGT5yLZBA/ HTTP/1.1" 302 0
03/16/2022 12:17:11 AM Request Issued
03/16/2022 12:17:11 AM Blocked
03/16/2022 12:47:11 AM Starting new HTTPS connection (1): www.instagram.com:443
03/16/2022 12:47:11 AM https://www.instagram.com:443 "GET /p/riGT5yLZBA/ HTTP/1.1" 302 0
03/16/2022 12:47:11 AM Request Issued
03/16/2022 12:47:11 AM Blocked
03/16/2022 01:17:11 AM Starting new HTTPS connection (1): www.instagram.com:443
03/16/2022 01:17:11 AM https://www.instagram.com:443 "GET /p/riGT5yLZBA/ HTTP/1.1" 302 0
03/16/2022 01:17:11 AM Request Issued
03/16/2022 01:17:11 AM Blocked
03/16/2022 01:47:12 AM Starting new HTTPS connection (1): www.instagram.com:443
03/16/2022 01:47:12 AM https://www.instagram.com:443 "GET /p/riGT5yLZBA/ HTTP/1.1" 302 0
03/16/2022 01:47:12 AM Request Issued
03/16/2022 01:47:12 AM Blocked
03/16/2022 02:36:27 PM Starting new HTTPS connection (1): www.instagram.com:443
03/16/2022 02:36:27 PM https://www.instagram.com:443 "GET /p/riGT5yLZBA/ HTTP/1.1" 302 0
03/16/2022 02:36:27 PM Request Issued
03/16/2022 02:36:27 PM Blocked
03/16/2022 03:06:27 PM Starting new HTTPS connection (1): www.instagram.com:443
03/16/2022 03:06:27 PM https://www.instagram.com:443 "GET /p/riGT5yLZBA/ HTTP/1.1" 302 0
03/16/2022 03:06:27 PM Request Issued
03/16/2022 03:06:27 PM Blocked
03/16/2022 03:36:27 PM Starting new HTTPS connection (1): www.instagram.com:443
03/16/2022 03:36:28 PM https://www.instagram.com:443 "GET /p/riGT5yLZBA/ HTTP/1.1" 302 0
03/16/2022 03:36:28 PM Request Issued
03/16/2022 03:36:28 PM Blocked
03/16/2022 04:06:28 PM Starting new HTTPS connection (1): www.instagram.com:443
03/16/2022 04:06:28 PM https://www.instagram.com:443 "GET /p/riGT5yLZBA/ HTTP/1.1" 302 0
03/16/2022 04:06:28 PM Request Issued
03/16/2022 04:06:28 PM Blocked
03/16/2022 04:36:28 PM Starting new HTTPS connection (1): www.instagram.com:443
03/16/2022 04:36:28 PM https://www.instagram.com:443 "GET /p/riGT5yLZBA/ HTTP/1.1" 302 0
03/16/2022 04:36:28 PM Request Issued
03/16/2022 04:36:28 PM Blocked
03/16/2022 05:06:28 PM Starting new HTTPS connection (1): www.instagram.com:443
03/16/2022 05:06:29 PM https://www.instagram.com:443 "GET /p/riGT5yLZBA/ HTTP/1.1" 302 0
03/16/2022 05:06:29 PM Request Issued
03/16/2022 05:06:29 PM Blocked
03/16/2022 05:36:29 PM Starting new HTTPS connection (1): www.instagram.com:443
03/16/2022 05:36:29 PM https://www.instagram.com:443 "GET /p/riGT5yLZBA/ HTTP/1.1" 302 0
03/16/2022 05:36:29 PM Request Issued
03/16/2022 05:36:29 PM Blocked
03/16/2022 06:06:29 PM Starting new HTTPS connection (1): www.instagram.com:443
03/16/2022 06:06:29 PM https://www.instagram.com:443 "GET /p/riGT5yLZBA/ HTTP/1.1" 302 0
03/16/2022 06:06:29 PM Request Issued
03/16/2022 06:06:29 PM Blocked
03/16/2022 06:36:29 PM Starting new HTTPS connection (1): www.instagram.com:443
03/16/2022 06:36:29 PM https://www.instagram.com:443 "GET /p/riGT5yLZBA/ HTTP/1.1" 302 0
03/16/2022 06:36:29 PM Request Issued
03/16/2022 06:36:29 PM Blocked
03/16/2022 07:06:30 PM Starting new HTTPS connection (1): www.instagram.com:443
03/16/2022 07:06:30 PM https://www.instagram.com:443 "GET /p/riGT5yLZBA/ HTTP/1.1" 302 0
03/16/2022 07:06:30 PM Request Issued
03/16/2022 07:06:30 PM Blocked
03/16/2022 07:36:30 PM Starting new HTTPS connection (1): www.instagram.com:443
03/16/2022 07:36:30 PM https://www.instagram.com:443 "GET /p/riGT5yLZBA/ HTTP/1.1" 302 0
03/16/2022 07:36:30 PM Request Issued
03/16/2022 07:36:30 PM Blocked
03/16/2022 08:06:30 PM Starting new HTTPS connection (1): www.instagram.com:443
03/16/2022 08:06:30 PM https://www.instagram.com:443 "GET /p/riGT5yLZBA/ HTTP/1.1" 302 0
03/16/2022 08:06:30 PM Request Issued
03/16/2022 08:06:30 PM Blocked
03/16/2022 08:36:30 PM Starting new HTTPS connection (1): www.instagram.com:443
03/16/2022 08:36:31 PM https://www.instagram.com:443 "GET /p/riGT5yLZBA/ HTTP/1.1" 302 0
03/16/2022 08:36:31 PM Request Issued
03/16/2022 08:36:31 PM Blocked
03/16/2022 09:06:31 PM Starting new HTTPS connection (1): www.instagram.com:443
03/16/2022 09:06:31 PM https://www.instagram.com:443 "GET /p/riGT5yLZBA/ HTTP/1.1" 302 0
03/16/2022 09:06:31 PM Request Issued
03/16/2022 09:06:31 PM Blocked
03/16/2022 09:36:31 PM Starting new HTTPS connection (1): www.instagram.com:443
03/16/2022 09:36:31 PM https://www.instagram.com:443 "GET /p/riGT5yLZBA/ HTTP/1.1" 302 0
03/16/2022 09:36:31 PM Request Issued
03/16/2022 09:36:31 PM Blocked
03/16/2022 10:06:31 PM Starting new HTTPS connection (1): www.instagram.com:443
03/16/2022 10:06:31 PM https://www.instagram.com:443 "GET /p/riGT5yLZBA/ HTTP/1.1" 302 0
03/16/2022 10:06:31 PM Request Issued
03/16/2022 10:06:31 PM Blocked
03/16/2022 10:36:31 PM Starting new HTTPS connection (1): www.instagram.com:443
03/16/2022 10:36:32 PM https://www.instagram.com:443 "GET /p/riGT5yLZBA/ HTTP/1.1" 302 0
03/16/2022 10:36:32 PM Request Issued
03/16/2022 10:36:32 PM Blocked
03/16/2022 11:06:32 PM Starting new HTTPS connection (1): www.instagram.com:443
03/16/2022 11:06:32 PM https://www.instagram.com:443 "GET /p/riGT5yLZBA/ HTTP/1.1" 302 0
03/16/2022 11:06:32 PM Request Issued
03/16/2022 11:06:32 PM Blocked
03/16/2022 11:36:32 PM Starting new HTTPS connection (1): www.instagram.com:443
03/16/2022 11:36:32 PM https://www.instagram.com:443 "GET /p/riGT5yLZBA/ HTTP/1.1" 302 0
03/16/2022 11:36:32 PM Request Issued
03/16/2022 11:36:32 PM Blocked
03/17/2022 12:06:32 AM Starting new HTTPS connection (1): www.instagram.com:443
03/17/2022 12:06:32 AM https://www.instagram.com:443 "GET /p/riGT5yLZBA/ HTTP/1.1" 302 0
03/17/2022 12:06:32 AM Request Issued
03/17/2022 12:06:32 AM Blocked
03/17/2022 12:36:32 AM Starting new HTTPS connection (1): www.instagram.com:443
03/17/2022 12:36:33 AM https://www.instagram.com:443 "GET /p/riGT5yLZBA/ HTTP/1.1" 302 0
03/17/2022 12:36:33 AM Request Issued
03/17/2022 12:36:33 AM Blocked
03/17/2022 01:06:33 AM Starting new HTTPS connection (1): www.instagram.com:443
03/17/2022 01:06:33 AM https://www.instagram.com:443 "GET /p/riGT5yLZBA/ HTTP/1.1" 302 0
03/17/2022 01:06:33 AM Request Issued
03/17/2022 01:06:33 AM Blocked
03/17/2022 01:36:33 AM Starting new HTTPS connection (1): www.instagram.com:443
03/17/2022 01:36:33 AM https://www.instagram.com:443 "GET /p/riGT5yLZBA/ HTTP/1.1" 302 0
03/17/2022 01:36:33 AM Request Issued
03/17/2022 01:36:33 AM Blocked
03/17/2022 02:06:33 AM Starting new HTTPS connection (1): www.instagram.com:443
03/17/2022 02:06:33 AM https://www.instagram.com:443 "GET /p/riGT5yLZBA/ HTTP/1.1" 302 0
03/17/2022 02:06:33 AM Request Issued
03/17/2022 02:06:33 AM Blocked
03/17/2022 02:36:33 AM Starting new HTTPS connection (1): www.instagram.com:443
03/17/2022 02:36:34 AM https://www.instagram.com:443 "GET /p/riGT5yLZBA/ HTTP/1.1" 302 0
03/17/2022 02:36:34 AM Request Issued
03/17/2022 02:36:34 AM Blocked
03/17/2022 03:06:34 AM Starting new HTTPS connection (1): www.instagram.com:443
03/17/2022 03:06:34 AM https://www.instagram.com:443 "GET /p/riGT5yLZBA/ HTTP/1.1" 302 0
03/17/2022 03:06:34 AM Request Issued
03/17/2022 03:06:34 AM Blocked
03/17/2022 03:36:34 AM Starting new HTTPS connection (1): www.instagram.com:443
03/17/2022 03:36:34 AM https://www.instagram.com:443 "GET /p/riGT5yLZBA/ HTTP/1.1" 302 0
03/17/2022 03:36:34 AM Request Issued
03/17/2022 03:36:34 AM Blocked
03/17/2022 04:06:34 AM Starting new HTTPS connection (1): www.instagram.com:443
03/17/2022 04:06:34 AM https://www.instagram.com:443 "GET /p/riGT5yLZBA/ HTTP/1.1" 302 0
03/17/2022 04:06:34 AM Request Issued
03/17/2022 04:06:34 AM Blocked
03/17/2022 04:36:35 AM Starting new HTTPS connection (1): www.instagram.com:443
03/17/2022 04:36:35 AM https://www.instagram.com:443 "GET /p/riGT5yLZBA/ HTTP/1.1" 302 0
03/17/2022 04:36:35 AM Request Issued
03/17/2022 04:36:35 AM Blocked
03/17/2022 05:06:35 AM Starting new HTTPS connection (1): www.instagram.com:443
03/17/2022 05:06:35 AM https://www.instagram.com:443 "GET /p/riGT5yLZBA/ HTTP/1.1" 302 0
03/17/2022 05:06:35 AM Request Issued
03/17/2022 05:06:35 AM Blocked
03/17/2022 05:36:35 AM Starting new HTTPS connection (1): www.instagram.com:443
03/17/2022 05:36:35 AM https://www.instagram.com:443 "GET /p/riGT5yLZBA/ HTTP/1.1" 302 0
03/17/2022 05:36:35 AM Request Issued
03/17/2022 05:36:35 AM Blocked
03/17/2022 06:06:35 AM Starting new HTTPS connection (1): www.instagram.com:443
03/17/2022 06:06:36 AM https://www.instagram.com:443 "GET /p/riGT5yLZBA/ HTTP/1.1" 302 0
03/17/2022 06:06:36 AM Request Issued
03/17/2022 06:06:36 AM Blocked
03/17/2022 06:36:36 AM Starting new HTTPS connection (1): www.instagram.com:443
03/17/2022 06:36:36 AM https://www.instagram.com:443 "GET /p/riGT5yLZBA/ HTTP/1.1" 302 0
03/17/2022 06:36:36 AM Request Issued
03/17/2022 06:36:36 AM Blocked
03/17/2022 07:06:36 AM Starting new HTTPS connection (1): www.instagram.com:443
03/17/2022 07:06:36 AM https://www.instagram.com:443 "GET /p/riGT5yLZBA/ HTTP/1.1" 302 0
03/17/2022 07:06:36 AM Request Issued
03/17/2022 07:06:36 AM Blocked
03/17/2022 07:36:36 AM Starting new HTTPS connection (1): www.instagram.com:443
03/17/2022 07:36:36 AM https://www.instagram.com:443 "GET /p/riGT5yLZBA/ HTTP/1.1" 302 0
03/17/2022 07:36:36 AM Request Issued
03/17/2022 07:36:36 AM Blocked
03/17/2022 08:06:37 AM Starting new HTTPS connection (1): www.instagram.com:443
03/17/2022 08:06:37 AM https://www.instagram.com:443 "GET /p/riGT5yLZBA/ HTTP/1.1" 302 0
03/17/2022 08:06:37 AM Request Issued
03/17/2022 08:06:37 AM Blocked
03/17/2022 08:36:37 AM Starting new HTTPS connection (1): www.instagram.com:443
03/17/2022 08:36:37 AM https://www.instagram.com:443 "GET /p/riGT5yLZBA/ HTTP/1.1" 302 0
03/17/2022 08:36:37 AM Request Issued
03/17/2022 08:36:37 AM Blocked
03/17/2022 09:06:37 AM Starting new HTTPS connection (1): www.instagram.com:443
03/17/2022 09:06:37 AM https://www.instagram.com:443 "GET /p/riGT5yLZBA/ HTTP/1.1" 302 0
03/17/2022 09:06:37 AM Request Issued
03/17/2022 09:06:37 AM Blocked
03/17/2022 09:36:37 AM Starting new HTTPS connection (1): www.instagram.com:443
03/17/2022 09:36:38 AM https://www.instagram.com:443 "GET /p/riGT5yLZBA/ HTTP/1.1" 302 0
03/17/2022 09:36:38 AM Request Issued
03/17/2022 09:36:38 AM Blocked
03/17/2022 10:06:38 AM Starting new HTTPS connection (1): www.instagram.com:443
03/17/2022 10:06:38 AM https://www.instagram.com:443 "GET /p/riGT5yLZBA/ HTTP/1.1" 302 0
03/17/2022 10:06:38 AM Request Issued
03/17/2022 10:06:38 AM Blocked
03/17/2022 10:36:38 AM Starting new HTTPS connection (1): www.instagram.com:443
03/17/2022 10:36:38 AM https://www.instagram.com:443 "GET /p/riGT5yLZBA/ HTTP/1.1" 302 0
03/17/2022 10:36:38 AM Request Issued
03/17/2022 10:36:38 AM Blocked
03/17/2022 11:06:38 AM Starting new HTTPS connection (1): www.instagram.com:443
03/17/2022 11:06:38 AM https://www.instagram.com:443 "GET /p/riGT5yLZBA/ HTTP/1.1" 302 0
03/17/2022 11:06:38 AM Request Issued
03/17/2022 11:06:38 AM Blocked
03/17/2022 11:36:38 AM Starting new HTTPS connection (1): www.instagram.com:443
03/17/2022 11:36:39 AM https://www.instagram.com:443 "GET /p/riGT5yLZBA/ HTTP/1.1" 302 0
03/17/2022 11:36:39 AM Request Issued
03/17/2022 11:36:39 AM Blocked
03/17/2022 12:06:39 PM Starting new HTTPS connection (1): www.instagram.com:443
03/17/2022 12:06:39 PM https://www.instagram.com:443 "GET /p/riGT5yLZBA/ HTTP/1.1" 302 0
03/17/2022 12:06:39 PM Request Issued
03/17/2022 12:06:39 PM Blocked
03/17/2022 12:36:39 PM Starting new HTTPS connection (1): www.instagram.com:443
03/17/2022 12:36:39 PM https://www.instagram.com:443 "GET /p/riGT5yLZBA/ HTTP/1.1" 302 0
03/17/2022 12:36:39 PM Request Issued
03/17/2022 12:36:39 PM Blocked
03/17/2022 01:06:39 PM Starting new HTTPS connection (1): www.instagram.com:443
03/17/2022 01:06:40 PM https://www.instagram.com:443 "GET /p/riGT5yLZBA/ HTTP/1.1" 302 0
03/17/2022 01:06:40 PM Request Issued
03/17/2022 01:06:40 PM Blocked
03/17/2022 01:36:40 PM Starting new HTTPS connection (1): www.instagram.com:443
03/17/2022 01:36:40 PM https://www.instagram.com:443 "GET /p/riGT5yLZBA/ HTTP/1.1" 302 0
03/17/2022 01:36:40 PM Request Issued
03/17/2022 01:36:40 PM Blocked
03/17/2022 02:06:40 PM Starting new HTTPS connection (1): www.instagram.com:443
03/17/2022 02:06:40 PM https://www.instagram.com:443 "GET /p/riGT5yLZBA/ HTTP/1.1" 302 0
03/17/2022 02:06:40 PM Request Issued
03/17/2022 02:06:40 PM Blocked
03/17/2022 02:36:40 PM Starting new HTTPS connection (1): www.instagram.com:443
03/17/2022 02:36:40 PM https://www.instagram.com:443 "GET /p/riGT5yLZBA/ HTTP/1.1" 302 0
03/17/2022 02:36:40 PM Request Issued
03/17/2022 02:36:40 PM Blocked
03/17/2022 03:06:41 PM Starting new HTTPS connection (1): www.instagram.com:443
03/17/2022 03:06:41 PM https://www.instagram.com:443 "GET /p/riGT5yLZBA/ HTTP/1.1" 302 0
03/17/2022 03:06:41 PM Request Issued
03/17/2022 03:06:41 PM Blocked
03/17/2022 03:36:41 PM Starting new HTTPS connection (1): www.instagram.com:443
03/17/2022 03:36:41 PM https://www.instagram.com:443 "GET /p/riGT5yLZBA/ HTTP/1.1" 302 0
03/17/2022 03:36:41 PM Request Issued
03/17/2022 03:36:41 PM Blocked
03/17/2022 04:06:41 PM Starting new HTTPS connection (1): www.instagram.com:443
03/17/2022 04:06:41 PM https://www.instagram.com:443 "GET /p/riGT5yLZBA/ HTTP/1.1" 302 0
03/17/2022 04:06:41 PM Request Issued
03/17/2022 04:06:41 PM Blocked
03/17/2022 04:36:41 PM Starting new HTTPS connection (1): www.instagram.com:443
03/17/2022 04:36:42 PM https://www.instagram.com:443 "GET /p/riGT5yLZBA/ HTTP/1.1" 404 91361
03/17/2022 04:36:42 PM Request Issued
03/17/2022 04:36:42 PM Block ID: 5, Block period: 48732 seconds
03/17/2022 04:36:42 PM Blocked = False, Block period ended
03/17/2022 04:41:43 PM Starting new HTTPS connection (1): www.instagram.com:443
03/17/2022 04:41:43 PM https://www.instagram.com:443 "GET /p/rijBYZFDUP/ HTTP/1.1" 302 0
03/17/2022 04:41:43 PM Request Issued
03/17/2022 04:41:43 PM Blocked
03/17/2022 04:41:43 PM Blocked = True, Entering the block period
03/17/2022 05:11:43 PM Starting new HTTPS connection (1): www.instagram.com:443
03/17/2022 05:11:43 PM https://www.instagram.com:443 "GET /p/rijBYZFDUP/ HTTP/1.1" 302 0
03/17/2022 05:11:43 PM Request Issued
03/17/2022 05:11:43 PM Blocked
03/17/2022 05:41:43 PM Starting new HTTPS connection (1): www.instagram.com:443
03/17/2022 05:41:43 PM https://www.instagram.com:443 "GET /p/rijBYZFDUP/ HTTP/1.1" 302 0
03/17/2022 05:41:43 PM Request Issued
03/17/2022 05:41:43 PM Blocked
03/17/2022 06:11:44 PM Starting new HTTPS connection (1): www.instagram.com:443
03/17/2022 06:11:44 PM https://www.instagram.com:443 "GET /p/rijBYZFDUP/ HTTP/1.1" 302 0
03/17/2022 06:11:44 PM Request Issued
03/17/2022 06:11:44 PM Blocked
03/17/2022 06:41:44 PM Starting new HTTPS connection (1): www.instagram.com:443
03/17/2022 06:41:44 PM https://www.instagram.com:443 "GET /p/rijBYZFDUP/ HTTP/1.1" 302 0
03/17/2022 06:41:44 PM Request Issued
03/17/2022 06:41:44 PM Blocked
03/17/2022 07:11:44 PM Starting new HTTPS connection (1): www.instagram.com:443
03/17/2022 07:11:44 PM https://www.instagram.com:443 "GET /p/rijBYZFDUP/ HTTP/1.1" 302 0
03/17/2022 07:11:44 PM Request Issued
03/17/2022 07:11:44 PM Blocked
03/17/2022 07:41:44 PM Starting new HTTPS connection (1): www.instagram.com:443
03/17/2022 07:41:45 PM https://www.instagram.com:443 "GET /p/rijBYZFDUP/ HTTP/1.1" 302 0
03/17/2022 07:41:45 PM Request Issued
03/17/2022 07:41:45 PM Blocked
03/18/2022 06:56:27 AM Starting new HTTPS connection (1): www.instagram.com:443
03/18/2022 06:56:27 AM https://www.instagram.com:443 "GET /p/rijBYZFDUP/ HTTP/1.1" 302 0
03/18/2022 06:56:27 AM Request Issued
03/18/2022 06:56:27 AM Blocked
03/18/2022 07:26:27 AM Starting new HTTPS connection (1): www.instagram.com:443
03/18/2022 07:26:27 AM https://www.instagram.com:443 "GET /p/rijBYZFDUP/ HTTP/1.1" 302 0
03/18/2022 07:26:27 AM Request Issued
03/18/2022 07:26:27 AM Blocked
03/18/2022 07:56:27 AM Starting new HTTPS connection (1): www.instagram.com:443
03/18/2022 07:56:27 AM https://www.instagram.com:443 "GET /p/rijBYZFDUP/ HTTP/1.1" 302 0
03/18/2022 07:56:27 AM Request Issued
03/18/2022 07:56:27 AM Blocked
03/18/2022 08:26:28 AM Starting new HTTPS connection (1): www.instagram.com:443
03/18/2022 08:26:28 AM https://www.instagram.com:443 "GET /p/rijBYZFDUP/ HTTP/1.1" 302 0
03/18/2022 08:26:28 AM Request Issued
03/18/2022 08:26:28 AM Blocked
03/18/2022 08:56:28 AM Starting new HTTPS connection (1): www.instagram.com:443
03/18/2022 08:56:28 AM https://www.instagram.com:443 "GET /p/rijBYZFDUP/ HTTP/1.1" 302 0
03/18/2022 08:56:28 AM Request Issued
03/18/2022 08:56:28 AM Blocked
03/18/2022 09:26:28 AM Starting new HTTPS connection (1): www.instagram.com:443
03/18/2022 09:26:28 AM https://www.instagram.com:443 "GET /p/rijBYZFDUP/ HTTP/1.1" 302 0
03/18/2022 09:26:28 AM Request Issued
03/18/2022 09:26:28 AM Blocked
03/18/2022 09:56:28 AM Starting new HTTPS connection (1): www.instagram.com:443
03/18/2022 09:56:29 AM https://www.instagram.com:443 "GET /p/rijBYZFDUP/ HTTP/1.1" 302 0
03/18/2022 09:56:29 AM Request Issued
03/18/2022 09:56:29 AM Blocked
03/19/2022 01:32:54 AM Starting new HTTPS connection (1): www.instagram.com:443
03/19/2022 01:32:55 AM https://www.instagram.com:443 "GET /p/rijBYZFDUP/ HTTP/1.1" 200 31735
03/19/2022 01:32:55 AM Request Issued
03/19/2022 01:32:55 AM Block ID: 6, Block period: 31872 seconds
03/19/2022 01:32:55 AM Blocked = False, Block period ended
03/19/2022 01:37:56 AM Starting new HTTPS connection (1): www.instagram.com:443
03/19/2022 01:37:56 AM https://www.instagram.com:443 "GET /p/rIlM1LKuwr/ HTTP/1.1" 200 35029
03/19/2022 01:37:56 AM Request Issued
03/19/2022 01:37:56 AM Blocked = False, Response recieved
03/19/2022 01:42:57 AM Starting new HTTPS connection (1): www.instagram.com:443
03/19/2022 01:42:57 AM https://www.instagram.com:443 "GET /p/rism7SK2J3/ HTTP/1.1" 302 0
03/19/2022 01:42:57 AM Request Issued
03/19/2022 01:42:57 AM Blocked
03/19/2022 01:42:57 AM Blocked = True, Entering the block period
03/19/2022 02:12:57 AM Starting new HTTPS connection (1): www.instagram.com:443
03/19/2022 02:12:58 AM https://www.instagram.com:443 "GET /p/rism7SK2J3/ HTTP/1.1" 302 0
03/19/2022 02:12:58 AM Request Issued
03/19/2022 02:12:58 AM Blocked
03/19/2022 02:42:58 AM Starting new HTTPS connection (1): www.instagram.com:443
03/19/2022 02:42:58 AM https://www.instagram.com:443 "GET /p/rism7SK2J3/ HTTP/1.1" 302 0
03/19/2022 02:42:58 AM Request Issued
03/19/2022 02:42:58 AM Blocked
03/19/2022 03:12:58 AM Starting new HTTPS connection (1): www.instagram.com:443
03/19/2022 03:12:58 AM https://www.instagram.com:443 "GET /p/rism7SK2J3/ HTTP/1.1" 302 0
03/19/2022 03:12:58 AM Request Issued
03/19/2022 03:12:58 AM Blocked
03/19/2022 03:42:58 AM Starting new HTTPS connection (1): www.instagram.com:443
03/19/2022 03:42:58 AM https://www.instagram.com:443 "GET /p/rism7SK2J3/ HTTP/1.1" 302 0
03/19/2022 03:42:58 AM Request Issued
03/19/2022 03:42:58 AM Blocked
03/19/2022 04:12:59 AM Starting new HTTPS connection (1): www.instagram.com:443
03/19/2022 04:12:59 AM https://www.instagram.com:443 "GET /p/rism7SK2J3/ HTTP/1.1" 302 0
03/19/2022 04:12:59 AM Request Issued
03/19/2022 04:12:59 AM Blocked
03/19/2022 04:42:59 AM Starting new HTTPS connection (1): www.instagram.com:443
03/19/2022 04:42:59 AM https://www.instagram.com:443 "GET /p/rism7SK2J3/ HTTP/1.1" 302 0
03/19/2022 04:42:59 AM Request Issued
03/19/2022 04:42:59 AM Blocked
03/19/2022 05:12:59 AM Starting new HTTPS connection (1): www.instagram.com:443
03/19/2022 05:12:59 AM https://www.instagram.com:443 "GET /p/rism7SK2J3/ HTTP/1.1" 302 0
03/19/2022 05:12:59 AM Request Issued
03/19/2022 05:12:59 AM Blocked
03/19/2022 05:42:59 AM Starting new HTTPS connection (1): www.instagram.com:443
03/19/2022 05:42:59 AM https://www.instagram.com:443 "GET /p/rism7SK2J3/ HTTP/1.1" 302 0
03/19/2022 05:42:59 AM Request Issued
03/19/2022 05:42:59 AM Blocked
03/19/2022 06:13:00 AM Starting new HTTPS connection (1): www.instagram.com:443
03/19/2022 06:13:00 AM https://www.instagram.com:443 "GET /p/rism7SK2J3/ HTTP/1.1" 302 0
03/19/2022 06:13:00 AM Request Issued
03/19/2022 06:13:00 AM Blocked
03/19/2022 06:43:00 AM Starting new HTTPS connection (1): www.instagram.com:443
03/19/2022 06:43:00 AM https://www.instagram.com:443 "GET /p/rism7SK2J3/ HTTP/1.1" 302 0
03/19/2022 06:43:00 AM Request Issued
03/19/2022 06:43:00 AM Blocked
03/19/2022 07:13:00 AM Starting new HTTPS connection (1): www.instagram.com:443
03/19/2022 07:13:00 AM https://www.instagram.com:443 "GET /p/rism7SK2J3/ HTTP/1.1" 302 0
03/19/2022 07:13:00 AM Request Issued
03/19/2022 07:13:00 AM Blocked
03/19/2022 07:43:00 AM Starting new HTTPS connection (1): www.instagram.com:443
03/19/2022 07:43:00 AM https://www.instagram.com:443 "GET /p/rism7SK2J3/ HTTP/1.1" 302 0
03/19/2022 07:43:00 AM Request Issued
03/19/2022 07:43:00 AM Blocked
03/19/2022 08:13:01 AM Starting new HTTPS connection (1): www.instagram.com:443
03/19/2022 08:13:01 AM https://www.instagram.com:443 "GET /p/rism7SK2J3/ HTTP/1.1" 302 0
03/19/2022 08:13:01 AM Request Issued
03/19/2022 08:13:01 AM Blocked
03/19/2022 08:43:01 AM Starting new HTTPS connection (1): www.instagram.com:443
03/19/2022 08:43:01 AM https://www.instagram.com:443 "GET /p/rism7SK2J3/ HTTP/1.1" 302 0
03/19/2022 08:43:01 AM Request Issued
03/19/2022 08:43:01 AM Blocked
03/23/2022 10:08:09 AM Starting new HTTPS connection (1): www.instagram.com:443
03/23/2022 10:08:09 AM https://www.instagram.com:443 "GET /p/rism7SK2J3/ HTTP/1.1" 302 0
03/23/2022 10:08:09 AM Request Issued
03/23/2022 10:08:09 AM Blocked
03/23/2022 10:38:09 AM Starting new HTTPS connection (1): www.instagram.com:443
03/23/2022 10:38:09 AM https://www.instagram.com:443 "GET /p/rism7SK2J3/ HTTP/1.1" 302 0
03/23/2022 10:38:09 AM Request Issued
03/23/2022 10:38:09 AM Blocked
03/23/2022 11:08:09 AM Starting new HTTPS connection (1): www.instagram.com:443
03/23/2022 11:08:09 AM https://www.instagram.com:443 "GET /p/rism7SK2J3/ HTTP/1.1" 302 0
03/23/2022 11:08:09 AM Request Issued
03/23/2022 11:08:09 AM Blocked
03/23/2022 11:38:10 AM Starting new HTTPS connection (1): www.instagram.com:443
03/23/2022 11:38:10 AM https://www.instagram.com:443 "GET /p/rism7SK2J3/ HTTP/1.1" 302 0
03/23/2022 11:38:10 AM Request Issued
03/23/2022 11:38:10 AM Blocked
03/23/2022 12:08:10 PM Starting new HTTPS connection (1): www.instagram.com:443
03/23/2022 12:08:10 PM https://www.instagram.com:443 "GET /p/rism7SK2J3/ HTTP/1.1" 302 0
03/23/2022 12:08:10 PM Request Issued
03/23/2022 12:08:10 PM Blocked
03/23/2022 12:38:10 PM Starting new HTTPS connection (1): www.instagram.com:443
03/23/2022 12:38:10 PM https://www.instagram.com:443 "GET /p/rism7SK2J3/ HTTP/1.1" 302 0
03/23/2022 12:38:10 PM Request Issued
03/23/2022 12:38:10 PM Blocked
03/23/2022 01:08:11 PM Starting new HTTPS connection (1): www.instagram.com:443
03/23/2022 01:08:11 PM https://www.instagram.com:443 "GET /p/rism7SK2J3/ HTTP/1.1" 302 0
03/23/2022 01:08:11 PM Request Issued
03/23/2022 01:08:11 PM Blocked
03/23/2022 01:38:11 PM Starting new HTTPS connection (1): www.instagram.com:443
03/23/2022 01:38:11 PM https://www.instagram.com:443 "GET /p/rism7SK2J3/ HTTP/1.1" 302 0
03/23/2022 01:38:11 PM Request Issued
03/23/2022 01:38:11 PM Blocked
03/23/2022 02:08:11 PM Starting new HTTPS connection (1): www.instagram.com:443
03/23/2022 02:08:11 PM https://www.instagram.com:443 "GET /p/rism7SK2J3/ HTTP/1.1" 302 0
03/23/2022 02:08:11 PM Request Issued
03/23/2022 02:08:11 PM Blocked
03/23/2022 02:38:11 PM Starting new HTTPS connection (1): www.instagram.com:443
03/23/2022 02:38:12 PM https://www.instagram.com:443 "GET /p/rism7SK2J3/ HTTP/1.1" 302 0
03/23/2022 02:38:12 PM Request Issued
03/23/2022 02:38:12 PM Blocked
03/23/2022 03:08:12 PM Starting new HTTPS connection (1): www.instagram.com:443
03/23/2022 03:08:12 PM https://www.instagram.com:443 "GET /p/rism7SK2J3/ HTTP/1.1" 200 34520
03/23/2022 03:08:12 PM Request Issued
03/23/2022 03:08:12 PM Block ID: 7, Block period: 48314 seconds
03/23/2022 03:08:12 PM Blocked = False, Block period ended
03/23/2022 03:13:13 PM Starting new HTTPS connection (1): www.instagram.com:443
03/23/2022 03:13:14 PM https://www.instagram.com:443 "GET /p/rj3gwvIsXh/ HTTP/1.1" 200 34904
03/23/2022 03:13:14 PM Request Issued
03/23/2022 03:13:14 PM Blocked = False, Response recieved
03/23/2022 03:18:15 PM Starting new HTTPS connection (1): www.instagram.com:443
03/23/2022 03:18:16 PM https://www.instagram.com:443 "GET /p/rJDQrTvSsv/ HTTP/1.1" 200 30203
03/23/2022 03:18:16 PM Request Issued
03/23/2022 03:18:16 PM Blocked = False, Response recieved
03/23/2022 03:23:16 PM Starting new HTTPS connection (1): www.instagram.com:443
03/23/2022 03:23:16 PM https://www.instagram.com:443 "GET /p/rJi3ZOOg3Y/ HTTP/1.1" 302 0
03/23/2022 03:23:16 PM Request Issued
03/23/2022 03:23:16 PM Blocked
03/23/2022 03:23:16 PM Blocked = True, Entering the block period
03/23/2022 03:53:52 PM Starting new HTTPS connection (1): www.instagram.com:443
03/23/2022 03:53:52 PM https://www.instagram.com:443 "GET /p/rJi3ZOOg3Y/ HTTP/1.1" 302 0
03/23/2022 03:53:52 PM Request Issued
03/23/2022 03:53:52 PM Blocked
03/23/2022 04:23:53 PM Starting new HTTPS connection (1): www.instagram.com:443
03/23/2022 04:23:53 PM https://www.instagram.com:443 "GET /p/rJi3ZOOg3Y/ HTTP/1.1" 302 0
03/23/2022 04:23:53 PM Request Issued
03/23/2022 04:23:53 PM Blocked
03/23/2022 04:53:53 PM Starting new HTTPS connection (1): www.instagram.com:443
03/23/2022 04:53:53 PM https://www.instagram.com:443 "GET /p/rJi3ZOOg3Y/ HTTP/1.1" 302 0
03/23/2022 04:53:53 PM Request Issued
03/23/2022 04:53:53 PM Blocked
03/23/2022 05:23:53 PM Starting new HTTPS connection (1): www.instagram.com:443
03/23/2022 05:23:53 PM https://www.instagram.com:443 "GET /p/rJi3ZOOg3Y/ HTTP/1.1" 302 0
03/23/2022 05:23:53 PM Request Issued
03/23/2022 05:23:53 PM Blocked
03/23/2022 05:53:53 PM Starting new HTTPS connection (1): www.instagram.com:443
03/23/2022 05:53:54 PM https://www.instagram.com:443 "GET /p/rJi3ZOOg3Y/ HTTP/1.1" 302 0
03/23/2022 05:53:54 PM Request Issued
03/23/2022 05:53:54 PM Blocked
03/23/2022 06:23:54 PM Starting new HTTPS connection (1): www.instagram.com:443
03/23/2022 06:23:54 PM https://www.instagram.com:443 "GET /p/rJi3ZOOg3Y/ HTTP/1.1" 302 0
03/23/2022 06:23:54 PM Request Issued
03/23/2022 06:23:54 PM Blocked
03/23/2022 06:53:54 PM Starting new HTTPS connection (1): www.instagram.com:443
03/23/2022 06:53:54 PM https://www.instagram.com:443 "GET /p/rJi3ZOOg3Y/ HTTP/1.1" 302 0
03/23/2022 06:53:54 PM Request Issued
03/23/2022 06:53:54 PM Blocked
03/23/2022 07:23:54 PM Starting new HTTPS connection (1): www.instagram.com:443
03/23/2022 07:23:54 PM https://www.instagram.com:443 "GET /p/rJi3ZOOg3Y/ HTTP/1.1" 302 0
03/23/2022 07:23:54 PM Request Issued
03/23/2022 07:23:54 PM Blocked
03/23/2022 07:53:55 PM Starting new HTTPS connection (1): www.instagram.com:443
03/23/2022 07:53:55 PM https://www.instagram.com:443 "GET /p/rJi3ZOOg3Y/ HTTP/1.1" 302 0
03/23/2022 07:53:55 PM Request Issued
03/23/2022 07:53:55 PM Blocked
03/23/2022 08:23:55 PM Starting new HTTPS connection (1): www.instagram.com:443
03/23/2022 08:23:55 PM https://www.instagram.com:443 "GET /p/rJi3ZOOg3Y/ HTTP/1.1" 302 0
03/23/2022 08:23:55 PM Request Issued
03/23/2022 08:23:55 PM Blocked
03/23/2022 08:53:55 PM Starting new HTTPS connection (1): www.instagram.com:443
03/23/2022 08:53:55 PM https://www.instagram.com:443 "GET /p/rJi3ZOOg3Y/ HTTP/1.1" 302 0
03/23/2022 08:53:55 PM Request Issued
03/23/2022 08:53:55 PM Blocked
03/23/2022 09:23:56 PM Starting new HTTPS connection (1): www.instagram.com:443
03/23/2022 09:23:56 PM https://www.instagram.com:443 "GET /p/rJi3ZOOg3Y/ HTTP/1.1" 302 0
03/23/2022 09:23:56 PM Request Issued
03/23/2022 09:23:56 PM Blocked
03/23/2022 09:53:56 PM Starting new HTTPS connection (1): www.instagram.com:443
03/23/2022 09:53:56 PM https://www.instagram.com:443 "GET /p/rJi3ZOOg3Y/ HTTP/1.1" 302 0
03/23/2022 09:53:56 PM Request Issued
03/23/2022 09:53:56 PM Blocked
03/23/2022 10:23:56 PM Starting new HTTPS connection (1): www.instagram.com:443
03/23/2022 10:23:56 PM https://www.instagram.com:443 "GET /p/rJi3ZOOg3Y/ HTTP/1.1" 302 0
03/23/2022 10:23:56 PM Request Issued
03/23/2022 10:23:56 PM Blocked
03/23/2022 10:53:56 PM Starting new HTTPS connection (1): www.instagram.com:443
03/23/2022 10:53:57 PM https://www.instagram.com:443 "GET /p/rJi3ZOOg3Y/ HTTP/1.1" 302 0
03/23/2022 10:53:57 PM Request Issued
03/23/2022 10:53:57 PM Blocked
03/23/2022 11:23:57 PM Starting new HTTPS connection (1): www.instagram.com:443
03/23/2022 11:23:57 PM https://www.instagram.com:443 "GET /p/rJi3ZOOg3Y/ HTTP/1.1" 302 0
03/23/2022 11:23:57 PM Request Issued
03/23/2022 11:23:57 PM Blocked
03/23/2022 11:53:57 PM Starting new HTTPS connection (1): www.instagram.com:443
03/23/2022 11:53:57 PM https://www.instagram.com:443 "GET /p/rJi3ZOOg3Y/ HTTP/1.1" 302 0
03/23/2022 11:53:57 PM Request Issued
03/23/2022 11:53:57 PM Blocked
03/24/2022 09:44:04 AM Starting new HTTPS connection (1): www.instagram.com:443
03/24/2022 09:44:05 AM https://www.instagram.com:443 "GET /p/rJi3ZOOg3Y/ HTTP/1.1" 302 0
03/24/2022 09:44:05 AM Request Issued
03/24/2022 09:44:05 AM Blocked
03/24/2022 10:14:05 AM Starting new HTTPS connection (1): www.instagram.com:443
03/24/2022 10:14:05 AM https://www.instagram.com:443 "GET /p/rJi3ZOOg3Y/ HTTP/1.1" 302 0
03/24/2022 10:14:05 AM Request Issued
03/24/2022 10:14:05 AM Blocked
03/24/2022 10:44:05 AM Starting new HTTPS connection (1): www.instagram.com:443
03/24/2022 10:44:05 AM https://www.instagram.com:443 "GET /p/rJi3ZOOg3Y/ HTTP/1.1" 302 0
03/24/2022 10:44:05 AM Request Issued
03/24/2022 10:44:05 AM Blocked
03/24/2022 11:14:05 AM Starting new HTTPS connection (1): www.instagram.com:443
03/24/2022 11:14:06 AM https://www.instagram.com:443 "GET /p/rJi3ZOOg3Y/ HTTP/1.1" 302 0
03/24/2022 11:14:06 AM Request Issued
03/24/2022 11:14:06 AM Blocked
03/24/2022 11:44:06 AM Starting new HTTPS connection (1): www.instagram.com:443
03/24/2022 11:44:06 AM https://www.instagram.com:443 "GET /p/rJi3ZOOg3Y/ HTTP/1.1" 302 0
03/24/2022 11:44:06 AM Request Issued
03/24/2022 11:44:06 AM Blocked
03/24/2022 12:14:06 PM Starting new HTTPS connection (1): www.instagram.com:443
03/24/2022 12:14:06 PM https://www.instagram.com:443 "GET /p/rJi3ZOOg3Y/ HTTP/1.1" 302 0
03/24/2022 12:14:06 PM Request Issued
03/24/2022 12:14:06 PM Blocked
03/24/2022 12:44:06 PM Starting new HTTPS connection (1): www.instagram.com:443
03/24/2022 12:44:07 PM https://www.instagram.com:443 "GET /p/rJi3ZOOg3Y/ HTTP/1.1" 302 0
03/24/2022 12:44:07 PM Request Issued
03/24/2022 12:44:07 PM Blocked
03/24/2022 01:14:07 PM Starting new HTTPS connection (1): www.instagram.com:443
03/24/2022 01:14:07 PM https://www.instagram.com:443 "GET /p/rJi3ZOOg3Y/ HTTP/1.1" 302 0
03/24/2022 01:14:07 PM Request Issued
03/24/2022 01:14:07 PM Blocked
03/24/2022 01:44:07 PM Starting new HTTPS connection (1): www.instagram.com:443
03/24/2022 01:44:07 PM https://www.instagram.com:443 "GET /p/rJi3ZOOg3Y/ HTTP/1.1" 302 0
03/24/2022 01:44:07 PM Request Issued
03/24/2022 01:44:07 PM Blocked
03/24/2022 02:14:07 PM Starting new HTTPS connection (1): www.instagram.com:443
03/24/2022 02:14:07 PM https://www.instagram.com:443 "GET /p/rJi3ZOOg3Y/ HTTP/1.1" 302 0
03/24/2022 02:14:07 PM Request Issued
03/24/2022 02:14:07 PM Blocked
03/24/2022 02:44:07 PM Starting new HTTPS connection (1): www.instagram.com:443
03/24/2022 02:44:08 PM https://www.instagram.com:443 "GET /p/rJi3ZOOg3Y/ HTTP/1.1" 302 0
03/24/2022 02:44:08 PM Request Issued
03/24/2022 02:44:08 PM Blocked
03/24/2022 03:14:08 PM Starting new HTTPS connection (1): www.instagram.com:443
03/24/2022 03:14:08 PM https://www.instagram.com:443 "GET /p/rJi3ZOOg3Y/ HTTP/1.1" 302 0
03/24/2022 03:14:08 PM Request Issued
03/24/2022 03:14:08 PM Blocked
03/27/2022 05:32:49 PM Starting new HTTPS connection (1): www.instagram.com:443
03/27/2022 05:32:49 PM https://www.instagram.com:443 "GET /p/rJi3ZOOg3Y/ HTTP/1.1" 404 92181
03/27/2022 05:32:49 PM Request Issued
03/27/2022 05:32:50 PM Block ID: 8, Block period: 7773 seconds
03/27/2022 05:32:50 PM Blocked = False, Block period ended
03/27/2022 05:37:50 PM Starting new HTTPS connection (1): www.instagram.com:443
03/27/2022 05:37:50 PM https://www.instagram.com:443 "GET /p/RJWR1yr1eI/ HTTP/1.1" 302 0
03/27/2022 05:37:50 PM Request Issued
03/27/2022 05:37:50 PM Blocked
03/27/2022 05:37:50 PM Blocked = True, Entering the block period
03/28/2022 11:05:47 AM Starting new HTTPS connection (1): www.instagram.com:443
03/28/2022 11:05:47 AM https://www.instagram.com:443 "GET /p/RJWR1yr1eI/ HTTP/1.1" 302 0
03/28/2022 11:05:47 AM Request Issued
03/28/2022 11:05:47 AM Blocked
03/28/2022 12:14:05 PM Starting new HTTPS connection (1): www.instagram.com:443
03/28/2022 12:14:06 PM https://www.instagram.com:443 "GET /p/RJWR1yr1eI/ HTTP/1.1" 302 0
03/28/2022 12:14:06 PM Request Issued
03/28/2022 12:14:06 PM Blocked
03/28/2022 03:47:43 PM Starting new HTTPS connection (1): www.instagram.com:443
03/28/2022 03:47:44 PM https://www.instagram.com:443 "GET /p/RJWR1yr1eI/ HTTP/1.1" 404 92190
03/28/2022 03:47:44 PM Request Issued
03/28/2022 03:47:44 PM Block ID: 9, Block period: 79794 seconds
03/28/2022 03:47:44 PM Blocked = False, Block period ended
03/28/2022 03:52:44 PM Starting new HTTPS connection (1): www.instagram.com:443
03/28/2022 03:52:45 PM https://www.instagram.com:443 "GET /p/rkneVkDBPz/ HTTP/1.1" 200 34218
03/28/2022 03:52:45 PM Request Issued
03/28/2022 03:52:45 PM Blocked = False, Response recieved
03/28/2022 03:57:45 PM Starting new HTTPS connection (1): www.instagram.com:443
03/28/2022 03:57:45 PM https://www.instagram.com:443 "GET /p/rkvwtPhsSz/ HTTP/1.1" 302 0
03/28/2022 03:57:45 PM Request Issued
03/28/2022 03:57:45 PM Blocked
03/28/2022 03:57:45 PM Blocked = True, Entering the block period
03/28/2022 07:03:05 PM Starting new HTTPS connection (1): www.instagram.com:443
03/28/2022 07:03:06 PM https://www.instagram.com:443 "GET /p/rkvwtPhsSz/ HTTP/1.1" 404 92268
03/28/2022 07:03:06 PM Request Issued
03/28/2022 07:03:06 PM Block ID: 10, Block period: 11120 seconds
03/28/2022 07:03:06 PM Blocked = False, Block period ended
03/28/2022 07:08:07 PM Starting new HTTPS connection (1): www.instagram.com:443
03/28/2022 07:08:07 PM https://www.instagram.com:443 "GET /p/rLgDJSPcA7/ HTTP/1.1" 200 30062
03/28/2022 07:08:07 PM Request Issued
03/28/2022 07:08:07 PM Blocked = False, Response recieved
03/28/2022 07:13:07 PM Starting new HTTPS connection (1): www.instagram.com:443
03/28/2022 07:13:08 PM https://www.instagram.com:443 "GET /p/rliritPV21/ HTTP/1.1" 302 0
03/28/2022 07:13:08 PM Request Issued
03/28/2022 07:13:08 PM Blocked
03/28/2022 07:13:08 PM Blocked = True, Entering the block period
03/28/2022 07:43:08 PM Starting new HTTPS connection (1): www.instagram.com:443
03/28/2022 07:43:08 PM https://www.instagram.com:443 "GET /p/rliritPV21/ HTTP/1.1" 302 0
03/28/2022 07:43:08 PM Request Issued
03/28/2022 07:43:08 PM Blocked
03/28/2022 10:29:37 PM Starting new HTTPS connection (1): www.instagram.com:443
03/28/2022 10:29:37 PM https://www.instagram.com:443 "GET /p/rliritPV21/ HTTP/1.1" 200 31272
03/28/2022 10:29:37 PM Request Issued
03/28/2022 10:29:37 PM Block ID: 11, Block period: 11789 seconds
03/28/2022 10:29:37 PM Blocked = False, Block period ended
03/28/2022 10:34:38 PM Starting new HTTPS connection (1): www.instagram.com:443
03/28/2022 10:34:39 PM https://www.instagram.com:443 "GET /p/rllDC9gv48/ HTTP/1.1" 404 92267
03/28/2022 10:34:39 PM Request Issued
03/28/2022 10:39:40 PM Starting new HTTPS connection (1): www.instagram.com:443
03/28/2022 10:39:40 PM https://www.instagram.com:443 "GET /p/rLt4vHFPxt/ HTTP/1.1" 404 92308
03/28/2022 10:39:40 PM Request Issued
03/28/2022 10:44:41 PM Starting new HTTPS connection (1): www.instagram.com:443
03/28/2022 10:44:41 PM https://www.instagram.com:443 "GET /p/rm4FDOoWlY/ HTTP/1.1" 404 92307
03/28/2022 10:44:41 PM Request Issued
03/28/2022 10:49:42 PM Starting new HTTPS connection (1): www.instagram.com:443
03/28/2022 10:49:42 PM https://www.instagram.com:443 "GET /p/rmoJ5oQh7K/ HTTP/1.1" 302 0
03/28/2022 10:49:42 PM Request Issued
03/28/2022 10:49:42 PM Blocked
03/28/2022 10:49:42 PM Blocked = True, Entering the block period
03/29/2022 10:02:42 AM Starting new HTTPS connection (1): www.instagram.com:443
03/29/2022 10:02:42 AM https://www.instagram.com:443 "GET /p/rmoJ5oQh7K/ HTTP/1.1" 302 0
03/29/2022 10:02:42 AM Request Issued
03/29/2022 10:02:42 AM Blocked
03/29/2022 01:35:39 PM Starting new HTTPS connection (1): www.instagram.com:443
03/29/2022 01:35:39 PM https://www.instagram.com:443 "GET /p/rmoJ5oQh7K/ HTTP/1.1" 404 92267
03/29/2022 01:35:39 PM Request Issued
03/29/2022 01:35:39 PM Block ID: 12, Block period: 53157 seconds
03/29/2022 01:35:39 PM Blocked = False, Block period ended
03/29/2022 01:40:40 PM Starting new HTTPS connection (1): www.instagram.com:443
03/29/2022 01:40:42 PM https://www.instagram.com:443 "GET /p/rmRvXalZHL/ HTTP/1.1" 200 34419
03/29/2022 01:40:42 PM Request Issued
03/29/2022 01:40:42 PM Blocked = False, Response recieved
03/29/2022 01:45:43 PM Starting new HTTPS connection (1): www.instagram.com:443
03/29/2022 01:45:43 PM https://www.instagram.com:443 "GET /p/rmv0UACUXn/ HTTP/1.1" 302 0
03/29/2022 01:45:43 PM Request Issued
03/29/2022 01:45:43 PM Blocked
03/29/2022 01:45:43 PM Blocked = True, Entering the block period
03/29/2022 03:55:12 PM Starting new HTTPS connection (1): www.instagram.com:443
03/29/2022 03:55:12 PM https://www.instagram.com:443 "GET /p/rmv0UACUXn/ HTTP/1.1" 200 29980
03/29/2022 03:55:12 PM Request Issued
03/29/2022 03:55:12 PM Block ID: 13, Block period: 7769 seconds
03/29/2022 03:55:12 PM Blocked = False, Block period ended
03/29/2022 04:00:13 PM Starting new HTTPS connection (1): www.instagram.com:443
03/29/2022 04:00:13 PM https://www.instagram.com:443 "GET /p/rMYEIbgvvc/ HTTP/1.1" 302 0
03/29/2022 04:00:13 PM Request Issued
03/29/2022 04:00:13 PM Blocked
03/29/2022 04:00:13 PM Blocked = True, Entering the block period
03/29/2022 05:48:32 PM Starting new HTTPS connection (1): www.instagram.com:443
03/29/2022 05:48:34 PM https://www.instagram.com:443 "GET /p/rMYEIbgvvc/ HTTP/1.1" 200 34307
03/29/2022 05:48:34 PM Request Issued
03/29/2022 05:48:34 PM Block ID: 14, Block period: 6500 seconds
03/29/2022 05:48:34 PM Blocked = False, Block period ended
03/29/2022 05:53:35 PM Starting new HTTPS connection (1): www.instagram.com:443
03/29/2022 05:53:35 PM https://www.instagram.com:443 "GET /p/rnCxRIwo3T/ HTTP/1.1" 302 0
03/29/2022 05:53:35 PM Request Issued
03/29/2022 05:53:35 PM Blocked
03/29/2022 05:53:35 PM Blocked = True, Entering the block period
03/29/2022 08:30:12 PM Starting new HTTPS connection (1): www.instagram.com:443
03/29/2022 08:30:12 PM https://www.instagram.com:443 "GET /p/rnCxRIwo3T/ HTTP/1.1" 302 0
03/29/2022 08:30:12 PM Request Issued
03/29/2022 08:30:12 PM Blocked
03/29/2022 09:00:12 PM Starting new HTTPS connection (1): www.instagram.com:443
03/29/2022 09:00:13 PM https://www.instagram.com:443 "GET /p/rnCxRIwo3T/ HTTP/1.1" 302 0
03/29/2022 09:00:13 PM Request Issued
03/29/2022 09:00:13 PM Blocked
03/29/2022 09:30:13 PM Starting new HTTPS connection (1): www.instagram.com:443
03/29/2022 09:30:13 PM https://www.instagram.com:443 "GET /p/rnCxRIwo3T/ HTTP/1.1" 302 0
03/29/2022 09:30:13 PM Request Issued
03/29/2022 09:30:13 PM Blocked
03/29/2022 10:00:13 PM Starting new HTTPS connection (1): www.instagram.com:443
03/29/2022 10:00:13 PM https://www.instagram.com:443 "GET /p/rnCxRIwo3T/ HTTP/1.1" 302 0
03/29/2022 10:00:13 PM Request Issued
03/29/2022 10:00:13 PM Blocked
03/29/2022 10:30:13 PM Starting new HTTPS connection (1): www.instagram.com:443
03/29/2022 10:30:13 PM https://www.instagram.com:443 "GET /p/rnCxRIwo3T/ HTTP/1.1" 302 0
03/29/2022 10:30:13 PM Request Issued
03/29/2022 10:30:13 PM Blocked
03/29/2022 11:00:14 PM Starting new HTTPS connection (1): www.instagram.com:443
03/29/2022 11:00:14 PM https://www.instagram.com:443 "GET /p/rnCxRIwo3T/ HTTP/1.1" 302 0
03/29/2022 11:00:14 PM Request Issued
03/29/2022 11:00:14 PM Blocked
03/29/2022 11:30:14 PM Starting new HTTPS connection (1): www.instagram.com:443
03/29/2022 11:30:14 PM https://www.instagram.com:443 "GET /p/rnCxRIwo3T/ HTTP/1.1" 302 0
03/29/2022 11:30:14 PM Request Issued
03/29/2022 11:30:14 PM Blocked
03/30/2022 09:16:56 AM Starting new HTTPS connection (1): www.instagram.com:443
03/30/2022 09:16:56 AM https://www.instagram.com:443 "GET /p/rnCxRIwo3T/ HTTP/1.1" 302 0
03/30/2022 09:16:56 AM Request Issued
03/30/2022 09:16:56 AM Blocked
03/30/2022 11:23:27 AM Starting new HTTPS connection (1): www.instagram.com:443
03/30/2022 11:23:27 AM https://www.instagram.com:443 "GET /p/rnCxRIwo3T/ HTTP/1.1" 302 0
03/30/2022 11:23:27 AM Request Issued
03/30/2022 11:23:27 AM Blocked
03/30/2022 02:00:55 PM Starting new HTTPS connection (1): www.instagram.com:443
03/30/2022 02:00:55 PM https://www.instagram.com:443 "GET /p/rnCxRIwo3T/ HTTP/1.1" 302 0
03/30/2022 02:00:55 PM Request Issued
03/30/2022 02:00:55 PM Blocked
03/30/2022 02:30:55 PM Starting new HTTPS connection (1): www.instagram.com:443
03/30/2022 02:30:56 PM https://www.instagram.com:443 "GET /p/rnCxRIwo3T/ HTTP/1.1" 302 0
03/30/2022 02:30:56 PM Request Issued
03/30/2022 02:30:56 PM Blocked
03/30/2022 03:00:56 PM Starting new HTTPS connection (1): www.instagram.com:443
03/30/2022 03:00:56 PM https://www.instagram.com:443 "GET /p/rnCxRIwo3T/ HTTP/1.1" 404 92339
03/30/2022 03:00:56 PM Request Issued
03/30/2022 03:00:56 PM Block ID: 15, Block period: 76041 seconds
03/30/2022 03:00:56 PM Blocked = False, Block period ended
